      1    0.000000    0.000000    0.000000     1     1
      2    1.000000    0.000000    0.000000     1     1
      3    2.000000    0.000000    0.000000     1     1
      4    3.000000    0.000000    0.000000     1     1
      5    4.000000    0.000000    0.000000     1     1
      6    5.000000    0.000000    0.000000     1     1
      7    6.000000    0.000000    0.000000     1     1
      8    7.000000    0.000000    0.000000     1     1
      9    8.000000    0.000000    0.000000     1     1
     10    9.000000    0.000000    0.000000     1     1
     11   10.000000    0.000000    0.000000     1     1
     12   11.000000    0.000000    0.000000     1     1
     13   12.000000    0.000000    0.000000     1     1
     14   13.000000    0.000000    0.000000     1     1
     15   14.000000    0.000000    0.000000     1     1
     16   15.000000    0.000000    0.000000     1     1
     17   16.000000    0.000000    0.000000     1     1
     18   17.000000    0.000000    0.000000     1     1
     19   18.000000    0.000000    0.000000     1     1
     20   19.000000    0.000000    0.000000     1     1
     21    0.000000    1.000000    0.000000     1     1
     22    1.000000    1.000000    0.000000     1     1
     23    2.000000    1.000000    0.000000     1     1
     24    3.000000    1.000000    0.000000     1     1
     25    4.000000    1.000000    0.000000     1     1
     26    5.000000    1.000000    0.000000     1     1
     27    6.000000    1.000000    0.000000     1     1
     28    7.000000    1.000000    0.000000     1     1
     29    8.000000    1.000000    0.000000     1     1
     30    9.000000    1.000000    0.000000     1     1
     31   10.000000    1.000000    0.000000     1     1
     32   11.000000    1.000000    0.000000     1     1
     33   12.000000    1.000000    0.000000     1     1
     34   13.000000    1.000000    0.000000     1     1
     35   14.000000    1.000000    0.000000     1     1
     36   15.000000    1.000000    0.000000     1     1
     37   16.000000    1.000000    0.000000     1     1
     38   17.000000    1.000000    0.000000     1     1
     39   18.000000    1.000000    0.000000     1     1
     40   19.000000    1.000000    0.000000     1     1
     41    0.000000    2.000000    0.000000     1     1
     42    1.000000    2.000000    0.000000     1     1
     43    2.000000    2.000000    0.000000     1     1
     44    3.000000    2.000000    0.000000     1     1
     45    4.000000    2.000000    0.000000     1     1
     46    5.000000    2.000000    0.000000     1     1
     47    6.000000    2.000000    0.000000     1     1
     48    7.000000    2.000000    0.000000     1     1
     49    8.000000    2.000000    0.000000     1     1
     50    9.000000    2.000000    0.000000     1     1
     51   10.000000    2.000000    0.000000     1     1
     52   11.000000    2.000000    0.000000     1     1
     53   12.000000    2.000000    0.000000     1     1
     54   13.000000    2.000000    0.000000     1     1
     55   14.000000    2.000000    0.000000     1     1
     56   15.000000    2.000000    0.000000     1     1
     57   16.000000    2.000000    0.000000     1     1
     58   17.000000    2.000000    0.000000     1     1
     59   18.000000    2.000000    0.000000     1     1
     60   19.000000    2.000000    0.000000     1     1
     61    0.000000    3.000000    0.000000     1     1
     62    1.000000    3.000000    0.000000     1     1
     63    2.000000    3.000000    0.000000     1     1
     64    3.000000    3.000000    0.000000     1     1
     65    4.000000    3.000000    0.000000     1     1
     66    5.000000    3.000000    0.000000     1     1
     67    6.000000    3.000000    0.000000     1     1
     68    7.000000    3.000000    0.000000     1     1
     69    8.000000    3.000000    0.000000     1     1
     70    9.000000    3.000000    0.000000     1     1
     71   10.000000    3.000000    0.000000     1     1
     72   11.000000    3.000000    0.000000     1     1
     73   12.000000    3.000000    0.000000     1     1
     74   13.000000    3.000000    0.000000     1     1
     75   14.000000    3.000000    0.000000     1     1
     76   15.000000    3.000000    0.000000     1     1
     77   16.000000    3.000000    0.000000     1     1
     78   17.000000    3.000000    0.000000     1     1
     79   18.000000    3.000000    0.000000     1     1
     80   19.000000    3.000000    0.000000     1     1
     81    0.000000    4.000000    0.000000     1     1
     82    1.000000    4.000000    0.000000     1     1
     83    2.000000    4.000000    0.000000     1     1
     84    3.000000    4.000000    0.000000     1     1
     85    4.000000    4.000000    0.000000     1     1
     86    5.000000    4.000000    0.000000     1     1
     87    6.000000    4.000000    0.000000     1     1
     88    7.000000    4.000000    0.000000     1     1
     89    8.000000    4.000000    0.000000     1     1
     90    9.000000    4.000000    0.000000     1     1
     91   10.000000    4.000000    0.000000     1     1
     92   11.000000    4.000000    0.000000     1     1
     93   12.000000    4.000000    0.000000     1     1
     94   13.000000    4.000000    0.000000     1     1
     95   14.000000    4.000000    0.000000     1     1
     96   15.000000    4.000000    0.000000     1     1
     97   16.000000    4.000000    0.000000     1     1
     98   17.000000    4.000000    0.000000     1     1
     99   18.000000    4.000000    0.000000     1     1
    100   19.000000    4.000000    0.000000     1     1
    101    0.000000    5.000000    0.000000     1     1
    102    1.000000    5.000000    0.000000     1     1
    103    2.000000    5.000000    0.000000     1     1
    104    3.000000    5.000000    0.000000     1     1
    105    4.000000    5.000000    0.000000     1     1
    106    5.000000    5.000000    0.000000     1     1
    107    6.000000    5.000000    0.000000     1     1
    108    7.000000    5.000000    0.000000     1     1
    109    8.000000    5.000000    0.000000     1     1
    110    9.000000    5.000000    0.000000     1     1
    111   10.000000    5.000000    0.000000     1     1
    112   11.000000    5.000000    0.000000     1     1
    113   12.000000    5.000000    0.000000     1     1
    114   13.000000    5.000000    0.000000     1     1
    115   14.000000    5.000000    0.000000     1     1
    116   15.000000    5.000000    0.000000     1     1
    117   16.000000    5.000000    0.000000     1     1
    118   17.000000    5.000000    0.000000     1     1
    119   18.000000    5.000000    0.000000     1     1
    120   19.000000    5.000000    0.000000     1     1
    121    0.000000    6.000000    0.000000     1     1
    122    1.000000    6.000000    0.000000     1     1
    123    2.000000    6.000000    0.000000     1     1
    124    3.000000    6.000000    0.000000     1     1
    125    4.000000    6.000000    0.000000     1     1
    126    5.000000    6.000000    0.000000     1     1
    127    6.000000    6.000000    0.000000     1     1
    128    7.000000    6.000000    0.000000     1     1
    129    8.000000    6.000000    0.000000     1     1
    130    9.000000    6.000000    0.000000     1     1
    131   10.000000    6.000000    0.000000     1     1
    132   11.000000    6.000000    0.000000     1     1
    133   12.000000    6.000000    0.000000     1     1
    134   13.000000    6.000000    0.000000     1     1
    135   14.000000    6.000000    0.000000     1     1
    136   15.000000    6.000000    0.000000     1     1
    137   16.000000    6.000000    0.000000     1     1
    138   17.000000    6.000000    0.000000     1     1
    139   18.000000    6.000000    0.000000     1     1
    140   19.000000    6.000000    0.000000     1     1
    141    0.000000    7.000000    0.000000     1     1
    142    1.000000    7.000000    0.000000     1     1
    143    2.000000    7.000000    0.000000     1     1
    144    3.000000    7.000000    0.000000     1     1
    145    4.000000    7.000000    0.000000     1     1
    146    5.000000    7.000000    0.000000     1     1
    147    6.000000    7.000000    0.000000     1     1
    148    7.000000    7.000000    0.000000     1     1
    149    8.000000    7.000000    0.000000     1     1
    150    9.000000    7.000000    0.000000     1     1
    151   10.000000    7.000000    0.000000     1     1
    152   11.000000    7.000000    0.000000     1     1
    153   12.000000    7.000000    0.000000     1     1
    154   13.000000    7.000000    0.000000     1     1
    155   14.000000    7.000000    0.000000     1     1
    156   15.000000    7.000000    0.000000     1     1
    157   16.000000    7.000000    0.000000     1     1
    158   17.000000    7.000000    0.000000     1     1
    159   18.000000    7.000000    0.000000     1     1
    160   19.000000    7.000000    0.000000     1     1
    161    0.000000    8.000000    0.000000     1     1
    162    1.000000    8.000000    0.000000     1     1
    163    2.000000    8.000000    0.000000     1     1
    164    3.000000    8.000000    0.000000     1     1
    165    4.000000    8.000000    0.000000     1     1
    166    5.000000    8.000000    0.000000     1     1
    167    6.000000    8.000000    0.000000     1     1
    168    7.000000    8.000000    0.000000     1     1
    169    8.000000    8.000000    0.000000     1     1
    170    9.000000    8.000000    0.000000     1     1
    171   10.000000    8.000000    0.000000     1     1
    172   11.000000    8.000000    0.000000     1     1
    173   12.000000    8.000000    0.000000     1     1
    174   13.000000    8.000000    0.000000     1     1
    175   14.000000    8.000000    0.000000     1     1
    176   15.000000    8.000000    0.000000     1     1
    177   16.000000    8.000000    0.000000     1     1
    178   17.000000    8.000000    0.000000     1     1
    179   18.000000    8.000000    0.000000     1     1
    180   19.000000    8.000000    0.000000     1     1
    181    0.000000    9.000000    0.000000     1     1
    182    1.000000    9.000000    0.000000     1     1
    183    2.000000    9.000000    0.000000     1     1
    184    3.000000    9.000000    0.000000     1     1
    185    4.000000    9.000000    0.000000     1     1
    186    5.000000    9.000000    0.000000     1     1
    187    6.000000    9.000000    0.000000     1     1
    188    7.000000    9.000000    0.000000     1     1
    189    8.000000    9.000000    0.000000     1     1
    190    9.000000    9.000000    0.000000     1     1
    191   10.000000    9.000000    0.000000     1     1
    192   11.000000    9.000000    0.000000     1     1
    193   12.000000    9.000000    0.000000     1     1
    194   13.000000    9.000000    0.000000     1     1
    195   14.000000    9.000000    0.000000     1     1
    196   15.000000    9.000000    0.000000     1     1
    197   16.000000    9.000000    0.000000     1     1
    198   17.000000    9.000000    0.000000     1     1
    199   18.000000    9.000000    0.000000     1     1
    200   19.000000    9.000000    0.000000     1     1
    201    0.000000   10.000000    0.000000     1     1
    202    1.000000   10.000000    0.000000     1     1
    203    2.000000   10.000000    0.000000     1     1
    204    3.000000   10.000000    0.000000     1     1
    205    4.000000   10.000000    0.000000     1     1
    206    5.000000   10.000000    0.000000     1     1
    207    6.000000   10.000000    0.000000     1     1
    208    7.000000   10.000000    0.000000     1     1
    209    8.000000   10.000000    0.000000     1     1
    210    9.000000   10.000000    0.000000     1     1
    211   10.000000   10.000000    0.000000     1     1
    212   11.000000   10.000000    0.000000     1     1
    213   12.000000   10.000000    0.000000     1     1
    214   13.000000   10.000000    0.000000     1     1
    215   14.000000   10.000000    0.000000     1     1
    216   15.000000   10.000000    0.000000     1     1
    217   16.000000   10.000000    0.000000     1     1
    218   17.000000   10.000000    0.000000     1     1
    219   18.000000   10.000000    0.000000     1     1
    220   19.000000   10.000000    0.000000     1     1
    221    0.000000   11.000000    0.000000     1     1
    222    1.000000   11.000000    0.000000     1     1
    223    2.000000   11.000000    0.000000     1     1
    224    3.000000   11.000000    0.000000     1     1
    225    4.000000   11.000000    0.000000     1     1
    226    5.000000   11.000000    0.000000     1     1
    227    6.000000   11.000000    0.000000     1     1
    228    7.000000   11.000000    0.000000     1     1
    229    8.000000   11.000000    0.000000     1     1
    230    9.000000   11.000000    0.000000     1     1
    231   10.000000   11.000000    0.000000     1     1
    232   11.000000   11.000000    0.000000     1     1
    233   12.000000   11.000000    0.000000     1     1
    234   13.000000   11.000000    0.000000     1     1
    235   14.000000   11.000000    0.000000     1     1
    236   15.000000   11.000000    0.000000     1     1
    237   16.000000   11.000000    0.000000     1     1
    238   17.000000   11.000000    0.000000     1     1
    239   18.000000   11.000000    0.000000     1     1
    240   19.000000   11.000000    0.000000     1     1
    241    0.000000   12.000000    0.000000     1     1
    242    1.000000   12.000000    0.000000     1     1
    243    2.000000   12.000000    0.000000     1     1
    244    3.000000   12.000000    0.000000     1     1
    245    4.000000   12.000000    0.000000     1     1
    246    5.000000   12.000000    0.000000     1     1
    247    6.000000   12.000000    0.000000     1     1
    248    7.000000   12.000000    0.000000     1     1
    249    8.000000   12.000000    0.000000     1     1
    250    9.000000   12.000000    0.000000     1     1
    251   10.000000   12.000000    0.000000     1     1
    252   11.000000   12.000000    0.000000     1     1
    253   12.000000   12.000000    0.000000     1     1
    254   13.000000   12.000000    0.000000     1     1
    255   14.000000   12.000000    0.000000     1     1
    256   15.000000   12.000000    0.000000     1     1
    257   16.000000   12.000000    0.000000     1     1
    258   17.000000   12.000000    0.000000     1     1
    259   18.000000   12.000000    0.000000     1     1
    260   19.000000   12.000000    0.000000     1     1
    261    0.000000   13.000000    0.000000     1     1
    262    1.000000   13.000000    0.000000     1     1
    263    2.000000   13.000000    0.000000     1     1
    264    3.000000   13.000000    0.000000     1     1
    265    4.000000   13.000000    0.000000     1     1
    266    5.000000   13.000000    0.000000     1     1
    267    6.000000   13.000000    0.000000     1     1
    268    7.000000   13.000000    0.000000     1     1
    269    8.000000   13.000000    0.000000     1     1
    270    9.000000   13.000000    0.000000     1     1
    271   10.000000   13.000000    0.000000     1     1
    272   11.000000   13.000000    0.000000     1     1
    273   12.000000   13.000000    0.000000     1     1
    274   13.000000   13.000000    0.000000     1     1
    275   14.000000   13.000000    0.000000     1     1
    276   15.000000   13.000000    0.000000     1     1
    277   16.000000   13.000000    0.000000     1     1
    278   17.000000   13.000000    0.000000     1     1
    279   18.000000   13.000000    0.000000     1     1
    280   19.000000   13.000000    0.000000     1     1
    281    0.000000   14.000000    0.000000     1     1
    282    1.000000   14.000000    0.000000     1     1
    283    2.000000   14.000000    0.000000     1     1
    284    3.000000   14.000000    0.000000     1     1
    285    4.000000   14.000000    0.000000     1     1
    286    5.000000   14.000000    0.000000     1     1
    287    6.000000   14.000000    0.000000     1     1
    288    7.000000   14.000000    0.000000     1     1
    289    8.000000   14.000000    0.000000     1     1
    290    9.000000   14.000000    0.000000     1     1
    291   10.000000   14.000000    0.000000     1     1
    292   11.000000   14.000000    0.000000     1     1
    293   12.000000   14.000000    0.000000     1     1
    294   13.000000   14.000000    0.000000     1     1
    295   14.000000   14.000000    0.000000     1     1
    296   15.000000   14.000000    0.000000     1     1
    297   16.000000   14.000000    0.000000     1     1
    298   17.000000   14.000000    0.000000     1     1
    299   18.000000   14.000000    0.000000     1     1
    300   19.000000   14.000000    0.000000     1     1
    301    0.000000   15.000000    0.000000     1     1
    302    1.000000   15.000000    0.000000     1     1
    303    2.000000   15.000000    0.000000     1     1
    304    3.000000   15.000000    0.000000     1     1
    305    4.000000   15.000000    0.000000     1     1
    306    5.000000   15.000000    0.000000     1     1
    307    6.000000   15.000000    0.000000     1     1
    308    7.000000   15.000000    0.000000     1     1
    309    8.000000   15.000000    0.000000     1     1
    310    9.000000   15.000000    0.000000     1     1
    311   10.000000   15.000000    0.000000     1     1
    312   11.000000   15.000000    0.000000     1     1
    313   12.000000   15.000000    0.000000     1     1
    314   13.000000   15.000000    0.000000     1     1
    315   14.000000   15.000000    0.000000     1     1
    316   15.000000   15.000000    0.000000     1     1
    317   16.000000   15.000000    0.000000     1     1
    318   17.000000   15.000000    0.000000     1     1
    319   18.000000   15.000000    0.000000     1     1
    320   19.000000   15.000000    0.000000     1     1
    321    0.000000   16.000000    0.000000     1     1
    322    1.000000   16.000000    0.000000     1     1
    323    2.000000   16.000000    0.000000     1     1
    324    3.000000   16.000000    0.000000     1     1
    325    4.000000   16.000000    0.000000     1     1
    326    5.000000   16.000000    0.000000     1     1
    327    6.000000   16.000000    0.000000     1     1
    328    7.000000   16.000000    0.000000     1     1
    329    8.000000   16.000000    0.000000     1     1
    330    9.000000   16.000000    0.000000     1     1
    331   10.000000   16.000000    0.000000     1     1
    332   11.000000   16.000000    0.000000     1     1
    333   12.000000   16.000000    0.000000     1     1
    334   13.000000   16.000000    0.000000     1     1
    335   14.000000   16.000000    0.000000     1     1
    336   15.000000   16.000000    0.000000     1     1
    337   16.000000   16.000000    0.000000     1     1
    338   17.000000   16.000000    0.000000     1     1
    339   18.000000   16.000000    0.000000     1     1
    340   19.000000   16.000000    0.000000     1     1
    341    0.000000   17.000000    0.000000     1     1
    342    1.000000   17.000000    0.000000     1     1
    343    2.000000   17.000000    0.000000     1     1
    344    3.000000   17.000000    0.000000     1     1
    345    4.000000   17.000000    0.000000     1     1
    346    5.000000   17.000000    0.000000     1     1
    347    6.000000   17.000000    0.000000     1     1
    348    7.000000   17.000000    0.000000     1     1
    349    8.000000   17.000000    0.000000     1     1
    350    9.000000   17.000000    0.000000     1     1
    351   10.000000   17.000000    0.000000     1     1
    352   11.000000   17.000000    0.000000     1     1
    353   12.000000   17.000000    0.000000     1     1
    354   13.000000   17.000000    0.000000     1     1
    355   14.000000   17.000000    0.000000     1     1
    356   15.000000   17.000000    0.000000     1     1
    357   16.000000   17.000000    0.000000     1     1
    358   17.000000   17.000000    0.000000     1     1
    359   18.000000   17.000000    0.000000     1     1
    360   19.000000   17.000000    0.000000     1     1
    361    0.000000   18.000000    0.000000     1     1
    362    1.000000   18.000000    0.000000     1     1
    363    2.000000   18.000000    0.000000     1     1
    364    3.000000   18.000000    0.000000     1     1
    365    4.000000   18.000000    0.000000     1     1
    366    5.000000   18.000000    0.000000     1     1
    367    6.000000   18.000000    0.000000     1     1
    368    7.000000   18.000000    0.000000     1     1
    369    8.000000   18.000000    0.000000     1     1
    370    9.000000   18.000000    0.000000     1     1
    371   10.000000   18.000000    0.000000     1     1
    372   11.000000   18.000000    0.000000     1     1
    373   12.000000   18.000000    0.000000     1     1
    374   13.000000   18.000000    0.000000     1     1
    375   14.000000   18.000000    0.000000     1     1
    376   15.000000   18.000000    0.000000     1     1
    377   16.000000   18.000000    0.000000     1     1
    378   17.000000   18.000000    0.000000     1     1
    379   18.000000   18.000000    0.000000     1     1
    380   19.000000   18.000000    0.000000     1     1
    381    0.000000   19.000000    0.000000     1     1
    382    1.000000   19.000000    0.000000     1     1
    383    2.000000   19.000000    0.000000     1     1
    384    3.000000   19.000000    0.000000     1     1
    385    4.000000   19.000000    0.000000     1     1
    386    5.000000   19.000000    0.000000     1     1
    387    6.000000   19.000000    0.000000     1     1
    388    7.000000   19.000000    0.000000     1     1
    389    8.000000   19.000000    0.000000     1     1
    390    9.000000   19.000000    0.000000     1     1
    391   10.000000   19.000000    0.000000     1     1
    392   11.000000   19.000000    0.000000     1     1
    393   12.000000   19.000000    0.000000     1     1
    394   13.000000   19.000000    0.000000     1     1
    395   14.000000   19.000000    0.000000     1     1
    396   15.000000   19.000000    0.000000     1     1
    397   16.000000   19.000000    0.000000     1     1
    398   17.000000   19.000000    0.000000     1     1
    399   18.000000   19.000000    0.000000     1     1
    400   19.000000   19.000000    0.000000     1     1
