   #Iter             <M>           <M^2>           <M^4>      U_{Binder}            \chi        C_v(tot)             <E>       <E_{exc}>       <E_{lsf}>
       1  9.99367691E-01  9.98735789E-01  9.97473201E-01  6.66666658E-01  2.83229559E-06  1.58759069E-01 -3.99725215E+00  0.00000000E+00  0.00000000E+00
      11  9.99338476E-01  9.98677396E-01  9.97356571E-01  6.66666657E-01  3.31926757E-06  2.37606524E+00 -3.99742952E+00  0.00000000E+00  0.00000000E+00
      21  9.99338788E-01  9.98678021E-01  9.97357821E-01  6.66666657E-01  3.39772475E-06  2.12684747E+00 -3.99746039E+00  0.00000000E+00  0.00000000E+00
      31  9.99344012E-01  9.98688460E-01  9.97378669E-01  6.66666657E-01  3.15948192E-06  1.82137600E+00 -3.99744519E+00  0.00000000E+00  0.00000000E+00
      41  9.99342972E-01  9.98686382E-01  9.97374518E-01  6.66666657E-01  3.18529616E-06  4.89739628E+02 -3.99726509E+00  0.00000000E+00  0.00000000E+00
      51  9.99345531E-01  9.98691498E-01  9.97384738E-01  6.66666657E-01  3.28965124E-06  3.94487184E+02 -3.99731242E+00  0.00000000E+00  0.00000000E+00
      61  9.99345798E-01  9.98692032E-01  9.97385802E-01  6.66666657E-01  3.16513414E-06  3.30047244E+02 -3.99732808E+00  0.00000000E+00  0.00000000E+00
      71  9.99333851E-01  9.98668182E-01  9.97338282E-01  6.66666618E-01  1.63774243E-05  2.84175512E+02 -3.99734922E+00  0.00000000E+00  0.00000000E+00
      81  9.99334249E-01  9.98668975E-01  9.97339851E-01  6.66666623E-01  1.47407204E-05  2.49343878E+02 -3.99736015E+00  0.00000000E+00  0.00000000E+00
      91  9.99334170E-01  9.98668812E-01  9.97339515E-01  6.66666627E-01  1.34223875E-05  2.22249320E+02 -3.99737278E+00  0.00000000E+00  0.00000000E+00
     101  9.99335077E-01  9.98670624E-01  9.97343124E-01  6.66666630E-01  1.23832336E-05  3.94454552E+02 -3.99730586E+00  0.00000000E+00  0.00000000E+00
     111  9.99334848E-01  9.98670164E-01  9.97342198E-01  6.66666633E-01  1.15401420E-05  3.59037174E+02 -3.99731572E+00  0.00000000E+00  0.00000000E+00
     121  9.99335866E-01  9.98672197E-01  9.97346253E-01  6.66666635E-01  1.08522338E-05  3.29542759E+02 -3.99732415E+00  0.00000000E+00  0.00000000E+00
     131  9.99334984E-01  9.98670433E-01  9.97342724E-01  6.66666636E-01  1.02341813E-05  3.04555641E+02 -3.99733421E+00  0.00000000E+00  0.00000000E+00
     141  9.99336114E-01  9.98672691E-01  9.97347230E-01  6.66666638E-01  9.72918248E-06  2.83156174E+02 -3.99734153E+00  0.00000000E+00  0.00000000E+00
     151  9.99336677E-01  9.98673815E-01  9.97349471E-01  6.66666639E-01  9.26590095E-06  2.64582362E+02 -3.99735312E+00  0.00000000E+00  0.00000000E+00
     161  9.99337355E-01  9.98675168E-01  9.97352168E-01  6.66666641E-01  8.80847297E-06  2.48305033E+02 -3.99735846E+00  0.00000000E+00  0.00000000E+00
     171  9.99336540E-01  9.98673540E-01  9.97348913E-01  6.66666642E-01  8.43509748E-06  2.33879769E+02 -3.99736540E+00  0.00000000E+00  0.00000000E+00
     181  9.99336139E-01  9.98672736E-01  9.97347306E-01  6.66666643E-01  8.14054569E-06  2.21057961E+02 -3.99736851E+00  0.00000000E+00  0.00000000E+00
     191  9.99336261E-01  9.98672980E-01  9.97347789E-01  6.66666644E-01  7.84276570E-06  2.09558426E+02 -3.99737299E+00  0.00000000E+00  0.00000000E+00
