#  Iter.   M_avg.    U_Bind.    Susc.
    9001  0.032854  0.464368  0.035655
    9011  0.032844  0.464352  0.035654
    9021  0.032841  0.464337  0.035653
    9031  0.032809  0.464316  0.035653
    9041  0.032823  0.464296  0.035654
    9051  0.032805  0.464275  0.035654
    9061  0.032820  0.464257  0.035654
    9071  0.032821  0.464240  0.035654
    9081  0.032810  0.464222  0.035654
    9091  0.032820  0.464205  0.035654
    9101  0.032831  0.464192  0.035653
    9111  0.032810  0.464178  0.035653
    9121  0.032806  0.464164  0.035652
    9131  0.032801  0.464152  0.035651
    9141  0.032822  0.464141  0.035650
    9151  0.032827  0.464131  0.035649
    9161  0.032837  0.464119  0.035648
    9171  0.032820  0.464106  0.035647
    9181  0.032799  0.464091  0.035646
    9191  0.032808  0.464079  0.035645
    9201  0.032806  0.464068  0.035643
    9211  0.032794  0.464057  0.035642
    9221  0.032789  0.464044  0.035641
    9231  0.032811  0.464030  0.035640
    9241  0.032809  0.464018  0.035640
    9251  0.032830  0.464007  0.035639
    9261  0.032819  0.463996  0.035639
    9271  0.032802  0.463984  0.035638
    9281  0.032849  0.463970  0.035638
    9291  0.032861  0.463957  0.035638
    9301  0.032836  0.463942  0.035638
    9311  0.032837  0.463929  0.035638
    9321  0.032847  0.463918  0.035637
    9331  0.032826  0.463905  0.035637
    9341  0.032827  0.463891  0.035637
    9351  0.032834  0.463879  0.035636
    9361  0.032807  0.463865  0.035635
    9371  0.032811  0.463852  0.035635
    9381  0.032829  0.463839  0.035634
    9391  0.032800  0.463825  0.035634
    9401  0.032797  0.463812  0.035633
    9411  0.032778  0.463798  0.035633
    9421  0.032772  0.463784  0.035632
    9431  0.032768  0.463770  0.035632
    9441  0.032764  0.463757  0.035631
    9451  0.032738  0.463743  0.035630
    9461  0.032711  0.463726  0.035629
    9471  0.032708  0.463710  0.035628
    9481  0.032676  0.463691  0.035627
    9491  0.032689  0.463675  0.035626
    9501  0.032696  0.463660  0.035625
    9511  0.032730  0.463646  0.035625
    9521  0.032738  0.463633  0.035624
    9531  0.032750  0.463621  0.035623
    9541  0.032734  0.463608  0.035622
    9551  0.032713  0.463594  0.035621
    9561  0.032714  0.463582  0.035620
    9571  0.032756  0.463570  0.035620
    9581  0.032752  0.463559  0.035619
    9591  0.032764  0.463549  0.035618
    9601  0.032774  0.463540  0.035617
    9611  0.032786  0.463531  0.035617
    9621  0.032773  0.463521  0.035616
    9631  0.032749  0.463510  0.035615
    9641  0.032750  0.463500  0.035615
    9651  0.032751  0.463490  0.035614
    9661  0.032748  0.463481  0.035613
    9671  0.032736  0.463473  0.035612
    9681  0.032737  0.463465  0.035611
    9691  0.032730  0.463458  0.035609
    9701  0.032725  0.463452  0.035608
    9711  0.032709  0.463446  0.035606
    9721  0.032705  0.463440  0.035604
    9731  0.032683  0.463432  0.035602
    9741  0.032688  0.463426  0.035600
    9751  0.032688  0.463421  0.035598
    9761  0.032680  0.463417  0.035596
    9771  0.032678  0.463411  0.035594
    9781  0.032706  0.463404  0.035592
    9791  0.032743  0.463396  0.035591
    9801  0.032753  0.463387  0.035590
    9811  0.032803  0.463373  0.035590
    9821  0.032821  0.463361  0.035591
    9831  0.032825  0.463349  0.035591
    9841  0.032815  0.463338  0.035591
    9851  0.032811  0.463327  0.035591
    9861  0.032799  0.463315  0.035591
    9871  0.032786  0.463303  0.035591
    9881  0.032807  0.463294  0.035590
    9891  0.032807  0.463285  0.035590
    9901  0.032793  0.463277  0.035590
    9911  0.032763  0.463266  0.035590
    9921  0.032750  0.463254  0.035589
    9931  0.032747  0.463244  0.035589
    9941  0.032732  0.463233  0.035588
    9951  0.032719  0.463221  0.035587
    9961  0.032712  0.463209  0.035587
    9971  0.032724  0.463199  0.035586
    9981  0.032706  0.463187  0.035585
    9991  0.032724  0.463177  0.035584
    9001  0.163767  0.665610  0.012539
    9011  0.163763  0.665610  0.012539
    9021  0.163750  0.665610  0.012539
    9031  0.163742  0.665610  0.012539
    9041  0.163730  0.665610  0.012539
    9051  0.163730  0.665610  0.012539
    9061  0.163730  0.665610  0.012539
    9071  0.163734  0.665610  0.012538
    9081  0.163732  0.665610  0.012538
    9091  0.163735  0.665610  0.012537
    9101  0.163743  0.665610  0.012537
    9111  0.163733  0.665610  0.012537
    9121  0.163735  0.665610  0.012536
    9131  0.163732  0.665610  0.012536
    9141  0.163735  0.665610  0.012535
    9151  0.163729  0.665610  0.012535
    9161  0.163721  0.665610  0.012534
    9171  0.163713  0.665610  0.012534
    9181  0.163707  0.665611  0.012533
    9191  0.163707  0.665611  0.012532
    9201  0.163706  0.665611  0.012532
    9211  0.163701  0.665611  0.012531
    9221  0.163698  0.665611  0.012530
    9231  0.163693  0.665611  0.012530
    9241  0.163697  0.665611  0.012529
    9251  0.163690  0.665611  0.012528
    9261  0.163688  0.665611  0.012528
    9271  0.163683  0.665611  0.012527
    9281  0.163689  0.665611  0.012526
    9291  0.163678  0.665611  0.012525
    9301  0.163678  0.665611  0.012525
    9311  0.163663  0.665611  0.012524
    9321  0.163655  0.665611  0.012524
    9331  0.163664  0.665611  0.012524
    9341  0.163663  0.665611  0.012523
    9351  0.163667  0.665611  0.012523
    9361  0.163672  0.665611  0.012523
    9371  0.163673  0.665611  0.012523
    9381  0.163675  0.665611  0.012522
    9391  0.163672  0.665611  0.012522
    9401  0.163664  0.665611  0.012522
    9411  0.163658  0.665611  0.012521
    9421  0.163665  0.665611  0.012521
    9431  0.163664  0.665611  0.012521
    9441  0.163662  0.665611  0.012520
    9451  0.163657  0.665611  0.012520
    9461  0.163659  0.665612  0.012519
    9471  0.163656  0.665612  0.012518
    9481  0.163659  0.665612  0.012518
    9491  0.163652  0.665612  0.012518
    9501  0.163648  0.665612  0.012517
    9511  0.163652  0.665612  0.012517
    9521  0.163661  0.665612  0.012517
    9531  0.163661  0.665612  0.012516
    9541  0.163665  0.665612  0.012516
    9551  0.163667  0.665612  0.012515
    9561  0.163673  0.665612  0.012515
    9571  0.163682  0.665612  0.012514
    9581  0.163680  0.665612  0.012514
    9591  0.163690  0.665612  0.012514
    9601  0.163695  0.665612  0.012513
    9611  0.163688  0.665612  0.012513
    9621  0.163686  0.665612  0.012512
    9631  0.163678  0.665612  0.012512
    9641  0.163678  0.665612  0.012512
    9651  0.163684  0.665612  0.012511
    9661  0.163697  0.665612  0.012511
    9671  0.163698  0.665612  0.012511
    9681  0.163695  0.665612  0.012511
    9691  0.163684  0.665612  0.012510
    9701  0.163687  0.665612  0.012510
    9711  0.163691  0.665612  0.012510
    9721  0.163687  0.665612  0.012510
    9731  0.163687  0.665612  0.012509
    9741  0.163694  0.665612  0.012509
    9751  0.163703  0.665612  0.012509
    9761  0.163707  0.665612  0.012509
    9771  0.163712  0.665612  0.012508
    9781  0.163707  0.665612  0.012508
    9791  0.163710  0.665612  0.012508
    9801  0.163717  0.665612  0.012508
    9811  0.163714  0.665612  0.012507
    9821  0.163712  0.665612  0.012507
    9831  0.163712  0.665612  0.012506
    9841  0.163714  0.665612  0.012506
    9851  0.163720  0.665612  0.012506
    9861  0.163724  0.665612  0.012505
    9871  0.163729  0.665612  0.012505
    9881  0.163729  0.665612  0.012504
    9891  0.163730  0.665613  0.012503
    9901  0.163735  0.665613  0.012503
    9911  0.163737  0.665613  0.012502
    9921  0.163736  0.665613  0.012502
    9931  0.163732  0.665613  0.012501
    9941  0.163736  0.665613  0.012500
    9951  0.163743  0.665613  0.012500
    9961  0.163739  0.665613  0.012499
    9971  0.163740  0.665613  0.012498
    9981  0.163740  0.665613  0.012497
    9991  0.163739  0.665613  0.012497
    9001  0.186285  0.666555  0.004237
    9011  0.186288  0.666555  0.004237
    9021  0.186288  0.666555  0.004237
    9031  0.186293  0.666555  0.004237
    9041  0.186294  0.666555  0.004237
    9051  0.186293  0.666555  0.004237
    9061  0.186295  0.666555  0.004238
    9071  0.186296  0.666555  0.004238
    9081  0.186295  0.666555  0.004238
    9091  0.186294  0.666555  0.004238
    9101  0.186296  0.666555  0.004238
    9111  0.186299  0.666555  0.004238
    9121  0.186296  0.666555  0.004238
    9131  0.186294  0.666555  0.004238
    9141  0.186293  0.666555  0.004238
    9151  0.186290  0.666555  0.004238
    9161  0.186290  0.666555  0.004238
    9171  0.186288  0.666555  0.004238
    9181  0.186286  0.666555  0.004238
    9191  0.186289  0.666555  0.004238
    9201  0.186293  0.666555  0.004239
    9211  0.186298  0.666555  0.004239
    9221  0.186297  0.666555  0.004239
    9231  0.186297  0.666555  0.004239
    9241  0.186297  0.666555  0.004239
    9251  0.186297  0.666555  0.004239
    9261  0.186298  0.666555  0.004239
    9271  0.186299  0.666555  0.004239
    9281  0.186302  0.666555  0.004239
    9291  0.186300  0.666555  0.004239
    9301  0.186301  0.666555  0.004239
    9311  0.186299  0.666555  0.004239
    9321  0.186300  0.666555  0.004239
    9331  0.186298  0.666555  0.004239
    9341  0.186299  0.666555  0.004239
    9351  0.186301  0.666555  0.004240
    9361  0.186300  0.666555  0.004240
    9371  0.186299  0.666555  0.004240
    9381  0.186299  0.666555  0.004240
    9391  0.186302  0.666555  0.004240
    9401  0.186301  0.666555  0.004240
    9411  0.186301  0.666555  0.004240
    9421  0.186300  0.666555  0.004240
    9431  0.186298  0.666555  0.004240
    9441  0.186296  0.666555  0.004241
    9451  0.186298  0.666555  0.004241
    9461  0.186301  0.666555  0.004241
    9471  0.186304  0.666555  0.004241
    9481  0.186304  0.666555  0.004241
    9491  0.186304  0.666555  0.004241
    9501  0.186305  0.666555  0.004241
    9511  0.186303  0.666555  0.004241
    9521  0.186305  0.666555  0.004241
    9531  0.186304  0.666555  0.004241
    9541  0.186303  0.666555  0.004241
    9551  0.186308  0.666555  0.004241
    9561  0.186306  0.666555  0.004241
    9571  0.186303  0.666555  0.004242
    9581  0.186301  0.666555  0.004242
    9591  0.186302  0.666555  0.004242
    9601  0.186304  0.666555  0.004242
    9611  0.186307  0.666555  0.004242
    9621  0.186310  0.666555  0.004242
    9631  0.186311  0.666555  0.004242
    9641  0.186313  0.666555  0.004242
    9651  0.186314  0.666555  0.004242
    9661  0.186313  0.666555  0.004242
    9671  0.186310  0.666555  0.004242
    9681  0.186314  0.666555  0.004242
    9691  0.186316  0.666555  0.004242
    9701  0.186318  0.666555  0.004243
    9711  0.186314  0.666555  0.004243
    9721  0.186313  0.666555  0.004243
    9731  0.186314  0.666555  0.004244
    9741  0.186316  0.666555  0.004244
    9751  0.186314  0.666555  0.004244
    9761  0.186312  0.666555  0.004244
    9771  0.186315  0.666555  0.004245
    9781  0.186314  0.666555  0.004245
    9791  0.186312  0.666555  0.004245
    9801  0.186316  0.666555  0.004246
    9811  0.186317  0.666555  0.004246
    9821  0.186316  0.666555  0.004246
    9831  0.186314  0.666555  0.004246
    9841  0.186315  0.666555  0.004247
    9851  0.186313  0.666555  0.004247
    9861  0.186312  0.666555  0.004247
    9871  0.186314  0.666555  0.004247
    9881  0.186313  0.666555  0.004248
    9891  0.186311  0.666555  0.004248
    9901  0.186308  0.666555  0.004248
    9911  0.186307  0.666555  0.004249
    9921  0.186308  0.666555  0.004249
    9931  0.186308  0.666555  0.004249
    9941  0.186310  0.666555  0.004249
    9951  0.186312  0.666555  0.004250
    9961  0.186312  0.666555  0.004250
    9971  0.186314  0.666555  0.004250
    9981  0.186315  0.666555  0.004250
    9991  0.186317  0.666555  0.004250
    9001  0.193320  0.666645  0.001765
    9011  0.193320  0.666645  0.001766
    9021  0.193320  0.666645  0.001766
    9031  0.193320  0.666645  0.001766
    9041  0.193318  0.666645  0.001766
    9051  0.193319  0.666645  0.001767
    9061  0.193317  0.666645  0.001767
    9071  0.193316  0.666645  0.001767
    9081  0.193317  0.666645  0.001768
    9091  0.193316  0.666645  0.001768
    9101  0.193314  0.666645  0.001768
    9111  0.193312  0.666645  0.001769
    9121  0.193311  0.666645  0.001769
    9131  0.193310  0.666645  0.001769
    9141  0.193311  0.666645  0.001770
    9151  0.193311  0.666645  0.001770
    9161  0.193309  0.666645  0.001770
    9171  0.193310  0.666645  0.001771
    9181  0.193307  0.666645  0.001771
    9191  0.193306  0.666645  0.001772
    9201  0.193308  0.666645  0.001772
    9211  0.193308  0.666645  0.001772
    9221  0.193309  0.666645  0.001773
    9231  0.193311  0.666645  0.001773
    9241  0.193311  0.666645  0.001774
    9251  0.193311  0.666645  0.001774
    9261  0.193311  0.666645  0.001775
    9271  0.193311  0.666645  0.001775
    9281  0.193311  0.666645  0.001775
    9291  0.193311  0.666645  0.001776
    9301  0.193312  0.666645  0.001776
    9311  0.193313  0.666645  0.001776
    9321  0.193311  0.666645  0.001777
    9331  0.193312  0.666645  0.001777
    9341  0.193312  0.666645  0.001777
    9351  0.193312  0.666645  0.001778
    9361  0.193313  0.666645  0.001778
    9371  0.193313  0.666645  0.001778
    9381  0.193314  0.666645  0.001779
    9391  0.193313  0.666645  0.001779
    9401  0.193313  0.666645  0.001779
    9411  0.193312  0.666645  0.001779
    9421  0.193312  0.666645  0.001779
    9431  0.193311  0.666645  0.001780
    9441  0.193310  0.666645  0.001780
    9451  0.193310  0.666645  0.001780
    9461  0.193309  0.666645  0.001780
    9471  0.193310  0.666645  0.001781
    9481  0.193311  0.666645  0.001781
    9491  0.193311  0.666645  0.001781
    9501  0.193313  0.666645  0.001781
    9511  0.193314  0.666645  0.001781
    9521  0.193311  0.666645  0.001782
    9531  0.193310  0.666645  0.001782
    9541  0.193311  0.666645  0.001782
    9551  0.193312  0.666645  0.001782
    9561  0.193312  0.666645  0.001783
    9571  0.193312  0.666645  0.001783
    9581  0.193312  0.666645  0.001783
    9591  0.193312  0.666645  0.001783
    9601  0.193310  0.666645  0.001783
    9611  0.193310  0.666645  0.001784
    9621  0.193310  0.666645  0.001784
    9631  0.193309  0.666645  0.001784
    9641  0.193309  0.666645  0.001784
    9651  0.193311  0.666645  0.001785
    9661  0.193311  0.666645  0.001785
    9671  0.193311  0.666645  0.001785
    9681  0.193311  0.666645  0.001785
    9691  0.193312  0.666645  0.001786
    9701  0.193312  0.666645  0.001786
    9711  0.193311  0.666645  0.001786
    9721  0.193311  0.666645  0.001786
    9731  0.193312  0.666645  0.001786
    9741  0.193311  0.666645  0.001787
    9751  0.193312  0.666645  0.001787
    9761  0.193313  0.666645  0.001787
    9771  0.193314  0.666645  0.001787
    9781  0.193315  0.666645  0.001788
    9791  0.193316  0.666645  0.001788
    9801  0.193317  0.666645  0.001788
    9811  0.193316  0.666645  0.001788
    9821  0.193317  0.666645  0.001789
    9831  0.193316  0.666645  0.001789
    9841  0.193316  0.666645  0.001789
    9851  0.193316  0.666645  0.001789
    9861  0.193316  0.666645  0.001790
    9871  0.193317  0.666645  0.001790
    9881  0.193318  0.666645  0.001790
    9891  0.193318  0.666645  0.001790
    9901  0.193319  0.666645  0.001791
    9911  0.193318  0.666645  0.001791
    9921  0.193317  0.666645  0.001791
    9931  0.193317  0.666645  0.001791
    9941  0.193316  0.666645  0.001791
    9951  0.193315  0.666645  0.001791
    9961  0.193317  0.666645  0.001792
    9971  0.193318  0.666645  0.001792
    9981  0.193317  0.666645  0.001792
    9991  0.193317  0.666645  0.001792
    9001  0.196631  0.666660  0.001047
    9011  0.196631  0.666660  0.001047
    9021  0.196632  0.666660  0.001047
    9031  0.196632  0.666660  0.001047
    9041  0.196632  0.666660  0.001046
    9051  0.196633  0.666660  0.001046
    9061  0.196632  0.666660  0.001046
    9071  0.196632  0.666660  0.001046
    9081  0.196633  0.666660  0.001046
    9091  0.196633  0.666660  0.001046
    9101  0.196632  0.666660  0.001046
    9111  0.196633  0.666660  0.001046
    9121  0.196633  0.666660  0.001046
    9131  0.196633  0.666660  0.001046
    9141  0.196633  0.666660  0.001045
    9151  0.196633  0.666660  0.001045
    9161  0.196632  0.666660  0.001045
    9171  0.196631  0.666660  0.001045
    9181  0.196631  0.666660  0.001045
    9191  0.196631  0.666660  0.001045
    9201  0.196630  0.666660  0.001045
    9211  0.196630  0.666660  0.001045
    9221  0.196630  0.666660  0.001045
    9231  0.196630  0.666660  0.001045
    9241  0.196630  0.666660  0.001045
    9251  0.196630  0.666660  0.001045
    9261  0.196630  0.666660  0.001045
    9271  0.196630  0.666660  0.001045
    9281  0.196630  0.666660  0.001045
    9291  0.196631  0.666660  0.001045
    9301  0.196630  0.666660  0.001044
    9311  0.196630  0.666660  0.001044
    9321  0.196629  0.666660  0.001044
    9331  0.196629  0.666660  0.001044
    9341  0.196629  0.666660  0.001044
    9351  0.196630  0.666660  0.001044
    9361  0.196629  0.666660  0.001044
    9371  0.196628  0.666660  0.001044
    9381  0.196629  0.666660  0.001044
    9391  0.196628  0.666660  0.001044
    9401  0.196629  0.666660  0.001044
    9411  0.196629  0.666660  0.001044
    9421  0.196628  0.666660  0.001044
    9431  0.196628  0.666660  0.001044
    9441  0.196628  0.666660  0.001044
    9451  0.196627  0.666660  0.001044
    9461  0.196627  0.666660  0.001044
    9471  0.196626  0.666660  0.001044
    9481  0.196625  0.666660  0.001044
    9491  0.196625  0.666660  0.001044
    9501  0.196625  0.666660  0.001044
    9511  0.196626  0.666660  0.001044
    9521  0.196626  0.666660  0.001044
    9531  0.196625  0.666660  0.001044
    9541  0.196625  0.666660  0.001044
    9551  0.196626  0.666660  0.001044
    9561  0.196626  0.666660  0.001044
    9571  0.196626  0.666660  0.001044
    9581  0.196626  0.666660  0.001044
    9591  0.196626  0.666660  0.001044
    9601  0.196626  0.666660  0.001044
    9611  0.196626  0.666660  0.001044
    9621  0.196626  0.666660  0.001044
    9631  0.196625  0.666660  0.001044
    9641  0.196625  0.666660  0.001044
    9651  0.196625  0.666660  0.001044
    9661  0.196625  0.666660  0.001044
    9671  0.196624  0.666660  0.001044
    9681  0.196624  0.666660  0.001044
    9691  0.196624  0.666660  0.001044
    9701  0.196623  0.666660  0.001044
    9711  0.196623  0.666660  0.001044
    9721  0.196623  0.666660  0.001044
    9731  0.196622  0.666660  0.001044
    9741  0.196621  0.666660  0.001044
    9751  0.196621  0.666660  0.001044
    9761  0.196621  0.666660  0.001044
    9771  0.196621  0.666660  0.001044
    9781  0.196621  0.666660  0.001044
    9791  0.196621  0.666660  0.001044
    9801  0.196621  0.666660  0.001044
    9811  0.196622  0.666660  0.001044
    9821  0.196622  0.666660  0.001044
    9831  0.196622  0.666660  0.001044
    9841  0.196622  0.666660  0.001044
    9851  0.196622  0.666660  0.001044
    9861  0.196622  0.666660  0.001044
    9871  0.196622  0.666660  0.001044
    9881  0.196622  0.666660  0.001044
    9891  0.196622  0.666660  0.001044
    9901  0.196622  0.666660  0.001043
    9911  0.196623  0.666660  0.001043
    9921  0.196622  0.666660  0.001043
    9931  0.196623  0.666660  0.001043
    9941  0.196622  0.666660  0.001043
    9951  0.196623  0.666660  0.001043
    9961  0.196623  0.666660  0.001043
    9971  0.196622  0.666660  0.001043
    9981  0.196623  0.666660  0.001043
    9991  0.196623  0.666660  0.001043
    9001  0.198331  0.666665  0.000500
    9011  0.198331  0.666665  0.000500
    9021  0.198331  0.666665  0.000500
    9031  0.198331  0.666665  0.000500
    9041  0.198330  0.666665  0.000500
    9051  0.198330  0.666665  0.000500
    9061  0.198330  0.666665  0.000500
    9071  0.198330  0.666665  0.000500
    9081  0.198329  0.666665  0.000500
    9091  0.198329  0.666665  0.000500
    9101  0.198329  0.666665  0.000500
    9111  0.198330  0.666665  0.000500
    9121  0.198330  0.666665  0.000500
    9131  0.198330  0.666665  0.000500
    9141  0.198330  0.666665  0.000500
    9151  0.198330  0.666665  0.000500
    9161  0.198330  0.666665  0.000500
    9171  0.198331  0.666665  0.000500
    9181  0.198331  0.666665  0.000501
    9191  0.198331  0.666665  0.000501
    9201  0.198331  0.666665  0.000501
    9211  0.198331  0.666665  0.000501
    9221  0.198331  0.666665  0.000501
    9231  0.198332  0.666665  0.000501
    9241  0.198331  0.666665  0.000501
    9251  0.198331  0.666665  0.000501
    9261  0.198331  0.666665  0.000501
    9271  0.198330  0.666665  0.000501
    9281  0.198330  0.666665  0.000501
    9291  0.198330  0.666665  0.000501
    9301  0.198330  0.666665  0.000501
    9311  0.198329  0.666665  0.000501
    9321  0.198329  0.666665  0.000501
    9331  0.198329  0.666665  0.000501
    9341  0.198330  0.666665  0.000501
    9351  0.198330  0.666665  0.000501
    9361  0.198330  0.666665  0.000501
    9371  0.198330  0.666665  0.000501
    9381  0.198330  0.666665  0.000501
    9391  0.198330  0.666665  0.000501
    9401  0.198330  0.666665  0.000501
    9411  0.198330  0.666665  0.000501
    9421  0.198330  0.666665  0.000501
    9431  0.198330  0.666665  0.000501
    9441  0.198331  0.666665  0.000501
    9451  0.198331  0.666665  0.000501
    9461  0.198331  0.666665  0.000501
    9471  0.198331  0.666665  0.000501
    9481  0.198331  0.666665  0.000501
    9491  0.198331  0.666665  0.000501
    9501  0.198330  0.666665  0.000501
    9511  0.198330  0.666665  0.000501
    9521  0.198330  0.666665  0.000501
    9531  0.198331  0.666665  0.000501
    9541  0.198331  0.666665  0.000501
    9551  0.198331  0.666665  0.000501
    9561  0.198331  0.666665  0.000501
    9571  0.198332  0.666665  0.000501
    9581  0.198331  0.666665  0.000501
    9591  0.198332  0.666665  0.000501
    9601  0.198332  0.666665  0.000501
    9611  0.198332  0.666665  0.000501
    9621  0.198332  0.666665  0.000501
    9631  0.198332  0.666665  0.000501
    9641  0.198331  0.666665  0.000501
    9651  0.198331  0.666665  0.000501
    9661  0.198331  0.666665  0.000501
    9671  0.198331  0.666665  0.000501
    9681  0.198331  0.666665  0.000501
    9691  0.198331  0.666665  0.000501
    9701  0.198331  0.666665  0.000501
    9711  0.198331  0.666665  0.000501
    9721  0.198331  0.666665  0.000501
    9731  0.198332  0.666665  0.000501
    9741  0.198332  0.666665  0.000501
    9751  0.198332  0.666665  0.000501
    9761  0.198333  0.666665  0.000501
    9771  0.198333  0.666665  0.000501
    9781  0.198333  0.666665  0.000501
    9791  0.198333  0.666665  0.000501
    9801  0.198333  0.666665  0.000501
    9811  0.198333  0.666665  0.000501
    9821  0.198333  0.666665  0.000501
    9831  0.198333  0.666665  0.000501
    9841  0.198333  0.666665  0.000501
    9851  0.198333  0.666665  0.000501
    9861  0.198333  0.666665  0.000501
    9871  0.198333  0.666665  0.000501
    9881  0.198334  0.666665  0.000501
    9891  0.198334  0.666665  0.000501
    9901  0.198334  0.666665  0.000501
    9911  0.198334  0.666665  0.000501
    9921  0.198334  0.666665  0.000501
    9931  0.198334  0.666665  0.000501
    9941  0.198334  0.666665  0.000501
    9951  0.198334  0.666665  0.000501
    9961  0.198335  0.666665  0.000501
    9971  0.198335  0.666665  0.000501
    9981  0.198335  0.666665  0.000501
    9991  0.198335  0.666665  0.000501
    9001  0.199342  0.666666  0.000195
    9011  0.199341  0.666666  0.000195
    9021  0.199342  0.666666  0.000195
    9031  0.199342  0.666666  0.000195
    9041  0.199342  0.666666  0.000195
    9051  0.199342  0.666666  0.000195
    9061  0.199342  0.666666  0.000195
    9071  0.199342  0.666666  0.000195
    9081  0.199341  0.666666  0.000195
    9091  0.199341  0.666666  0.000195
    9101  0.199341  0.666666  0.000195
    9111  0.199341  0.666666  0.000195
    9121  0.199341  0.666666  0.000195
    9131  0.199341  0.666666  0.000195
    9141  0.199341  0.666666  0.000195
    9151  0.199341  0.666666  0.000195
    9161  0.199341  0.666666  0.000195
    9171  0.199341  0.666666  0.000195
    9181  0.199342  0.666666  0.000195
    9191  0.199342  0.666666  0.000195
    9201  0.199342  0.666666  0.000195
    9211  0.199342  0.666666  0.000195
    9221  0.199342  0.666666  0.000195
    9231  0.199342  0.666666  0.000195
    9241  0.199342  0.666666  0.000195
    9251  0.199342  0.666666  0.000195
    9261  0.199342  0.666666  0.000195
    9271  0.199342  0.666666  0.000195
    9281  0.199342  0.666666  0.000195
    9291  0.199342  0.666666  0.000195
    9301  0.199342  0.666666  0.000195
    9311  0.199342  0.666666  0.000195
    9321  0.199342  0.666666  0.000195
    9331  0.199342  0.666666  0.000195
    9341  0.199342  0.666666  0.000195
    9351  0.199342  0.666666  0.000195
    9361  0.199342  0.666666  0.000195
    9371  0.199342  0.666666  0.000195
    9381  0.199342  0.666666  0.000195
    9391  0.199342  0.666666  0.000195
    9401  0.199342  0.666666  0.000195
    9411  0.199342  0.666666  0.000195
    9421  0.199342  0.666666  0.000195
    9431  0.199342  0.666666  0.000195
    9441  0.199342  0.666666  0.000195
    9451  0.199342  0.666666  0.000195
    9461  0.199342  0.666666  0.000195
    9471  0.199342  0.666666  0.000195
    9481  0.199342  0.666666  0.000195
    9491  0.199343  0.666666  0.000195
    9501  0.199343  0.666666  0.000195
    9511  0.199343  0.666666  0.000195
    9521  0.199343  0.666666  0.000195
    9531  0.199343  0.666666  0.000195
    9541  0.199342  0.666666  0.000195
    9551  0.199342  0.666666  0.000195
    9561  0.199342  0.666666  0.000195
    9571  0.199342  0.666666  0.000195
    9581  0.199342  0.666666  0.000195
    9591  0.199342  0.666666  0.000195
    9601  0.199342  0.666666  0.000195
    9611  0.199342  0.666666  0.000195
    9621  0.199342  0.666666  0.000195
    9631  0.199342  0.666666  0.000195
    9641  0.199342  0.666666  0.000195
    9651  0.199342  0.666666  0.000195
    9661  0.199342  0.666666  0.000195
    9671  0.199342  0.666666  0.000195
    9681  0.199342  0.666666  0.000195
    9691  0.199342  0.666666  0.000195
    9701  0.199342  0.666666  0.000195
    9711  0.199342  0.666666  0.000195
    9721  0.199342  0.666666  0.000195
    9731  0.199342  0.666666  0.000195
    9741  0.199342  0.666666  0.000195
    9751  0.199342  0.666666  0.000194
    9761  0.199342  0.666666  0.000194
    9771  0.199342  0.666666  0.000194
    9781  0.199342  0.666666  0.000194
    9791  0.199342  0.666666  0.000194
    9801  0.199342  0.666666  0.000194
    9811  0.199342  0.666666  0.000194
    9821  0.199342  0.666666  0.000194
    9831  0.199342  0.666666  0.000194
    9841  0.199342  0.666666  0.000194
    9851  0.199342  0.666666  0.000194
    9861  0.199342  0.666666  0.000194
    9871  0.199342  0.666666  0.000194
    9881  0.199342  0.666666  0.000194
    9891  0.199342  0.666666  0.000194
    9901  0.199342  0.666666  0.000194
    9911  0.199342  0.666666  0.000194
    9921  0.199342  0.666666  0.000194
    9931  0.199342  0.666666  0.000194
    9941  0.199342  0.666666  0.000194
    9951  0.199342  0.666666  0.000194
    9961  0.199342  0.666666  0.000194
    9971  0.199341  0.666666  0.000194
    9981  0.199341  0.666666  0.000194
    9991  0.199341  0.666666  0.000194
    9001  0.199666  0.666667  0.000227
    9011  0.199666  0.666667  0.000227
    9021  0.199666  0.666667  0.000227
    9031  0.199666  0.666667  0.000227
    9041  0.199666  0.666667  0.000227
    9051  0.199666  0.666667  0.000227
    9061  0.199666  0.666667  0.000226
    9071  0.199666  0.666667  0.000226
    9081  0.199666  0.666667  0.000226
    9091  0.199666  0.666667  0.000226
    9101  0.199666  0.666667  0.000226
    9111  0.199666  0.666667  0.000226
    9121  0.199666  0.666667  0.000225
    9131  0.199666  0.666667  0.000225
    9141  0.199666  0.666667  0.000225
    9151  0.199666  0.666667  0.000225
    9161  0.199666  0.666667  0.000225
    9171  0.199666  0.666667  0.000225
    9181  0.199666  0.666667  0.000225
    9191  0.199666  0.666667  0.000224
    9201  0.199666  0.666667  0.000224
    9211  0.199666  0.666667  0.000224
    9221  0.199666  0.666667  0.000224
    9231  0.199666  0.666667  0.000224
    9241  0.199666  0.666667  0.000224
    9251  0.199666  0.666667  0.000223
    9261  0.199666  0.666667  0.000223
    9271  0.199666  0.666667  0.000223
    9281  0.199666  0.666667  0.000223
    9291  0.199666  0.666667  0.000223
    9301  0.199666  0.666667  0.000223
    9311  0.199666  0.666667  0.000223
    9321  0.199666  0.666667  0.000222
    9331  0.199666  0.666667  0.000222
    9341  0.199666  0.666667  0.000222
    9351  0.199666  0.666667  0.000222
    9361  0.199666  0.666667  0.000222
    9371  0.199666  0.666667  0.000222
    9381  0.199666  0.666667  0.000222
    9391  0.199666  0.666667  0.000221
    9401  0.199666  0.666667  0.000221
    9411  0.199666  0.666667  0.000221
    9421  0.199666  0.666667  0.000221
    9431  0.199666  0.666667  0.000221
    9441  0.199666  0.666667  0.000221
    9451  0.199666  0.666667  0.000221
    9461  0.199666  0.666667  0.000220
    9471  0.199666  0.666667  0.000220
    9481  0.199666  0.666667  0.000220
    9491  0.199666  0.666667  0.000220
    9501  0.199666  0.666667  0.000220
    9511  0.199666  0.666667  0.000220
    9521  0.199666  0.666667  0.000220
    9531  0.199666  0.666667  0.000220
    9541  0.199666  0.666667  0.000219
    9551  0.199666  0.666667  0.000219
    9561  0.199666  0.666667  0.000219
    9571  0.199666  0.666667  0.000219
    9581  0.199666  0.666667  0.000219
    9591  0.199666  0.666667  0.000219
    9601  0.199666  0.666667  0.000219
    9611  0.199666  0.666667  0.000219
    9621  0.199666  0.666667  0.000218
    9631  0.199666  0.666667  0.000218
    9641  0.199666  0.666667  0.000218
    9651  0.199666  0.666667  0.000218
    9661  0.199666  0.666667  0.000218
    9671  0.199666  0.666667  0.000218
    9681  0.199666  0.666667  0.000218
    9691  0.199666  0.666667  0.000218
    9701  0.199666  0.666667  0.000217
    9711  0.199666  0.666667  0.000217
    9721  0.199666  0.666667  0.000217
    9731  0.199665  0.666667  0.000217
    9741  0.199665  0.666667  0.000217
    9751  0.199665  0.666667  0.000217
    9761  0.199665  0.666667  0.000217
    9771  0.199665  0.666667  0.000217
    9781  0.199665  0.666667  0.000217
    9791  0.199665  0.666667  0.000217
    9801  0.199665  0.666667  0.000217
    9811  0.199665  0.666667  0.000217
    9821  0.199665  0.666667  0.000217
    9831  0.199665  0.666667  0.000217
    9841  0.199665  0.666667  0.000217
    9851  0.199665  0.666667  0.000217
    9861  0.199665  0.666667  0.000217
    9871  0.199665  0.666667  0.000217
    9881  0.199665  0.666667  0.000217
    9891  0.199665  0.666667  0.000217
    9901  0.199665  0.666667  0.000217
    9911  0.199665  0.666667  0.000217
    9921  0.199665  0.666667  0.000217
    9931  0.199665  0.666667  0.000217
    9941  0.199665  0.666667  0.000217
    9951  0.199665  0.666667  0.000217
    9961  0.199665  0.666667  0.000217
    9971  0.199665  0.666667  0.000217
    9981  0.199665  0.666667  0.000217
    9991  0.199665  0.666667  0.000217
    9001  0.199867  0.666667  0.000038
    9011  0.199867  0.666667  0.000038
    9021  0.199867  0.666667  0.000038
    9031  0.199867  0.666667  0.000038
    9041  0.199867  0.666667  0.000038
    9051  0.199867  0.666667  0.000038
    9061  0.199867  0.666667  0.000038
    9071  0.199866  0.666667  0.000039
    9081  0.199865  0.666667  0.000042
    9091  0.199865  0.666667  0.000044
    9101  0.199863  0.666667  0.000053
    9111  0.199863  0.666667  0.000063
    9121  0.199863  0.666667  0.000072
    9131  0.199863  0.666667  0.000081
    9141  0.199863  0.666667  0.000090
    9151  0.199863  0.666667  0.000098
    9161  0.199863  0.666667  0.000107
    9171  0.199863  0.666667  0.000116
    9181  0.199863  0.666667  0.000124
    9191  0.199863  0.666667  0.000132
    9201  0.199863  0.666667  0.000140
    9211  0.199863  0.666667  0.000148
    9221  0.199863  0.666667  0.000156
    9231  0.199863  0.666667  0.000164
    9241  0.199863  0.666667  0.000172
    9251  0.199863  0.666667  0.000179
    9261  0.199863  0.666667  0.000187
    9271  0.199863  0.666667  0.000194
    9281  0.199863  0.666667  0.000202
    9291  0.199862  0.666667  0.000209
    9301  0.199860  0.666667  0.000223
    9311  0.199860  0.666667  0.000236
    9321  0.199860  0.666667  0.000250
    9331  0.199860  0.666667  0.000263
    9341  0.199860  0.666667  0.000276
    9351  0.199860  0.666667  0.000289
    9361  0.199860  0.666667  0.000301
    9371  0.199860  0.666667  0.000314
    9381  0.199860  0.666667  0.000326
    9391  0.199860  0.666667  0.000338
    9401  0.199860  0.666667  0.000350
    9411  0.199860  0.666667  0.000362
    9421  0.199860  0.666667  0.000374
    9431  0.199860  0.666667  0.000386
    9441  0.199860  0.666667  0.000399
    9451  0.199860  0.666667  0.000411
    9461  0.199860  0.666667  0.000422
    9471  0.199860  0.666667  0.000434
    9481  0.199860  0.666667  0.000445
    9491  0.199860  0.666667  0.000457
    9501  0.199860  0.666667  0.000468
    9511  0.199860  0.666667  0.000479
    9521  0.199860  0.666667  0.000490
    9531  0.199860  0.666667  0.000501
    9541  0.199860  0.666667  0.000511
    9551  0.199860  0.666667  0.000522
    9561  0.199860  0.666667  0.000532
    9571  0.199860  0.666667  0.000543
    9581  0.199860  0.666667  0.000553
    9591  0.199860  0.666667  0.000563
    9601  0.199860  0.666667  0.000573
    9611  0.199860  0.666667  0.000582
    9621  0.199860  0.666667  0.000592
    9631  0.199860  0.666667  0.000602
    9641  0.199860  0.666667  0.000611
    9651  0.199860  0.666667  0.000620
    9661  0.199860  0.666667  0.000630
    9671  0.199860  0.666667  0.000639
    9681  0.199860  0.666667  0.000648
    9691  0.199860  0.666667  0.000657
    9701  0.199860  0.666667  0.000665
    9711  0.199860  0.666667  0.000674
    9721  0.199860  0.666667  0.000683
    9731  0.199860  0.666667  0.000691
    9741  0.199860  0.666667  0.000699
    9751  0.199860  0.666667  0.000708
    9761  0.199860  0.666667  0.000716
    9771  0.199860  0.666667  0.000724
    9781  0.199860  0.666667  0.000732
    9791  0.199860  0.666666  0.000740
    9801  0.199860  0.666666  0.000748
    9811  0.199860  0.666666  0.000755
    9821  0.199860  0.666666  0.000763
    9831  0.199860  0.666666  0.000770
    9841  0.199860  0.666666  0.000778
    9851  0.199860  0.666666  0.000785
    9861  0.199860  0.666666  0.000793
    9871  0.199860  0.666666  0.000800
    9881  0.199860  0.666666  0.000807
    9891  0.199860  0.666666  0.000814
    9901  0.199860  0.666666  0.000821
    9911  0.199860  0.666666  0.000828
    9921  0.199860  0.666666  0.000835
    9931  0.199860  0.666666  0.000841
    9941  0.199860  0.666666  0.000848
    9951  0.199860  0.666666  0.000855
    9961  0.199860  0.666666  0.000861
    9971  0.199860  0.666666  0.000868
    9981  0.199860  0.666666  0.000874
    9991  0.199860  0.666666  0.000880
