   #Iter             Tot             Exc             Ani              DM              PD           BiqDM              BQ             Dip          Zeeman             LSF            Chir
       0  7.48472673E-07  0.00000000E+00  0.00000000E+00  0.00000000E+00  7.48472673E-07  0.00000000E+00  0.00000000E+00  0.00000000E+00  0.00000000E+00  0.00000000E+00  0.00000000E+00
      50  4.36932206E-06  0.00000000E+00  0.00000000E+00  0.00000000E+00  4.36932206E-06  0.00000000E+00  0.00000000E+00  0.00000000E+00  0.00000000E+00  0.00000000E+00  0.00000000E+00
     100  6.63519218E-06  0.00000000E+00  0.00000000E+00  0.00000000E+00  6.63519218E-06  0.00000000E+00  0.00000000E+00  0.00000000E+00  0.00000000E+00  0.00000000E+00  0.00000000E+00
     150  4.76493415E-06  0.00000000E+00  0.00000000E+00  0.00000000E+00  4.76493415E-06  0.00000000E+00  0.00000000E+00  0.00000000E+00  0.00000000E+00  0.00000000E+00  0.00000000E+00
     200  2.04033637E-06  0.00000000E+00  0.00000000E+00  0.00000000E+00  2.04033637E-06  0.00000000E+00  0.00000000E+00  0.00000000E+00  0.00000000E+00  0.00000000E+00  0.00000000E+00
     250  2.41966064E-06  0.00000000E+00  0.00000000E+00  0.00000000E+00  2.41966064E-06  0.00000000E+00  0.00000000E+00  0.00000000E+00  0.00000000E+00  0.00000000E+00  0.00000000E+00
     300  7.92686821E-07  0.00000000E+00  0.00000000E+00  0.00000000E+00  7.92686821E-07  0.00000000E+00  0.00000000E+00  0.00000000E+00  0.00000000E+00  0.00000000E+00  0.00000000E+00
     350  1.95173336E-06  0.00000000E+00  0.00000000E+00  0.00000000E+00  1.95173336E-06  0.00000000E+00  0.00000000E+00  0.00000000E+00  0.00000000E+00  0.00000000E+00  0.00000000E+00
     400  4.19488140E-06  0.00000000E+00  0.00000000E+00  0.00000000E+00  4.19488140E-06  0.00000000E+00  0.00000000E+00  0.00000000E+00  0.00000000E+00  0.00000000E+00  0.00000000E+00
     450  6.86534382E-07  0.00000000E+00  0.00000000E+00  0.00000000E+00  6.86534382E-07  0.00000000E+00  0.00000000E+00  0.00000000E+00  0.00000000E+00  0.00000000E+00  0.00000000E+00
     500  2.41920398E-06  0.00000000E+00  0.00000000E+00  0.00000000E+00  2.41920398E-06  0.00000000E+00  0.00000000E+00  0.00000000E+00  0.00000000E+00  0.00000000E+00  0.00000000E+00
     550  1.60257307E-06  0.00000000E+00  0.00000000E+00  0.00000000E+00  1.60257307E-06  0.00000000E+00  0.00000000E+00  0.00000000E+00  0.00000000E+00  0.00000000E+00  0.00000000E+00
     600  1.66894803E-06  0.00000000E+00  0.00000000E+00  0.00000000E+00  1.66894803E-06  0.00000000E+00  0.00000000E+00  0.00000000E+00  0.00000000E+00  0.00000000E+00  0.00000000E+00
     650  7.07482713E-07  0.00000000E+00  0.00000000E+00  0.00000000E+00  7.07482713E-07  0.00000000E+00  0.00000000E+00  0.00000000E+00  0.00000000E+00  0.00000000E+00  0.00000000E+00
     700  3.27401750E-06  0.00000000E+00  0.00000000E+00  0.00000000E+00  3.27401750E-06  0.00000000E+00  0.00000000E+00  0.00000000E+00  0.00000000E+00  0.00000000E+00  0.00000000E+00
     750  4.75632431E-07  0.00000000E+00  0.00000000E+00  0.00000000E+00  4.75632431E-07  0.00000000E+00  0.00000000E+00  0.00000000E+00  0.00000000E+00  0.00000000E+00  0.00000000E+00
     800  1.56670476E-06  0.00000000E+00  0.00000000E+00  0.00000000E+00  1.56670476E-06  0.00000000E+00  0.00000000E+00  0.00000000E+00  0.00000000E+00  0.00000000E+00  0.00000000E+00
     850  5.89823265E-07  0.00000000E+00  0.00000000E+00  0.00000000E+00  5.89823265E-07  0.00000000E+00  0.00000000E+00  0.00000000E+00  0.00000000E+00  0.00000000E+00  0.00000000E+00
     900  6.51155591E-07  0.00000000E+00  0.00000000E+00  0.00000000E+00  6.51155591E-07  0.00000000E+00  0.00000000E+00  0.00000000E+00  0.00000000E+00  0.00000000E+00  0.00000000E+00
     950  2.50494705E-07  0.00000000E+00  0.00000000E+00  0.00000000E+00  2.50494705E-07  0.00000000E+00  0.00000000E+00  0.00000000E+00  0.00000000E+00  0.00000000E+00  0.00000000E+00
    1000  1.52711614E-06  0.00000000E+00  0.00000000E+00  0.00000000E+00  1.52711614E-06  0.00000000E+00  0.00000000E+00  0.00000000E+00  0.00000000E+00  0.00000000E+00  0.00000000E+00
    1050  9.13887586E-07  0.00000000E+00  0.00000000E+00  0.00000000E+00  9.13887586E-07  0.00000000E+00  0.00000000E+00  0.00000000E+00  0.00000000E+00  0.00000000E+00  0.00000000E+00
    1100  2.44613580E-06  0.00000000E+00  0.00000000E+00  0.00000000E+00  2.44613580E-06  0.00000000E+00  0.00000000E+00  0.00000000E+00  0.00000000E+00  0.00000000E+00  0.00000000E+00
    1150  1.78507101E-07  0.00000000E+00  0.00000000E+00  0.00000000E+00  1.78507101E-07  0.00000000E+00  0.00000000E+00  0.00000000E+00  0.00000000E+00  0.00000000E+00  0.00000000E+00
    1200  7.80197951E-07  0.00000000E+00  0.00000000E+00  0.00000000E+00  7.80197951E-07  0.00000000E+00  0.00000000E+00  0.00000000E+00  0.00000000E+00  0.00000000E+00  0.00000000E+00
    1250  1.11995223E-06  0.00000000E+00  0.00000000E+00  0.00000000E+00  1.11995223E-06  0.00000000E+00  0.00000000E+00  0.00000000E+00  0.00000000E+00  0.00000000E+00  0.00000000E+00
    1300  9.99177990E-07  0.00000000E+00  0.00000000E+00  0.00000000E+00  9.99177990E-07  0.00000000E+00  0.00000000E+00  0.00000000E+00  0.00000000E+00  0.00000000E+00  0.00000000E+00
    1350  1.21631062E-06  0.00000000E+00  0.00000000E+00  0.00000000E+00  1.21631062E-06  0.00000000E+00  0.00000000E+00  0.00000000E+00  0.00000000E+00  0.00000000E+00  0.00000000E+00
    1400  4.27410598E-06  0.00000000E+00  0.00000000E+00  0.00000000E+00  4.27410598E-06  0.00000000E+00  0.00000000E+00  0.00000000E+00  0.00000000E+00  0.00000000E+00  0.00000000E+00
    1450  1.87707473E-06  0.00000000E+00  0.00000000E+00  0.00000000E+00  1.87707473E-06  0.00000000E+00  0.00000000E+00  0.00000000E+00  0.00000000E+00  0.00000000E+00  0.00000000E+00
    1500  3.56298060E-06  0.00000000E+00  0.00000000E+00  0.00000000E+00  3.56298060E-06  0.00000000E+00  0.00000000E+00  0.00000000E+00  0.00000000E+00  0.00000000E+00  0.00000000E+00
    1550  4.34455146E-06  0.00000000E+00  0.00000000E+00  0.00000000E+00  4.34455146E-06  0.00000000E+00  0.00000000E+00  0.00000000E+00  0.00000000E+00  0.00000000E+00  0.00000000E+00
    1600  2.33545389E-06  0.00000000E+00  0.00000000E+00  0.00000000E+00  2.33545389E-06  0.00000000E+00  0.00000000E+00  0.00000000E+00  0.00000000E+00  0.00000000E+00  0.00000000E+00
    1650  7.55498794E-02  0.00000000E+00  0.00000000E+00  0.00000000E+00  7.55498794E-02  0.00000000E+00  0.00000000E+00  0.00000000E+00  0.00000000E+00  0.00000000E+00  0.00000000E+00
    1700  1.04625179E-06  0.00000000E+00  0.00000000E+00  0.00000000E+00  1.04625179E-06  0.00000000E+00  0.00000000E+00  0.00000000E+00  0.00000000E+00  0.00000000E+00  0.00000000E+00
    1750  2.02647167E-06  0.00000000E+00  0.00000000E+00  0.00000000E+00  2.02647167E-06  0.00000000E+00  0.00000000E+00  0.00000000E+00  0.00000000E+00  0.00000000E+00  0.00000000E+00
    1800  1.72562012E-06  0.00000000E+00  0.00000000E+00  0.00000000E+00  1.72562012E-06  0.00000000E+00  0.00000000E+00  0.00000000E+00  0.00000000E+00  0.00000000E+00  0.00000000E+00
    1850  6.36361073E-06  0.00000000E+00  0.00000000E+00  0.00000000E+00  6.36361073E-06  0.00000000E+00  0.00000000E+00  0.00000000E+00  0.00000000E+00  0.00000000E+00  0.00000000E+00
    1900  1.99664620E-07  0.00000000E+00  0.00000000E+00  0.00000000E+00  1.99664620E-07  0.00000000E+00  0.00000000E+00  0.00000000E+00  0.00000000E+00  0.00000000E+00  0.00000000E+00
    1950  2.13855073E-06  0.00000000E+00  0.00000000E+00  0.00000000E+00  2.13855073E-06  0.00000000E+00  0.00000000E+00  0.00000000E+00  0.00000000E+00  0.00000000E+00  0.00000000E+00
    2000  1.44964591E-06  0.00000000E+00  0.00000000E+00  0.00000000E+00  1.44964591E-06  0.00000000E+00  0.00000000E+00  0.00000000E+00  0.00000000E+00  0.00000000E+00  0.00000000E+00
    2050  6.00148880E-07  0.00000000E+00  0.00000000E+00  0.00000000E+00  6.00148880E-07  0.00000000E+00  0.00000000E+00  0.00000000E+00  0.00000000E+00  0.00000000E+00  0.00000000E+00
    2100  3.67213228E-06  0.00000000E+00  0.00000000E+00  0.00000000E+00  3.67213228E-06  0.00000000E+00  0.00000000E+00  0.00000000E+00  0.00000000E+00  0.00000000E+00  0.00000000E+00
    2150  8.96119334E-07  0.00000000E+00  0.00000000E+00  0.00000000E+00  8.96119334E-07  0.00000000E+00  0.00000000E+00  0.00000000E+00  0.00000000E+00  0.00000000E+00  0.00000000E+00
    2200  1.40033743E-06  0.00000000E+00  0.00000000E+00  0.00000000E+00  1.40033743E-06  0.00000000E+00  0.00000000E+00  0.00000000E+00  0.00000000E+00  0.00000000E+00  0.00000000E+00
    2250  1.56546122E-06  0.00000000E+00  0.00000000E+00  0.00000000E+00  1.56546122E-06  0.00000000E+00  0.00000000E+00  0.00000000E+00  0.00000000E+00  0.00000000E+00  0.00000000E+00
    2300  4.16052693E-06  0.00000000E+00  0.00000000E+00  0.00000000E+00  4.16052693E-06  0.00000000E+00  0.00000000E+00  0.00000000E+00  0.00000000E+00  0.00000000E+00  0.00000000E+00
    2350  1.50408366E-06  0.00000000E+00  0.00000000E+00  0.00000000E+00  1.50408366E-06  0.00000000E+00  0.00000000E+00  0.00000000E+00  0.00000000E+00  0.00000000E+00  0.00000000E+00
    2400  6.61552174E-07  0.00000000E+00  0.00000000E+00  0.00000000E+00  6.61552174E-07  0.00000000E+00  0.00000000E+00  0.00000000E+00  0.00000000E+00  0.00000000E+00  0.00000000E+00
    2450  4.91266351E-06  0.00000000E+00  0.00000000E+00  0.00000000E+00  4.91266351E-06  0.00000000E+00  0.00000000E+00  0.00000000E+00  0.00000000E+00  0.00000000E+00  0.00000000E+00
    2500  1.22209259E-06  0.00000000E+00  0.00000000E+00  0.00000000E+00  1.22209259E-06  0.00000000E+00  0.00000000E+00  0.00000000E+00  0.00000000E+00  0.00000000E+00  0.00000000E+00
    2550  7.04265699E-07  0.00000000E+00  0.00000000E+00  0.00000000E+00  7.04265699E-07  0.00000000E+00  0.00000000E+00  0.00000000E+00  0.00000000E+00  0.00000000E+00  0.00000000E+00
    2600  3.26202692E-06  0.00000000E+00  0.00000000E+00  0.00000000E+00  3.26202692E-06  0.00000000E+00  0.00000000E+00  0.00000000E+00  0.00000000E+00  0.00000000E+00  0.00000000E+00
    2650  3.08607478E-06  0.00000000E+00  0.00000000E+00  0.00000000E+00  3.08607478E-06  0.00000000E+00  0.00000000E+00  0.00000000E+00  0.00000000E+00  0.00000000E+00  0.00000000E+00
    2700  2.03593102E-06  0.00000000E+00  0.00000000E+00  0.00000000E+00  2.03593102E-06  0.00000000E+00  0.00000000E+00  0.00000000E+00  0.00000000E+00  0.00000000E+00  0.00000000E+00
    2750  9.21509158E-07  0.00000000E+00  0.00000000E+00  0.00000000E+00  9.21509158E-07  0.00000000E+00  0.00000000E+00  0.00000000E+00  0.00000000E+00  0.00000000E+00  0.00000000E+00
    2800  2.71113285E-06  0.00000000E+00  0.00000000E+00  0.00000000E+00  2.71113285E-06  0.00000000E+00  0.00000000E+00  0.00000000E+00  0.00000000E+00  0.00000000E+00  0.00000000E+00
    2850  5.31152899E-06  0.00000000E+00  0.00000000E+00  0.00000000E+00  5.31152899E-06  0.00000000E+00  0.00000000E+00  0.00000000E+00  0.00000000E+00  0.00000000E+00  0.00000000E+00
    2900  2.25098360E-06  0.00000000E+00  0.00000000E+00  0.00000000E+00  2.25098360E-06  0.00000000E+00  0.00000000E+00  0.00000000E+00  0.00000000E+00  0.00000000E+00  0.00000000E+00
    2950  8.10278525E-07  0.00000000E+00  0.00000000E+00  0.00000000E+00  8.10278525E-07  0.00000000E+00  0.00000000E+00  0.00000000E+00  0.00000000E+00  0.00000000E+00  0.00000000E+00
    3000  7.06001655E-07  0.00000000E+00  0.00000000E+00  0.00000000E+00  7.06001655E-07  0.00000000E+00  0.00000000E+00  0.00000000E+00  0.00000000E+00  0.00000000E+00  0.00000000E+00
    3050  2.29878387E-06  0.00000000E+00  0.00000000E+00  0.00000000E+00  2.29878387E-06  0.00000000E+00  0.00000000E+00  0.00000000E+00  0.00000000E+00  0.00000000E+00  0.00000000E+00
    3100  3.61500933E-06  0.00000000E+00  0.00000000E+00  0.00000000E+00  3.61500933E-06  0.00000000E+00  0.00000000E+00  0.00000000E+00  0.00000000E+00  0.00000000E+00  0.00000000E+00
    3150  2.81379944E-06  0.00000000E+00  0.00000000E+00  0.00000000E+00  2.81379944E-06  0.00000000E+00  0.00000000E+00  0.00000000E+00  0.00000000E+00  0.00000000E+00  0.00000000E+00
    3200  5.62942118E-05  0.00000000E+00  0.00000000E+00  0.00000000E+00  5.62942118E-05  0.00000000E+00  0.00000000E+00  0.00000000E+00  0.00000000E+00  0.00000000E+00  0.00000000E+00
    3250  1.27714200E-06  0.00000000E+00  0.00000000E+00  0.00000000E+00  1.27714200E-06  0.00000000E+00  0.00000000E+00  0.00000000E+00  0.00000000E+00  0.00000000E+00  0.00000000E+00
    3300  3.01690751E-06  0.00000000E+00  0.00000000E+00  0.00000000E+00  3.01690751E-06  0.00000000E+00  0.00000000E+00  0.00000000E+00  0.00000000E+00  0.00000000E+00  0.00000000E+00
    3350  1.40366575E-06  0.00000000E+00  0.00000000E+00  0.00000000E+00  1.40366575E-06  0.00000000E+00  0.00000000E+00  0.00000000E+00  0.00000000E+00  0.00000000E+00  0.00000000E+00
    3400  1.23940458E-06  0.00000000E+00  0.00000000E+00  0.00000000E+00  1.23940458E-06  0.00000000E+00  0.00000000E+00  0.00000000E+00  0.00000000E+00  0.00000000E+00  0.00000000E+00
    3450  2.82100673E-06  0.00000000E+00  0.00000000E+00  0.00000000E+00  2.82100673E-06  0.00000000E+00  0.00000000E+00  0.00000000E+00  0.00000000E+00  0.00000000E+00  0.00000000E+00
    3500  2.39039597E-06  0.00000000E+00  0.00000000E+00  0.00000000E+00  2.39039597E-06  0.00000000E+00  0.00000000E+00  0.00000000E+00  0.00000000E+00  0.00000000E+00  0.00000000E+00
    3550  1.76301504E-06  0.00000000E+00  0.00000000E+00  0.00000000E+00  1.76301504E-06  0.00000000E+00  0.00000000E+00  0.00000000E+00  0.00000000E+00  0.00000000E+00  0.00000000E+00
    3600  5.79871258E-06  0.00000000E+00  0.00000000E+00  0.00000000E+00  5.79871258E-06  0.00000000E+00  0.00000000E+00  0.00000000E+00  0.00000000E+00  0.00000000E+00  0.00000000E+00
    3650  4.49885941E-06  0.00000000E+00  0.00000000E+00  0.00000000E+00  4.49885941E-06  0.00000000E+00  0.00000000E+00  0.00000000E+00  0.00000000E+00  0.00000000E+00  0.00000000E+00
    3700  1.70962400E-06  0.00000000E+00  0.00000000E+00  0.00000000E+00  1.70962400E-06  0.00000000E+00  0.00000000E+00  0.00000000E+00  0.00000000E+00  0.00000000E+00  0.00000000E+00
    3750  9.43272434E-07  0.00000000E+00  0.00000000E+00  0.00000000E+00  9.43272434E-07  0.00000000E+00  0.00000000E+00  0.00000000E+00  0.00000000E+00  0.00000000E+00  0.00000000E+00
    3800  1.48070662E-06  0.00000000E+00  0.00000000E+00  0.00000000E+00  1.48070662E-06  0.00000000E+00  0.00000000E+00  0.00000000E+00  0.00000000E+00  0.00000000E+00  0.00000000E+00
    3850  8.71944034E-06  0.00000000E+00  0.00000000E+00  0.00000000E+00  8.71944034E-06  0.00000000E+00  0.00000000E+00  0.00000000E+00  0.00000000E+00  0.00000000E+00  0.00000000E+00
    3900  9.07909482E-07  0.00000000E+00  0.00000000E+00  0.00000000E+00  9.07909482E-07  0.00000000E+00  0.00000000E+00  0.00000000E+00  0.00000000E+00  0.00000000E+00  0.00000000E+00
    3950  6.83844685E-07  0.00000000E+00  0.00000000E+00  0.00000000E+00  6.83844685E-07  0.00000000E+00  0.00000000E+00  0.00000000E+00  0.00000000E+00  0.00000000E+00  0.00000000E+00
    4000  2.83577811E-06  0.00000000E+00  0.00000000E+00  0.00000000E+00  2.83577811E-06  0.00000000E+00  0.00000000E+00  0.00000000E+00  0.00000000E+00  0.00000000E+00  0.00000000E+00
    4050  1.75819488E-06  0.00000000E+00  0.00000000E+00  0.00000000E+00  1.75819488E-06  0.00000000E+00  0.00000000E+00  0.00000000E+00  0.00000000E+00  0.00000000E+00  0.00000000E+00
    4100  1.39091035E-06  0.00000000E+00  0.00000000E+00  0.00000000E+00  1.39091035E-06  0.00000000E+00  0.00000000E+00  0.00000000E+00  0.00000000E+00  0.00000000E+00  0.00000000E+00
    4150  5.42411863E-06  0.00000000E+00  0.00000000E+00  0.00000000E+00  5.42411863E-06  0.00000000E+00  0.00000000E+00  0.00000000E+00  0.00000000E+00  0.00000000E+00  0.00000000E+00
    4200  7.49693265E-07  0.00000000E+00  0.00000000E+00  0.00000000E+00  7.49693265E-07  0.00000000E+00  0.00000000E+00  0.00000000E+00  0.00000000E+00  0.00000000E+00  0.00000000E+00
    4250  8.06062847E-07  0.00000000E+00  0.00000000E+00  0.00000000E+00  8.06062847E-07  0.00000000E+00  0.00000000E+00  0.00000000E+00  0.00000000E+00  0.00000000E+00  0.00000000E+00
    4300  1.98802958E-06  0.00000000E+00  0.00000000E+00  0.00000000E+00  1.98802958E-06  0.00000000E+00  0.00000000E+00  0.00000000E+00  0.00000000E+00  0.00000000E+00  0.00000000E+00
    4350  2.34526221E-06  0.00000000E+00  0.00000000E+00  0.00000000E+00  2.34526221E-06  0.00000000E+00  0.00000000E+00  0.00000000E+00  0.00000000E+00  0.00000000E+00  0.00000000E+00
    4400  2.18541129E-06  0.00000000E+00  0.00000000E+00  0.00000000E+00  2.18541129E-06  0.00000000E+00  0.00000000E+00  0.00000000E+00  0.00000000E+00  0.00000000E+00  0.00000000E+00
    4450  6.58058491E-06  0.00000000E+00  0.00000000E+00  0.00000000E+00  6.58058491E-06  0.00000000E+00  0.00000000E+00  0.00000000E+00  0.00000000E+00  0.00000000E+00  0.00000000E+00
    4500  1.96955320E-06  0.00000000E+00  0.00000000E+00  0.00000000E+00  1.96955320E-06  0.00000000E+00  0.00000000E+00  0.00000000E+00  0.00000000E+00  0.00000000E+00  0.00000000E+00
    4550  2.20606920E-06  0.00000000E+00  0.00000000E+00  0.00000000E+00  2.20606920E-06  0.00000000E+00  0.00000000E+00  0.00000000E+00  0.00000000E+00  0.00000000E+00  0.00000000E+00
    4600  1.60621842E-06  0.00000000E+00  0.00000000E+00  0.00000000E+00  1.60621842E-06  0.00000000E+00  0.00000000E+00  0.00000000E+00  0.00000000E+00  0.00000000E+00  0.00000000E+00
    4650  7.48738809E-02  0.00000000E+00  0.00000000E+00  0.00000000E+00  7.48738809E-02  0.00000000E+00  0.00000000E+00  0.00000000E+00  0.00000000E+00  0.00000000E+00  0.00000000E+00
    4700  1.30289648E-06  0.00000000E+00  0.00000000E+00  0.00000000E+00  1.30289648E-06  0.00000000E+00  0.00000000E+00  0.00000000E+00  0.00000000E+00  0.00000000E+00  0.00000000E+00
    4750  4.00573610E-07  0.00000000E+00  0.00000000E+00  0.00000000E+00  4.00573610E-07  0.00000000E+00  0.00000000E+00  0.00000000E+00  0.00000000E+00  0.00000000E+00  0.00000000E+00
    4800  1.31935332E-06  0.00000000E+00  0.00000000E+00  0.00000000E+00  1.31935332E-06  0.00000000E+00  0.00000000E+00  0.00000000E+00  0.00000000E+00  0.00000000E+00  0.00000000E+00
    4850  2.97774150E-06  0.00000000E+00  0.00000000E+00  0.00000000E+00  2.97774150E-06  0.00000000E+00  0.00000000E+00  0.00000000E+00  0.00000000E+00  0.00000000E+00  0.00000000E+00
    4900  1.24692055E-06  0.00000000E+00  0.00000000E+00  0.00000000E+00  1.24692055E-06  0.00000000E+00  0.00000000E+00  0.00000000E+00  0.00000000E+00  0.00000000E+00  0.00000000E+00
    4950  3.66410079E-06  0.00000000E+00  0.00000000E+00  0.00000000E+00  3.66410079E-06  0.00000000E+00  0.00000000E+00  0.00000000E+00  0.00000000E+00  0.00000000E+00  0.00000000E+00
    5000  1.08684837E-06  0.00000000E+00  0.00000000E+00  0.00000000E+00  1.08684837E-06  0.00000000E+00  0.00000000E+00  0.00000000E+00  0.00000000E+00  0.00000000E+00  0.00000000E+00
    5050  1.15987061E-06  0.00000000E+00  0.00000000E+00  0.00000000E+00  1.15987061E-06  0.00000000E+00  0.00000000E+00  0.00000000E+00  0.00000000E+00  0.00000000E+00  0.00000000E+00
    5100  1.70589236E-06  0.00000000E+00  0.00000000E+00  0.00000000E+00  1.70589236E-06  0.00000000E+00  0.00000000E+00  0.00000000E+00  0.00000000E+00  0.00000000E+00  0.00000000E+00
    5150  2.25069508E-06  0.00000000E+00  0.00000000E+00  0.00000000E+00  2.25069508E-06  0.00000000E+00  0.00000000E+00  0.00000000E+00  0.00000000E+00  0.00000000E+00  0.00000000E+00
    5200  8.34060728E-07  0.00000000E+00  0.00000000E+00  0.00000000E+00  8.34060728E-07  0.00000000E+00  0.00000000E+00  0.00000000E+00  0.00000000E+00  0.00000000E+00  0.00000000E+00
    5250  2.02198724E-06  0.00000000E+00  0.00000000E+00  0.00000000E+00  2.02198724E-06  0.00000000E+00  0.00000000E+00  0.00000000E+00  0.00000000E+00  0.00000000E+00  0.00000000E+00
    5300  1.45158646E-06  0.00000000E+00  0.00000000E+00  0.00000000E+00  1.45158646E-06  0.00000000E+00  0.00000000E+00  0.00000000E+00  0.00000000E+00  0.00000000E+00  0.00000000E+00
    5350  2.19347245E-06  0.00000000E+00  0.00000000E+00  0.00000000E+00  2.19347245E-06  0.00000000E+00  0.00000000E+00  0.00000000E+00  0.00000000E+00  0.00000000E+00  0.00000000E+00
    5400  6.45033828E-07  0.00000000E+00  0.00000000E+00  0.00000000E+00  6.45033828E-07  0.00000000E+00  0.00000000E+00  0.00000000E+00  0.00000000E+00  0.00000000E+00  0.00000000E+00
    5450  6.40479663E-07  0.00000000E+00  0.00000000E+00  0.00000000E+00  6.40479663E-07  0.00000000E+00  0.00000000E+00  0.00000000E+00  0.00000000E+00  0.00000000E+00  0.00000000E+00
    5500  1.26480064E-06  0.00000000E+00  0.00000000E+00  0.00000000E+00  1.26480064E-06  0.00000000E+00  0.00000000E+00  0.00000000E+00  0.00000000E+00  0.00000000E+00  0.00000000E+00
    5550  1.89905171E-06  0.00000000E+00  0.00000000E+00  0.00000000E+00  1.89905171E-06  0.00000000E+00  0.00000000E+00  0.00000000E+00  0.00000000E+00  0.00000000E+00  0.00000000E+00
    5600  1.20885076E-06  0.00000000E+00  0.00000000E+00  0.00000000E+00  1.20885076E-06  0.00000000E+00  0.00000000E+00  0.00000000E+00  0.00000000E+00  0.00000000E+00  0.00000000E+00
    5650  1.01875006E-05  0.00000000E+00  0.00000000E+00  0.00000000E+00  1.01875006E-05  0.00000000E+00  0.00000000E+00  0.00000000E+00  0.00000000E+00  0.00000000E+00  0.00000000E+00
    5700  4.57709580E-06  0.00000000E+00  0.00000000E+00  0.00000000E+00  4.57709580E-06  0.00000000E+00  0.00000000E+00  0.00000000E+00  0.00000000E+00  0.00000000E+00  0.00000000E+00
    5750  2.04773396E-06  0.00000000E+00  0.00000000E+00  0.00000000E+00  2.04773396E-06  0.00000000E+00  0.00000000E+00  0.00000000E+00  0.00000000E+00  0.00000000E+00  0.00000000E+00
    5800  1.93769079E-06  0.00000000E+00  0.00000000E+00  0.00000000E+00  1.93769079E-06  0.00000000E+00  0.00000000E+00  0.00000000E+00  0.00000000E+00  0.00000000E+00  0.00000000E+00
    5850  5.37715080E-06  0.00000000E+00  0.00000000E+00  0.00000000E+00  5.37715080E-06  0.00000000E+00  0.00000000E+00  0.00000000E+00  0.00000000E+00  0.00000000E+00  0.00000000E+00
    5900  8.65708907E-07  0.00000000E+00  0.00000000E+00  0.00000000E+00  8.65708907E-07  0.00000000E+00  0.00000000E+00  0.00000000E+00  0.00000000E+00  0.00000000E+00  0.00000000E+00
    5950  1.28591648E-06  0.00000000E+00  0.00000000E+00  0.00000000E+00  1.28591648E-06  0.00000000E+00  0.00000000E+00  0.00000000E+00  0.00000000E+00  0.00000000E+00  0.00000000E+00
    6000  1.49139909E-06  0.00000000E+00  0.00000000E+00  0.00000000E+00  1.49139909E-06  0.00000000E+00  0.00000000E+00  0.00000000E+00  0.00000000E+00  0.00000000E+00  0.00000000E+00
    6050  1.20586915E-06  0.00000000E+00  0.00000000E+00  0.00000000E+00  1.20586915E-06  0.00000000E+00  0.00000000E+00  0.00000000E+00  0.00000000E+00  0.00000000E+00  0.00000000E+00
    6100  1.59532600E-06  0.00000000E+00  0.00000000E+00  0.00000000E+00  1.59532600E-06  0.00000000E+00  0.00000000E+00  0.00000000E+00  0.00000000E+00  0.00000000E+00  0.00000000E+00
    6150  6.35700146E-07  0.00000000E+00  0.00000000E+00  0.00000000E+00  6.35700146E-07  0.00000000E+00  0.00000000E+00  0.00000000E+00  0.00000000E+00  0.00000000E+00  0.00000000E+00
    6200  2.55774557E-06  0.00000000E+00  0.00000000E+00  0.00000000E+00  2.55774557E-06  0.00000000E+00  0.00000000E+00  0.00000000E+00  0.00000000E+00  0.00000000E+00  0.00000000E+00
    6250  2.97583235E-06  0.00000000E+00  0.00000000E+00  0.00000000E+00  2.97583235E-06  0.00000000E+00  0.00000000E+00  0.00000000E+00  0.00000000E+00  0.00000000E+00  0.00000000E+00
    6300  7.58982566E-07  0.00000000E+00  0.00000000E+00  0.00000000E+00  7.58982566E-07  0.00000000E+00  0.00000000E+00  0.00000000E+00  0.00000000E+00  0.00000000E+00  0.00000000E+00
    6350  1.32567863E-06  0.00000000E+00  0.00000000E+00  0.00000000E+00  1.32567863E-06  0.00000000E+00  0.00000000E+00  0.00000000E+00  0.00000000E+00  0.00000000E+00  0.00000000E+00
    6400  2.18701476E-06  0.00000000E+00  0.00000000E+00  0.00000000E+00  2.18701476E-06  0.00000000E+00  0.00000000E+00  0.00000000E+00  0.00000000E+00  0.00000000E+00  0.00000000E+00
    6450  1.42172094E-06  0.00000000E+00  0.00000000E+00  0.00000000E+00  1.42172094E-06  0.00000000E+00  0.00000000E+00  0.00000000E+00  0.00000000E+00  0.00000000E+00  0.00000000E+00
    6500  1.93690997E-06  0.00000000E+00  0.00000000E+00  0.00000000E+00  1.93690997E-06  0.00000000E+00  0.00000000E+00  0.00000000E+00  0.00000000E+00  0.00000000E+00  0.00000000E+00
    6550  2.32854547E-06  0.00000000E+00  0.00000000E+00  0.00000000E+00  2.32854547E-06  0.00000000E+00  0.00000000E+00  0.00000000E+00  0.00000000E+00  0.00000000E+00  0.00000000E+00
    6600  1.49784999E-06  0.00000000E+00  0.00000000E+00  0.00000000E+00  1.49784999E-06  0.00000000E+00  0.00000000E+00  0.00000000E+00  0.00000000E+00  0.00000000E+00  0.00000000E+00
    6650  3.37091002E-06  0.00000000E+00  0.00000000E+00  0.00000000E+00  3.37091002E-06  0.00000000E+00  0.00000000E+00  0.00000000E+00  0.00000000E+00  0.00000000E+00  0.00000000E+00
    6700  1.63120743E-06  0.00000000E+00  0.00000000E+00  0.00000000E+00  1.63120743E-06  0.00000000E+00  0.00000000E+00  0.00000000E+00  0.00000000E+00  0.00000000E+00  0.00000000E+00
    6750  4.27520452E-06  0.00000000E+00  0.00000000E+00  0.00000000E+00  4.27520452E-06  0.00000000E+00  0.00000000E+00  0.00000000E+00  0.00000000E+00  0.00000000E+00  0.00000000E+00
    6800  3.69644590E-06  0.00000000E+00  0.00000000E+00  0.00000000E+00  3.69644590E-06  0.00000000E+00  0.00000000E+00  0.00000000E+00  0.00000000E+00  0.00000000E+00  0.00000000E+00
    6850  1.32018743E-07  0.00000000E+00  0.00000000E+00  0.00000000E+00  1.32018743E-07  0.00000000E+00  0.00000000E+00  0.00000000E+00  0.00000000E+00  0.00000000E+00  0.00000000E+00
    6900  2.77141227E-06  0.00000000E+00  0.00000000E+00  0.00000000E+00  2.77141227E-06  0.00000000E+00  0.00000000E+00  0.00000000E+00  0.00000000E+00  0.00000000E+00  0.00000000E+00
    6950  2.30031138E-06  0.00000000E+00  0.00000000E+00  0.00000000E+00  2.30031138E-06  0.00000000E+00  0.00000000E+00  0.00000000E+00  0.00000000E+00  0.00000000E+00  0.00000000E+00
    7000  1.85557413E-06  0.00000000E+00  0.00000000E+00  0.00000000E+00  1.85557413E-06  0.00000000E+00  0.00000000E+00  0.00000000E+00  0.00000000E+00  0.00000000E+00  0.00000000E+00
    7050  6.08161180E-07  0.00000000E+00  0.00000000E+00  0.00000000E+00  6.08161180E-07  0.00000000E+00  0.00000000E+00  0.00000000E+00  0.00000000E+00  0.00000000E+00  0.00000000E+00
    7100  5.09655343E-07  0.00000000E+00  0.00000000E+00  0.00000000E+00  5.09655343E-07  0.00000000E+00  0.00000000E+00  0.00000000E+00  0.00000000E+00  0.00000000E+00  0.00000000E+00
    7150  9.98888612E-07  0.00000000E+00  0.00000000E+00  0.00000000E+00  9.98888612E-07  0.00000000E+00  0.00000000E+00  0.00000000E+00  0.00000000E+00  0.00000000E+00  0.00000000E+00
    7200  1.89078780E-06  0.00000000E+00  0.00000000E+00  0.00000000E+00  1.89078780E-06  0.00000000E+00  0.00000000E+00  0.00000000E+00  0.00000000E+00  0.00000000E+00  0.00000000E+00
    7250  8.86645684E-07  0.00000000E+00  0.00000000E+00  0.00000000E+00  8.86645684E-07  0.00000000E+00  0.00000000E+00  0.00000000E+00  0.00000000E+00  0.00000000E+00  0.00000000E+00
    7300  1.89010497E-06  0.00000000E+00  0.00000000E+00  0.00000000E+00  1.89010497E-06  0.00000000E+00  0.00000000E+00  0.00000000E+00  0.00000000E+00  0.00000000E+00  0.00000000E+00
    7350  4.84171356E-07  0.00000000E+00  0.00000000E+00  0.00000000E+00  4.84171356E-07  0.00000000E+00  0.00000000E+00  0.00000000E+00  0.00000000E+00  0.00000000E+00  0.00000000E+00
    7400  5.56478815E-07  0.00000000E+00  0.00000000E+00  0.00000000E+00  5.56478815E-07  0.00000000E+00  0.00000000E+00  0.00000000E+00  0.00000000E+00  0.00000000E+00  0.00000000E+00
    7450  1.73540608E-06  0.00000000E+00  0.00000000E+00  0.00000000E+00  1.73540608E-06  0.00000000E+00  0.00000000E+00  0.00000000E+00  0.00000000E+00  0.00000000E+00  0.00000000E+00
    7500  7.31923816E-07  0.00000000E+00  0.00000000E+00  0.00000000E+00  7.31923816E-07  0.00000000E+00  0.00000000E+00  0.00000000E+00  0.00000000E+00  0.00000000E+00  0.00000000E+00
    7550  2.12269771E-06  0.00000000E+00  0.00000000E+00  0.00000000E+00  2.12269771E-06  0.00000000E+00  0.00000000E+00  0.00000000E+00  0.00000000E+00  0.00000000E+00  0.00000000E+00
    7600  1.97270565E-06  0.00000000E+00  0.00000000E+00  0.00000000E+00  1.97270565E-06  0.00000000E+00  0.00000000E+00  0.00000000E+00  0.00000000E+00  0.00000000E+00  0.00000000E+00
    7650  2.99016397E-06  0.00000000E+00  0.00000000E+00  0.00000000E+00  2.99016397E-06  0.00000000E+00  0.00000000E+00  0.00000000E+00  0.00000000E+00  0.00000000E+00  0.00000000E+00
    7700  1.12252536E-06  0.00000000E+00  0.00000000E+00  0.00000000E+00  1.12252536E-06  0.00000000E+00  0.00000000E+00  0.00000000E+00  0.00000000E+00  0.00000000E+00  0.00000000E+00
    7750  6.24053271E-06  0.00000000E+00  0.00000000E+00  0.00000000E+00  6.24053271E-06  0.00000000E+00  0.00000000E+00  0.00000000E+00  0.00000000E+00  0.00000000E+00  0.00000000E+00
    7800  3.47638504E-06  0.00000000E+00  0.00000000E+00  0.00000000E+00  3.47638504E-06  0.00000000E+00  0.00000000E+00  0.00000000E+00  0.00000000E+00  0.00000000E+00  0.00000000E+00
    7850  8.88327848E-07  0.00000000E+00  0.00000000E+00  0.00000000E+00  8.88327848E-07  0.00000000E+00  0.00000000E+00  0.00000000E+00  0.00000000E+00  0.00000000E+00  0.00000000E+00
    7900  2.14260759E-06  0.00000000E+00  0.00000000E+00  0.00000000E+00  2.14260759E-06  0.00000000E+00  0.00000000E+00  0.00000000E+00  0.00000000E+00  0.00000000E+00  0.00000000E+00
    7950  8.22350384E-07  0.00000000E+00  0.00000000E+00  0.00000000E+00  8.22350384E-07  0.00000000E+00  0.00000000E+00  0.00000000E+00  0.00000000E+00  0.00000000E+00  0.00000000E+00
    8000  9.90645586E-07  0.00000000E+00  0.00000000E+00  0.00000000E+00  9.90645586E-07  0.00000000E+00  0.00000000E+00  0.00000000E+00  0.00000000E+00  0.00000000E+00  0.00000000E+00
    8050  3.09608138E-06  0.00000000E+00  0.00000000E+00  0.00000000E+00  3.09608138E-06  0.00000000E+00  0.00000000E+00  0.00000000E+00  0.00000000E+00  0.00000000E+00  0.00000000E+00
    8100  8.52379986E-07  0.00000000E+00  0.00000000E+00  0.00000000E+00  8.52379986E-07  0.00000000E+00  0.00000000E+00  0.00000000E+00  0.00000000E+00  0.00000000E+00  0.00000000E+00
    8150  2.67706077E-06  0.00000000E+00  0.00000000E+00  0.00000000E+00  2.67706077E-06  0.00000000E+00  0.00000000E+00  0.00000000E+00  0.00000000E+00  0.00000000E+00  0.00000000E+00
    8200  1.38670681E-06  0.00000000E+00  0.00000000E+00  0.00000000E+00  1.38670681E-06  0.00000000E+00  0.00000000E+00  0.00000000E+00  0.00000000E+00  0.00000000E+00  0.00000000E+00
    8250  7.18791685E-07  0.00000000E+00  0.00000000E+00  0.00000000E+00  7.18791685E-07  0.00000000E+00  0.00000000E+00  0.00000000E+00  0.00000000E+00  0.00000000E+00  0.00000000E+00
    8300  2.65091336E-07  0.00000000E+00  0.00000000E+00  0.00000000E+00  2.65091336E-07  0.00000000E+00  0.00000000E+00  0.00000000E+00  0.00000000E+00  0.00000000E+00  0.00000000E+00
    8350  1.22556986E-06  0.00000000E+00  0.00000000E+00  0.00000000E+00  1.22556986E-06  0.00000000E+00  0.00000000E+00  0.00000000E+00  0.00000000E+00  0.00000000E+00  0.00000000E+00
    8400  1.23491364E-06  0.00000000E+00  0.00000000E+00  0.00000000E+00  1.23491364E-06  0.00000000E+00  0.00000000E+00  0.00000000E+00  0.00000000E+00  0.00000000E+00  0.00000000E+00
    8450  1.09127948E-06  0.00000000E+00  0.00000000E+00  0.00000000E+00  1.09127948E-06  0.00000000E+00  0.00000000E+00  0.00000000E+00  0.00000000E+00  0.00000000E+00  0.00000000E+00
    8500  1.39131669E-06  0.00000000E+00  0.00000000E+00  0.00000000E+00  1.39131669E-06  0.00000000E+00  0.00000000E+00  0.00000000E+00  0.00000000E+00  0.00000000E+00  0.00000000E+00
    8550  3.00544907E-06  0.00000000E+00  0.00000000E+00  0.00000000E+00  3.00544907E-06  0.00000000E+00  0.00000000E+00  0.00000000E+00  0.00000000E+00  0.00000000E+00  0.00000000E+00
    8600  2.37705335E-06  0.00000000E+00  0.00000000E+00  0.00000000E+00  2.37705335E-06  0.00000000E+00  0.00000000E+00  0.00000000E+00  0.00000000E+00  0.00000000E+00  0.00000000E+00
    8650  5.43928508E-07  0.00000000E+00  0.00000000E+00  0.00000000E+00  5.43928508E-07  0.00000000E+00  0.00000000E+00  0.00000000E+00  0.00000000E+00  0.00000000E+00  0.00000000E+00
    8700  1.37613224E-06  0.00000000E+00  0.00000000E+00  0.00000000E+00  1.37613224E-06  0.00000000E+00  0.00000000E+00  0.00000000E+00  0.00000000E+00  0.00000000E+00  0.00000000E+00
    8750  1.23818269E-06  0.00000000E+00  0.00000000E+00  0.00000000E+00  1.23818269E-06  0.00000000E+00  0.00000000E+00  0.00000000E+00  0.00000000E+00  0.00000000E+00  0.00000000E+00
    8800  7.12939250E-07  0.00000000E+00  0.00000000E+00  0.00000000E+00  7.12939250E-07  0.00000000E+00  0.00000000E+00  0.00000000E+00  0.00000000E+00  0.00000000E+00  0.00000000E+00
    8850  3.70873454E-07  0.00000000E+00  0.00000000E+00  0.00000000E+00  3.70873454E-07  0.00000000E+00  0.00000000E+00  0.00000000E+00  0.00000000E+00  0.00000000E+00  0.00000000E+00
    8900  1.13714769E-06  0.00000000E+00  0.00000000E+00  0.00000000E+00  1.13714769E-06  0.00000000E+00  0.00000000E+00  0.00000000E+00  0.00000000E+00  0.00000000E+00  0.00000000E+00
    8950  1.68934139E-06  0.00000000E+00  0.00000000E+00  0.00000000E+00  1.68934139E-06  0.00000000E+00  0.00000000E+00  0.00000000E+00  0.00000000E+00  0.00000000E+00  0.00000000E+00
    9000  9.76574472E-07  0.00000000E+00  0.00000000E+00  0.00000000E+00  9.76574472E-07  0.00000000E+00  0.00000000E+00  0.00000000E+00  0.00000000E+00  0.00000000E+00  0.00000000E+00
    9050  2.33781342E-06  0.00000000E+00  0.00000000E+00  0.00000000E+00  2.33781342E-06  0.00000000E+00  0.00000000E+00  0.00000000E+00  0.00000000E+00  0.00000000E+00  0.00000000E+00
    9100  1.26245636E-06  0.00000000E+00  0.00000000E+00  0.00000000E+00  1.26245636E-06  0.00000000E+00  0.00000000E+00  0.00000000E+00  0.00000000E+00  0.00000000E+00  0.00000000E+00
    9150  3.48130960E-06  0.00000000E+00  0.00000000E+00  0.00000000E+00  3.48130960E-06  0.00000000E+00  0.00000000E+00  0.00000000E+00  0.00000000E+00  0.00000000E+00  0.00000000E+00
    9200  8.77598700E-07  0.00000000E+00  0.00000000E+00  0.00000000E+00  8.77598700E-07  0.00000000E+00  0.00000000E+00  0.00000000E+00  0.00000000E+00  0.00000000E+00  0.00000000E+00
    9250  9.88097330E-07  0.00000000E+00  0.00000000E+00  0.00000000E+00  9.88097330E-07  0.00000000E+00  0.00000000E+00  0.00000000E+00  0.00000000E+00  0.00000000E+00  0.00000000E+00
    9300  3.97275556E-06  0.00000000E+00  0.00000000E+00  0.00000000E+00  3.97275556E-06  0.00000000E+00  0.00000000E+00  0.00000000E+00  0.00000000E+00  0.00000000E+00  0.00000000E+00
    9350  3.00934343E-06  0.00000000E+00  0.00000000E+00  0.00000000E+00  3.00934343E-06  0.00000000E+00  0.00000000E+00  0.00000000E+00  0.00000000E+00  0.00000000E+00  0.00000000E+00
    9400  1.88911870E-07  0.00000000E+00  0.00000000E+00  0.00000000E+00  1.88911870E-07  0.00000000E+00  0.00000000E+00  0.00000000E+00  0.00000000E+00  0.00000000E+00  0.00000000E+00
    9450  8.96442325E-07  0.00000000E+00  0.00000000E+00  0.00000000E+00  8.96442325E-07  0.00000000E+00  0.00000000E+00  0.00000000E+00  0.00000000E+00  0.00000000E+00  0.00000000E+00
    9500  8.72092469E-07  0.00000000E+00  0.00000000E+00  0.00000000E+00  8.72092469E-07  0.00000000E+00  0.00000000E+00  0.00000000E+00  0.00000000E+00  0.00000000E+00  0.00000000E+00
    9550  3.57196799E-06  0.00000000E+00  0.00000000E+00  0.00000000E+00  3.57196799E-06  0.00000000E+00  0.00000000E+00  0.00000000E+00  0.00000000E+00  0.00000000E+00  0.00000000E+00
    9600  2.27657782E-06  0.00000000E+00  0.00000000E+00  0.00000000E+00  2.27657782E-06  0.00000000E+00  0.00000000E+00  0.00000000E+00  0.00000000E+00  0.00000000E+00  0.00000000E+00
    9650  5.86412877E-07  0.00000000E+00  0.00000000E+00  0.00000000E+00  5.86412877E-07  0.00000000E+00  0.00000000E+00  0.00000000E+00  0.00000000E+00  0.00000000E+00  0.00000000E+00
    9700  4.56867473E-06  0.00000000E+00  0.00000000E+00  0.00000000E+00  4.56867473E-06  0.00000000E+00  0.00000000E+00  0.00000000E+00  0.00000000E+00  0.00000000E+00  0.00000000E+00
    9750  1.84353496E-06  0.00000000E+00  0.00000000E+00  0.00000000E+00  1.84353496E-06  0.00000000E+00  0.00000000E+00  0.00000000E+00  0.00000000E+00  0.00000000E+00  0.00000000E+00
    9800  1.57047420E-06  0.00000000E+00  0.00000000E+00  0.00000000E+00  1.57047420E-06  0.00000000E+00  0.00000000E+00  0.00000000E+00  0.00000000E+00  0.00000000E+00  0.00000000E+00
    9850  2.44148369E-06  0.00000000E+00  0.00000000E+00  0.00000000E+00  2.44148369E-06  0.00000000E+00  0.00000000E+00  0.00000000E+00  0.00000000E+00  0.00000000E+00  0.00000000E+00
    9900  1.10427614E-06  0.00000000E+00  0.00000000E+00  0.00000000E+00  1.10427614E-06  0.00000000E+00  0.00000000E+00  0.00000000E+00  0.00000000E+00  0.00000000E+00  0.00000000E+00
    9950  4.18377663E-06  0.00000000E+00  0.00000000E+00  0.00000000E+00  4.18377663E-06  0.00000000E+00  0.00000000E+00  0.00000000E+00  0.00000000E+00  0.00000000E+00  0.00000000E+00
