   #Iter             Tot             Exc             Ani              DM              PD           BiqDM              BQ             Dip          Zeeman             LSF            Chir
       0 -3.99725215E+00  0.00000000E+00  0.00000000E+00  0.00000000E+00 -3.99725215E+00  0.00000000E+00  0.00000000E+00  0.00000000E+00  0.00000000E+00  0.00000000E+00  0.00000000E+00
      50 -3.99753740E+00  0.00000000E+00  0.00000000E+00  0.00000000E+00 -3.99753740E+00  0.00000000E+00  0.00000000E+00  0.00000000E+00  0.00000000E+00  0.00000000E+00  0.00000000E+00
     100 -3.99764939E+00  0.00000000E+00  0.00000000E+00  0.00000000E+00 -3.99764939E+00  0.00000000E+00  0.00000000E+00  0.00000000E+00  0.00000000E+00  0.00000000E+00  0.00000000E+00
     150 -3.99766421E+00  0.00000000E+00  0.00000000E+00  0.00000000E+00 -3.99766421E+00  0.00000000E+00  0.00000000E+00  0.00000000E+00  0.00000000E+00  0.00000000E+00  0.00000000E+00
     200 -3.99747111E+00  0.00000000E+00  0.00000000E+00  0.00000000E+00 -3.99747111E+00  0.00000000E+00  0.00000000E+00  0.00000000E+00  0.00000000E+00  0.00000000E+00  0.00000000E+00
     250 -3.99710240E+00  0.00000000E+00  0.00000000E+00  0.00000000E+00 -3.99710240E+00  0.00000000E+00  0.00000000E+00  0.00000000E+00  0.00000000E+00  0.00000000E+00  0.00000000E+00
     300 -3.99740171E+00  0.00000000E+00  0.00000000E+00  0.00000000E+00 -3.99740171E+00  0.00000000E+00  0.00000000E+00  0.00000000E+00  0.00000000E+00  0.00000000E+00  0.00000000E+00
     350 -3.99741269E+00  0.00000000E+00  0.00000000E+00  0.00000000E+00 -3.99741269E+00  0.00000000E+00  0.00000000E+00  0.00000000E+00  0.00000000E+00  0.00000000E+00  0.00000000E+00
     400 -3.99721759E+00  0.00000000E+00  0.00000000E+00  0.00000000E+00 -3.99721759E+00  0.00000000E+00  0.00000000E+00  0.00000000E+00  0.00000000E+00  0.00000000E+00  0.00000000E+00
     450 -3.99751892E+00  0.00000000E+00  0.00000000E+00  0.00000000E+00 -3.99751892E+00  0.00000000E+00  0.00000000E+00  0.00000000E+00  0.00000000E+00  0.00000000E+00  0.00000000E+00
     500 -3.99749719E+00  0.00000000E+00  0.00000000E+00  0.00000000E+00 -3.99749719E+00  0.00000000E+00  0.00000000E+00  0.00000000E+00  0.00000000E+00  0.00000000E+00  0.00000000E+00
     550 -3.99738880E+00  0.00000000E+00  0.00000000E+00  0.00000000E+00 -3.99738880E+00  0.00000000E+00  0.00000000E+00  0.00000000E+00  0.00000000E+00  0.00000000E+00  0.00000000E+00
     600 -3.99758926E+00  0.00000000E+00  0.00000000E+00  0.00000000E+00 -3.99758926E+00  0.00000000E+00  0.00000000E+00  0.00000000E+00  0.00000000E+00  0.00000000E+00  0.00000000E+00
     650 -3.99750813E+00  0.00000000E+00  0.00000000E+00  0.00000000E+00 -3.99750813E+00  0.00000000E+00  0.00000000E+00  0.00000000E+00  0.00000000E+00  0.00000000E+00  0.00000000E+00
     700 -3.99741684E+00  0.00000000E+00  0.00000000E+00  0.00000000E+00 -3.99741684E+00  0.00000000E+00  0.00000000E+00  0.00000000E+00  0.00000000E+00  0.00000000E+00  0.00000000E+00
     750 -3.99763911E+00  0.00000000E+00  0.00000000E+00  0.00000000E+00 -3.99763911E+00  0.00000000E+00  0.00000000E+00  0.00000000E+00  0.00000000E+00  0.00000000E+00  0.00000000E+00
     800 -3.99711984E+00  0.00000000E+00  0.00000000E+00  0.00000000E+00 -3.99711984E+00  0.00000000E+00  0.00000000E+00  0.00000000E+00  0.00000000E+00  0.00000000E+00  0.00000000E+00
     850 -3.99752791E+00  0.00000000E+00  0.00000000E+00  0.00000000E+00 -3.99752791E+00  0.00000000E+00  0.00000000E+00  0.00000000E+00  0.00000000E+00  0.00000000E+00  0.00000000E+00
     900 -3.99765625E+00  0.00000000E+00  0.00000000E+00  0.00000000E+00 -3.99765625E+00  0.00000000E+00  0.00000000E+00  0.00000000E+00  0.00000000E+00  0.00000000E+00  0.00000000E+00
     950 -3.99762793E+00  0.00000000E+00  0.00000000E+00  0.00000000E+00 -3.99762793E+00  0.00000000E+00  0.00000000E+00  0.00000000E+00  0.00000000E+00  0.00000000E+00  0.00000000E+00
    1000 -3.99746927E+00  0.00000000E+00  0.00000000E+00  0.00000000E+00 -3.99746927E+00  0.00000000E+00  0.00000000E+00  0.00000000E+00  0.00000000E+00  0.00000000E+00  0.00000000E+00
    1050 -3.99737761E+00  0.00000000E+00  0.00000000E+00  0.00000000E+00 -3.99737761E+00  0.00000000E+00  0.00000000E+00  0.00000000E+00  0.00000000E+00  0.00000000E+00  0.00000000E+00
    1100 -3.99732178E+00  0.00000000E+00  0.00000000E+00  0.00000000E+00 -3.99732178E+00  0.00000000E+00  0.00000000E+00  0.00000000E+00  0.00000000E+00  0.00000000E+00  0.00000000E+00
    1150 -3.99748034E+00  0.00000000E+00  0.00000000E+00  0.00000000E+00 -3.99748034E+00  0.00000000E+00  0.00000000E+00  0.00000000E+00  0.00000000E+00  0.00000000E+00  0.00000000E+00
    1200 -3.99737918E+00  0.00000000E+00  0.00000000E+00  0.00000000E+00 -3.99737918E+00  0.00000000E+00  0.00000000E+00  0.00000000E+00  0.00000000E+00  0.00000000E+00  0.00000000E+00
    1250 -3.99759719E+00  0.00000000E+00  0.00000000E+00  0.00000000E+00 -3.99759719E+00  0.00000000E+00  0.00000000E+00  0.00000000E+00  0.00000000E+00  0.00000000E+00  0.00000000E+00
    1300 -3.99721878E+00  0.00000000E+00  0.00000000E+00  0.00000000E+00 -3.99721878E+00  0.00000000E+00  0.00000000E+00  0.00000000E+00  0.00000000E+00  0.00000000E+00  0.00000000E+00
    1350 -3.99745038E+00  0.00000000E+00  0.00000000E+00  0.00000000E+00 -3.99745038E+00  0.00000000E+00  0.00000000E+00  0.00000000E+00  0.00000000E+00  0.00000000E+00  0.00000000E+00
    1400 -3.99731556E+00  0.00000000E+00  0.00000000E+00  0.00000000E+00 -3.99731556E+00  0.00000000E+00  0.00000000E+00  0.00000000E+00  0.00000000E+00  0.00000000E+00  0.00000000E+00
    1450 -3.99753847E+00  0.00000000E+00  0.00000000E+00  0.00000000E+00 -3.99753847E+00  0.00000000E+00  0.00000000E+00  0.00000000E+00  0.00000000E+00  0.00000000E+00  0.00000000E+00
    1500 -3.99745346E+00  0.00000000E+00  0.00000000E+00  0.00000000E+00 -3.99745346E+00  0.00000000E+00  0.00000000E+00  0.00000000E+00  0.00000000E+00  0.00000000E+00  0.00000000E+00
    1550 -3.99748492E+00  0.00000000E+00  0.00000000E+00  0.00000000E+00 -3.99748492E+00  0.00000000E+00  0.00000000E+00  0.00000000E+00  0.00000000E+00  0.00000000E+00  0.00000000E+00
    1600 -3.99751889E+00  0.00000000E+00  0.00000000E+00  0.00000000E+00 -3.99751889E+00  0.00000000E+00  0.00000000E+00  0.00000000E+00  0.00000000E+00  0.00000000E+00  0.00000000E+00
    1650 -3.98936697E+00  0.00000000E+00  0.00000000E+00  0.00000000E+00 -3.98936697E+00  0.00000000E+00  0.00000000E+00  0.00000000E+00  0.00000000E+00  0.00000000E+00  0.00000000E+00
    1700 -3.99733743E+00  0.00000000E+00  0.00000000E+00  0.00000000E+00 -3.99733743E+00  0.00000000E+00  0.00000000E+00  0.00000000E+00  0.00000000E+00  0.00000000E+00  0.00000000E+00
    1750 -3.99746677E+00  0.00000000E+00  0.00000000E+00  0.00000000E+00 -3.99746677E+00  0.00000000E+00  0.00000000E+00  0.00000000E+00  0.00000000E+00  0.00000000E+00  0.00000000E+00
    1800 -3.99749432E+00  0.00000000E+00  0.00000000E+00  0.00000000E+00 -3.99749432E+00  0.00000000E+00  0.00000000E+00  0.00000000E+00  0.00000000E+00  0.00000000E+00  0.00000000E+00
    1850 -3.99769995E+00  0.00000000E+00  0.00000000E+00  0.00000000E+00 -3.99769995E+00  0.00000000E+00  0.00000000E+00  0.00000000E+00  0.00000000E+00  0.00000000E+00  0.00000000E+00
    1900 -3.99752916E+00  0.00000000E+00  0.00000000E+00  0.00000000E+00 -3.99752916E+00  0.00000000E+00  0.00000000E+00  0.00000000E+00  0.00000000E+00  0.00000000E+00  0.00000000E+00
    1950 -3.99749358E+00  0.00000000E+00  0.00000000E+00  0.00000000E+00 -3.99749358E+00  0.00000000E+00  0.00000000E+00  0.00000000E+00  0.00000000E+00  0.00000000E+00  0.00000000E+00
    2000 -3.99767594E+00  0.00000000E+00  0.00000000E+00  0.00000000E+00 -3.99767594E+00  0.00000000E+00  0.00000000E+00  0.00000000E+00  0.00000000E+00  0.00000000E+00  0.00000000E+00
    2050 -3.99750119E+00  0.00000000E+00  0.00000000E+00  0.00000000E+00 -3.99750119E+00  0.00000000E+00  0.00000000E+00  0.00000000E+00  0.00000000E+00  0.00000000E+00  0.00000000E+00
    2100 -3.99762058E+00  0.00000000E+00  0.00000000E+00  0.00000000E+00 -3.99762058E+00  0.00000000E+00  0.00000000E+00  0.00000000E+00  0.00000000E+00  0.00000000E+00  0.00000000E+00
    2150 -3.99759549E+00  0.00000000E+00  0.00000000E+00  0.00000000E+00 -3.99759549E+00  0.00000000E+00  0.00000000E+00  0.00000000E+00  0.00000000E+00  0.00000000E+00  0.00000000E+00
    2200 -3.99736709E+00  0.00000000E+00  0.00000000E+00  0.00000000E+00 -3.99736709E+00  0.00000000E+00  0.00000000E+00  0.00000000E+00  0.00000000E+00  0.00000000E+00  0.00000000E+00
    2250 -3.99734323E+00  0.00000000E+00  0.00000000E+00  0.00000000E+00 -3.99734323E+00  0.00000000E+00  0.00000000E+00  0.00000000E+00  0.00000000E+00  0.00000000E+00  0.00000000E+00
    2300 -3.99761126E+00  0.00000000E+00  0.00000000E+00  0.00000000E+00 -3.99761126E+00  0.00000000E+00  0.00000000E+00  0.00000000E+00  0.00000000E+00  0.00000000E+00  0.00000000E+00
    2350 -3.99743895E+00  0.00000000E+00  0.00000000E+00  0.00000000E+00 -3.99743895E+00  0.00000000E+00  0.00000000E+00  0.00000000E+00  0.00000000E+00  0.00000000E+00  0.00000000E+00
    2400 -3.99747948E+00  0.00000000E+00  0.00000000E+00  0.00000000E+00 -3.99747948E+00  0.00000000E+00  0.00000000E+00  0.00000000E+00  0.00000000E+00  0.00000000E+00  0.00000000E+00
    2450 -3.99761677E+00  0.00000000E+00  0.00000000E+00  0.00000000E+00 -3.99761677E+00  0.00000000E+00  0.00000000E+00  0.00000000E+00  0.00000000E+00  0.00000000E+00  0.00000000E+00
    2500 -3.99749052E+00  0.00000000E+00  0.00000000E+00  0.00000000E+00 -3.99749052E+00  0.00000000E+00  0.00000000E+00  0.00000000E+00  0.00000000E+00  0.00000000E+00  0.00000000E+00
    2550 -3.99748017E+00  0.00000000E+00  0.00000000E+00  0.00000000E+00 -3.99748017E+00  0.00000000E+00  0.00000000E+00  0.00000000E+00  0.00000000E+00  0.00000000E+00  0.00000000E+00
    2600 -3.99737404E+00  0.00000000E+00  0.00000000E+00  0.00000000E+00 -3.99737404E+00  0.00000000E+00  0.00000000E+00  0.00000000E+00  0.00000000E+00  0.00000000E+00  0.00000000E+00
    2650 -3.99742485E+00  0.00000000E+00  0.00000000E+00  0.00000000E+00 -3.99742485E+00  0.00000000E+00  0.00000000E+00  0.00000000E+00  0.00000000E+00  0.00000000E+00  0.00000000E+00
    2700 -3.99730045E+00  0.00000000E+00  0.00000000E+00  0.00000000E+00 -3.99730045E+00  0.00000000E+00  0.00000000E+00  0.00000000E+00  0.00000000E+00  0.00000000E+00  0.00000000E+00
    2750 -3.99738311E+00  0.00000000E+00  0.00000000E+00  0.00000000E+00 -3.99738311E+00  0.00000000E+00  0.00000000E+00  0.00000000E+00  0.00000000E+00  0.00000000E+00  0.00000000E+00
    2800 -3.99725652E+00  0.00000000E+00  0.00000000E+00  0.00000000E+00 -3.99725652E+00  0.00000000E+00  0.00000000E+00  0.00000000E+00  0.00000000E+00  0.00000000E+00  0.00000000E+00
    2850 -3.99745339E+00  0.00000000E+00  0.00000000E+00  0.00000000E+00 -3.99745339E+00  0.00000000E+00  0.00000000E+00  0.00000000E+00  0.00000000E+00  0.00000000E+00  0.00000000E+00
    2900 -3.99735687E+00  0.00000000E+00  0.00000000E+00  0.00000000E+00 -3.99735687E+00  0.00000000E+00  0.00000000E+00  0.00000000E+00  0.00000000E+00  0.00000000E+00  0.00000000E+00
    2950 -3.99750317E+00  0.00000000E+00  0.00000000E+00  0.00000000E+00 -3.99750317E+00  0.00000000E+00  0.00000000E+00  0.00000000E+00  0.00000000E+00  0.00000000E+00  0.00000000E+00
    3000 -3.99754671E+00  0.00000000E+00  0.00000000E+00  0.00000000E+00 -3.99754671E+00  0.00000000E+00  0.00000000E+00  0.00000000E+00  0.00000000E+00  0.00000000E+00  0.00000000E+00
    3050 -3.99731546E+00  0.00000000E+00  0.00000000E+00  0.00000000E+00 -3.99731546E+00  0.00000000E+00  0.00000000E+00  0.00000000E+00  0.00000000E+00  0.00000000E+00  0.00000000E+00
    3100 -3.99766757E+00  0.00000000E+00  0.00000000E+00  0.00000000E+00 -3.99766757E+00  0.00000000E+00  0.00000000E+00  0.00000000E+00  0.00000000E+00  0.00000000E+00  0.00000000E+00
    3150 -3.99750461E+00  0.00000000E+00  0.00000000E+00  0.00000000E+00 -3.99750461E+00  0.00000000E+00  0.00000000E+00  0.00000000E+00  0.00000000E+00  0.00000000E+00  0.00000000E+00
    3200 -3.99711460E+00  0.00000000E+00  0.00000000E+00  0.00000000E+00 -3.99711460E+00  0.00000000E+00  0.00000000E+00  0.00000000E+00  0.00000000E+00  0.00000000E+00  0.00000000E+00
    3250 -3.99763908E+00  0.00000000E+00  0.00000000E+00  0.00000000E+00 -3.99763908E+00  0.00000000E+00  0.00000000E+00  0.00000000E+00  0.00000000E+00  0.00000000E+00  0.00000000E+00
    3300 -3.99747178E+00  0.00000000E+00  0.00000000E+00  0.00000000E+00 -3.99747178E+00  0.00000000E+00  0.00000000E+00  0.00000000E+00  0.00000000E+00  0.00000000E+00  0.00000000E+00
    3350 -3.99750324E+00  0.00000000E+00  0.00000000E+00  0.00000000E+00 -3.99750324E+00  0.00000000E+00  0.00000000E+00  0.00000000E+00  0.00000000E+00  0.00000000E+00  0.00000000E+00
    3400 -3.99742018E+00  0.00000000E+00  0.00000000E+00  0.00000000E+00 -3.99742018E+00  0.00000000E+00  0.00000000E+00  0.00000000E+00  0.00000000E+00  0.00000000E+00  0.00000000E+00
    3450 -3.99757269E+00  0.00000000E+00  0.00000000E+00  0.00000000E+00 -3.99757269E+00  0.00000000E+00  0.00000000E+00  0.00000000E+00  0.00000000E+00  0.00000000E+00  0.00000000E+00
    3500 -3.99757267E+00  0.00000000E+00  0.00000000E+00  0.00000000E+00 -3.99757267E+00  0.00000000E+00  0.00000000E+00  0.00000000E+00  0.00000000E+00  0.00000000E+00  0.00000000E+00
    3550 -3.99738021E+00  0.00000000E+00  0.00000000E+00  0.00000000E+00 -3.99738021E+00  0.00000000E+00  0.00000000E+00  0.00000000E+00  0.00000000E+00  0.00000000E+00  0.00000000E+00
    3600 -3.99724493E+00  0.00000000E+00  0.00000000E+00  0.00000000E+00 -3.99724493E+00  0.00000000E+00  0.00000000E+00  0.00000000E+00  0.00000000E+00  0.00000000E+00  0.00000000E+00
    3650 -3.99753729E+00  0.00000000E+00  0.00000000E+00  0.00000000E+00 -3.99753729E+00  0.00000000E+00  0.00000000E+00  0.00000000E+00  0.00000000E+00  0.00000000E+00  0.00000000E+00
    3700 -3.99748175E+00  0.00000000E+00  0.00000000E+00  0.00000000E+00 -3.99748175E+00  0.00000000E+00  0.00000000E+00  0.00000000E+00  0.00000000E+00  0.00000000E+00  0.00000000E+00
    3750 -3.99737514E+00  0.00000000E+00  0.00000000E+00  0.00000000E+00 -3.99737514E+00  0.00000000E+00  0.00000000E+00  0.00000000E+00  0.00000000E+00  0.00000000E+00  0.00000000E+00
    3800 -3.99750008E+00  0.00000000E+00  0.00000000E+00  0.00000000E+00 -3.99750008E+00  0.00000000E+00  0.00000000E+00  0.00000000E+00  0.00000000E+00  0.00000000E+00  0.00000000E+00
    3850 -3.99723340E+00  0.00000000E+00  0.00000000E+00  0.00000000E+00 -3.99723340E+00  0.00000000E+00  0.00000000E+00  0.00000000E+00  0.00000000E+00  0.00000000E+00  0.00000000E+00
    3900 -3.99744486E+00  0.00000000E+00  0.00000000E+00  0.00000000E+00 -3.99744486E+00  0.00000000E+00  0.00000000E+00  0.00000000E+00  0.00000000E+00  0.00000000E+00  0.00000000E+00
    3950 -3.99766165E+00  0.00000000E+00  0.00000000E+00  0.00000000E+00 -3.99766165E+00  0.00000000E+00  0.00000000E+00  0.00000000E+00  0.00000000E+00  0.00000000E+00  0.00000000E+00
    4000 -3.99751851E+00  0.00000000E+00  0.00000000E+00  0.00000000E+00 -3.99751851E+00  0.00000000E+00  0.00000000E+00  0.00000000E+00  0.00000000E+00  0.00000000E+00  0.00000000E+00
    4050 -3.99732076E+00  0.00000000E+00  0.00000000E+00  0.00000000E+00 -3.99732076E+00  0.00000000E+00  0.00000000E+00  0.00000000E+00  0.00000000E+00  0.00000000E+00  0.00000000E+00
    4100 -3.99777119E+00  0.00000000E+00  0.00000000E+00  0.00000000E+00 -3.99777119E+00  0.00000000E+00  0.00000000E+00  0.00000000E+00  0.00000000E+00  0.00000000E+00  0.00000000E+00
    4150 -3.99731839E+00  0.00000000E+00  0.00000000E+00  0.00000000E+00 -3.99731839E+00  0.00000000E+00  0.00000000E+00  0.00000000E+00  0.00000000E+00  0.00000000E+00  0.00000000E+00
    4200 -3.99757846E+00  0.00000000E+00  0.00000000E+00  0.00000000E+00 -3.99757846E+00  0.00000000E+00  0.00000000E+00  0.00000000E+00  0.00000000E+00  0.00000000E+00  0.00000000E+00
    4250 -3.99766224E+00  0.00000000E+00  0.00000000E+00  0.00000000E+00 -3.99766224E+00  0.00000000E+00  0.00000000E+00  0.00000000E+00  0.00000000E+00  0.00000000E+00  0.00000000E+00
    4300 -3.99753873E+00  0.00000000E+00  0.00000000E+00  0.00000000E+00 -3.99753873E+00  0.00000000E+00  0.00000000E+00  0.00000000E+00  0.00000000E+00  0.00000000E+00  0.00000000E+00
    4350 -3.99742340E+00  0.00000000E+00  0.00000000E+00  0.00000000E+00 -3.99742340E+00  0.00000000E+00  0.00000000E+00  0.00000000E+00  0.00000000E+00  0.00000000E+00  0.00000000E+00
    4400 -3.99730409E+00  0.00000000E+00  0.00000000E+00  0.00000000E+00 -3.99730409E+00  0.00000000E+00  0.00000000E+00  0.00000000E+00  0.00000000E+00  0.00000000E+00  0.00000000E+00
    4450 -3.99751363E+00  0.00000000E+00  0.00000000E+00  0.00000000E+00 -3.99751363E+00  0.00000000E+00  0.00000000E+00  0.00000000E+00  0.00000000E+00  0.00000000E+00  0.00000000E+00
    4500 -3.99731994E+00  0.00000000E+00  0.00000000E+00  0.00000000E+00 -3.99731994E+00  0.00000000E+00  0.00000000E+00  0.00000000E+00  0.00000000E+00  0.00000000E+00  0.00000000E+00
    4550 -3.99740849E+00  0.00000000E+00  0.00000000E+00  0.00000000E+00 -3.99740849E+00  0.00000000E+00  0.00000000E+00  0.00000000E+00  0.00000000E+00  0.00000000E+00  0.00000000E+00
    4600 -3.99743947E+00  0.00000000E+00  0.00000000E+00  0.00000000E+00 -3.99743947E+00  0.00000000E+00  0.00000000E+00  0.00000000E+00  0.00000000E+00  0.00000000E+00  0.00000000E+00
    4650 -3.98961828E+00  0.00000000E+00  0.00000000E+00  0.00000000E+00 -3.98961828E+00  0.00000000E+00  0.00000000E+00  0.00000000E+00  0.00000000E+00  0.00000000E+00  0.00000000E+00
    4700 -3.99760245E+00  0.00000000E+00  0.00000000E+00  0.00000000E+00 -3.99760245E+00  0.00000000E+00  0.00000000E+00  0.00000000E+00  0.00000000E+00  0.00000000E+00  0.00000000E+00
    4750 -3.99753556E+00  0.00000000E+00  0.00000000E+00  0.00000000E+00 -3.99753556E+00  0.00000000E+00  0.00000000E+00  0.00000000E+00  0.00000000E+00  0.00000000E+00  0.00000000E+00
    4800 -3.99764301E+00  0.00000000E+00  0.00000000E+00  0.00000000E+00 -3.99764301E+00  0.00000000E+00  0.00000000E+00  0.00000000E+00  0.00000000E+00  0.00000000E+00  0.00000000E+00
    4850 -3.99740000E+00  0.00000000E+00  0.00000000E+00  0.00000000E+00 -3.99740000E+00  0.00000000E+00  0.00000000E+00  0.00000000E+00  0.00000000E+00  0.00000000E+00  0.00000000E+00
    4900 -3.99740265E+00  0.00000000E+00  0.00000000E+00  0.00000000E+00 -3.99740265E+00  0.00000000E+00  0.00000000E+00  0.00000000E+00  0.00000000E+00  0.00000000E+00  0.00000000E+00
    4950 -3.99748953E+00  0.00000000E+00  0.00000000E+00  0.00000000E+00 -3.99748953E+00  0.00000000E+00  0.00000000E+00  0.00000000E+00  0.00000000E+00  0.00000000E+00  0.00000000E+00
    5000 -3.99742946E+00  0.00000000E+00  0.00000000E+00  0.00000000E+00 -3.99742946E+00  0.00000000E+00  0.00000000E+00  0.00000000E+00  0.00000000E+00  0.00000000E+00  0.00000000E+00
    5050 -3.99734632E+00  0.00000000E+00  0.00000000E+00  0.00000000E+00 -3.99734632E+00  0.00000000E+00  0.00000000E+00  0.00000000E+00  0.00000000E+00  0.00000000E+00  0.00000000E+00
    5100 -3.99743585E+00  0.00000000E+00  0.00000000E+00  0.00000000E+00 -3.99743585E+00  0.00000000E+00  0.00000000E+00  0.00000000E+00  0.00000000E+00  0.00000000E+00  0.00000000E+00
    5150 -3.99733205E+00  0.00000000E+00  0.00000000E+00  0.00000000E+00 -3.99733205E+00  0.00000000E+00  0.00000000E+00  0.00000000E+00  0.00000000E+00  0.00000000E+00  0.00000000E+00
    5200 -3.99747115E+00  0.00000000E+00  0.00000000E+00  0.00000000E+00 -3.99747115E+00  0.00000000E+00  0.00000000E+00  0.00000000E+00  0.00000000E+00  0.00000000E+00  0.00000000E+00
    5250 -3.99749302E+00  0.00000000E+00  0.00000000E+00  0.00000000E+00 -3.99749302E+00  0.00000000E+00  0.00000000E+00  0.00000000E+00  0.00000000E+00  0.00000000E+00  0.00000000E+00
    5300 -3.99753204E+00  0.00000000E+00  0.00000000E+00  0.00000000E+00 -3.99753204E+00  0.00000000E+00  0.00000000E+00  0.00000000E+00  0.00000000E+00  0.00000000E+00  0.00000000E+00
    5350 -3.99730019E+00  0.00000000E+00  0.00000000E+00  0.00000000E+00 -3.99730019E+00  0.00000000E+00  0.00000000E+00  0.00000000E+00  0.00000000E+00  0.00000000E+00  0.00000000E+00
    5400 -3.99745982E+00  0.00000000E+00  0.00000000E+00  0.00000000E+00 -3.99745982E+00  0.00000000E+00  0.00000000E+00  0.00000000E+00  0.00000000E+00  0.00000000E+00  0.00000000E+00
    5450 -3.99743359E+00  0.00000000E+00  0.00000000E+00  0.00000000E+00 -3.99743359E+00  0.00000000E+00  0.00000000E+00  0.00000000E+00  0.00000000E+00  0.00000000E+00  0.00000000E+00
    5500 -3.99734908E+00  0.00000000E+00  0.00000000E+00  0.00000000E+00 -3.99734908E+00  0.00000000E+00  0.00000000E+00  0.00000000E+00  0.00000000E+00  0.00000000E+00  0.00000000E+00
    5550 -3.99746290E+00  0.00000000E+00  0.00000000E+00  0.00000000E+00 -3.99746290E+00  0.00000000E+00  0.00000000E+00  0.00000000E+00  0.00000000E+00  0.00000000E+00  0.00000000E+00
    5600 -3.99733689E+00  0.00000000E+00  0.00000000E+00  0.00000000E+00 -3.99733689E+00  0.00000000E+00  0.00000000E+00  0.00000000E+00  0.00000000E+00  0.00000000E+00  0.00000000E+00
    5650 -3.99731034E+00  0.00000000E+00  0.00000000E+00  0.00000000E+00 -3.99731034E+00  0.00000000E+00  0.00000000E+00  0.00000000E+00  0.00000000E+00  0.00000000E+00  0.00000000E+00
    5700 -3.99732789E+00  0.00000000E+00  0.00000000E+00  0.00000000E+00 -3.99732789E+00  0.00000000E+00  0.00000000E+00  0.00000000E+00  0.00000000E+00  0.00000000E+00  0.00000000E+00
    5750 -3.99725492E+00  0.00000000E+00  0.00000000E+00  0.00000000E+00 -3.99725492E+00  0.00000000E+00  0.00000000E+00  0.00000000E+00  0.00000000E+00  0.00000000E+00  0.00000000E+00
    5800 -3.99735117E+00  0.00000000E+00  0.00000000E+00  0.00000000E+00 -3.99735117E+00  0.00000000E+00  0.00000000E+00  0.00000000E+00  0.00000000E+00  0.00000000E+00  0.00000000E+00
    5850 -3.99760755E+00  0.00000000E+00  0.00000000E+00  0.00000000E+00 -3.99760755E+00  0.00000000E+00  0.00000000E+00  0.00000000E+00  0.00000000E+00  0.00000000E+00  0.00000000E+00
    5900 -3.99741428E+00  0.00000000E+00  0.00000000E+00  0.00000000E+00 -3.99741428E+00  0.00000000E+00  0.00000000E+00  0.00000000E+00  0.00000000E+00  0.00000000E+00  0.00000000E+00
    5950 -3.99747747E+00  0.00000000E+00  0.00000000E+00  0.00000000E+00 -3.99747747E+00  0.00000000E+00  0.00000000E+00  0.00000000E+00  0.00000000E+00  0.00000000E+00  0.00000000E+00
    6000 -3.99763348E+00  0.00000000E+00  0.00000000E+00  0.00000000E+00 -3.99763348E+00  0.00000000E+00  0.00000000E+00  0.00000000E+00  0.00000000E+00  0.00000000E+00  0.00000000E+00
    6050 -3.99729443E+00  0.00000000E+00  0.00000000E+00  0.00000000E+00 -3.99729443E+00  0.00000000E+00  0.00000000E+00  0.00000000E+00  0.00000000E+00  0.00000000E+00  0.00000000E+00
    6100 -3.99759157E+00  0.00000000E+00  0.00000000E+00  0.00000000E+00 -3.99759157E+00  0.00000000E+00  0.00000000E+00  0.00000000E+00  0.00000000E+00  0.00000000E+00  0.00000000E+00
    6150 -3.99752262E+00  0.00000000E+00  0.00000000E+00  0.00000000E+00 -3.99752262E+00  0.00000000E+00  0.00000000E+00  0.00000000E+00  0.00000000E+00  0.00000000E+00  0.00000000E+00
    6200 -3.99741855E+00  0.00000000E+00  0.00000000E+00  0.00000000E+00 -3.99741855E+00  0.00000000E+00  0.00000000E+00  0.00000000E+00  0.00000000E+00  0.00000000E+00  0.00000000E+00
    6250 -3.99739789E+00  0.00000000E+00  0.00000000E+00  0.00000000E+00 -3.99739789E+00  0.00000000E+00  0.00000000E+00  0.00000000E+00  0.00000000E+00  0.00000000E+00  0.00000000E+00
    6300 -3.99745578E+00  0.00000000E+00  0.00000000E+00  0.00000000E+00 -3.99745578E+00  0.00000000E+00  0.00000000E+00  0.00000000E+00  0.00000000E+00  0.00000000E+00  0.00000000E+00
    6350 -3.99735426E+00  0.00000000E+00  0.00000000E+00  0.00000000E+00 -3.99735426E+00  0.00000000E+00  0.00000000E+00  0.00000000E+00  0.00000000E+00  0.00000000E+00  0.00000000E+00
    6400 -3.99740520E+00  0.00000000E+00  0.00000000E+00  0.00000000E+00 -3.99740520E+00  0.00000000E+00  0.00000000E+00  0.00000000E+00  0.00000000E+00  0.00000000E+00  0.00000000E+00
    6450 -3.99771739E+00  0.00000000E+00  0.00000000E+00  0.00000000E+00 -3.99771739E+00  0.00000000E+00  0.00000000E+00  0.00000000E+00  0.00000000E+00  0.00000000E+00  0.00000000E+00
    6500 -3.99740188E+00  0.00000000E+00  0.00000000E+00  0.00000000E+00 -3.99740188E+00  0.00000000E+00  0.00000000E+00  0.00000000E+00  0.00000000E+00  0.00000000E+00  0.00000000E+00
    6550 -3.99744894E+00  0.00000000E+00  0.00000000E+00  0.00000000E+00 -3.99744894E+00  0.00000000E+00  0.00000000E+00  0.00000000E+00  0.00000000E+00  0.00000000E+00  0.00000000E+00
    6600 -3.99758807E+00  0.00000000E+00  0.00000000E+00  0.00000000E+00 -3.99758807E+00  0.00000000E+00  0.00000000E+00  0.00000000E+00  0.00000000E+00  0.00000000E+00  0.00000000E+00
    6650 -3.99739712E+00  0.00000000E+00  0.00000000E+00  0.00000000E+00 -3.99739712E+00  0.00000000E+00  0.00000000E+00  0.00000000E+00  0.00000000E+00  0.00000000E+00  0.00000000E+00
    6700 -3.99739617E+00  0.00000000E+00  0.00000000E+00  0.00000000E+00 -3.99739617E+00  0.00000000E+00  0.00000000E+00  0.00000000E+00  0.00000000E+00  0.00000000E+00  0.00000000E+00
    6750 -3.99756483E+00  0.00000000E+00  0.00000000E+00  0.00000000E+00 -3.99756483E+00  0.00000000E+00  0.00000000E+00  0.00000000E+00  0.00000000E+00  0.00000000E+00  0.00000000E+00
    6800 -3.99762811E+00  0.00000000E+00  0.00000000E+00  0.00000000E+00 -3.99762811E+00  0.00000000E+00  0.00000000E+00  0.00000000E+00  0.00000000E+00  0.00000000E+00  0.00000000E+00
    6850 -3.99763431E+00  0.00000000E+00  0.00000000E+00  0.00000000E+00 -3.99763431E+00  0.00000000E+00  0.00000000E+00  0.00000000E+00  0.00000000E+00  0.00000000E+00  0.00000000E+00
    6900 -3.99710627E+00  0.00000000E+00  0.00000000E+00  0.00000000E+00 -3.99710627E+00  0.00000000E+00  0.00000000E+00  0.00000000E+00  0.00000000E+00  0.00000000E+00  0.00000000E+00
    6950 -3.99723204E+00  0.00000000E+00  0.00000000E+00  0.00000000E+00 -3.99723204E+00  0.00000000E+00  0.00000000E+00  0.00000000E+00  0.00000000E+00  0.00000000E+00  0.00000000E+00
    7000 -3.99737810E+00  0.00000000E+00  0.00000000E+00  0.00000000E+00 -3.99737810E+00  0.00000000E+00  0.00000000E+00  0.00000000E+00  0.00000000E+00  0.00000000E+00  0.00000000E+00
    7050 -3.99754126E+00  0.00000000E+00  0.00000000E+00  0.00000000E+00 -3.99754126E+00  0.00000000E+00  0.00000000E+00  0.00000000E+00  0.00000000E+00  0.00000000E+00  0.00000000E+00
    7100 -3.99739027E+00  0.00000000E+00  0.00000000E+00  0.00000000E+00 -3.99739027E+00  0.00000000E+00  0.00000000E+00  0.00000000E+00  0.00000000E+00  0.00000000E+00  0.00000000E+00
    7150 -3.99768308E+00  0.00000000E+00  0.00000000E+00  0.00000000E+00 -3.99768308E+00  0.00000000E+00  0.00000000E+00  0.00000000E+00  0.00000000E+00  0.00000000E+00  0.00000000E+00
    7200 -3.99766685E+00  0.00000000E+00  0.00000000E+00  0.00000000E+00 -3.99766685E+00  0.00000000E+00  0.00000000E+00  0.00000000E+00  0.00000000E+00  0.00000000E+00  0.00000000E+00
    7250 -3.99753947E+00  0.00000000E+00  0.00000000E+00  0.00000000E+00 -3.99753947E+00  0.00000000E+00  0.00000000E+00  0.00000000E+00  0.00000000E+00  0.00000000E+00  0.00000000E+00
    7300 -3.99748027E+00  0.00000000E+00  0.00000000E+00  0.00000000E+00 -3.99748027E+00  0.00000000E+00  0.00000000E+00  0.00000000E+00  0.00000000E+00  0.00000000E+00  0.00000000E+00
    7350 -3.99761816E+00  0.00000000E+00  0.00000000E+00  0.00000000E+00 -3.99761816E+00  0.00000000E+00  0.00000000E+00  0.00000000E+00  0.00000000E+00  0.00000000E+00  0.00000000E+00
    7400 -3.99739708E+00  0.00000000E+00  0.00000000E+00  0.00000000E+00 -3.99739708E+00  0.00000000E+00  0.00000000E+00  0.00000000E+00  0.00000000E+00  0.00000000E+00  0.00000000E+00
    7450 -3.99740603E+00  0.00000000E+00  0.00000000E+00  0.00000000E+00 -3.99740603E+00  0.00000000E+00  0.00000000E+00  0.00000000E+00  0.00000000E+00  0.00000000E+00  0.00000000E+00
    7500 -3.99744246E+00  0.00000000E+00  0.00000000E+00  0.00000000E+00 -3.99744246E+00  0.00000000E+00  0.00000000E+00  0.00000000E+00  0.00000000E+00  0.00000000E+00  0.00000000E+00
    7550 -3.99743686E+00  0.00000000E+00  0.00000000E+00  0.00000000E+00 -3.99743686E+00  0.00000000E+00  0.00000000E+00  0.00000000E+00  0.00000000E+00  0.00000000E+00  0.00000000E+00
    7600 -3.99742949E+00  0.00000000E+00  0.00000000E+00  0.00000000E+00 -3.99742949E+00  0.00000000E+00  0.00000000E+00  0.00000000E+00  0.00000000E+00  0.00000000E+00  0.00000000E+00
    7650 -3.99745139E+00  0.00000000E+00  0.00000000E+00  0.00000000E+00 -3.99745139E+00  0.00000000E+00  0.00000000E+00  0.00000000E+00  0.00000000E+00  0.00000000E+00  0.00000000E+00
    7700 -3.99778093E+00  0.00000000E+00  0.00000000E+00  0.00000000E+00 -3.99778093E+00  0.00000000E+00  0.00000000E+00  0.00000000E+00  0.00000000E+00  0.00000000E+00  0.00000000E+00
    7750 -3.99732802E+00  0.00000000E+00  0.00000000E+00  0.00000000E+00 -3.99732802E+00  0.00000000E+00  0.00000000E+00  0.00000000E+00  0.00000000E+00  0.00000000E+00  0.00000000E+00
    7800 -3.99734557E+00  0.00000000E+00  0.00000000E+00  0.00000000E+00 -3.99734557E+00  0.00000000E+00  0.00000000E+00  0.00000000E+00  0.00000000E+00  0.00000000E+00  0.00000000E+00
    7850 -3.99746148E+00  0.00000000E+00  0.00000000E+00  0.00000000E+00 -3.99746148E+00  0.00000000E+00  0.00000000E+00  0.00000000E+00  0.00000000E+00  0.00000000E+00  0.00000000E+00
    7900 -3.99722871E+00  0.00000000E+00  0.00000000E+00  0.00000000E+00 -3.99722871E+00  0.00000000E+00  0.00000000E+00  0.00000000E+00  0.00000000E+00  0.00000000E+00  0.00000000E+00
    7950 -3.99765526E+00  0.00000000E+00  0.00000000E+00  0.00000000E+00 -3.99765526E+00  0.00000000E+00  0.00000000E+00  0.00000000E+00  0.00000000E+00  0.00000000E+00  0.00000000E+00
    8000 -3.99727368E+00  0.00000000E+00  0.00000000E+00  0.00000000E+00 -3.99727368E+00  0.00000000E+00  0.00000000E+00  0.00000000E+00  0.00000000E+00  0.00000000E+00  0.00000000E+00
    8050 -3.99745847E+00  0.00000000E+00  0.00000000E+00  0.00000000E+00 -3.99745847E+00  0.00000000E+00  0.00000000E+00  0.00000000E+00  0.00000000E+00  0.00000000E+00  0.00000000E+00
    8100 -3.99757453E+00  0.00000000E+00  0.00000000E+00  0.00000000E+00 -3.99757453E+00  0.00000000E+00  0.00000000E+00  0.00000000E+00  0.00000000E+00  0.00000000E+00  0.00000000E+00
    8150 -3.99745082E+00  0.00000000E+00  0.00000000E+00  0.00000000E+00 -3.99745082E+00  0.00000000E+00  0.00000000E+00  0.00000000E+00  0.00000000E+00  0.00000000E+00  0.00000000E+00
    8200 -3.99757227E+00  0.00000000E+00  0.00000000E+00  0.00000000E+00 -3.99757227E+00  0.00000000E+00  0.00000000E+00  0.00000000E+00  0.00000000E+00  0.00000000E+00  0.00000000E+00
    8250 -3.99744147E+00  0.00000000E+00  0.00000000E+00  0.00000000E+00 -3.99744147E+00  0.00000000E+00  0.00000000E+00  0.00000000E+00  0.00000000E+00  0.00000000E+00  0.00000000E+00
    8300 -3.99741450E+00  0.00000000E+00  0.00000000E+00  0.00000000E+00 -3.99741450E+00  0.00000000E+00  0.00000000E+00  0.00000000E+00  0.00000000E+00  0.00000000E+00  0.00000000E+00
    8350 -3.99731420E+00  0.00000000E+00  0.00000000E+00  0.00000000E+00 -3.99731420E+00  0.00000000E+00  0.00000000E+00  0.00000000E+00  0.00000000E+00  0.00000000E+00  0.00000000E+00
    8400 -3.99750408E+00  0.00000000E+00  0.00000000E+00  0.00000000E+00 -3.99750408E+00  0.00000000E+00  0.00000000E+00  0.00000000E+00  0.00000000E+00  0.00000000E+00  0.00000000E+00
    8450 -3.99763476E+00  0.00000000E+00  0.00000000E+00  0.00000000E+00 -3.99763476E+00  0.00000000E+00  0.00000000E+00  0.00000000E+00  0.00000000E+00  0.00000000E+00  0.00000000E+00
    8500 -3.99740711E+00  0.00000000E+00  0.00000000E+00  0.00000000E+00 -3.99740711E+00  0.00000000E+00  0.00000000E+00  0.00000000E+00  0.00000000E+00  0.00000000E+00  0.00000000E+00
    8550 -3.99758772E+00  0.00000000E+00  0.00000000E+00  0.00000000E+00 -3.99758772E+00  0.00000000E+00  0.00000000E+00  0.00000000E+00  0.00000000E+00  0.00000000E+00  0.00000000E+00
    8600 -3.99715135E+00  0.00000000E+00  0.00000000E+00  0.00000000E+00 -3.99715135E+00  0.00000000E+00  0.00000000E+00  0.00000000E+00  0.00000000E+00  0.00000000E+00  0.00000000E+00
    8650 -3.99755971E+00  0.00000000E+00  0.00000000E+00  0.00000000E+00 -3.99755971E+00  0.00000000E+00  0.00000000E+00  0.00000000E+00  0.00000000E+00  0.00000000E+00  0.00000000E+00
    8700 -3.99731919E+00  0.00000000E+00  0.00000000E+00  0.00000000E+00 -3.99731919E+00  0.00000000E+00  0.00000000E+00  0.00000000E+00  0.00000000E+00  0.00000000E+00  0.00000000E+00
    8750 -3.99733269E+00  0.00000000E+00  0.00000000E+00  0.00000000E+00 -3.99733269E+00  0.00000000E+00  0.00000000E+00  0.00000000E+00  0.00000000E+00  0.00000000E+00  0.00000000E+00
    8800 -3.99751351E+00  0.00000000E+00  0.00000000E+00  0.00000000E+00 -3.99751351E+00  0.00000000E+00  0.00000000E+00  0.00000000E+00  0.00000000E+00  0.00000000E+00  0.00000000E+00
    8850 -3.99722720E+00  0.00000000E+00  0.00000000E+00  0.00000000E+00 -3.99722720E+00  0.00000000E+00  0.00000000E+00  0.00000000E+00  0.00000000E+00  0.00000000E+00  0.00000000E+00
    8900 -3.99749051E+00  0.00000000E+00  0.00000000E+00  0.00000000E+00 -3.99749051E+00  0.00000000E+00  0.00000000E+00  0.00000000E+00  0.00000000E+00  0.00000000E+00  0.00000000E+00
    8950 -3.99745876E+00  0.00000000E+00  0.00000000E+00  0.00000000E+00 -3.99745876E+00  0.00000000E+00  0.00000000E+00  0.00000000E+00  0.00000000E+00  0.00000000E+00  0.00000000E+00
    9000 -3.99757533E+00  0.00000000E+00  0.00000000E+00  0.00000000E+00 -3.99757533E+00  0.00000000E+00  0.00000000E+00  0.00000000E+00  0.00000000E+00  0.00000000E+00  0.00000000E+00
    9050 -3.99743287E+00  0.00000000E+00  0.00000000E+00  0.00000000E+00 -3.99743287E+00  0.00000000E+00  0.00000000E+00  0.00000000E+00  0.00000000E+00  0.00000000E+00  0.00000000E+00
    9100 -3.99750859E+00  0.00000000E+00  0.00000000E+00  0.00000000E+00 -3.99750859E+00  0.00000000E+00  0.00000000E+00  0.00000000E+00  0.00000000E+00  0.00000000E+00  0.00000000E+00
    9150 -3.99735491E+00  0.00000000E+00  0.00000000E+00  0.00000000E+00 -3.99735491E+00  0.00000000E+00  0.00000000E+00  0.00000000E+00  0.00000000E+00  0.00000000E+00  0.00000000E+00
    9200 -3.99755184E+00  0.00000000E+00  0.00000000E+00  0.00000000E+00 -3.99755184E+00  0.00000000E+00  0.00000000E+00  0.00000000E+00  0.00000000E+00  0.00000000E+00  0.00000000E+00
    9250 -3.99728951E+00  0.00000000E+00  0.00000000E+00  0.00000000E+00 -3.99728951E+00  0.00000000E+00  0.00000000E+00  0.00000000E+00  0.00000000E+00  0.00000000E+00  0.00000000E+00
    9300 -3.99764860E+00  0.00000000E+00  0.00000000E+00  0.00000000E+00 -3.99764860E+00  0.00000000E+00  0.00000000E+00  0.00000000E+00  0.00000000E+00  0.00000000E+00  0.00000000E+00
    9350 -3.99747966E+00  0.00000000E+00  0.00000000E+00  0.00000000E+00 -3.99747966E+00  0.00000000E+00  0.00000000E+00  0.00000000E+00  0.00000000E+00  0.00000000E+00  0.00000000E+00
    9400 -3.99736194E+00  0.00000000E+00  0.00000000E+00  0.00000000E+00 -3.99736194E+00  0.00000000E+00  0.00000000E+00  0.00000000E+00  0.00000000E+00  0.00000000E+00  0.00000000E+00
    9450 -3.99746294E+00  0.00000000E+00  0.00000000E+00  0.00000000E+00 -3.99746294E+00  0.00000000E+00  0.00000000E+00  0.00000000E+00  0.00000000E+00  0.00000000E+00  0.00000000E+00
    9500 -3.99745062E+00  0.00000000E+00  0.00000000E+00  0.00000000E+00 -3.99745062E+00  0.00000000E+00  0.00000000E+00  0.00000000E+00  0.00000000E+00  0.00000000E+00  0.00000000E+00
    9550 -3.99742585E+00  0.00000000E+00  0.00000000E+00  0.00000000E+00 -3.99742585E+00  0.00000000E+00  0.00000000E+00  0.00000000E+00  0.00000000E+00  0.00000000E+00  0.00000000E+00
    9600 -3.99755655E+00  0.00000000E+00  0.00000000E+00  0.00000000E+00 -3.99755655E+00  0.00000000E+00  0.00000000E+00  0.00000000E+00  0.00000000E+00  0.00000000E+00  0.00000000E+00
    9650 -3.99737338E+00  0.00000000E+00  0.00000000E+00  0.00000000E+00 -3.99737338E+00  0.00000000E+00  0.00000000E+00  0.00000000E+00  0.00000000E+00  0.00000000E+00  0.00000000E+00
    9700 -3.99739372E+00  0.00000000E+00  0.00000000E+00  0.00000000E+00 -3.99739372E+00  0.00000000E+00  0.00000000E+00  0.00000000E+00  0.00000000E+00  0.00000000E+00  0.00000000E+00
    9750 -3.99750146E+00  0.00000000E+00  0.00000000E+00  0.00000000E+00 -3.99750146E+00  0.00000000E+00  0.00000000E+00  0.00000000E+00  0.00000000E+00  0.00000000E+00  0.00000000E+00
    9800 -3.99742396E+00  0.00000000E+00  0.00000000E+00  0.00000000E+00 -3.99742396E+00  0.00000000E+00  0.00000000E+00  0.00000000E+00  0.00000000E+00  0.00000000E+00  0.00000000E+00
    9850 -3.99752742E+00  0.00000000E+00  0.00000000E+00  0.00000000E+00 -3.99752742E+00  0.00000000E+00  0.00000000E+00  0.00000000E+00  0.00000000E+00  0.00000000E+00  0.00000000E+00
    9900 -3.99751207E+00  0.00000000E+00  0.00000000E+00  0.00000000E+00 -3.99751207E+00  0.00000000E+00  0.00000000E+00  0.00000000E+00  0.00000000E+00  0.00000000E+00  0.00000000E+00
    9950 -3.99747930E+00  0.00000000E+00  0.00000000E+00  0.00000000E+00 -3.99747930E+00  0.00000000E+00  0.00000000E+00  0.00000000E+00  0.00000000E+00  0.00000000E+00  0.00000000E+00
