   #Iter           <M>_x           <M>_y           <M>_z             <M>        M_{stdv}
       0  1.29684891E-06 -2.91860092E-06  6.39378858E-01  6.39378858E-01  0.00000000E+00
     100 -7.94059839E-06 -3.36414292E-06  6.39382898E-01  6.39382898E-01  0.00000000E+00
     200  9.46635793E-06 -3.03189672E-06  6.39386179E-01  6.39386179E-01  0.00000000E+00
     300 -5.61849660E-06 -1.04065215E-06  6.39379210E-01  6.39379210E-01  0.00000000E+00
     400  1.28216746E-06 -6.18540134E-07  6.39378817E-01  6.39378817E-01  0.00000000E+00
     500  3.88510262E-06  2.17557303E-06  6.39383221E-01  6.39383221E-01  0.00000000E+00
     600 -2.79964266E-06  9.53760906E-06  6.39382534E-01  6.39382534E-01  0.00000000E+00
     700  7.16557367E-06 -6.34294279E-06  6.39389291E-01  6.39389291E-01  0.00000000E+00
     800 -2.63584663E-06  4.33258725E-06  6.39385653E-01  6.39385653E-01  0.00000000E+00
     900 -7.82445488E-07 -2.89850262E-06  6.39388776E-01  6.39388776E-01  0.00000000E+00
    1000  4.98138531E-06 -4.29558535E-06  6.39391645E-01  6.39391645E-01  0.00000000E+00
    1100 -1.73980357E-06 -7.53073593E-07  6.39384739E-01  6.39384739E-01  0.00000000E+00
    1200 -7.15211649E-07 -6.04486506E-07  6.39377704E-01  6.39377704E-01  0.00000000E+00
    1300 -3.99027303E-06 -4.61540679E-07  6.39385288E-01  6.39385288E-01  0.00000000E+00
    1400  5.33950361E-06  5.85357594E-06  6.39392455E-01  6.39392455E-01  0.00000000E+00
    1500  1.40061898E-06 -4.33771622E-06  6.39391430E-01  6.39391430E-01  0.00000000E+00
    1600 -2.48706502E-06 -3.71047771E-06  6.39387656E-01  6.39387656E-01  0.00000000E+00
    1700 -5.90518662E-07  9.00773205E-07  6.39391774E-01  6.39391774E-01  0.00000000E+00
    1800 -2.76706849E-06  3.16446274E-06  6.39387496E-01  6.39387496E-01  0.00000000E+00
    1900 -5.28121505E-07 -9.37421041E-06  6.39387212E-01  6.39387212E-01  0.00000000E+00
    2000  5.60488145E-06  1.34197791E-06  6.39390486E-01  6.39390486E-01  0.00000000E+00
    2100  4.06450373E-06 -4.85711013E-06  6.39393254E-01  6.39393254E-01  0.00000000E+00
    2200 -1.39052734E-06 -1.87378087E-06  6.39395979E-01  6.39395979E-01  0.00000000E+00
    2300 -4.06908855E-06  2.32863899E-06  6.39395460E-01  6.39395460E-01  0.00000000E+00
    2400 -7.85074237E-07 -3.51631175E-06  6.39395181E-01  6.39395181E-01  0.00000000E+00
    2500  1.93223827E-06 -1.18906135E-06  6.39393802E-01  6.39393802E-01  0.00000000E+00
    2600  2.32074415E-06 -1.02507568E-06  6.39384413E-01  6.39384413E-01  0.00000000E+00
    2700  2.75014524E-08 -5.84796467E-06  6.39390100E-01  6.39390100E-01  0.00000000E+00
    2800 -5.61817764E-06  4.31282220E-06  6.39396530E-01  6.39396531E-01  0.00000000E+00
    2900 -2.91404677E-06 -5.42485953E-06  6.39408371E-01  6.39408371E-01  0.00000000E+00
    3000 -6.58650914E-06 -7.83421883E-07  6.39421315E-01  6.39421315E-01  0.00000000E+00
    3100 -1.89786711E-06 -1.29983682E-06  6.39422613E-01  6.39422613E-01  0.00000000E+00
    3200 -2.09869589E-06 -4.70806448E-06  6.39416940E-01  6.39416940E-01  0.00000000E+00
    3300 -3.25854917E-06 -9.36668213E-07  6.39417308E-01  6.39417308E-01  0.00000000E+00
    3400 -1.81460221E-06  9.11554963E-07  6.39415776E-01  6.39415776E-01  0.00000000E+00
    3500  1.33705229E-06  2.85671906E-06  6.39411999E-01  6.39411999E-01  0.00000000E+00
    3600 -1.32039628E-06  1.22619205E-06  6.39416023E-01  6.39416023E-01  0.00000000E+00
    3700 -2.67649358E-06  7.84131300E-06  6.39411718E-01  6.39411718E-01  0.00000000E+00
    3800  7.23817691E-07 -3.69645102E-06  6.39404743E-01  6.39404743E-01  0.00000000E+00
    3900  6.04787706E-07  1.99021048E-06  6.39399171E-01  6.39399171E-01  0.00000000E+00
    4000 -6.84708959E-07  5.21680009E-06  6.39405940E-01  6.39405940E-01  0.00000000E+00
    4100  3.18805158E-07 -7.58942350E-07  6.39402596E-01  6.39402596E-01  0.00000000E+00
    4200 -4.14569861E-07  1.29945167E-06  6.39404278E-01  6.39404278E-01  0.00000000E+00
    4300  4.57228169E-07 -3.91297134E-06  6.39403630E-01  6.39403630E-01  0.00000000E+00
    4400 -1.19226402E-06  4.29039861E-07  6.39405044E-01  6.39405044E-01  0.00000000E+00
    4500  2.33674914E-06  2.44514168E-06  6.39400472E-01  6.39400473E-01  0.00000000E+00
    4600 -2.71189195E-06 -4.35039652E-06  6.39405316E-01  6.39405316E-01  0.00000000E+00
    4700 -5.43921086E-07 -4.00116188E-06  6.39406780E-01  6.39406780E-01  0.00000000E+00
    4800 -7.61533137E-07  5.75955859E-06  6.39414118E-01  6.39414118E-01  0.00000000E+00
    4900 -1.44564079E-06 -5.04367120E-06  6.39426096E-01  6.39426096E-01  0.00000000E+00
    5000 -2.73132662E-06  1.73808082E-06  6.39430764E-01  6.39430764E-01  0.00000000E+00
    5100  4.25602975E-06 -2.97253495E-06  6.39438027E-01  6.39438027E-01  0.00000000E+00
    5200  7.48443935E-07  1.91110071E-06  6.39427192E-01  6.39427192E-01  0.00000000E+00
    5300 -1.66713798E-07  3.19376572E-06  6.39437804E-01  6.39437804E-01  0.00000000E+00
    5400 -1.76642692E-06 -3.45844613E-07  6.39440008E-01  6.39440008E-01  0.00000000E+00
    5500 -5.48656072E-06 -2.65285304E-07  6.39438955E-01  6.39438955E-01  0.00000000E+00
    5600  1.82574709E-06  9.47052943E-07  6.39445361E-01  6.39445361E-01  0.00000000E+00
    5700 -5.67747052E-06 -5.54181459E-06  6.39451649E-01  6.39451649E-01  0.00000000E+00
    5800  1.46697317E-06 -2.68395669E-07  6.39446857E-01  6.39446857E-01  0.00000000E+00
    5900 -6.20118808E-06 -2.46824438E-07  6.39452520E-01  6.39452520E-01  0.00000000E+00
    6000  9.97461574E-08  3.81680480E-08  6.39456617E-01  6.39456617E-01  0.00000000E+00
    6100 -9.84072038E-07  8.28918545E-07  6.39453291E-01  6.39453291E-01  0.00000000E+00
    6200 -3.55487695E-06  2.32099937E-06  6.39458506E-01  6.39458506E-01  0.00000000E+00
    6300 -4.70141686E-06 -3.74392897E-06  6.39452180E-01  6.39452180E-01  0.00000000E+00
    6400  4.28375385E-06 -2.42701588E-06  6.39459998E-01  6.39459998E-01  0.00000000E+00
    6500  4.71464713E-07  2.44116012E-06  6.39456662E-01  6.39456662E-01  0.00000000E+00
    6600 -4.32735300E-06  3.75970409E-06  6.39462735E-01  6.39462735E-01  0.00000000E+00
    6700  6.72909577E-06 -4.70600740E-06  6.39459217E-01  6.39459217E-01  0.00000000E+00
    6800 -6.96773306E-06  5.28427029E-06  6.39448832E-01  6.39448833E-01  0.00000000E+00
    6900  5.35143493E-07  1.99283254E-06  6.39454953E-01  6.39454953E-01  0.00000000E+00
    7000 -6.30142806E-07  5.01399528E-06  6.39455979E-01  6.39455979E-01  0.00000000E+00
    7100 -3.67776451E-06 -2.66898633E-08  6.39462896E-01  6.39462896E-01  0.00000000E+00
    7200  5.38776352E-07 -6.50823261E-06  6.39459760E-01  6.39459760E-01  0.00000000E+00
    7300  1.52899543E-06  1.67251531E-06  6.39456453E-01  6.39456453E-01  0.00000000E+00
    7400  4.79585595E-06 -4.71475965E-06  6.39452995E-01  6.39452995E-01  0.00000000E+00
    7500 -2.93307119E-07 -2.33906447E-07  6.39448031E-01  6.39448031E-01  0.00000000E+00
    7600 -1.08655235E-06  3.88527843E-06  6.39431560E-01  6.39431560E-01  0.00000000E+00
    7700 -4.78459002E-06  3.36181360E-07  6.39431140E-01  6.39431140E-01  0.00000000E+00
    7800  4.06811002E-06  1.01170211E-06  6.39437105E-01  6.39437105E-01  0.00000000E+00
    7900 -3.80745972E-06 -5.72705745E-06  6.39440084E-01  6.39440084E-01  0.00000000E+00
    8000  1.21939846E-06 -3.68663902E-06  6.39443059E-01  6.39443059E-01  0.00000000E+00
    8100 -2.48594355E-07  5.22114318E-06  6.39447243E-01  6.39447243E-01  0.00000000E+00
    8200 -1.78692882E-06 -5.44392721E-06  6.39452307E-01  6.39452307E-01  0.00000000E+00
    8300 -6.02119150E-07 -5.48712018E-06  6.39443502E-01  6.39443502E-01  0.00000000E+00
    8400  1.79669713E-06  4.15727971E-06  6.39437082E-01  6.39437082E-01  0.00000000E+00
    8500  8.60644758E-06 -4.28010368E-06  6.39431858E-01  6.39431858E-01  0.00000000E+00
    8600 -6.64411177E-06 -1.07558776E-06  6.39420889E-01  6.39420889E-01  0.00000000E+00
    8700 -1.14545535E-06 -7.51584891E-06  6.39409123E-01  6.39409123E-01  0.00000000E+00
    8800 -2.94685373E-06  3.20586586E-06  6.39400943E-01  6.39400943E-01  0.00000000E+00
    8900  2.74750425E-06 -6.38296836E-06  6.39390139E-01  6.39390139E-01  0.00000000E+00
    9000  5.19583506E-07  7.20907041E-06  6.39392501E-01  6.39392501E-01  0.00000000E+00
    9100  4.55328180E-07 -3.37907588E-06  6.39391591E-01  6.39391591E-01  0.00000000E+00
    9200  9.57657268E-09  5.69850509E-07  6.39393822E-01  6.39393822E-01  0.00000000E+00
    9300  5.82787964E-07  2.63430549E-07  6.39385675E-01  6.39385675E-01  0.00000000E+00
    9400  1.53984323E-06 -2.48467489E-06  6.39393307E-01  6.39393307E-01  0.00000000E+00
    9500 -1.84481736E-06 -1.71594307E-06  6.39393957E-01  6.39393957E-01  0.00000000E+00
    9600 -2.29021394E-06  8.59864225E-06  6.39395109E-01  6.39395109E-01  0.00000000E+00
    9700 -3.43916806E-06  5.04144687E-06  6.39404974E-01  6.39404974E-01  0.00000000E+00
    9800 -2.10014229E-06 -6.56900983E-06  6.39408673E-01  6.39408673E-01  0.00000000E+00
    9900 -2.75840684E-06  2.11442270E-06  6.39393884E-01  6.39393884E-01  0.00000000E+00
   10000  3.38726765E-06  1.01875561E-06  6.39394999E-01  6.39394999E-01  0.00000000E+00
   10100 -4.73410515E-06 -2.53339503E-06  6.39403984E-01  6.39403985E-01  0.00000000E+00
   10200 -6.79431511E-08 -4.60249637E-06  6.39399633E-01  6.39399633E-01  0.00000000E+00
   10300 -9.55018990E-07 -3.01411117E-06  6.39391104E-01  6.39391104E-01  0.00000000E+00
   10400 -8.77767628E-07  3.17556507E-08  6.39397933E-01  6.39397933E-01  0.00000000E+00
   10500  1.17641995E-06 -3.05820687E-06  6.39399155E-01  6.39399155E-01  0.00000000E+00
   10600 -6.33093030E-07 -7.61555021E-07  6.39395989E-01  6.39395989E-01  0.00000000E+00
   10700 -2.04305386E-06 -1.05856209E-06  6.39389634E-01  6.39389634E-01  0.00000000E+00
   10800 -1.27606600E-06  2.76299888E-06  6.39400553E-01  6.39400553E-01  0.00000000E+00
   10900  2.89715633E-06  7.84039863E-07  6.39400460E-01  6.39400460E-01  0.00000000E+00
   11000  1.01560597E-06  3.46141823E-06  6.39409697E-01  6.39409697E-01  0.00000000E+00
   11100  4.38975389E-06 -2.33502868E-06  6.39417775E-01  6.39417775E-01  0.00000000E+00
   11200  2.78982110E-06 -2.25059217E-06  6.39420224E-01  6.39420224E-01  0.00000000E+00
   11300  4.19035542E-07 -1.92874610E-06  6.39421833E-01  6.39421833E-01  0.00000000E+00
   11400 -1.27122025E-06  3.47644962E-06  6.39418169E-01  6.39418169E-01  0.00000000E+00
   11500 -5.56479531E-06 -4.87937095E-06  6.39418524E-01  6.39418524E-01  0.00000000E+00
   11600  1.87718042E-06  1.37155915E-06  6.39426667E-01  6.39426667E-01  0.00000000E+00
   11700 -3.20715001E-06  5.21381728E-06  6.39427464E-01  6.39427464E-01  0.00000000E+00
   11800 -2.02813179E-07 -5.61011808E-06  6.39429213E-01  6.39429213E-01  0.00000000E+00
   11900 -3.36902063E-06  5.04325105E-06  6.39433392E-01  6.39433392E-01  0.00000000E+00
   12000 -1.66388280E-06 -8.47351778E-06  6.39416996E-01  6.39416996E-01  0.00000000E+00
   12100 -2.43090408E-07 -8.76703117E-07  6.39428474E-01  6.39428474E-01  0.00000000E+00
   12200 -2.61679928E-06 -7.90931074E-06  6.39437911E-01  6.39437911E-01  0.00000000E+00
   12300  1.21986489E-07  2.99868597E-06  6.39438915E-01  6.39438915E-01  0.00000000E+00
   12400 -4.08290490E-06  5.62080760E-06  6.39441450E-01  6.39441450E-01  0.00000000E+00
   12500 -4.53879383E-06  1.46208318E-06  6.39440857E-01  6.39440857E-01  0.00000000E+00
   12600  2.20252661E-06 -3.35050306E-06  6.39446988E-01  6.39446988E-01  0.00000000E+00
   12700 -1.84007742E-06  2.02443832E-07  6.39440038E-01  6.39440038E-01  0.00000000E+00
   12800  2.31774106E-07 -2.43062870E-06  6.39441425E-01  6.39441425E-01  0.00000000E+00
   12900  1.12732833E-06  1.08471633E-06  6.39455469E-01  6.39455469E-01  0.00000000E+00
   13000  3.82180271E-06 -2.97874477E-06  6.39446428E-01  6.39446428E-01  0.00000000E+00
   13100 -4.77875311E-07  2.00774401E-06  6.39457865E-01  6.39457865E-01  0.00000000E+00
   13200  8.36375955E-06 -3.92559229E-06  6.39459486E-01  6.39459486E-01  0.00000000E+00
   13300 -4.00600322E-06  2.13362884E-06  6.39465093E-01  6.39465093E-01  0.00000000E+00
   13400  5.60497747E-06  1.60674423E-06  6.39461337E-01  6.39461337E-01  0.00000000E+00
   13500  1.94263736E-06  3.33274185E-06  6.39456179E-01  6.39456179E-01  0.00000000E+00
   13600 -9.84241436E-07 -7.94637306E-07  6.39458115E-01  6.39458115E-01  0.00000000E+00
   13700 -9.85001615E-07  4.17946846E-06  6.39455667E-01  6.39455667E-01  0.00000000E+00
   13800  1.11731429E-06 -3.58519366E-06  6.39459366E-01  6.39459366E-01  0.00000000E+00
   13900  3.70549396E-06  2.33927015E-07  6.39469265E-01  6.39469265E-01  0.00000000E+00
   14000  8.50135769E-06 -1.41330401E-06  6.39477903E-01  6.39477903E-01  0.00000000E+00
   14100  1.18506675E-06 -8.60361253E-06  6.39484436E-01  6.39484436E-01  0.00000000E+00
   14200  4.01114558E-06  2.39260709E-06  6.39483158E-01  6.39483158E-01  0.00000000E+00
   14300 -4.58976535E-06 -3.59200244E-06  6.39478920E-01  6.39478921E-01  0.00000000E+00
   14400 -3.41082265E-06 -2.45141110E-06  6.39474485E-01  6.39474485E-01  0.00000000E+00
   14500  4.81578022E-06 -7.04192684E-06  6.39468771E-01  6.39468771E-01  0.00000000E+00
   14600  5.48627404E-06 -5.00969214E-06  6.39461290E-01  6.39461290E-01  0.00000000E+00
   14700 -1.10889874E-06 -1.25418909E-06  6.39467634E-01  6.39467634E-01  0.00000000E+00
   14800  8.51098945E-06  3.03669054E-06  6.39461459E-01  6.39461459E-01  0.00000000E+00
   14900 -6.59523991E-07 -6.01501628E-06  6.39465789E-01  6.39465789E-01  0.00000000E+00
   15000  3.47417308E-06  4.16192413E-06  6.39472040E-01  6.39472040E-01  0.00000000E+00
   15100 -4.22211017E-06 -3.19122175E-06  6.39470391E-01  6.39470391E-01  0.00000000E+00
   15200  2.20991540E-06  1.62037574E-06  6.39468996E-01  6.39468996E-01  0.00000000E+00
   15300 -5.52920732E-08 -2.58081241E-06  6.39463124E-01  6.39463124E-01  0.00000000E+00
   15400 -1.06066239E-06 -7.18574945E-08  6.39458604E-01  6.39458604E-01  0.00000000E+00
   15500 -2.96469161E-06 -1.29545611E-06  6.39462368E-01  6.39462368E-01  0.00000000E+00
   15600  5.19814762E-07  1.00063728E-05  6.39459039E-01  6.39459039E-01  0.00000000E+00
   15700  3.23651335E-06 -7.88594277E-06  6.39455417E-01  6.39455417E-01  0.00000000E+00
   15800 -1.05028902E-06  1.69849967E-06  6.39458595E-01  6.39458595E-01  0.00000000E+00
   15900 -1.65966562E-06 -2.48508955E-06  6.39454195E-01  6.39454195E-01  0.00000000E+00
   16000 -2.95736725E-06  1.80474039E-07  6.39455739E-01  6.39455739E-01  0.00000000E+00
   16100  8.74056441E-07  1.02567473E-05  6.39460036E-01  6.39460036E-01  0.00000000E+00
   16200 -2.76677073E-07 -9.09720016E-06  6.39463214E-01  6.39463214E-01  0.00000000E+00
   16300  2.30908545E-06 -2.48397324E-07  6.39450420E-01  6.39450420E-01  0.00000000E+00
   16400 -4.83609579E-06  1.33721317E-06  6.39444746E-01  6.39444746E-01  0.00000000E+00
   16500 -2.67660321E-06  9.50745754E-06  6.39444286E-01  6.39444286E-01  0.00000000E+00
   16600 -2.82914736E-06 -5.26163764E-06  6.39450395E-01  6.39450395E-01  0.00000000E+00
   16700  4.56746406E-06 -1.41088627E-06  6.39463417E-01  6.39463417E-01  0.00000000E+00
   16800 -5.26540340E-06 -1.24629852E-06  6.39467682E-01  6.39467682E-01  0.00000000E+00
   16900  5.09868821E-06 -2.98549854E-07  6.39474991E-01  6.39474991E-01  0.00000000E+00
   17000 -2.84184740E-07  6.75317364E-06  6.39471965E-01  6.39471965E-01  0.00000000E+00
   17100  2.61403031E-06  5.31514118E-08  6.39467246E-01  6.39467246E-01  0.00000000E+00
   17200  4.89080855E-06 -2.59348915E-06  6.39463797E-01  6.39463797E-01  0.00000000E+00
   17300 -4.11985373E-06  1.68680302E-06  6.39463083E-01  6.39463083E-01  0.00000000E+00
   17400  2.52687779E-06  1.66158018E-06  6.39457085E-01  6.39457085E-01  0.00000000E+00
   17500 -2.23877333E-06  1.82711151E-06  6.39454219E-01  6.39454219E-01  0.00000000E+00
   17600  3.30694692E-07  1.63772036E-06  6.39452465E-01  6.39452465E-01  0.00000000E+00
   17700  1.40436014E-06  3.35547397E-06  6.39446942E-01  6.39446942E-01  0.00000000E+00
   17800 -1.55328943E-06  3.35521879E-06  6.39444928E-01  6.39444928E-01  0.00000000E+00
   17900 -2.10973077E-06  1.56618274E-06  6.39442641E-01  6.39442641E-01  0.00000000E+00
   18000 -1.99120942E-06  5.42661433E-06  6.39439265E-01  6.39439265E-01  0.00000000E+00
   18100  5.30830590E-06 -5.32788297E-07  6.39434928E-01  6.39434928E-01  0.00000000E+00
   18200  3.11633313E-06 -2.51046926E-06  6.39438402E-01  6.39438402E-01  0.00000000E+00
   18300 -6.73278708E-07 -9.94064835E-07  6.39433671E-01  6.39433671E-01  0.00000000E+00
   18400  1.23920629E-06  5.14053943E-06  6.39426868E-01  6.39426868E-01  0.00000000E+00
   18500 -2.05513637E-06 -6.57632324E-06  6.39413170E-01  6.39413170E-01  0.00000000E+00
   18600  1.20199576E-06 -4.52798455E-06  6.39406918E-01  6.39406918E-01  0.00000000E+00
   18700 -8.38808642E-07  8.20210503E-06  6.39401727E-01  6.39401727E-01  0.00000000E+00
   18800 -4.30522117E-07 -4.85691075E-06  6.39400692E-01  6.39400692E-01  0.00000000E+00
   18900  1.38827491E-06 -5.22494970E-06  6.39404801E-01  6.39404801E-01  0.00000000E+00
   19000  1.19392185E-06  6.12061011E-06  6.39412703E-01  6.39412703E-01  0.00000000E+00
   19100  2.31921599E-06 -3.64050979E-07  6.39405604E-01  6.39405604E-01  0.00000000E+00
   19200  1.47497223E-06 -2.59734124E-06  6.39406110E-01  6.39406110E-01  0.00000000E+00
   19300 -3.09126198E-06 -5.92150326E-07  6.39405640E-01  6.39405640E-01  0.00000000E+00
   19400 -3.82741220E-06 -4.94176428E-06  6.39401276E-01  6.39401276E-01  0.00000000E+00
   19500 -1.64840118E-07  1.57108205E-06  6.39405663E-01  6.39405663E-01  0.00000000E+00
   19600 -5.18982443E-06 -2.05668571E-07  6.39393993E-01  6.39393993E-01  0.00000000E+00
   19700  4.39472213E-06  5.19037568E-06  6.39385319E-01  6.39385320E-01  0.00000000E+00
   19800 -2.31891227E-06 -1.26705589E-06  6.39388808E-01  6.39388808E-01  0.00000000E+00
   19900 -3.07076631E-06 -1.98936875E-06  6.39383481E-01  6.39383481E-01  0.00000000E+00
