      1    0.000000    0.000000    0.000000     1     1
      2    1.000000    0.000000    0.000000     1     1
      3    2.000000    0.000000    0.000000     1     1
      4    3.000000    0.000000    0.000000     1     1
      5    4.000000    0.000000    0.000000     1     1
      6    5.000000    0.000000    0.000000     1     1
      7    6.000000    0.000000    0.000000     1     1
      8    7.000000    0.000000    0.000000     1     1
      9    8.000000    0.000000    0.000000     1     1
     10    9.000000    0.000000    0.000000     1     1
     11   10.000000    0.000000    0.000000     1     1
     12   11.000000    0.000000    0.000000     1     1
     13   12.000000    0.000000    0.000000     1     1
     14   13.000000    0.000000    0.000000     1     1
     15   14.000000    0.000000    0.000000     1     1
     16   15.000000    0.000000    0.000000     1     1
     17   16.000000    0.000000    0.000000     1     1
     18   17.000000    0.000000    0.000000     1     1
     19   18.000000    0.000000    0.000000     1     1
     20   19.000000    0.000000    0.000000     1     1
     21   -0.500000    0.866030    0.000000     1     1
     22    0.500000    0.866030    0.000000     1     1
     23    1.500000    0.866030    0.000000     1     1
     24    2.500000    0.866030    0.000000     1     1
     25    3.500000    0.866030    0.000000     1     1
     26    4.500000    0.866030    0.000000     1     1
     27    5.500000    0.866030    0.000000     1     1
     28    6.500000    0.866030    0.000000     1     1
     29    7.500000    0.866030    0.000000     1     1
     30    8.500000    0.866030    0.000000     1     1
     31    9.500000    0.866030    0.000000     1     1
     32   10.500000    0.866030    0.000000     1     1
     33   11.500000    0.866030    0.000000     1     1
     34   12.500000    0.866030    0.000000     1     1
     35   13.500000    0.866030    0.000000     1     1
     36   14.500000    0.866030    0.000000     1     1
     37   15.500000    0.866030    0.000000     1     1
     38   16.500000    0.866030    0.000000     1     1
     39   17.500000    0.866030    0.000000     1     1
     40   18.500000    0.866030    0.000000     1     1
     41   -1.000000    1.732060    0.000000     1     1
     42    0.000000    1.732060    0.000000     1     1
     43    1.000000    1.732060    0.000000     1     1
     44    2.000000    1.732060    0.000000     1     1
     45    3.000000    1.732060    0.000000     1     1
     46    4.000000    1.732060    0.000000     1     1
     47    5.000000    1.732060    0.000000     1     1
     48    6.000000    1.732060    0.000000     1     1
     49    7.000000    1.732060    0.000000     1     1
     50    8.000000    1.732060    0.000000     1     1
     51    9.000000    1.732060    0.000000     1     1
     52   10.000000    1.732060    0.000000     1     1
     53   11.000000    1.732060    0.000000     1     1
     54   12.000000    1.732060    0.000000     1     1
     55   13.000000    1.732060    0.000000     1     1
     56   14.000000    1.732060    0.000000     1     1
     57   15.000000    1.732060    0.000000     1     1
     58   16.000000    1.732060    0.000000     1     1
     59   17.000000    1.732060    0.000000     1     1
     60   18.000000    1.732060    0.000000     1     1
     61   -1.500000    2.598090    0.000000     1     1
     62   -0.500000    2.598090    0.000000     1     1
     63    0.500000    2.598090    0.000000     1     1
     64    1.500000    2.598090    0.000000     1     1
     65    2.500000    2.598090    0.000000     1     1
     66    3.500000    2.598090    0.000000     1     1
     67    4.500000    2.598090    0.000000     1     1
     68    5.500000    2.598090    0.000000     1     1
     69    6.500000    2.598090    0.000000     1     1
     70    7.500000    2.598090    0.000000     1     1
     71    8.500000    2.598090    0.000000     1     1
     72    9.500000    2.598090    0.000000     1     1
     73   10.500000    2.598090    0.000000     1     1
     74   11.500000    2.598090    0.000000     1     1
     75   12.500000    2.598090    0.000000     1     1
     76   13.500000    2.598090    0.000000     1     1
     77   14.500000    2.598090    0.000000     1     1
     78   15.500000    2.598090    0.000000     1     1
     79   16.500000    2.598090    0.000000     1     1
     80   17.500000    2.598090    0.000000     1     1
     81   -2.000000    3.464120    0.000000     1     1
     82   -1.000000    3.464120    0.000000     1     1
     83    0.000000    3.464120    0.000000     1     1
     84    1.000000    3.464120    0.000000     1     1
     85    2.000000    3.464120    0.000000     1     1
     86    3.000000    3.464120    0.000000     1     1
     87    4.000000    3.464120    0.000000     1     1
     88    5.000000    3.464120    0.000000     1     1
     89    6.000000    3.464120    0.000000     1     1
     90    7.000000    3.464120    0.000000     1     1
     91    8.000000    3.464120    0.000000     1     1
     92    9.000000    3.464120    0.000000     1     1
     93   10.000000    3.464120    0.000000     1     1
     94   11.000000    3.464120    0.000000     1     1
     95   12.000000    3.464120    0.000000     1     1
     96   13.000000    3.464120    0.000000     1     1
     97   14.000000    3.464120    0.000000     1     1
     98   15.000000    3.464120    0.000000     1     1
     99   16.000000    3.464120    0.000000     1     1
    100   17.000000    3.464120    0.000000     1     1
    101   -2.500000    4.330150    0.000000     1     1
    102   -1.500000    4.330150    0.000000     1     1
    103   -0.500000    4.330150    0.000000     1     1
    104    0.500000    4.330150    0.000000     1     1
    105    1.500000    4.330150    0.000000     1     1
    106    2.500000    4.330150    0.000000     1     1
    107    3.500000    4.330150    0.000000     1     1
    108    4.500000    4.330150    0.000000     1     1
    109    5.500000    4.330150    0.000000     1     1
    110    6.500000    4.330150    0.000000     1     1
    111    7.500000    4.330150    0.000000     1     1
    112    8.500000    4.330150    0.000000     1     1
    113    9.500000    4.330150    0.000000     1     1
    114   10.500000    4.330150    0.000000     1     1
    115   11.500000    4.330150    0.000000     1     1
    116   12.500000    4.330150    0.000000     1     1
    117   13.500000    4.330150    0.000000     1     1
    118   14.500000    4.330150    0.000000     1     1
    119   15.500000    4.330150    0.000000     1     1
    120   16.500000    4.330150    0.000000     1     1
    121   -3.000000    5.196180    0.000000     1     1
    122   -2.000000    5.196180    0.000000     1     1
    123   -1.000000    5.196180    0.000000     1     1
    124    0.000000    5.196180    0.000000     1     1
    125    1.000000    5.196180    0.000000     1     1
    126    2.000000    5.196180    0.000000     1     1
    127    3.000000    5.196180    0.000000     1     1
    128    4.000000    5.196180    0.000000     1     1
    129    5.000000    5.196180    0.000000     1     1
    130    6.000000    5.196180    0.000000     1     1
    131    7.000000    5.196180    0.000000     1     1
    132    8.000000    5.196180    0.000000     1     1
    133    9.000000    5.196180    0.000000     1     1
    134   10.000000    5.196180    0.000000     1     1
    135   11.000000    5.196180    0.000000     1     1
    136   12.000000    5.196180    0.000000     1     1
    137   13.000000    5.196180    0.000000     1     1
    138   14.000000    5.196180    0.000000     1     1
    139   15.000000    5.196180    0.000000     1     1
    140   16.000000    5.196180    0.000000     1     1
    141   -3.500000    6.062210    0.000000     1     1
    142   -2.500000    6.062210    0.000000     1     1
    143   -1.500000    6.062210    0.000000     1     1
    144   -0.500000    6.062210    0.000000     1     1
    145    0.500000    6.062210    0.000000     1     1
    146    1.500000    6.062210    0.000000     1     1
    147    2.500000    6.062210    0.000000     1     1
    148    3.500000    6.062210    0.000000     1     1
    149    4.500000    6.062210    0.000000     1     1
    150    5.500000    6.062210    0.000000     1     1
    151    6.500000    6.062210    0.000000     1     1
    152    7.500000    6.062210    0.000000     1     1
    153    8.500000    6.062210    0.000000     1     1
    154    9.500000    6.062210    0.000000     1     1
    155   10.500000    6.062210    0.000000     1     1
    156   11.500000    6.062210    0.000000     1     1
    157   12.500000    6.062210    0.000000     1     1
    158   13.500000    6.062210    0.000000     1     1
    159   14.500000    6.062210    0.000000     1     1
    160   15.500000    6.062210    0.000000     1     1
    161   -4.000000    6.928240    0.000000     1     1
    162   -3.000000    6.928240    0.000000     1     1
    163   -2.000000    6.928240    0.000000     1     1
    164   -1.000000    6.928240    0.000000     1     1
    165    0.000000    6.928240    0.000000     1     1
    166    1.000000    6.928240    0.000000     1     1
    167    2.000000    6.928240    0.000000     1     1
    168    3.000000    6.928240    0.000000     1     1
    169    4.000000    6.928240    0.000000     1     1
    170    5.000000    6.928240    0.000000     1     1
    171    6.000000    6.928240    0.000000     1     1
    172    7.000000    6.928240    0.000000     1     1
    173    8.000000    6.928240    0.000000     1     1
    174    9.000000    6.928240    0.000000     1     1
    175   10.000000    6.928240    0.000000     1     1
    176   11.000000    6.928240    0.000000     1     1
    177   12.000000    6.928240    0.000000     1     1
    178   13.000000    6.928240    0.000000     1     1
    179   14.000000    6.928240    0.000000     1     1
    180   15.000000    6.928240    0.000000     1     1
    181   -4.500000    7.794270    0.000000     1     1
    182   -3.500000    7.794270    0.000000     1     1
    183   -2.500000    7.794270    0.000000     1     1
    184   -1.500000    7.794270    0.000000     1     1
    185   -0.500000    7.794270    0.000000     1     1
    186    0.500000    7.794270    0.000000     1     1
    187    1.500000    7.794270    0.000000     1     1
    188    2.500000    7.794270    0.000000     1     1
    189    3.500000    7.794270    0.000000     1     1
    190    4.500000    7.794270    0.000000     1     1
    191    5.500000    7.794270    0.000000     1     1
    192    6.500000    7.794270    0.000000     1     1
    193    7.500000    7.794270    0.000000     1     1
    194    8.500000    7.794270    0.000000     1     1
    195    9.500000    7.794270    0.000000     1     1
    196   10.500000    7.794270    0.000000     1     1
    197   11.500000    7.794270    0.000000     1     1
    198   12.500000    7.794270    0.000000     1     1
    199   13.500000    7.794270    0.000000     1     1
    200   14.500000    7.794270    0.000000     1     1
    201   -5.000000    8.660300    0.000000     1     1
    202   -4.000000    8.660300    0.000000     1     1
    203   -3.000000    8.660300    0.000000     1     1
    204   -2.000000    8.660300    0.000000     1     1
    205   -1.000000    8.660300    0.000000     1     1
    206    0.000000    8.660300    0.000000     1     1
    207    1.000000    8.660300    0.000000     1     1
    208    2.000000    8.660300    0.000000     1     1
    209    3.000000    8.660300    0.000000     1     1
    210    4.000000    8.660300    0.000000     1     1
    211    5.000000    8.660300    0.000000     1     1
    212    6.000000    8.660300    0.000000     1     1
    213    7.000000    8.660300    0.000000     1     1
    214    8.000000    8.660300    0.000000     1     1
    215    9.000000    8.660300    0.000000     1     1
    216   10.000000    8.660300    0.000000     1     1
    217   11.000000    8.660300    0.000000     1     1
    218   12.000000    8.660300    0.000000     1     1
    219   13.000000    8.660300    0.000000     1     1
    220   14.000000    8.660300    0.000000     1     1
    221   -5.500000    9.526330    0.000000     1     1
    222   -4.500000    9.526330    0.000000     1     1
    223   -3.500000    9.526330    0.000000     1     1
    224   -2.500000    9.526330    0.000000     1     1
    225   -1.500000    9.526330    0.000000     1     1
    226   -0.500000    9.526330    0.000000     1     1
    227    0.500000    9.526330    0.000000     1     1
    228    1.500000    9.526330    0.000000     1     1
    229    2.500000    9.526330    0.000000     1     1
    230    3.500000    9.526330    0.000000     1     1
    231    4.500000    9.526330    0.000000     1     1
    232    5.500000    9.526330    0.000000     1     1
    233    6.500000    9.526330    0.000000     1     1
    234    7.500000    9.526330    0.000000     1     1
    235    8.500000    9.526330    0.000000     1     1
    236    9.500000    9.526330    0.000000     1     1
    237   10.500000    9.526330    0.000000     1     1
    238   11.500000    9.526330    0.000000     1     1
    239   12.500000    9.526330    0.000000     1     1
    240   13.500000    9.526330    0.000000     1     1
    241   -6.000000   10.392360    0.000000     1     1
    242   -5.000000   10.392360    0.000000     1     1
    243   -4.000000   10.392360    0.000000     1     1
    244   -3.000000   10.392360    0.000000     1     1
    245   -2.000000   10.392360    0.000000     1     1
    246   -1.000000   10.392360    0.000000     1     1
    247    0.000000   10.392360    0.000000     1     1
    248    1.000000   10.392360    0.000000     1     1
    249    2.000000   10.392360    0.000000     1     1
    250    3.000000   10.392360    0.000000     1     1
    251    4.000000   10.392360    0.000000     1     1
    252    5.000000   10.392360    0.000000     1     1
    253    6.000000   10.392360    0.000000     1     1
    254    7.000000   10.392360    0.000000     1     1
    255    8.000000   10.392360    0.000000     1     1
    256    9.000000   10.392360    0.000000     1     1
    257   10.000000   10.392360    0.000000     1     1
    258   11.000000   10.392360    0.000000     1     1
    259   12.000000   10.392360    0.000000     1     1
    260   13.000000   10.392360    0.000000     1     1
    261   -6.500000   11.258390    0.000000     1     1
    262   -5.500000   11.258390    0.000000     1     1
    263   -4.500000   11.258390    0.000000     1     1
    264   -3.500000   11.258390    0.000000     1     1
    265   -2.500000   11.258390    0.000000     1     1
    266   -1.500000   11.258390    0.000000     1     1
    267   -0.500000   11.258390    0.000000     1     1
    268    0.500000   11.258390    0.000000     1     1
    269    1.500000   11.258390    0.000000     1     1
    270    2.500000   11.258390    0.000000     1     1
    271    3.500000   11.258390    0.000000     1     1
    272    4.500000   11.258390    0.000000     1     1
    273    5.500000   11.258390    0.000000     1     1
    274    6.500000   11.258390    0.000000     1     1
    275    7.500000   11.258390    0.000000     1     1
    276    8.500000   11.258390    0.000000     1     1
    277    9.500000   11.258390    0.000000     1     1
    278   10.500000   11.258390    0.000000     1     1
    279   11.500000   11.258390    0.000000     1     1
    280   12.500000   11.258390    0.000000     1     1
    281   -7.000000   12.124420    0.000000     1     1
    282   -6.000000   12.124420    0.000000     1     1
    283   -5.000000   12.124420    0.000000     1     1
    284   -4.000000   12.124420    0.000000     1     1
    285   -3.000000   12.124420    0.000000     1     1
    286   -2.000000   12.124420    0.000000     1     1
    287   -1.000000   12.124420    0.000000     1     1
    288    0.000000   12.124420    0.000000     1     1
    289    1.000000   12.124420    0.000000     1     1
    290    2.000000   12.124420    0.000000     1     1
    291    3.000000   12.124420    0.000000     1     1
    292    4.000000   12.124420    0.000000     1     1
    293    5.000000   12.124420    0.000000     1     1
    294    6.000000   12.124420    0.000000     1     1
    295    7.000000   12.124420    0.000000     1     1
    296    8.000000   12.124420    0.000000     1     1
    297    9.000000   12.124420    0.000000     1     1
    298   10.000000   12.124420    0.000000     1     1
    299   11.000000   12.124420    0.000000     1     1
    300   12.000000   12.124420    0.000000     1     1
    301   -7.500000   12.990450    0.000000     1     1
    302   -6.500000   12.990450    0.000000     1     1
    303   -5.500000   12.990450    0.000000     1     1
    304   -4.500000   12.990450    0.000000     1     1
    305   -3.500000   12.990450    0.000000     1     1
    306   -2.500000   12.990450    0.000000     1     1
    307   -1.500000   12.990450    0.000000     1     1
    308   -0.500000   12.990450    0.000000     1     1
    309    0.500000   12.990450    0.000000     1     1
    310    1.500000   12.990450    0.000000     1     1
    311    2.500000   12.990450    0.000000     1     1
    312    3.500000   12.990450    0.000000     1     1
    313    4.500000   12.990450    0.000000     1     1
    314    5.500000   12.990450    0.000000     1     1
    315    6.500000   12.990450    0.000000     1     1
    316    7.500000   12.990450    0.000000     1     1
    317    8.500000   12.990450    0.000000     1     1
    318    9.500000   12.990450    0.000000     1     1
    319   10.500000   12.990450    0.000000     1     1
    320   11.500000   12.990450    0.000000     1     1
    321   -8.000000   13.856480    0.000000     1     1
    322   -7.000000   13.856480    0.000000     1     1
    323   -6.000000   13.856480    0.000000     1     1
    324   -5.000000   13.856480    0.000000     1     1
    325   -4.000000   13.856480    0.000000     1     1
    326   -3.000000   13.856480    0.000000     1     1
    327   -2.000000   13.856480    0.000000     1     1
    328   -1.000000   13.856480    0.000000     1     1
    329    0.000000   13.856480    0.000000     1     1
    330    1.000000   13.856480    0.000000     1     1
    331    2.000000   13.856480    0.000000     1     1
    332    3.000000   13.856480    0.000000     1     1
    333    4.000000   13.856480    0.000000     1     1
    334    5.000000   13.856480    0.000000     1     1
    335    6.000000   13.856480    0.000000     1     1
    336    7.000000   13.856480    0.000000     1     1
    337    8.000000   13.856480    0.000000     1     1
    338    9.000000   13.856480    0.000000     1     1
    339   10.000000   13.856480    0.000000     1     1
    340   11.000000   13.856480    0.000000     1     1
    341   -8.500000   14.722510    0.000000     1     1
    342   -7.500000   14.722510    0.000000     1     1
    343   -6.500000   14.722510    0.000000     1     1
    344   -5.500000   14.722510    0.000000     1     1
    345   -4.500000   14.722510    0.000000     1     1
    346   -3.500000   14.722510    0.000000     1     1
    347   -2.500000   14.722510    0.000000     1     1
    348   -1.500000   14.722510    0.000000     1     1
    349   -0.500000   14.722510    0.000000     1     1
    350    0.500000   14.722510    0.000000     1     1
    351    1.500000   14.722510    0.000000     1     1
    352    2.500000   14.722510    0.000000     1     1
    353    3.500000   14.722510    0.000000     1     1
    354    4.500000   14.722510    0.000000     1     1
    355    5.500000   14.722510    0.000000     1     1
    356    6.500000   14.722510    0.000000     1     1
    357    7.500000   14.722510    0.000000     1     1
    358    8.500000   14.722510    0.000000     1     1
    359    9.500000   14.722510    0.000000     1     1
    360   10.500000   14.722510    0.000000     1     1
    361   -9.000000   15.588540    0.000000     1     1
    362   -8.000000   15.588540    0.000000     1     1
    363   -7.000000   15.588540    0.000000     1     1
    364   -6.000000   15.588540    0.000000     1     1
    365   -5.000000   15.588540    0.000000     1     1
    366   -4.000000   15.588540    0.000000     1     1
    367   -3.000000   15.588540    0.000000     1     1
    368   -2.000000   15.588540    0.000000     1     1
    369   -1.000000   15.588540    0.000000     1     1
    370    0.000000   15.588540    0.000000     1     1
    371    1.000000   15.588540    0.000000     1     1
    372    2.000000   15.588540    0.000000     1     1
    373    3.000000   15.588540    0.000000     1     1
    374    4.000000   15.588540    0.000000     1     1
    375    5.000000   15.588540    0.000000     1     1
    376    6.000000   15.588540    0.000000     1     1
    377    7.000000   15.588540    0.000000     1     1
    378    8.000000   15.588540    0.000000     1     1
    379    9.000000   15.588540    0.000000     1     1
    380   10.000000   15.588540    0.000000     1     1
    381   -9.500000   16.454570    0.000000     1     1
    382   -8.500000   16.454570    0.000000     1     1
    383   -7.500000   16.454570    0.000000     1     1
    384   -6.500000   16.454570    0.000000     1     1
    385   -5.500000   16.454570    0.000000     1     1
    386   -4.500000   16.454570    0.000000     1     1
    387   -3.500000   16.454570    0.000000     1     1
    388   -2.500000   16.454570    0.000000     1     1
    389   -1.500000   16.454570    0.000000     1     1
    390   -0.500000   16.454570    0.000000     1     1
    391    0.500000   16.454570    0.000000     1     1
    392    1.500000   16.454570    0.000000     1     1
    393    2.500000   16.454570    0.000000     1     1
    394    3.500000   16.454570    0.000000     1     1
    395    4.500000   16.454570    0.000000     1     1
    396    5.500000   16.454570    0.000000     1     1
    397    6.500000   16.454570    0.000000     1     1
    398    7.500000   16.454570    0.000000     1     1
    399    8.500000   16.454570    0.000000     1     1
    400    9.500000   16.454570    0.000000     1     1
