   #Iter             <M>           <M^2>           <M^4>      U_{Binder}            \chi        C_v(tot)             <E>       <E_{exc}>       <E_{lsf}>
       1  1.21633090E-01  1.47946087E-02  2.18880446E-04  6.66666667E-01  0.00000000E+00  0.00000000E+00  1.98291380E-01  0.00000000E+00  0.00000000E+00
      11  1.79099786E-01  3.59489154E-02  1.91971955E-03  5.04840689E-01  1.39770207E-03  1.69148060E+01 -1.78138523E+00  0.00000000E+00  0.00000000E+00
      21  1.65107875E-01  3.11078744E-02  1.47942401E-03  4.90398454E-01  1.38870764E-03  9.54355165E+00 -1.87620200E+00  0.00000000E+00  0.00000000E+00
      31  1.60964734E-01  2.88805133E-02  1.21991072E-03  5.12474903E-01  1.07236386E-03  6.95246620E+00 -1.93216852E+00  0.00000000E+00  0.00000000E+00
      41  1.52234423E-01  2.62589522E-02  1.04306184E-03  4.95763805E-01  1.11306747E-03  5.51567206E+00 -1.94383390E+00  0.00000000E+00  0.00000000E+00
      51  1.54758037E-01  2.71505721E-02  1.11483534E-03  4.95882815E-01  1.15525985E-03  4.76410542E+00 -1.93094864E+00  0.00000000E+00  0.00000000E+00
      61  1.51550215E-01  2.59081740E-02  1.00894281E-03  4.98960821E-01  1.06147679E-03  4.20114192E+00 -1.94053935E+00  0.00000000E+00  0.00000000E+00
      71  1.53490275E-01  2.65077075E-02  1.04058153E-03  5.06359797E-01  1.06426943E-03  3.73771872E+00 -1.94075388E+00  0.00000000E+00  0.00000000E+00
      81  1.54260730E-01  2.67949867E-02  1.06687994E-03  5.04678473E-01  1.08237904E-03  3.68215079E+00 -1.95641467E+00  0.00000000E+00  0.00000000E+00
      91  1.55339442E-01  2.71973895E-02  1.09624165E-03  5.05995845E-01  1.10708080E-03  3.62723101E+00 -1.97905239E+00  0.00000000E+00  0.00000000E+00
     101  1.55073167E-01  2.73011705E-02  1.10376742E-03  5.06378822E-01  1.17437671E-03  3.47615383E+00 -1.98525265E+00  0.00000000E+00  0.00000000E+00
     111  1.54419393E-01  2.68985223E-02  1.05923151E-03  5.12007895E-01  1.10207287E-03  3.31790763E+00 -1.98490908E+00  0.00000000E+00  0.00000000E+00
     121  1.50936630E-01  2.58065234E-02  9.90982400E-04  5.03995423E-01  1.09177962E-03  3.13773593E+00 -1.98701395E+00  0.00000000E+00  0.00000000E+00
     131  1.49138109E-01  2.53067966E-02  9.62803672E-04  4.98879542E-01  1.10620501E-03  3.02370218E+00 -1.99583960E+00  0.00000000E+00  0.00000000E+00
     141  1.50712867E-01  2.56916987E-02  9.72091236E-04  5.09091976E-01  1.07469666E-03  2.98716673E+00 -2.00143122E+00  0.00000000E+00  0.00000000E+00
     151  1.50838258E-01  2.57377233E-02  9.79748454E-04  5.06993008E-01  1.07766109E-03  2.83029034E+00 -1.99735115E+00  0.00000000E+00  0.00000000E+00
     161  1.49325383E-01  2.52985271E-02  9.53089885E-04  5.03611019E-01  1.08304446E-03  2.78482480E+00 -1.99944025E+00  0.00000000E+00  0.00000000E+00
     171  1.48165359E-01  2.49142568E-02  9.25911136E-04  5.02775889E-01  1.06890420E-03  2.70795982E+00 -2.00385576E+00  0.00000000E+00  0.00000000E+00
     181  1.49223680E-01  2.53722395E-02  9.65187416E-04  5.00226999E-01  1.12061152E-03  2.60391723E+00 -2.00755163E+00  0.00000000E+00  0.00000000E+00
     191  1.49751177E-01  2.56170705E-02  9.85704040E-04  4.99312953E-01  1.15205932E-03  2.58351725E+00 -2.01171677E+00  0.00000000E+00  0.00000000E+00
   #Iter             <M>           <M^2>           <M^4>      U_{Binder}            \chi        C_v(tot)             <E>       <E_{exc}>       <E_{lsf}>
       1  5.11682465E-01  2.61818945E-01  6.85491601E-02  6.66666667E-01  0.00000000E+00  0.00000000E+00 -2.12360982E+00  0.00000000E+00  0.00000000E+00
      11  7.49240963E-01  5.75825530E-01  3.60780708E-01  6.37306126E-01  2.61037285E-02  8.16185619E+02 -4.96001698E+00  0.00000000E+00  0.00000000E+00
      21  8.07671728E-01  6.63714588E-01  4.64461303E-01  6.48548376E-01  2.05403592E-02  4.61067667E+02 -5.13338268E+00  0.00000000E+00  0.00000000E+00
      31  8.31563976E-01  7.00439648E-01  5.09770307E-01  6.53652675E-01  1.61367130E-02  3.21965697E+02 -5.20004059E+00  0.00000000E+00  0.00000000E+00
      41  8.46793059E-01  7.24544914E-01  5.41272385E-01  6.56312298E-01  1.35115004E-02  2.46759707E+02 -5.23038005E+00  0.00000000E+00  0.00000000E+00
      51  8.56742888E-01  7.40460210E-01  5.62517481E-01  6.58011646E-01  1.16442647E-02  2.00258622E+02 -5.25094051E+00  0.00000000E+00  0.00000000E+00
      61  8.63155577E-01  7.50661439E-01  5.75989606E-01  6.59274076E-01  1.01499897E-02  1.68921607E+02 -5.26651905E+00  0.00000000E+00  0.00000000E+00
      71  8.67596302E-01  7.57693527E-01  5.85195788E-01  6.60223935E-01  8.97018347E-03  1.45993752E+02 -5.27764866E+00  0.00000000E+00  0.00000000E+00
      81  8.71022933E-01  7.63127348E-01  5.92320160E-01  6.60967584E-01  8.02485454E-03  1.28650543E+02 -5.28604477E+00  0.00000000E+00  0.00000000E+00
      91  8.72610939E-01  7.65440654E-01  5.94844855E-01  6.61577363E-01  7.20259827E-03  1.15088280E+02 -5.29363573E+00  0.00000000E+00  0.00000000E+00
     101  8.75804547E-01  7.70727453E-01  6.02352531E-01  6.61991340E-01  6.66665440E-03  1.04093675E+02 -5.29904376E+00  0.00000000E+00  0.00000000E+00
     111  8.77228294E-01  7.72936618E-01  6.05142288E-01  6.62364205E-01  6.14920071E-03  9.49051711E+01 -5.30279994E+00  0.00000000E+00  0.00000000E+00
     121  8.79291662E-01  7.76336923E-01  6.09934535E-01  6.62664937E-01  5.74484809E-03  8.72634611E+01 -5.30602482E+00  0.00000000E+00  0.00000000E+00
     131  8.81215432E-01  7.79534631E-01  6.14511118E-01  6.62916369E-01  5.40355545E-03  8.09470147E+01 -5.31002210E+00  0.00000000E+00  0.00000000E+00
     141  8.82596966E-01  7.81787057E-01  6.17619106E-01  6.63160887E-01  5.07085718E-03  7.53751162E+01 -5.31300518E+00  0.00000000E+00  0.00000000E+00
     151  8.83332785E-01  7.82914773E-01  6.18997392E-01  6.63381029E-01  4.76099419E-03  7.05023768E+01 -5.31523814E+00  0.00000000E+00  0.00000000E+00
     161  8.82724632E-01  7.81696292E-01  6.16780791E-01  6.63539969E-01  4.50029627E-03  6.62172095E+01 -5.31681387E+00  0.00000000E+00  0.00000000E+00
     171  8.83353925E-01  7.82670998E-01  6.17994494E-01  6.63717035E-01  4.25362614E-03  6.24317338E+01 -5.31842894E+00  0.00000000E+00  0.00000000E+00
     181  8.83841007E-01  7.83416256E-01  6.18904717E-01  6.63862179E-01  4.04515026E-03  5.91401961E+01 -5.32070320E+00  0.00000000E+00  0.00000000E+00
     191  8.84553418E-01  7.84573158E-01  6.20489364E-01  6.63994648E-01  3.85939965E-03  5.61573249E+01 -5.32164426E+00  0.00000000E+00  0.00000000E+00
   #Iter             <M>           <M^2>           <M^4>      U_{Binder}            \chi        C_v(tot)             <E>       <E_{exc}>       <E_{lsf}>
       1  9.04832339E-01  8.18721562E-01  6.70304996E-01  6.66666667E-01  0.00000000E+00  0.00000000E+00 -5.29300493E+00  0.00000000E+00  0.00000000E+00
      11  9.05745286E-01  8.20454683E-01  6.73408056E-01  6.66536844E-01  1.44672130E-04  1.60141884E+00 -5.35005628E+00  0.00000000E+00  0.00000000E+00
      21  8.96632623E-01  8.04131544E-01  6.47209678E-01  6.66366577E-01  3.27541539E-04  1.27896045E+00 -5.34677550E+00  0.00000000E+00  0.00000000E+00
      31  8.97431418E-01  8.05539670E-01  6.49396085E-01  6.66408831E-01  2.82486172E-04  1.03078733E+00 -5.34924578E+00  0.00000000E+00  0.00000000E+00
      41  8.94478386E-01  8.00252764E-01  6.40920373E-01  6.66398145E-01  2.90900174E-04  1.25261575E+00 -5.34710367E+00  0.00000000E+00  0.00000000E+00
      51  8.93555541E-01  7.98611796E-01  6.38323029E-01  6.66383273E-01  3.07342006E-04  1.19732935E+00 -5.34381995E+00  0.00000000E+00  0.00000000E+00
      61  8.93703637E-01  7.98893440E-01  6.38825360E-01  6.66356104E-01  3.37947659E-04  1.24078125E+00 -5.34541709E+00  0.00000000E+00  0.00000000E+00
      71  8.94850468E-01  8.00947795E-01  6.42123471E-01  6.66351736E-01  3.43697584E-04  1.26297737E+00 -5.34520396E+00  0.00000000E+00  0.00000000E+00
      81  8.95568628E-01  8.02242917E-01  6.44231173E-01  6.66336502E-01  3.60506513E-04  1.30424206E+00 -5.34484911E+00  0.00000000E+00  0.00000000E+00
      91  8.94429433E-01  8.00209981E-01  6.40992242E-01  6.66325060E-01  3.71735642E-04  1.32234924E+00 -5.34272881E+00  0.00000000E+00  0.00000000E+00
     101  8.94630187E-01  8.00554906E-01  6.41499155E-01  6.66348880E-01  3.46041816E-04  1.30612356E+00 -5.34364254E+00  0.00000000E+00  0.00000000E+00
     111  8.94007429E-01  7.99432206E-01  6.39674759E-01  6.66362638E-01  3.30138641E-04  1.37897220E+00 -5.34340572E+00  0.00000000E+00  0.00000000E+00
     121  8.94665604E-01  8.00606518E-01  6.41544644E-01  6.66368240E-01  3.24819570E-04  1.34155728E+00 -5.34331495E+00  0.00000000E+00  0.00000000E+00
     131  8.95316506E-01  8.01771042E-01  6.43409073E-01  6.66369925E-01  3.23773031E-04  1.38995344E+00 -5.34588311E+00  0.00000000E+00  0.00000000E+00
     141  8.95710604E-01  8.02471393E-01  6.44515240E-01  6.66379432E-01  3.13868301E-04  1.38772757E+00 -5.34713182E+00  0.00000000E+00  0.00000000E+00
     151  8.96442793E-01  8.03784359E-01  6.46627180E-01  6.66378832E-01  3.15259496E-04  1.34660371E+00 -5.34739126E+00  0.00000000E+00  0.00000000E+00
     161  8.95428156E-01  8.01979694E-01  6.43770815E-01  6.66356026E-01  3.39503948E-04  1.29154105E+00 -5.34673403E+00  0.00000000E+00  0.00000000E+00
     171  8.94934612E-01  8.01093287E-01  6.42340924E-01  6.66359970E-01  3.34479700E-04  1.30570903E+00 -5.34649095E+00  0.00000000E+00  0.00000000E+00
     181  8.95025429E-01  8.01251764E-01  6.42581755E-01  6.66366894E-01  3.27109982E-04  1.31154990E+00 -5.34749507E+00  0.00000000E+00  0.00000000E+00
     191  8.95475822E-01  8.02053335E-01  6.43851450E-01  6.66375508E-01  3.18344734E-04  1.34578186E+00 -5.34683908E+00  0.00000000E+00  0.00000000E+00
   #Iter             <M>           <M^2>           <M^4>      U_{Binder}            \chi        C_v(tot)             <E>       <E_{exc}>       <E_{lsf}>
       1  8.96466637E-01  8.03652432E-01  6.45857231E-01  6.66666667E-01  0.00000000E+00  0.00000000E+00 -5.35373678E+00  0.00000000E+00  0.00000000E+00
      11  9.00117097E-01  8.10241719E-01  6.56592156E-01  6.66615631E-01  5.58240456E-05  1.68461104E+00 -5.33492990E+00  0.00000000E+00  0.00000000E+00
      21  8.96874641E-01  8.04520912E-01  6.47688897E-01  6.66442644E-01  2.46879655E-04  1.28385834E+00 -5.33471886E+00  0.00000000E+00  0.00000000E+00
      31  8.93886428E-01  7.99181164E-01  6.39160620E-01  6.66421327E-01  2.67503459E-04  1.18315727E+00 -5.33589722E+00  0.00000000E+00  0.00000000E+00
      41  8.91217763E-01  7.94432887E-01  6.31640692E-01  6.66393566E-01  2.95599794E-04  1.33596918E+00 -5.33496282E+00  0.00000000E+00  0.00000000E+00
      51  8.88711648E-01  7.90021805E-01  6.24804317E-01  6.66308910E-01  3.85166961E-04  1.53417808E+00 -5.33110334E+00  0.00000000E+00  0.00000000E+00
      61  8.86844140E-01  7.86692174E-01  6.19511709E-01  6.66328891E-01  3.60320142E-04  1.48173512E+00 -5.33517925E+00  0.00000000E+00  0.00000000E+00
      71  8.88425430E-01  7.89488651E-01  6.23885736E-01  6.66349316E-01  3.40938226E-04  1.37133554E+00 -5.33847231E+00  0.00000000E+00  0.00000000E+00
      81  8.90313939E-01  7.92856583E-01  6.29244296E-01  6.66336455E-01  3.56760288E-04  1.39344992E+00 -5.33969177E+00  0.00000000E+00  0.00000000E+00
      91  8.90230372E-01  7.92715957E-01  6.29047585E-01  6.66322407E-01  3.71501083E-04  1.54953489E+00 -5.34116063E+00  0.00000000E+00  0.00000000E+00
     101  8.91750095E-01  7.95432376E-01  6.33389530E-01  6.66310072E-01  3.86484844E-04  1.49677255E+00 -5.34151023E+00  0.00000000E+00  0.00000000E+00
     111  8.92530826E-01  7.96817647E-01  6.35570988E-01  6.66324037E-01  3.72457718E-04  1.43961140E+00 -5.34232879E+00  0.00000000E+00  0.00000000E+00
     121  8.93295885E-01  7.98179757E-01  6.37730809E-01  6.66331872E-01  3.64962332E-04  1.42718156E+00 -5.34250320E+00  0.00000000E+00  0.00000000E+00
     131  8.93510923E-01  7.98555682E-01  6.38304985E-01  6.66345817E-01  3.49972716E-04  1.46368769E+00 -5.34367801E+00  0.00000000E+00  0.00000000E+00
     141  8.93047247E-01  7.97723538E-01  6.36964791E-01  6.66351360E-01  3.43186301E-04  1.41978113E+00 -5.34419868E+00  0.00000000E+00  0.00000000E+00
     151  8.93344029E-01  7.98250407E-01  6.37795571E-01  6.66357054E-01  3.37232530E-04  1.36108116E+00 -5.34415484E+00  0.00000000E+00  0.00000000E+00
     161  8.92743447E-01  7.97183606E-01  6.36111742E-01  6.66346688E-01  3.47862950E-04  1.42465409E+00 -5.34412142E+00  0.00000000E+00  0.00000000E+00
     171  8.92980951E-01  7.97605293E-01  6.36776901E-01  6.66350874E-01  3.43479102E-04  1.37351552E+00 -5.34467629E+00  0.00000000E+00  0.00000000E+00
     181  8.92796561E-01  7.97268333E-01  6.36215278E-01  6.66363305E-01  3.29615554E-04  1.38665979E+00 -5.34546996E+00  0.00000000E+00  0.00000000E+00
     191  8.93015525E-01  7.97656639E-01  6.36826423E-01  6.66367883E-01  3.24701798E-04  1.41416488E+00 -5.34592929E+00  0.00000000E+00  0.00000000E+00
   #Iter             <M>           <M^2>           <M^4>      U_{Binder}            \chi        C_v(tot)             <E>       <E_{exc}>       <E_{lsf}>
       1  8.87228417E-01  7.87174263E-01  6.19643321E-01  6.66666667E-01  0.00000000E+00  0.00000000E+00 -5.26576982E+00  0.00000000E+00  0.00000000E+00
      11  8.91268543E-01  7.94402163E-01  6.31210149E-01  6.66595174E-01  7.67893890E-05  1.95783004E+00 -5.33292766E+00  0.00000000E+00  0.00000000E+00
      21  8.94523925E-01  8.00289080E-01  6.40834875E-01  6.66472920E-01  2.09406012E-04  1.55557376E+00 -5.34194537E+00  0.00000000E+00  0.00000000E+00
      31  8.95777079E-01  8.02517904E-01  6.44360550E-01  6.66498164E-01  1.82877254E-04  1.83795092E+00 -5.34661269E+00  0.00000000E+00  0.00000000E+00
      41  8.94860618E-01  8.00870539E-01  6.41698164E-01  6.66508395E-01  1.71479380E-04  1.71085547E+00 -5.34593624E+00  0.00000000E+00  0.00000000E+00
      51  8.96895487E-01  8.04537659E-01  6.47654756E-01  6.66474112E-01  2.09618459E-04  1.70082900E+00 -5.34545848E+00  0.00000000E+00  0.00000000E+00
      61  8.95909812E-01  8.02767080E-01  6.44797311E-01  6.66479253E-01  2.03378783E-04  1.62689280E+00 -5.34845357E+00  0.00000000E+00  0.00000000E+00
      71  8.96137652E-01  8.03168923E-01  6.45421759E-01  6.66490233E-01  1.91727547E-04  1.54541450E+00 -5.34880487E+00  0.00000000E+00  0.00000000E+00
      81  8.96692825E-01  8.04164090E-01  6.47021115E-01  6.66490778E-01  1.91429941E-04  1.44161793E+00 -5.34913169E+00  0.00000000E+00  0.00000000E+00
      91  8.96518259E-01  8.03852215E-01  6.46523325E-01  6.66488727E-01  1.93520957E-04  1.56679505E+00 -5.34978669E+00  0.00000000E+00  0.00000000E+00
     101  8.96069292E-01  8.03044563E-01  6.45216257E-01  6.66493153E-01  1.88396476E-04  1.49852045E+00 -5.35124175E+00  0.00000000E+00  0.00000000E+00
     111  8.95536264E-01  8.02089025E-01  6.43680268E-01  6.66493891E-01  1.87381217E-04  1.46300410E+00 -5.34912172E+00  0.00000000E+00  0.00000000E+00
     121  8.95648864E-01  8.02286242E-01  6.43982290E-01  6.66501427E-01  1.79314614E-04  1.39524092E+00 -5.34990177E+00  0.00000000E+00  0.00000000E+00
     131  8.96510689E-01  8.03834836E-01  6.46482920E-01  6.66495150E-01  1.86654717E-04  1.35272950E+00 -5.35086132E+00  0.00000000E+00  0.00000000E+00
     141  8.96541153E-01  8.03894643E-01  6.46595601E-01  6.66486651E-01  1.96008750E-04  1.34483753E+00 -5.35032153E+00  0.00000000E+00  0.00000000E+00
     151  8.96095046E-01  8.03093809E-01  6.45304931E-01  6.66488224E-01  1.93974603E-04  1.35026647E+00 -5.34964355E+00  0.00000000E+00  0.00000000E+00
     161  8.96087869E-01  8.03077329E-01  6.45266845E-01  6.66494221E-01  1.87447490E-04  1.33428529E+00 -5.34888831E+00  0.00000000E+00  0.00000000E+00
     171  8.95903713E-01  8.02750254E-01  6.44750911E-01  6.66489274E-01  1.92737159E-04  1.35000476E+00 -5.34881234E+00  0.00000000E+00  0.00000000E+00
     181  8.95124182E-01  8.01365554E-01  6.42565021E-01  6.66470321E-01  2.13421991E-04  1.32614100E+00 -5.34916404E+00  0.00000000E+00  0.00000000E+00
     191  8.95632061E-01  8.02275750E-01  6.44027152E-01  6.66469471E-01  2.14701528E-04  1.33982794E+00 -5.34956752E+00  0.00000000E+00  0.00000000E+00
   #Iter             <M>           <M^2>           <M^4>      U_{Binder}            \chi        C_v(tot)             <E>       <E_{exc}>       <E_{lsf}>
       1  8.99786884E-01  8.09616437E-01  6.55478775E-01  6.66666667E-01  0.00000000E+00  0.00000000E+00 -5.28099517E+00  0.00000000E+00  0.00000000E+00
      11  8.90572128E-01  7.93205550E-01  6.29448758E-01  6.66521655E-01  1.56720574E-04  1.99529399E+00 -5.32868556E+00  0.00000000E+00  0.00000000E+00
      21  8.92184294E-01  7.96100689E-01  6.34119670E-01  6.66486076E-01  1.94693052E-04  1.76956811E+00 -5.34526380E+00  0.00000000E+00  0.00000000E+00
      31  8.95745343E-01  8.02474326E-01  6.44331412E-01  6.66477025E-01  2.06840200E-04  1.82959273E+00 -5.34326167E+00  0.00000000E+00  0.00000000E+00
      41  8.95475890E-01  8.01985884E-01  6.43528553E-01  6.66486730E-01  1.96386707E-04  1.91126743E+00 -5.34183618E+00  0.00000000E+00  0.00000000E+00
      51  8.94232759E-01  7.99764985E-01  6.39982851E-01  6.66479671E-01  2.03505660E-04  1.89154494E+00 -5.33976645E+00  0.00000000E+00  0.00000000E+00
      61  8.94211280E-01  7.99717657E-01  6.39879135E-01  6.66494251E-01  1.87415938E-04  1.76733930E+00 -5.34498878E+00  0.00000000E+00  0.00000000E+00
      71  8.93567383E-01  7.98575578E-01  6.38082186E-01  6.66478899E-01  2.03782265E-04  1.78411937E+00 -5.34308687E+00  0.00000000E+00  0.00000000E+00
      81  8.93655411E-01  7.98732275E-01  6.38330874E-01  6.66479811E-01  2.02644881E-04  1.70822904E+00 -5.34188911E+00  0.00000000E+00  0.00000000E+00
      91  8.93860451E-01  7.99108310E-01  6.38962980E-01  6.66463669E-01  2.19832541E-04  1.74586630E+00 -5.34458243E+00  0.00000000E+00  0.00000000E+00
     101  8.93747686E-01  7.98905621E-01  6.38635873E-01  6.66465240E-01  2.17827916E-04  1.70336586E+00 -5.34698991E+00  0.00000000E+00  0.00000000E+00
     111  8.94319284E-01  7.99922980E-01  6.40247428E-01  6.66473581E-01  2.09351690E-04  1.59556164E+00 -5.34670786E+00  0.00000000E+00  0.00000000E+00
     121  8.95393325E-01  8.01851472E-01  6.43357183E-01  6.66463753E-01  2.20664948E-04  1.57453626E+00 -5.34738660E+00  0.00000000E+00  0.00000000E+00
     131  8.95557772E-01  8.02145661E-01  6.43828463E-01  6.66464211E-01  2.20073014E-04  1.64082157E+00 -5.34846800E+00  0.00000000E+00  0.00000000E+00
     141  8.94447422E-01  8.00171185E-01  6.40705246E-01  6.66442116E-01  2.43637451E-04  1.55331381E+00 -5.34868162E+00  0.00000000E+00  0.00000000E+00
     151  8.93931441E-01  7.99251862E-01  6.39245549E-01  6.66436022E-01  2.49859136E-04  1.57784508E+00 -5.34767130E+00  0.00000000E+00  0.00000000E+00
     161  8.93189585E-01  7.97932668E-01  6.37158800E-01  6.66424658E-01  2.61754895E-04  1.65405642E+00 -5.34688690E+00  0.00000000E+00  0.00000000E+00
     171  8.93154407E-01  7.97863144E-01  6.37026578E-01  6.66435757E-01  2.49692023E-04  1.63488841E+00 -5.34710761E+00  0.00000000E+00  0.00000000E+00
     181  8.92212899E-01  7.96197498E-01  6.34418621E-01  6.66409980E-01  2.77291825E-04  1.62210222E+00 -5.34788520E+00  0.00000000E+00  0.00000000E+00
     191  8.92479253E-01  7.96678807E-01  6.35204380E-01  6.66400262E-01  2.88027998E-04  1.61221739E+00 -5.34817975E+00  0.00000000E+00  0.00000000E+00
   #Iter             <M>           <M^2>           <M^4>      U_{Binder}            \chi        C_v(tot)             <E>       <E_{exc}>       <E_{lsf}>
       1  9.41251744E-01  8.85954845E-01  7.84915988E-01  6.66666667E-01  0.00000000E+00  0.00000000E+00 -5.29864035E+00  0.00000000E+00  0.00000000E+00
      11  9.45869107E-01  8.94712420E-01  8.00667631E-01  6.66601160E-01  1.59012762E-04  4.74757295E+01 -5.64005875E+00  0.00000000E+00  0.00000000E+00
      21  9.47843591E-01  8.98445798E-01  8.07342170E-01  6.66609962E-01  1.38335592E-04  2.80823633E+01 -5.66243808E+00  0.00000000E+00  0.00000000E+00
      31  9.46169898E-01  8.95278284E-01  8.01669009E-01  6.66606030E-01  1.47296207E-04  1.99082533E+01 -5.66601839E+00  0.00000000E+00  0.00000000E+00
      41  9.45670254E-01  8.94328765E-01  7.99954345E-01  6.66612319E-01  1.31876343E-04  1.54546112E+01 -5.66790623E+00  0.00000000E+00  0.00000000E+00
      51  9.45655457E-01  8.94298270E-01  7.99890917E-01  6.66616018E-01  1.22820352E-04  1.29080968E+01 -5.66817559E+00  0.00000000E+00  0.00000000E+00
      61  9.44790887E-01  8.92663952E-01  7.96970759E-01  6.66615704E-01  1.23202253E-04  1.10834061E+01 -5.66980618E+00  0.00000000E+00  0.00000000E+00
      71  9.45907446E-01  8.94778760E-01  8.00764367E-01  6.66610320E-01  1.36669543E-04  9.82387455E+00 -5.67216784E+00  0.00000000E+00  0.00000000E+00
      81  9.46464652E-01  8.95833589E-01  8.02654682E-01  6.66609819E-01  1.38071123E-04  8.83598582E+00 -5.67338956E+00  0.00000000E+00  0.00000000E+00
      91  9.46174129E-01  8.95283498E-01  8.01668508E-01  6.66610123E-01  1.37221380E-04  8.05602676E+00 -5.67429281E+00  0.00000000E+00  0.00000000E+00
     101  9.46819239E-01  8.96506982E-01  8.03869140E-01  6.66606791E-01  1.45507829E-04  7.39422477E+00 -5.67476495E+00  0.00000000E+00  0.00000000E+00
     111  9.46749709E-01  8.96375655E-01  8.03634810E-01  6.66606307E-01  1.46709924E-04  6.80242859E+00 -5.67414379E+00  0.00000000E+00  0.00000000E+00
     121  9.46820445E-01  8.96508088E-01  8.03866838E-01  6.66608568E-01  1.41256418E-04  6.34108901E+00 -5.67411682E+00  0.00000000E+00  0.00000000E+00
     131  9.46825344E-01  8.96515549E-01  8.03873724E-01  6.66611262E-01  1.34698609E-04  5.99111614E+00 -5.67475475E+00  0.00000000E+00  0.00000000E+00
     141  9.46726433E-01  8.96326968E-01  8.03531003E-01  6.66613157E-01  1.30049341E-04  5.62017097E+00 -5.67497712E+00  0.00000000E+00  0.00000000E+00
     151  9.46820945E-01  8.96505469E-01  8.03849406E-01  6.66613849E-01  1.28383114E-04  5.30024701E+00 -5.67527228E+00  0.00000000E+00  0.00000000E+00
     161  9.46450939E-01  8.95805263E-01  8.02595532E-01  6.66613305E-01  1.29523781E-04  5.09097601E+00 -5.67532320E+00  0.00000000E+00  0.00000000E+00
     171  9.46235418E-01  8.95397098E-01  8.01863510E-01  6.66613637E-01  1.28614655E-04  4.85674672E+00 -5.67569840E+00  0.00000000E+00  0.00000000E+00
     181  9.46152277E-01  8.95239297E-01  8.01579267E-01  6.66614317E-01  1.26937703E-04  4.67735323E+00 -5.67584744E+00  0.00000000E+00  0.00000000E+00
     191  9.46368344E-01  8.95648126E-01  8.02311158E-01  6.66614479E-01  1.26634947E-04  4.48961438E+00 -5.67592132E+00  0.00000000E+00  0.00000000E+00
   #Iter             <M>           <M^2>           <M^4>      U_{Binder}            \chi        C_v(tot)             <E>       <E_{exc}>       <E_{lsf}>
       1  9.67933657E-01  9.36895564E-01  8.77773298E-01  6.66666667E-01  0.00000000E+00  0.00000000E+00 -5.66310570E+00  0.00000000E+00  0.00000000E+00
      11  9.76629656E-01  9.53821585E-01  9.09836802E-01  6.66644249E-01  1.45283198E-04  8.76630214E+01 -5.84833666E+00  0.00000000E+00  0.00000000E+00
      21  9.77770407E-01  9.56046491E-01  9.14068742E-01  6.66650676E-01  1.03980089E-04  5.05474501E+01 -5.86053991E+00  0.00000000E+00  0.00000000E+00
      31  9.78571393E-01  9.57612354E-01  9.17060996E-01  6.66652281E-01  9.36872543E-05  3.53973628E+01 -5.86450223E+00  0.00000000E+00  0.00000000E+00
      41  9.78883162E-01  9.58220826E-01  9.18219873E-01  6.66654788E-01  7.74338659E-05  2.73783158E+01 -5.86620216E+00  0.00000000E+00  0.00000000E+00
      51  9.79086914E-01  9.58618687E-01  9.18978410E-01  6.66656284E-01  6.77067751E-05  2.22807382E+01 -5.86705134E+00  0.00000000E+00  0.00000000E+00
      61  9.79259448E-01  9.58955824E-01  9.19622066E-01  6.66657317E-01  6.09889816E-05  1.89127814E+01 -5.86845896E+00  0.00000000E+00  0.00000000E+00
      71  9.79519884E-01  9.59465718E-01  9.20599344E-01  6.66657657E-01  5.87906078E-05  1.66405118E+01 -5.86948800E+00  0.00000000E+00  0.00000000E+00
      81  9.79782018E-01  9.59979299E-01  9.21585087E-01  6.66657685E-01  5.86269239E-05  1.47912670E+01 -5.86996616E+00  0.00000000E+00  0.00000000E+00
      91  9.79533639E-01  9.59492880E-01  9.20652322E-01  6.66657349E-01  6.07309229E-05  1.33681093E+01 -5.86993001E+00  0.00000000E+00  0.00000000E+00
     101  9.79508150E-01  9.59442447E-01  9.20553634E-01  6.66658039E-01  5.62210203E-05  1.21457131E+01 -5.86974732E+00  0.00000000E+00  0.00000000E+00
     111  9.79394569E-01  9.59219792E-01  9.20125824E-01  6.66658257E-01  5.47695853E-05  1.11088864E+01 -5.86991907E+00  0.00000000E+00  0.00000000E+00
     121  9.79225355E-01  9.58888395E-01  9.19490282E-01  6.66658209E-01  5.50389278E-05  1.03113752E+01 -5.86967940E+00  0.00000000E+00  0.00000000E+00
     131  9.79305160E-01  9.59044632E-01  9.19789697E-01  6.66658298E-01  5.44647659E-05  9.62280271E+00 -5.86991874E+00  0.00000000E+00  0.00000000E+00
     141  9.79186190E-01  9.58811543E-01  9.19342337E-01  6.66658414E-01  5.36824738E-05  8.99931958E+00 -5.86989097E+00  0.00000000E+00  0.00000000E+00
     151  9.79279812E-01  9.58994830E-01  9.19693589E-01  6.66658510E-01  5.30660607E-05  8.47482915E+00 -5.87016025E+00  0.00000000E+00  0.00000000E+00
     161  9.79197459E-01  9.58833528E-01  9.19384177E-01  6.66658530E-01  5.29184725E-05  8.08273503E+00 -5.87039112E+00  0.00000000E+00  0.00000000E+00
     171  9.79119410E-01  9.58680588E-01  9.19090554E-01  6.66658657E-01  5.20700050E-05  7.68045388E+00 -5.87042180E+00  0.00000000E+00  0.00000000E+00
     181  9.79106009E-01  9.58654130E-01  9.19038998E-01  6.66658957E-01  5.01188756E-05  7.37564594E+00 -5.87081363E+00  0.00000000E+00  0.00000000E+00
     191  9.79120826E-01  9.58682947E-01  9.19093487E-01  6.66659234E-01  4.83212858E-05  7.03297520E+00 -5.87092647E+00  0.00000000E+00  0.00000000E+00
   #Iter             <M>           <M^2>           <M^4>      U_{Binder}            \chi        C_v(tot)             <E>       <E_{exc}>       <E_{lsf}>
       1  9.87029272E-01  9.74226783E-01  9.49117826E-01  6.66666667E-01  0.00000000E+00  0.00000000E+00 -5.86665971E+00  0.00000000E+00  0.00000000E+00
      11  9.89327172E-01  9.78769450E-01  9.57994318E-01  6.66665037E-01  2.16022672E-05  4.00107350E+01 -5.92825883E+00  0.00000000E+00  0.00000000E+00
      21  9.89328085E-01  9.78771050E-01  9.57996643E-01  6.66665319E-01  1.78614046E-05  2.29107199E+01 -5.93185213E+00  0.00000000E+00  0.00000000E+00
      31  9.89371835E-01  9.78857503E-01  9.58165441E-01  6.66665474E-01  1.58129405E-05  1.63282593E+01 -5.93324046E+00  0.00000000E+00  0.00000000E+00
      41  9.89395965E-01  9.78905127E-01  9.58258194E-01  6.66665642E-01  1.35839289E-05  1.28756662E+01 -5.93392112E+00  0.00000000E+00  0.00000000E+00
      51  9.89376958E-01  9.78867406E-01  9.58183910E-01  6.66665793E-01  1.15741007E-05  1.06050023E+01 -5.93414613E+00  0.00000000E+00  0.00000000E+00
      61  9.89361974E-01  9.78837863E-01  9.58126484E-01  6.66665650E-01  1.34757092E-05  9.20255151E+00 -5.93467799E+00  0.00000000E+00  0.00000000E+00
      71  9.89349968E-01  9.78814152E-01  9.58080247E-01  6.66665587E-01  1.43075170E-05  8.07433174E+00 -5.93476340E+00  0.00000000E+00  0.00000000E+00
      81  9.89513748E-01  9.79138391E-01  9.58715646E-01  6.66665395E-01  1.68578597E-05  7.38401486E+00 -5.93502284E+00  0.00000000E+00  0.00000000E+00
      91  9.89537500E-01  9.79185332E-01  9.58807308E-01  6.66665487E-01  1.56475594E-05  6.71250859E+00 -5.93514283E+00  0.00000000E+00  0.00000000E+00
     101  9.89613725E-01  9.79336175E-01  9.59102676E-01  6.66665509E-01  1.53552818E-05  6.12145335E+00 -5.93515087E+00  0.00000000E+00  0.00000000E+00
     111  9.89636800E-01  9.79381858E-01  9.59192201E-01  6.66665493E-01  1.55644799E-05  5.69403297E+00 -5.93515158E+00  0.00000000E+00  0.00000000E+00
     121  9.89642638E-01  9.79393396E-01  9.59214729E-01  6.66665518E-01  1.52355797E-05  5.29434160E+00 -5.93505702E+00  0.00000000E+00  0.00000000E+00
     131  9.89757262E-01  9.79620422E-01  9.59660032E-01  6.66665326E-01  1.77848114E-05  4.93871561E+00 -5.93521060E+00  0.00000000E+00  0.00000000E+00
     141  9.89730745E-01  9.79567950E-01  9.59557293E-01  6.66665303E-01  1.80810031E-05  4.66366856E+00 -5.93531627E+00  0.00000000E+00  0.00000000E+00
     151  9.89756557E-01  9.79619039E-01  9.59657369E-01  6.66665309E-01  1.80002635E-05  4.37664833E+00 -5.93538351E+00  0.00000000E+00  0.00000000E+00
     161  9.89717827E-01  9.79542377E-01  9.59507186E-01  6.66665306E-01  1.80493383E-05  4.19642537E+00 -5.93541306E+00  0.00000000E+00  0.00000000E+00
     171  9.89623567E-01  9.79356017E-01  9.59142956E-01  6.66665017E-01  2.18847326E-05  4.04240015E+00 -5.93548152E+00  0.00000000E+00  0.00000000E+00
     181  9.89628182E-01  9.79365110E-01  9.59160610E-01  6.66665071E-01  2.11594335E-05  3.94406948E+00 -5.93568387E+00  0.00000000E+00  0.00000000E+00
     191  9.89658201E-01  9.79424520E-01  9.59276948E-01  6.66665083E-01  2.10105236E-05  3.78953039E+00 -5.93578689E+00  0.00000000E+00  0.00000000E+00
   #Iter             <M>           <M^2>           <M^4>      U_{Binder}            \chi        C_v(tot)             <E>       <E_{exc}>       <E_{lsf}>
       1  9.92008736E-01  9.84081332E-01  9.68416068E-01  6.66666667E-01  0.00000000E+00  0.00000000E+00 -5.93115532E+00  0.00000000E+00  0.00000000E+00
      11  9.93780497E-01  9.87600195E-01  9.75356199E-01  6.66665965E-01  1.87748706E-05  4.46334802E+01 -5.96361172E+00  0.00000000E+00  0.00000000E+00
      21  9.94204313E-01  9.88442813E-01  9.77021554E-01  6.66665861E-01  2.15643803E-05  2.56048051E+01 -5.96554306E+00  0.00000000E+00  0.00000000E+00
      31  9.94411396E-01  9.88854647E-01  9.77835973E-01  6.66665828E-01  2.24564649E-05  1.81209041E+01 -5.96635465E+00  0.00000000E+00  0.00000000E+00
      41  9.94341680E-01  9.88715933E-01  9.77561393E-01  6.66665917E-01  2.00613364E-05  1.41210393E+01 -5.96654562E+00  0.00000000E+00  0.00000000E+00
      51  9.94440271E-01  9.88911966E-01  9.77948908E-01  6.66665974E-01  1.85524324E-05  1.18732252E+01 -5.96693084E+00  0.00000000E+00  0.00000000E+00
      61  9.94437153E-01  9.88905705E-01  9.77936288E-01  6.66666055E-01  1.63841762E-05  1.02964190E+01 -5.96724169E+00  0.00000000E+00  0.00000000E+00
      71  9.94556129E-01  9.89142414E-01  9.78404772E-01  6.66665966E-01  1.87674052E-05  9.21544968E+00 -5.96748267E+00  0.00000000E+00  0.00000000E+00
      81  9.94590472E-01  9.89210684E-01  9.78539666E-01  6.66666023E-01  1.72443667E-05  8.36242610E+00 -5.96752941E+00  0.00000000E+00  0.00000000E+00
      91  9.94613290E-01  9.89256037E-01  9.78629242E-01  6.66666075E-01  1.58479400E-05  7.63723331E+00 -5.96760865E+00  0.00000000E+00  0.00000000E+00
     101  9.94656317E-01  9.89341605E-01  9.78798459E-01  6.66666106E-01  1.50301560E-05  6.98169836E+00 -5.96761720E+00  0.00000000E+00  0.00000000E+00
     111  9.94675855E-01  9.89380449E-01  9.78875222E-01  6.66666139E-01  1.41383983E-05  6.49179406E+00 -5.96771445E+00  0.00000000E+00  0.00000000E+00
     121  9.94691849E-01  9.89412246E-01  9.78938062E-01  6.66666167E-01  1.34036892E-05  6.12725084E+00 -5.96768421E+00  0.00000000E+00  0.00000000E+00
     131  9.94698653E-01  9.89425777E-01  9.78964815E-01  6.66666174E-01  1.32129917E-05  5.77617436E+00 -5.96771171E+00  0.00000000E+00  0.00000000E+00
     141  9.94689813E-01  9.89408180E-01  9.78929955E-01  6.66666187E-01  1.28446106E-05  5.50745866E+00 -5.96773652E+00  0.00000000E+00  0.00000000E+00
     151  9.94692337E-01  9.89413186E-01  9.78939799E-01  6.66666208E-01  1.22859382E-05  5.20746588E+00 -5.96771121E+00  0.00000000E+00  0.00000000E+00
     161  9.94717056E-01  9.89462357E-01  9.79037082E-01  6.66666215E-01  1.20922567E-05  4.99172219E+00 -5.96774504E+00  0.00000000E+00  0.00000000E+00
     171  9.94703233E-01  9.89434855E-01  9.78982654E-01  6.66666217E-01  1.20595370E-05  4.75780777E+00 -5.96773040E+00  0.00000000E+00  0.00000000E+00
     181  9.94735129E-01  9.89498318E-01  9.79108272E-01  6.66666207E-01  1.23258162E-05  4.64818585E+00 -5.96785799E+00  0.00000000E+00  0.00000000E+00
     191  9.94731515E-01  9.89491120E-01  9.79094000E-01  6.66666216E-01  1.20677025E-05  4.48301795E+00 -5.96787415E+00  0.00000000E+00  0.00000000E+00
   #Iter             <M>           <M^2>           <M^4>      U_{Binder}            \chi        C_v(tot)             <E>       <E_{exc}>       <E_{lsf}>
       1  9.95859167E-01  9.91735481E-01  9.83539263E-01  6.66666667E-01  0.00000000E+00  0.00000000E+00 -5.96434225E+00  0.00000000E+00  0.00000000E+00
      11  9.96618268E-01  9.93248143E-01  9.86542552E-01  6.66666437E-01  1.02687631E-05  2.53821538E+01 -5.97891157E+00  0.00000000E+00  0.00000000E+00
      21  9.96574654E-01  9.93161160E-01  9.86369559E-01  6.66666508E-01  7.10902090E-06  1.43299998E+01 -5.97964057E+00  0.00000000E+00  0.00000000E+00
      31  9.96632710E-01  9.93276872E-01  9.86599401E-01  6.66666513E-01  6.89213641E-06  1.04040023E+01 -5.98005525E+00  0.00000000E+00  0.00000000E+00
      41  9.96718749E-01  9.93448379E-01  9.86940141E-01  6.66666512E-01  6.94908633E-06  8.19085826E+00 -5.98012504E+00  0.00000000E+00  0.00000000E+00
      51  9.96791428E-01  9.93593269E-01  9.87228058E-01  6.66666507E-01  7.16917389E-06  6.96173162E+00 -5.98035358E+00  0.00000000E+00  0.00000000E+00
      61  9.96846619E-01  9.93703302E-01  9.87446731E-01  6.66666505E-01  7.25345678E-06  6.17219339E+00 -5.98053133E+00  0.00000000E+00  0.00000000E+00
      71  9.96867459E-01  9.93744848E-01  9.87529288E-01  6.66666509E-01  7.06168318E-06  5.50505713E+00 -5.98063421E+00  0.00000000E+00  0.00000000E+00
      81  9.96870641E-01  9.93751181E-01  9.87541834E-01  6.66666523E-01  6.42969344E-06  5.02432280E+00 -5.98072036E+00  0.00000000E+00  0.00000000E+00
      91  9.96883795E-01  9.93777401E-01  9.87593921E-01  6.66666532E-01  6.02253777E-06  4.53725849E+00 -5.98071777E+00  0.00000000E+00  0.00000000E+00
     101  9.96912314E-01  9.93834265E-01  9.87706958E-01  6.66666528E-01  6.22791655E-06  4.17740461E+00 -5.98069988E+00  0.00000000E+00  0.00000000E+00
     111  9.96918969E-01  9.93847531E-01  9.87733314E-01  6.66666532E-01  6.04605556E-06  3.90124038E+00 -5.98075525E+00  0.00000000E+00  0.00000000E+00
     121  9.96908396E-01  9.93826447E-01  9.87691393E-01  6.66666537E-01  5.83312619E-06  3.69522413E+00 -5.98079661E+00  0.00000000E+00  0.00000000E+00
     131  9.96915470E-01  9.93840555E-01  9.87719448E-01  6.66666532E-01  6.04219583E-06  3.45678558E+00 -5.98081895E+00  0.00000000E+00  0.00000000E+00
     141  9.96937135E-01  9.93883752E-01  9.87805314E-01  6.66666531E-01  6.08447800E-06  3.29752646E+00 -5.98087310E+00  0.00000000E+00  0.00000000E+00
     151  9.96934914E-01  9.93879318E-01  9.87796478E-01  6.66666539E-01  5.74365604E-06  3.13838633E+00 -5.98086779E+00  0.00000000E+00  0.00000000E+00
     161  9.96926323E-01  9.93862186E-01  9.87762413E-01  6.66666542E-01  5.57834338E-06  2.99415058E+00 -5.98088945E+00  0.00000000E+00  0.00000000E+00
     171  9.96909533E-01  9.93828714E-01  9.87695902E-01  6.66666535E-01  5.89052124E-06  2.92661345E+00 -5.98085740E+00  0.00000000E+00  0.00000000E+00
     181  9.96905062E-01  9.93819799E-01  9.87678171E-01  6.66666539E-01  5.73538022E-06  2.83178189E+00 -5.98091195E+00  0.00000000E+00  0.00000000E+00
     191  9.96914391E-01  9.93838398E-01  9.87715140E-01  6.66666539E-01  5.73056265E-06  2.71928476E+00 -5.98091143E+00  0.00000000E+00  0.00000000E+00
   #Iter             <M>           <M^2>           <M^4>      U_{Binder}            \chi        C_v(tot)             <E>       <E_{exc}>       <E_{lsf}>
       1  9.97989377E-01  9.95982796E-01  9.91981731E-01  6.66666667E-01  0.00000000E+00  0.00000000E+00 -5.98030982E+00  0.00000000E+00  0.00000000E+00
      11  9.98643330E-01  9.97288574E-01  9.94584789E-01  6.66666570E-01  1.30825425E-05  1.38858861E+02 -5.99193176E+00  0.00000000E+00  0.00000000E+00
      21  9.98807195E-01  9.97615882E-01  9.95237726E-01  6.66666574E-01  1.25767548E-05  8.04578290E+01 -5.99276176E+00  0.00000000E+00  0.00000000E+00
      31  9.98870576E-01  9.97742489E-01  9.95490317E-01  6.66666585E-01  1.10201894E-05  5.69954612E+01 -5.99306940E+00  0.00000000E+00  0.00000000E+00
      41  9.98837474E-01  9.97676350E-01  9.95358302E-01  6.66666599E-01  9.13706619E-06  4.39224402E+01 -5.99319654E+00  0.00000000E+00  0.00000000E+00
      51  9.98858015E-01  9.97717379E-01  9.95440147E-01  6.66666607E-01  8.05920815E-06  3.58043920E+01 -5.99329005E+00  0.00000000E+00  0.00000000E+00
      61  9.98878119E-01  9.97757536E-01  9.95520260E-01  6.66666613E-01  7.19383188E-06  3.04109292E+01 -5.99335698E+00  0.00000000E+00  0.00000000E+00
      71  9.98874450E-01  9.97750202E-01  9.95505603E-01  6.66666621E-01  6.23157630E-06  2.63464633E+01 -5.99339949E+00  0.00000000E+00  0.00000000E+00
      81  9.98885575E-01  9.97772423E-01  9.95549938E-01  6.66666623E-01  5.85677369E-06  2.33465396E+01 -5.99344966E+00  0.00000000E+00  0.00000000E+00
      91  9.98897855E-01  9.97796957E-01  9.95598891E-01  6.66666625E-01  5.63262760E-06  2.10250287E+01 -5.99349180E+00  0.00000000E+00  0.00000000E+00
     101  9.98898662E-01  9.97798567E-01  9.95602098E-01  6.66666627E-01  5.29891594E-06  1.90852487E+01 -5.99349100E+00  0.00000000E+00  0.00000000E+00
     111  9.98916109E-01  9.97833422E-01  9.95671658E-01  6.66666627E-01  5.41594361E-06  1.75050250E+01 -5.99351019E+00  0.00000000E+00  0.00000000E+00
     121  9.98923876E-01  9.97848939E-01  9.95702619E-01  6.66666628E-01  5.16805655E-06  1.61551964E+01 -5.99352695E+00  0.00000000E+00  0.00000000E+00
     131  9.98931019E-01  9.97863209E-01  9.95731096E-01  6.66666629E-01  5.10575604E-06  1.50086173E+01 -5.99353734E+00  0.00000000E+00  0.00000000E+00
     141  9.98937693E-01  9.97876543E-01  9.95757705E-01  6.66666630E-01  4.97646057E-06  1.39860210E+01 -5.99354333E+00  0.00000000E+00  0.00000000E+00
     151  9.98935521E-01  9.97872202E-01  9.95749035E-01  6.66666632E-01  4.72888281E-06  1.30963987E+01 -5.99354436E+00  0.00000000E+00  0.00000000E+00
     161  9.98943749E-01  9.97888640E-01  9.95781843E-01  6.66666632E-01  4.74646212E-06  1.23524585E+01 -5.99354963E+00  0.00000000E+00  0.00000000E+00
     171  9.98946701E-01  9.97894536E-01  9.95793605E-01  6.66666633E-01  4.55812985E-06  1.17339421E+01 -5.99355788E+00  0.00000000E+00  0.00000000E+00
     181  9.98955472E-01  9.97912061E-01  9.95828582E-01  6.66666633E-01  4.58377112E-06  1.11685065E+01 -5.99357307E+00  0.00000000E+00  0.00000000E+00
     191  9.98961592E-01  9.97924288E-01  9.95852983E-01  6.66666633E-01  4.48152816E-06  1.06259102E+01 -5.99357982E+00  0.00000000E+00  0.00000000E+00
   #Iter             <M>           <M^2>           <M^4>      U_{Binder}            \chi        C_v(tot)             <E>       <E_{exc}>       <E_{lsf}>
       1  9.99328366E-01  9.98657183E-01  9.97316169E-01  6.66666667E-01  0.00000000E+00  0.00000000E+00 -5.99342859E+00  0.00000000E+00  0.00000000E+00
      11  9.99568439E-01  9.99137077E-01  9.98274945E-01  6.66666651E-01  2.11099506E-05  2.64942503E+03 -5.99838199E+00  0.00000000E+00  0.00000000E+00
      21  9.99658946E-01  9.99318025E-01  9.98636575E-01  6.66666646E-01  2.77104934E-05  1.58835863E+03 -5.99880910E+00  0.00000000E+00  0.00000000E+00
      31  9.99706423E-01  9.99412947E-01  9.98826299E-01  6.66666646E-01  2.74846573E-05  1.13262550E+03 -5.99897351E+00  0.00000000E+00  0.00000000E+00
      41  9.99740706E-01  9.99481495E-01  9.98963320E-01  6.66666646E-01  2.74076369E-05  8.80376672E+02 -5.99906130E+00  0.00000000E+00  0.00000000E+00
      51  9.99764946E-01  9.99529962E-01  9.99060204E-01  6.66666647E-01  2.63868602E-05  7.20317778E+02 -5.99911620E+00  0.00000000E+00  0.00000000E+00
      61  9.99782989E-01  9.99566039E-01  9.99132322E-01  6.66666648E-01  2.50702901E-05  6.08242249E+02 -5.99915014E+00  0.00000000E+00  0.00000000E+00
      71  9.99799046E-01  9.99598147E-01  9.99196509E-01  6.66666649E-01  2.43875903E-05  5.27899747E+02 -5.99917935E+00  0.00000000E+00  0.00000000E+00
      81  9.99811485E-01  9.99623019E-01  9.99246231E-01  6.66666649E-01  2.33632329E-05  4.66624343E+02 -5.99920261E+00  0.00000000E+00  0.00000000E+00
      91  9.99821824E-01  9.99643692E-01  9.99287561E-01  6.66666650E-01  2.23616605E-05  4.19450642E+02 -5.99922482E+00  0.00000000E+00  0.00000000E+00
     101  9.99829752E-01  9.99659544E-01  9.99319251E-01  6.66666651E-01  2.11815689E-05  3.79703565E+02 -5.99923839E+00  0.00000000E+00  0.00000000E+00
     111  9.99836528E-01  9.99673095E-01  9.99346341E-01  6.66666652E-01  2.01217517E-05  3.46642932E+02 -5.99924884E+00  0.00000000E+00  0.00000000E+00
     121  9.99842014E-01  9.99684063E-01  9.99368268E-01  6.66666653E-01  1.90638421E-05  3.19028028E+02 -5.99925836E+00  0.00000000E+00  0.00000000E+00
     131  9.99846528E-01  9.99693090E-01  9.99386315E-01  6.66666653E-01  1.80557119E-05  2.95228990E+02 -5.99926499E+00  0.00000000E+00  0.00000000E+00
     141  9.99849745E-01  9.99699522E-01  9.99399172E-01  6.66666654E-01  1.70269195E-05  2.74773594E+02 -5.99927070E+00  0.00000000E+00  0.00000000E+00
     151  9.99851244E-01  9.99702518E-01  9.99405160E-01  6.66666655E-01  1.59637414E-05  2.56989516E+02 -5.99927579E+00  0.00000000E+00  0.00000000E+00
     161  9.99852813E-01  9.99705655E-01  9.99411430E-01  6.66666656E-01  1.50407738E-05  2.41643676E+02 -5.99928200E+00  0.00000000E+00  0.00000000E+00
     171  9.99854916E-01  9.99709862E-01  9.99419839E-01  6.66666656E-01  1.42952241E-05  2.27831123E+02 -5.99928593E+00  0.00000000E+00  0.00000000E+00
     181  9.99857670E-01  9.99715368E-01  9.99430847E-01  6.66666657E-01  1.37421878E-05  2.15636027E+02 -5.99929044E+00  0.00000000E+00  0.00000000E+00
     191  9.99860656E-01  9.99721338E-01  9.99442783E-01  6.66666657E-01  1.33174110E-05  2.04699069E+02 -5.99929468E+00  0.00000000E+00  0.00000000E+00
   #Iter             <M>           <M^2>           <M^4>      U_{Binder}            \chi        C_v(tot)             <E>       <E_{exc}>       <E_{lsf}>
       1  9.99941658E-01  9.99883320E-01  9.99766653E-01  6.66666667E-01  0.00000000E+00  0.00000000E+00 -5.99935567E+00  0.00000000E+00  0.00000000E+00
      11  9.99965113E-01  9.99930228E-01  9.99860461E-01  6.66666667E-01  2.14531295E-05  2.69342524E+05 -5.99983667E+00  0.00000000E+00  0.00000000E+00
      21  9.99972671E-01  9.99945342E-01  9.99890688E-01  6.66666666E-01  2.27681371E-05  1.79733072E+05 -5.99989591E+00  0.00000000E+00  0.00000000E+00
      31  9.99976436E-01  9.99952872E-01  9.99905747E-01  6.66666667E-01  2.08307912E-05  1.35029910E+05 -5.99992107E+00  0.00000000E+00  0.00000000E+00
      41  9.99978919E-01  9.99957839E-01  9.99915681E-01  6.66666667E-01  1.92131403E-05  1.08463969E+05 -5.99993542E+00  0.00000000E+00  0.00000000E+00
      51  9.99980668E-01  9.99961337E-01  9.99922676E-01  6.66666667E-01  1.77143307E-05  9.06536551E+04 -5.99994462E+00  0.00000000E+00  0.00000000E+00
      61  9.99982029E-01  9.99964059E-01  9.99928120E-01  6.66666667E-01  1.65179239E-05  7.80071040E+04 -5.99995122E+00  0.00000000E+00  0.00000000E+00
      71  9.99983140E-01  9.99966280E-01  9.99932561E-01  6.66666667E-01  1.55502829E-05  6.85125727E+04 -5.99995617E+00  0.00000000E+00  0.00000000E+00
      81  9.99984047E-01  9.99968094E-01  9.99936190E-01  6.66666667E-01  1.46856536E-05  6.11279136E+04 -5.99996006E+00  0.00000000E+00  0.00000000E+00
      91  9.99984809E-01  9.99969618E-01  9.99939237E-01  6.66666667E-01  1.39203091E-05  5.52106497E+04 -5.99996321E+00  0.00000000E+00  0.00000000E+00
     101  9.99985449E-01  9.99970899E-01  9.99941799E-01  6.66666667E-01  1.32163188E-05  5.03342581E+04 -5.99996576E+00  0.00000000E+00  0.00000000E+00
     111  9.99986028E-01  9.99972055E-01  9.99944112E-01  6.66666667E-01  1.26357382E-05  4.62613878E+04 -5.99996790E+00  0.00000000E+00  0.00000000E+00
     121  9.99986533E-01  9.99973066E-01  9.99946133E-01  6.66666667E-01  1.21031870E-05  4.28065508E+04 -5.99996973E+00  0.00000000E+00  0.00000000E+00
     131  9.99986982E-01  9.99973963E-01  9.99947928E-01  6.66666667E-01  1.16191060E-05  3.98352012E+04 -5.99997129E+00  0.00000000E+00  0.00000000E+00
     141  9.99987384E-01  9.99974768E-01  9.99949536E-01  6.66666667E-01  1.11771634E-05  3.72474389E+04 -5.99997264E+00  0.00000000E+00  0.00000000E+00
     151  9.99987740E-01  9.99975479E-01  9.99950960E-01  6.66666667E-01  1.07595261E-05  3.49690121E+04 -5.99997380E+00  0.00000000E+00  0.00000000E+00
     161  9.99988061E-01  9.99976122E-01  9.99952245E-01  6.66666667E-01  1.03726060E-05  3.29514587E+04 -5.99997481E+00  0.00000000E+00  0.00000000E+00
     171  9.99988361E-01  9.99976723E-01  9.99953447E-01  6.66666667E-01  1.00286658E-05  3.11534726E+04 -5.99997571E+00  0.00000000E+00  0.00000000E+00
     181  9.99988645E-01  9.99977291E-01  9.99954583E-01  6.66666667E-01  9.72341765E-06  2.95433834E+04 -5.99997652E+00  0.00000000E+00  0.00000000E+00
     191  9.99988910E-01  9.99977820E-01  9.99955641E-01  6.66666667E-01  9.44297568E-06  2.80903000E+04 -5.99997724E+00  0.00000000E+00  0.00000000E+00
   #Iter             <M>           <M^2>           <M^4>      U_{Binder}            \chi        C_v(tot)             <E>       <E_{exc}>       <E_{lsf}>
       1  9.99993791E-01  9.99987582E-01  9.99975164E-01  6.66666667E-01  0.00000000E+00  0.00000000E+00 -5.99999067E+00  0.00000000E+00  0.00000000E+00
      11  9.99992399E-01  9.99984798E-01  9.99969596E-01  6.66666667E-01  1.21686488E-08  1.18930506E+01 -5.99997166E+00  0.00000000E+00  0.00000000E+00
      21  9.99991336E-01  9.99982671E-01  9.99965343E-01  6.66666667E-01  3.17571077E-08  2.23251533E+01 -5.99995992E+00  0.00000000E+00  0.00000000E+00
      31  9.99990781E-01  9.99981562E-01  9.99963124E-01  6.66666667E-01  3.34702964E-08  2.30520847E+01 -5.99995381E+00  0.00000000E+00  0.00000000E+00
      41  9.99990654E-01  9.99981307E-01  9.99962615E-01  6.66666667E-01  2.64331986E-08  2.25207021E+01 -5.99994988E+00  0.00000000E+00  0.00000000E+00
      51  9.99990646E-01  9.99981292E-01  9.99962585E-01  6.66666667E-01  2.13657669E-08  2.11263542E+01 -5.99994719E+00  0.00000000E+00  0.00000000E+00
      61  9.99990526E-01  9.99981051E-01  9.99962103E-01  6.66666667E-01  1.95984776E-08  1.90057835E+01 -5.99994562E+00  0.00000000E+00  0.00000000E+00
      71  9.99990471E-01  9.99980942E-01  9.99961885E-01  6.66666667E-01  1.73723342E-08  1.69617319E+01 -5.99994462E+00  0.00000000E+00  0.00000000E+00
      81  9.99990403E-01  9.99980806E-01  9.99961613E-01  6.66666667E-01  1.58414849E-08  1.55461287E+01 -5.99994365E+00  0.00000000E+00  0.00000000E+00
      91  9.99990367E-01  9.99980734E-01  9.99961469E-01  6.66666667E-01  1.43627326E-08  1.43310338E+01 -5.99994289E+00  0.00000000E+00  0.00000000E+00
     101  9.99990245E-01  9.99980490E-01  9.99960981E-01  6.66666667E-01  1.56150634E-08  1.31010603E+01 -5.99994249E+00  0.00000000E+00  0.00000000E+00
     111  9.99990222E-01  9.99980444E-01  9.99960888E-01  6.66666667E-01  1.44669265E-08  1.21700780E+01 -5.99994204E+00  0.00000000E+00  0.00000000E+00
     121  9.99990216E-01  9.99980432E-01  9.99960864E-01  6.66666667E-01  1.33568604E-08  1.15118721E+01 -5.99994153E+00  0.00000000E+00  0.00000000E+00
     131  9.99990180E-01  9.99980361E-01  9.99960722E-01  6.66666667E-01  1.28639429E-08  1.12050873E+01 -5.99994086E+00  0.00000000E+00  0.00000000E+00
     141  9.99990150E-01  9.99980299E-01  9.99960599E-01  6.66666667E-01  1.22147346E-08  1.08232003E+01 -5.99994031E+00  0.00000000E+00  0.00000000E+00
     151  9.99990109E-01  9.99980219E-01  9.99960437E-01  6.66666667E-01  1.18360297E-08  1.02705624E+01 -5.99993998E+00  0.00000000E+00  0.00000000E+00
     161  9.99990083E-01  9.99980165E-01  9.99960331E-01  6.66666667E-01  1.15394778E-08  9.85254149E+00 -5.99993962E+00  0.00000000E+00  0.00000000E+00
     171  9.99990109E-01  9.99980219E-01  9.99960437E-01  6.66666667E-01  1.10906424E-08  9.39059290E+00 -5.99993942E+00  0.00000000E+00  0.00000000E+00
     181  9.99990088E-01  9.99980177E-01  9.99960354E-01  6.66666667E-01  1.09403627E-08  8.96902939E+00 -5.99993927E+00  0.00000000E+00  0.00000000E+00
     191  9.99990032E-01  9.99980064E-01  9.99960128E-01  6.66666667E-01  1.14693473E-08  8.72601042E+00 -5.99993892E+00  0.00000000E+00  0.00000000E+00
