################################################################################
# File type: R
# Simulation type: M
# Number of atoms:       400
# Number of ensembles:         1
################################################################################
   #iter     ens   iatom           |Mom|             M_x             M_y             M_z
      -1       1       1    1.00000000E+00 -1.61231418E-01 -1.63682820E-01  9.73248357E-01
      -1       1       2    1.00000000E+00 -1.58639817E-01 -1.66402353E-01  9.73213063E-01
      -1       1       3    1.00000000E+00 -1.57870499E-01 -1.67099753E-01  9.73218669E-01
      -1       1       4    1.00000000E+00 -1.61391276E-01 -1.72137124E-01  9.71762145E-01
      -1       1       5    1.00000000E+00 -1.59456432E-01 -1.73532629E-01  9.71833356E-01
      -1       1       6    1.00000000E+00 -1.59236747E-01 -1.72125513E-01  9.72119574E-01
      -1       1       7    1.00000000E+00 -1.59631912E-01 -1.68626099E-01  9.72667925E-01
      -1       1       8    1.00000000E+00 -1.61202297E-01 -1.71701488E-01  9.71870577E-01
      -1       1       9    1.00000000E+00 -1.61424180E-01 -1.68056857E-01  9.72470630E-01
      -1       1      10    1.00000000E+00 -1.62726046E-01 -1.72550003E-01  9.71466279E-01
      -1       1      11    1.00000000E+00 -1.61643350E-01 -1.67182492E-01  9.72584928E-01
      -1       1      12    1.00000000E+00 -1.60991817E-01 -1.67759910E-01  9.72593568E-01
      -1       1      13    1.00000000E+00 -1.62325739E-01 -1.62798394E-01  9.73214795E-01
      -1       1      14    1.00000000E+00 -1.59510345E-01 -1.66792879E-01  9.73003898E-01
      -1       1      15    1.00000000E+00 -1.58972252E-01 -1.66349373E-01  9.73167873E-01
      -1       1      16    1.00000000E+00 -1.60635086E-01 -1.69108717E-01  9.72418948E-01
      -1       1      17    1.00000000E+00 -1.61287238E-01 -1.62976662E-01  9.73357609E-01
      -1       1      18    1.00000000E+00 -1.58736637E-01 -1.60501378E-01  9.74187861E-01
      -1       1      19    1.00000000E+00 -1.60924693E-01 -1.61597518E-01  9.73647516E-01
      -1       1      20    1.00000000E+00 -1.60294441E-01 -1.59082961E-01  9.74165440E-01
      -1       1      21    1.00000000E+00 -1.61902624E-01 -1.60013827E-01  9.73746946E-01
      -1       1      22    1.00000000E+00 -1.63718035E-01 -1.65468671E-01  9.72530989E-01
      -1       1      23    1.00000000E+00 -1.63104379E-01 -1.70983054E-01  9.71679863E-01
      -1       1      24    1.00000000E+00 -1.61519112E-01 -1.71936677E-01  9.71776392E-01
      -1       1      25    1.00000000E+00 -1.60146908E-01 -1.72021666E-01  9.71988433E-01
      -1       1      26    1.00000000E+00 -1.58926474E-01 -1.71548405E-01  9.72272349E-01
      -1       1      27    1.00000000E+00 -1.58392556E-01 -1.74322363E-01  9.71865995E-01
      -1       1      28    1.00000000E+00 -1.60563490E-01 -1.72167905E-01  9.71893810E-01
      -1       1      29    1.00000000E+00 -1.64098698E-01 -1.70462129E-01  9.71603973E-01
      -1       1      30    1.00000000E+00 -1.63732449E-01 -1.72100852E-01  9.71376848E-01
      -1       1      31    1.00000000E+00 -1.65490290E-01 -1.69608756E-01  9.71517284E-01
      -1       1      32    1.00000000E+00 -1.61379455E-01 -1.67265990E-01  9.72614394E-01
      -1       1      33    1.00000000E+00 -1.64812191E-01 -1.66016487E-01  9.72252780E-01
      -1       1      34    1.00000000E+00 -1.62177599E-01 -1.69430176E-01  9.72106909E-01
      -1       1      35    1.00000000E+00 -1.61002175E-01 -1.64913017E-01  9.73078618E-01
      -1       1      36    1.00000000E+00 -1.61256498E-01 -1.72034512E-01  9.71802690E-01
      -1       1      37    1.00000000E+00 -1.63898350E-01 -1.64332662E-01  9.72693223E-01
      -1       1      38    1.00000000E+00 -1.62961990E-01 -1.63813446E-01  9.72938099E-01
      -1       1      39    1.00000000E+00 -1.61413677E-01 -1.59660083E-01  9.73886175E-01
      -1       1      40    1.00000000E+00 -1.59729356E-01 -1.55670621E-01  9.74809310E-01
      -1       1      41    1.00000000E+00 -1.62804348E-01 -1.61779672E-01  9.73304722E-01
      -1       1      42    1.00000000E+00 -1.62288923E-01 -1.63544244E-01  9.73095877E-01
      -1       1      43    1.00000000E+00 -1.62922707E-01 -1.63341618E-01  9.73024001E-01
      -1       1      44    1.00000000E+00 -1.61485296E-01 -1.66525991E-01  9.72723801E-01
      -1       1      45    1.00000000E+00 -1.64699501E-01 -1.67044158E-01  9.72095841E-01
      -1       1      46    1.00000000E+00 -1.61500618E-01 -1.72646045E-01  9.71653690E-01
      -1       1      47    1.00000000E+00 -1.58999163E-01 -1.70908238E-01  9.72373200E-01
      -1       1      48    1.00000000E+00 -1.64508066E-01 -1.69102884E-01  9.71772253E-01
      -1       1      49    1.00000000E+00 -1.64422532E-01 -1.72555990E-01  9.71179521E-01
      -1       1      50    1.00000000E+00 -1.57915011E-01 -1.68952776E-01  9.72891468E-01
      -1       1      51    1.00000000E+00 -1.62532798E-01 -1.70311762E-01  9.71893509E-01
      -1       1      52    1.00000000E+00 -1.67073749E-01 -1.72117598E-01  9.70804767E-01
      -1       1      53    1.00000000E+00 -1.61388530E-01 -1.71600453E-01  9.71857514E-01
      -1       1      54    1.00000000E+00 -1.63344065E-01 -1.73366213E-01  9.71217212E-01
      -1       1      55    1.00000000E+00 -1.64182765E-01 -1.66881075E-01  9.72211256E-01
      -1       1      56    1.00000000E+00 -1.64771202E-01 -1.65181016E-01  9.72402017E-01
      -1       1      57    1.00000000E+00 -1.62045113E-01 -1.66901150E-01  9.72566392E-01
      -1       1      58    1.00000000E+00 -1.59948149E-01 -1.64317280E-01  9.73353184E-01
      -1       1      59    1.00000000E+00 -1.61278652E-01 -1.64397091E-01  9.73120133E-01
      -1       1      60    1.00000000E+00 -1.62721444E-01 -1.64672704E-01  9.72833301E-01
      -1       1      61    1.00000000E+00 -1.60308465E-01 -1.62784610E-01  9.73551420E-01
      -1       1      62    1.00000000E+00 -1.58377700E-01 -1.65191435E-01  9.73462015E-01
      -1       1      63    1.00000000E+00 -1.62125000E-01 -1.63261572E-01  9.73170665E-01
      -1       1      64    1.00000000E+00 -1.58061185E-01 -1.60922439E-01  9.74228223E-01
      -1       1      65    1.00000000E+00 -1.62948498E-01 -1.69014168E-01  9.72050409E-01
      -1       1      66    1.00000000E+00 -1.61085450E-01 -1.66344212E-01  9.72821197E-01
      -1       1      67    1.00000000E+00 -1.57278799E-01 -1.67822176E-01  9.73190165E-01
      -1       1      68    1.00000000E+00 -1.65387753E-01 -1.66604461E-01  9.72054445E-01
      -1       1      69    1.00000000E+00 -1.62678138E-01 -1.68797746E-01  9.72133296E-01
      -1       1      70    1.00000000E+00 -1.60954380E-01 -1.66902911E-01  9.72747195E-01
      -1       1      71    1.00000000E+00 -1.63032787E-01 -1.71912818E-01  9.71527814E-01
      -1       1      72    1.00000000E+00 -1.61747426E-01 -1.72057558E-01  9.71717020E-01
      -1       1      73    1.00000000E+00 -1.60924267E-01 -1.72572199E-01  9.71762428E-01
      -1       1      74    1.00000000E+00 -1.61997059E-01 -1.72991573E-01  9.71509582E-01
      -1       1      75    1.00000000E+00 -1.65350028E-01 -1.66093467E-01  9.72148306E-01
      -1       1      76    1.00000000E+00 -1.61304553E-01 -1.66322259E-01  9.72788645E-01
      -1       1      77    1.00000000E+00 -1.61467083E-01 -1.66662116E-01  9.72703511E-01
      -1       1      78    1.00000000E+00 -1.60974482E-01 -1.67017229E-01  9.72724247E-01
      -1       1      79    1.00000000E+00 -1.58710131E-01 -1.62865470E-01  9.73799740E-01
      -1       1      80    1.00000000E+00 -1.59598786E-01 -1.64017518E-01  9.73461084E-01
      -1       1      81    1.00000000E+00 -1.60106822E-01 -1.67859773E-01  9.72722418E-01
      -1       1      82    1.00000000E+00 -1.61100169E-01 -1.67052662E-01  9.72697355E-01
      -1       1      83    1.00000000E+00 -1.62802660E-01 -1.70775425E-01  9.71766972E-01
      -1       1      84    1.00000000E+00 -1.62746505E-01 -1.63259134E-01  9.73067331E-01
      -1       1      85    1.00000000E+00 -1.60355031E-01 -1.64950833E-01  9.73179062E-01
      -1       1      86    1.00000000E+00 -1.63592099E-01 -1.60428887E-01  9.73396218E-01
      -1       1      87    1.00000000E+00 -1.61724779E-01 -1.63796634E-01  9.73147347E-01
      -1       1      88    1.00000000E+00 -1.65872149E-01 -1.65449003E-01  9.72169254E-01
      -1       1      89    1.00000000E+00 -1.61380238E-01 -1.65718599E-01  9.72879111E-01
      -1       1      90    1.00000000E+00 -1.64774199E-01 -1.68534261E-01  9.71825944E-01
      -1       1      91    1.00000000E+00 -1.60636445E-01 -1.74270011E-01  9.71507023E-01
      -1       1      92    1.00000000E+00 -1.58983443E-01 -1.72827035E-01  9.72036563E-01
      -1       1      93    1.00000000E+00 -1.61003656E-01 -1.70882815E-01  9.72047780E-01
      -1       1      94    1.00000000E+00 -1.64230326E-01 -1.76239479E-01  9.70550383E-01
      -1       1      95    1.00000000E+00 -1.57650726E-01 -1.69240734E-01  9.72884280E-01
      -1       1      96    1.00000000E+00 -1.61261088E-01 -1.65698829E-01  9.72902235E-01
      -1       1      97    1.00000000E+00 -1.59589853E-01 -1.63068311E-01  9.73622003E-01
      -1       1      98    1.00000000E+00 -1.63096885E-01 -1.67216938E-01  9.72336311E-01
      -1       1      99    1.00000000E+00 -1.63921161E-01 -1.67504852E-01  9.72148125E-01
      -1       1     100    1.00000000E+00 -1.59122660E-01 -1.68392574E-01  9.72791817E-01
      -1       1     101    1.00000000E+00 -1.62036627E-01 -1.67348327E-01  9.72490961E-01
      -1       1     102    1.00000000E+00 -1.61635787E-01 -1.67502605E-01  9.72531105E-01
      -1       1     103    1.00000000E+00 -1.61141770E-01 -1.71511289E-01  9.71914198E-01
      -1       1     104    1.00000000E+00 -1.61185223E-01 -1.71502644E-01  9.71908518E-01
      -1       1     105    1.00000000E+00 -1.60734927E-01 -1.65058182E-01  9.73098186E-01
      -1       1     106    1.00000000E+00 -1.59218844E-01 -1.64107771E-01  9.73508089E-01
      -1       1     107    1.00000000E+00 -1.64855685E-01 -1.60908979E-01  9.73103748E-01
      -1       1     108    1.00000000E+00 -1.59530583E-01 -1.65101025E-01  9.73289086E-01
      -1       1     109    1.00000000E+00 -1.62111490E-01 -1.65068647E-01  9.72868031E-01
      -1       1     110    1.00000000E+00 -1.62140409E-01 -1.68095245E-01  9.72344834E-01
      -1       1     111    1.00000000E+00 -1.61007569E-01 -1.68576647E-01  9.72449730E-01
      -1       1     112    1.00000000E+00 -1.62427275E-01 -1.70480721E-01  9.71881528E-01
      -1       1     113    1.00000000E+00 -1.58458680E-01 -1.66711181E-01  9.73189719E-01
      -1       1     114    1.00000000E+00 -1.61724487E-01 -1.68086937E-01  9.72415535E-01
      -1       1     115    1.00000000E+00 -1.67127336E-01 -1.68263204E-01  9.71471022E-01
      -1       1     116    1.00000000E+00 -1.62271402E-01 -1.69351269E-01  9.72105004E-01
      -1       1     117    1.00000000E+00 -1.56528186E-01 -1.62864574E-01  9.74152995E-01
      -1       1     118    1.00000000E+00 -1.59334499E-01 -1.65212262E-01  9.73302330E-01
      -1       1     119    1.00000000E+00 -1.62829813E-01 -1.64969557E-01  9.72764872E-01
      -1       1     120    1.00000000E+00 -1.63444536E-01 -1.68474398E-01  9.72060832E-01
      -1       1     121    1.00000000E+00 -1.64122589E-01 -1.65446178E-01  9.72466626E-01
      -1       1     122    1.00000000E+00 -1.63356978E-01 -1.65590563E-01  9.72570955E-01
      -1       1     123    1.00000000E+00 -1.65009337E-01 -1.70237329E-01  9.71489151E-01
      -1       1     124    1.00000000E+00 -1.63730955E-01 -1.68285419E-01  9.72045365E-01
      -1       1     125    1.00000000E+00 -1.60782498E-01 -1.66222873E-01  9.72892052E-01
      -1       1     126    1.00000000E+00 -1.60776430E-01 -1.62675266E-01  9.73492526E-01
      -1       1     127    1.00000000E+00 -1.64600755E-01 -1.64432832E-01  9.72557677E-01
      -1       1     128    1.00000000E+00 -1.61408274E-01 -1.65004833E-01  9.72995773E-01
      -1       1     129    1.00000000E+00 -1.58642613E-01 -1.66796538E-01  9.73145126E-01
      -1       1     130    1.00000000E+00 -1.63098262E-01 -1.72404312E-01  9.71429725E-01
      -1       1     131    1.00000000E+00 -1.65286397E-01 -1.68244849E-01  9.71789112E-01
      -1       1     132    1.00000000E+00 -1.60880947E-01 -1.68269362E-01  9.72523903E-01
      -1       1     133    1.00000000E+00 -1.60577724E-01 -1.65696074E-01  9.73015727E-01
      -1       1     134    1.00000000E+00 -1.57260622E-01 -1.74354188E-01  9.72044091E-01
      -1       1     135    1.00000000E+00 -1.56989200E-01 -1.69354058E-01  9.72971528E-01
      -1       1     136    1.00000000E+00 -1.60472326E-01 -1.68027909E-01  9.72633155E-01
      -1       1     137    1.00000000E+00 -1.60161752E-01 -1.68510419E-01  9.72600870E-01
      -1       1     138    1.00000000E+00 -1.63325158E-01 -1.67886552E-01  9.72182595E-01
      -1       1     139    1.00000000E+00 -1.60437636E-01 -1.64171702E-01  9.73297188E-01
      -1       1     140    1.00000000E+00 -1.60758668E-01 -1.64111019E-01  9.73254450E-01
      -1       1     141    1.00000000E+00 -1.59922176E-01 -1.66962399E-01  9.72907218E-01
      -1       1     142    1.00000000E+00 -1.64038446E-01 -1.66990195E-01  9.72216881E-01
      -1       1     143    1.00000000E+00 -1.63632300E-01 -1.68719692E-01  9.71986695E-01
      -1       1     144    1.00000000E+00 -1.62068394E-01 -1.64590402E-01  9.72956235E-01
      -1       1     145    1.00000000E+00 -1.68640435E-01 -1.69000284E-01  9.71081514E-01
      -1       1     146    1.00000000E+00 -1.60365476E-01 -1.70403120E-01  9.72237466E-01
      -1       1     147    1.00000000E+00 -1.62398781E-01 -1.62845011E-01  9.73194810E-01
      -1       1     148    1.00000000E+00 -1.59661962E-01 -1.71155864E-01  9.72221028E-01
      -1       1     149    1.00000000E+00 -1.62988560E-01 -1.70515508E-01  9.71781452E-01
      -1       1     150    1.00000000E+00 -1.63061023E-01 -1.70453885E-01  9.71780107E-01
      -1       1     151    1.00000000E+00 -1.59323815E-01 -1.69544644E-01  9.72558757E-01
      -1       1     152    1.00000000E+00 -1.62641583E-01 -1.65793181E-01  9.72656330E-01
      -1       1     153    1.00000000E+00 -1.65618869E-01 -1.64646166E-01  9.72348718E-01
      -1       1     154    1.00000000E+00 -1.58485144E-01 -1.65838554E-01  9.73334492E-01
      -1       1     155    1.00000000E+00 -1.59494754E-01 -1.69985329E-01  9.72453809E-01
      -1       1     156    1.00000000E+00 -1.61215346E-01 -1.69456931E-01  9.72262290E-01
      -1       1     157    1.00000000E+00 -1.56488831E-01 -1.68978745E-01  9.73117377E-01
      -1       1     158    1.00000000E+00 -1.60734035E-01 -1.67566464E-01  9.72669548E-01
      -1       1     159    1.00000000E+00 -1.59508692E-01 -1.69921287E-01  9.72462716E-01
      -1       1     160    1.00000000E+00 -1.60662263E-01 -1.66449004E-01  9.72873253E-01
      -1       1     161    1.00000000E+00 -1.57476074E-01 -1.65690019E-01  9.73523551E-01
      -1       1     162    1.00000000E+00 -1.59429096E-01 -1.69848750E-01  9.72488440E-01
      -1       1     163    1.00000000E+00 -1.61391401E-01 -1.66115020E-01  9.72809650E-01
      -1       1     164    1.00000000E+00 -1.62128557E-01 -1.71444827E-01  9.71761803E-01
      -1       1     165    1.00000000E+00 -1.60766406E-01 -1.71950053E-01  9.71898833E-01
      -1       1     166    1.00000000E+00 -1.62190179E-01 -1.70220156E-01  9.71966792E-01
      -1       1     167    1.00000000E+00 -1.62142856E-01 -1.66218814E-01  9.72666952E-01
      -1       1     168    1.00000000E+00 -1.57367479E-01 -1.69794386E-01  9.72833667E-01
      -1       1     169    1.00000000E+00 -1.58033224E-01 -1.73330106E-01  9.72101936E-01
      -1       1     170    1.00000000E+00 -1.58082673E-01 -1.70683875E-01  9.72562020E-01
      -1       1     171    1.00000000E+00 -1.63026203E-01 -1.70730995E-01  9.71737302E-01
      -1       1     172    1.00000000E+00 -1.59213411E-01 -1.70819275E-01  9.72353776E-01
      -1       1     173    1.00000000E+00 -1.58560631E-01 -1.68289240E-01  9.72901464E-01
      -1       1     174    1.00000000E+00 -1.60607415E-01 -1.64853307E-01  9.73153968E-01
      -1       1     175    1.00000000E+00 -1.58446903E-01 -1.72654841E-01  9.72154764E-01
      -1       1     176    1.00000000E+00 -1.54432307E-01 -1.68571682E-01  9.73516436E-01
      -1       1     177    1.00000000E+00 -1.53566075E-01 -1.67047854E-01  9.73916051E-01
      -1       1     178    1.00000000E+00 -1.51196350E-01 -1.71497777E-01  9.73513316E-01
      -1       1     179    1.00000000E+00 -1.58191184E-01 -1.67953647E-01  9.73019590E-01
      -1       1     180    1.00000000E+00 -1.60065355E-01 -1.63030024E-01  9.73550355E-01
      -1       1     181    1.00000000E+00 -1.59676390E-01 -1.63079613E-01  9.73605921E-01
      -1       1     182    1.00000000E+00 -1.62759301E-01 -1.62978668E-01  9.73112205E-01
      -1       1     183    1.00000000E+00 -1.58586249E-01 -1.64971779E-01  9.73465312E-01
      -1       1     184    1.00000000E+00 -1.57348475E-01 -1.68057200E-01  9.73138343E-01
      -1       1     185    1.00000000E+00 -1.56927166E-01 -1.73859178E-01  9.72186634E-01
      -1       1     186    1.00000000E+00 -1.59221714E-01 -1.68639569E-01  9.72732821E-01
      -1       1     187    1.00000000E+00 -1.57113071E-01 -1.66350647E-01  9.73469540E-01
      -1       1     188    1.00000000E+00 -1.61234926E-01 -1.71979062E-01  9.71816084E-01
      -1       1     189    1.00000000E+00 -1.55350592E-01 -1.71792107E-01  9.72807106E-01
      -1       1     190    1.00000000E+00 -1.53918944E-01 -1.72715726E-01  9.72871130E-01
      -1       1     191    1.00000000E+00 -1.57873117E-01 -1.69787940E-01  9.72752864E-01
      -1       1     192    1.00000000E+00 -1.59167543E-01 -1.72354174E-01  9.72090393E-01
      -1       1     193    1.00000000E+00 -1.57430123E-01 -1.66666840E-01  9.73364228E-01
      -1       1     194    1.00000000E+00 -1.61961651E-01 -1.65667410E-01  9.72791207E-01
      -1       1     195    1.00000000E+00 -1.59694357E-01 -1.64288562E-01  9.73399703E-01
      -1       1     196    1.00000000E+00 -1.60433396E-01 -1.65659782E-01  9.73045714E-01
      -1       1     197    1.00000000E+00 -1.57465148E-01 -1.66864403E-01  9.73324714E-01
      -1       1     198    1.00000000E+00 -1.56849026E-01 -1.67778759E-01  9.73267009E-01
      -1       1     199    1.00000000E+00 -1.55710960E-01 -1.65180345E-01  9.73894014E-01
      -1       1     200    1.00000000E+00 -1.61425631E-01 -1.66233251E-01  9.72783774E-01
      -1       1     201    1.00000000E+00 -1.61052807E-01 -1.62939268E-01  9.73402686E-01
      -1       1     202    1.00000000E+00 -1.60915699E-01 -1.62383113E-01  9.73518291E-01
      -1       1     203    1.00000000E+00 -1.58691760E-01 -1.63580319E-01  9.73682908E-01
      -1       1     204    1.00000000E+00 -1.61638788E-01 -1.62695331E-01  9.73346357E-01
      -1       1     205    1.00000000E+00 -1.59465377E-01 -1.73656733E-01  9.71809720E-01
      -1       1     206    1.00000000E+00 -1.58773676E-01 -1.73426519E-01  9.71964075E-01
      -1       1     207    1.00000000E+00 -1.58549496E-01 -1.67980126E-01  9.72956697E-01
      -1       1     208    1.00000000E+00 -1.56345998E-01 -1.68131796E-01  9.73287023E-01
      -1       1     209    1.00000000E+00 -1.56233106E-01 -1.66610555E-01  9.73566710E-01
      -1       1     210    1.00000000E+00 -1.52026490E-01 -1.71278767E-01  9.73422586E-01
      -1       1     211    1.00000000E+00 -1.54637828E-01 -1.65217745E-01  9.74058642E-01
      -1       1     212    1.00000000E+00 -1.64379025E-01 -1.69899203E-01  9.71655184E-01
      -1       1     213    1.00000000E+00 -1.56390224E-01 -1.72952467E-01  9.72434852E-01
      -1       1     214    1.00000000E+00 -1.56583384E-01 -1.67273104E-01  9.73396811E-01
      -1       1     215    1.00000000E+00 -1.59923758E-01 -1.62909826E-01  9.73593745E-01
      -1       1     216    1.00000000E+00 -1.58331613E-01 -1.63558937E-01  9.73745128E-01
      -1       1     217    1.00000000E+00 -1.56026894E-01 -1.65634239E-01  9.73766351E-01
      -1       1     218    1.00000000E+00 -1.59033406E-01 -1.66944810E-01  9.73055911E-01
      -1       1     219    1.00000000E+00 -1.57251122E-01 -1.67578508E-01  9.73236625E-01
      -1       1     220    1.00000000E+00 -1.58793097E-01 -1.64840468E-01  9.73453837E-01
      -1       1     221    1.00000000E+00 -1.63335577E-01 -1.61086994E-01  9.73330606E-01
      -1       1     222    1.00000000E+00 -1.61169129E-01 -1.64553250E-01  9.73111884E-01
      -1       1     223    1.00000000E+00 -1.59491161E-01 -1.61136437E-01  9.73959762E-01
      -1       1     224    1.00000000E+00 -1.55995654E-01 -1.66181308E-01  9.73678144E-01
      -1       1     225    1.00000000E+00 -1.56135362E-01 -1.65499444E-01  9.73771884E-01
      -1       1     226    1.00000000E+00 -1.57300029E-01 -1.72626254E-01  9.72346069E-01
      -1       1     227    1.00000000E+00 -1.60646192E-01 -1.68459264E-01  9.72529834E-01
      -1       1     228    1.00000000E+00 -1.57337059E-01 -1.65444918E-01  9.73587710E-01
      -1       1     229    1.00000000E+00 -1.61959874E-01 -1.72995403E-01  9.71515100E-01
      -1       1     230    1.00000000E+00 -1.57424005E-01 -1.69258655E-01  9.72917874E-01
      -1       1     231    1.00000000E+00 -1.53235734E-01 -1.66573481E-01  9.74049324E-01
      -1       1     232    1.00000000E+00 -1.57159093E-01 -1.66372452E-01  9.73458385E-01
      -1       1     233    1.00000000E+00 -1.58755917E-01 -1.70610570E-01  9.72465214E-01
      -1       1     234    1.00000000E+00 -1.57863890E-01 -1.67463038E-01  9.73157296E-01
      -1       1     235    1.00000000E+00 -1.61379160E-01 -1.67435415E-01  9.72585291E-01
      -1       1     236    1.00000000E+00 -1.52945154E-01 -1.67684645E-01  9.73904328E-01
      -1       1     237    1.00000000E+00 -1.50150873E-01 -1.63440815E-01  9.75059903E-01
      -1       1     238    1.00000000E+00 -1.51468744E-01 -1.68892085E-01  9.73926426E-01
      -1       1     239    1.00000000E+00 -1.54633806E-01 -1.62900314E-01  9.74449523E-01
      -1       1     240    1.00000000E+00 -1.61115436E-01 -1.63563746E-01  9.73287582E-01
      -1       1     241    1.00000000E+00 -1.61373884E-01 -1.69168374E-01  9.72286239E-01
      -1       1     242    1.00000000E+00 -1.62581712E-01 -1.66566044E-01  9.72534287E-01
      -1       1     243    1.00000000E+00 -1.61309513E-01 -1.66187268E-01  9.72810893E-01
      -1       1     244    1.00000000E+00 -1.53873138E-01 -1.64377139E-01  9.74321925E-01
      -1       1     245    1.00000000E+00 -1.58223261E-01 -1.68343088E-01  9.72947072E-01
      -1       1     246    1.00000000E+00 -1.59169174E-01 -1.70435690E-01  9.72428326E-01
      -1       1     247    1.00000000E+00 -1.58442864E-01 -1.68527269E-01  9.72879447E-01
      -1       1     248    1.00000000E+00 -1.58597267E-01 -1.67668465E-01  9.73002668E-01
      -1       1     249    1.00000000E+00 -1.57917616E-01 -1.69555057E-01  9.72786261E-01
      -1       1     250    1.00000000E+00 -1.60971760E-01 -1.66626347E-01  9.72791732E-01
      -1       1     251    1.00000000E+00 -1.60865917E-01 -1.65577532E-01  9.72988303E-01
      -1       1     252    1.00000000E+00 -1.65232724E-01 -1.66781239E-01  9.72050495E-01
      -1       1     253    1.00000000E+00 -1.59827861E-01 -1.70754661E-01  9.72264316E-01
      -1       1     254    1.00000000E+00 -1.59034058E-01 -1.71151265E-01  9.72324747E-01
      -1       1     255    1.00000000E+00 -1.62857466E-01 -1.72150614E-01  9.71515112E-01
      -1       1     256    1.00000000E+00 -1.58486859E-01 -1.64989886E-01  9.73478430E-01
      -1       1     257    1.00000000E+00 -1.50402522E-01 -1.66543488E-01  9.74495946E-01
      -1       1     258    1.00000000E+00 -1.49510139E-01 -1.62714046E-01  9.75279887E-01
      -1       1     259    1.00000000E+00 -1.55136818E-01 -1.65020369E-01  9.74012754E-01
      -1       1     260    1.00000000E+00 -1.57692677E-01 -1.66546431E-01  9.73342338E-01
      -1       1     261    1.00000000E+00 -1.57180658E-01 -1.68132923E-01  9.73152383E-01
      -1       1     262    1.00000000E+00 -1.63669127E-01 -1.66444324E-01  9.72372719E-01
      -1       1     263    1.00000000E+00 -1.60502980E-01 -1.66688180E-01  9.72858594E-01
      -1       1     264    1.00000000E+00 -1.56527832E-01 -1.66319385E-01  9.73569155E-01
      -1       1     265    1.00000000E+00 -1.56671256E-01 -1.73238048E-01  9.72338777E-01
      -1       1     266    1.00000000E+00 -1.60279808E-01 -1.69370632E-01  9.72431988E-01
      -1       1     267    1.00000000E+00 -1.53920924E-01 -1.69749120E-01  9.73392822E-01
      -1       1     268    1.00000000E+00 -1.57422208E-01 -1.69545630E-01  9.72868197E-01
      -1       1     269    1.00000000E+00 -1.58000452E-01 -1.69368198E-01  9.72805361E-01
      -1       1     270    1.00000000E+00 -1.63449669E-01 -1.67768406E-01  9.72182065E-01
      -1       1     271    1.00000000E+00 -1.61613728E-01 -1.65157034E-01  9.72935844E-01
      -1       1     272    1.00000000E+00 -1.62839969E-01 -1.69725136E-01  9.71944712E-01
      -1       1     273    1.00000000E+00 -1.62110521E-01 -1.70953546E-01  9.71851359E-01
      -1       1     274    1.00000000E+00 -1.58640272E-01 -1.69174881E-01  9.72734868E-01
      -1       1     275    1.00000000E+00 -1.62342412E-01 -1.71081057E-01  9.71790210E-01
      -1       1     276    1.00000000E+00 -1.66585483E-01 -1.70883687E-01  9.71106607E-01
      -1       1     277    1.00000000E+00 -1.63373630E-01 -1.67131347E-01  9.72304566E-01
      -1       1     278    1.00000000E+00 -1.53274264E-01 -1.59136261E-01  9.75285933E-01
      -1       1     279    1.00000000E+00 -1.58415829E-01 -1.66118978E-01  9.73297956E-01
      -1       1     280    1.00000000E+00 -1.55733635E-01 -1.66738279E-01  9.73624867E-01
      -1       1     281    1.00000000E+00 -1.61349708E-01 -1.69226240E-01  9.72280182E-01
      -1       1     282    1.00000000E+00 -1.63733966E-01 -1.72277964E-01  9.71345197E-01
      -1       1     283    1.00000000E+00 -1.63401660E-01 -1.70607771E-01  9.71695881E-01
      -1       1     284    1.00000000E+00 -1.59464400E-01 -1.68766529E-01  9.72671046E-01
      -1       1     285    1.00000000E+00 -1.58036511E-01 -1.68495361E-01  9.72951065E-01
      -1       1     286    1.00000000E+00 -1.56210937E-01 -1.69457749E-01  9.73078730E-01
      -1       1     287    1.00000000E+00 -1.59564800E-01 -1.66861003E-01  9.72983289E-01
      -1       1     288    1.00000000E+00 -1.57915144E-01 -1.69872059E-01  9.72731356E-01
      -1       1     289    1.00000000E+00 -1.57783641E-01 -1.70418475E-01  9.72657116E-01
      -1       1     290    1.00000000E+00 -1.62854197E-01 -1.68894625E-01  9.72086990E-01
      -1       1     291    1.00000000E+00 -1.62240128E-01 -1.71892903E-01  9.71664021E-01
      -1       1     292    1.00000000E+00 -1.63748024E-01 -1.68806031E-01  9.71952215E-01
      -1       1     293    1.00000000E+00 -1.62050534E-01 -1.69543648E-01  9.72108315E-01
      -1       1     294    1.00000000E+00 -1.66089995E-01 -1.69514672E-01  9.71431361E-01
      -1       1     295    1.00000000E+00 -1.62635040E-01 -1.71398236E-01  9.71685386E-01
      -1       1     296    1.00000000E+00 -1.64215439E-01 -1.70629963E-01  9.71554788E-01
      -1       1     297    1.00000000E+00 -1.62738590E-01 -1.67535929E-01  9.72341434E-01
      -1       1     298    1.00000000E+00 -1.59634908E-01 -1.70678539E-01  9.72309381E-01
      -1       1     299    1.00000000E+00 -1.57025946E-01 -1.66934653E-01  9.73383621E-01
      -1       1     300    1.00000000E+00 -1.51923466E-01 -1.67285884E-01  9.74132791E-01
      -1       1     301    1.00000000E+00 -1.56692310E-01 -1.67900548E-01  9.73271250E-01
      -1       1     302    1.00000000E+00 -1.58634049E-01 -1.71985294E-01  9.72242921E-01
      -1       1     303    1.00000000E+00 -1.61258251E-01 -1.74140552E-01  9.71427221E-01
      -1       1     304    1.00000000E+00 -1.58382629E-01 -1.68612976E-01  9.72874405E-01
      -1       1     305    1.00000000E+00 -1.59309377E-01 -1.75663940E-01  9.71474499E-01
      -1       1     306    1.00000000E+00 -1.54313697E-01 -1.70866876E-01  9.73135034E-01
      -1       1     307    1.00000000E+00 -1.52555731E-01 -1.67966596E-01  9.73916820E-01
      -1       1     308    1.00000000E+00 -1.58875064E-01 -1.65178287E-01  9.73383197E-01
      -1       1     309    1.00000000E+00 -1.56199121E-01 -1.68334289E-01  9.73275604E-01
      -1       1     310    1.00000000E+00 -1.59800101E-01 -1.73547531E-01  9.71774245E-01
      -1       1     311    1.00000000E+00 -1.58137626E-01 -1.68242188E-01  9.72978447E-01
      -1       1     312    1.00000000E+00 -1.59994905E-01 -1.66844090E-01  9.72915557E-01
      -1       1     313    1.00000000E+00 -1.61798368E-01 -1.72990951E-01  9.71542803E-01
      -1       1     314    1.00000000E+00 -1.64655428E-01 -1.71777963E-01  9.71277984E-01
      -1       1     315    1.00000000E+00 -1.62282899E-01 -1.70755587E-01  9.71857392E-01
      -1       1     316    1.00000000E+00 -1.59645831E-01 -1.72285895E-01  9.72024063E-01
      -1       1     317    1.00000000E+00 -1.61582296E-01 -1.69018751E-01  9.72277647E-01
      -1       1     318    1.00000000E+00 -1.61130434E-01 -1.67484674E-01  9.72618048E-01
      -1       1     319    1.00000000E+00 -1.58713197E-01 -1.66898829E-01  9.73116078E-01
      -1       1     320    1.00000000E+00 -1.57895024E-01 -1.65822467E-01  9.73433136E-01
      -1       1     321    1.00000000E+00 -1.56690926E-01 -1.68274784E-01  9.73206839E-01
      -1       1     322    1.00000000E+00 -1.53598215E-01 -1.73914696E-01  9.72708213E-01
      -1       1     323    1.00000000E+00 -1.58220174E-01 -1.69719212E-01  9.72708469E-01
      -1       1     324    1.00000000E+00 -1.61564509E-01 -1.73683027E-01  9.71458242E-01
      -1       1     325    1.00000000E+00 -1.62191123E-01 -1.72608857E-01  9.71545275E-01
      -1       1     326    1.00000000E+00 -1.59600714E-01 -1.69923989E-01  9.72447145E-01
      -1       1     327    1.00000000E+00 -1.59402469E-01 -1.67467785E-01  9.72905645E-01
      -1       1     328    1.00000000E+00 -1.59163599E-01 -1.70607171E-01  9.72399168E-01
      -1       1     329    1.00000000E+00 -1.56760963E-01 -1.62084095E-01  9.74245732E-01
      -1       1     330    1.00000000E+00 -1.58222502E-01 -1.64153708E-01  9.73662775E-01
      -1       1     331    1.00000000E+00 -1.62956661E-01 -1.67912261E-01  9.72239991E-01
      -1       1     332    1.00000000E+00 -1.58314589E-01 -1.65717747E-01  9.73382823E-01
      -1       1     333    1.00000000E+00 -1.60563917E-01 -1.69079852E-01  9.72435721E-01
      -1       1     334    1.00000000E+00 -1.61944664E-01 -1.68370687E-01  9.72329799E-01
      -1       1     335    1.00000000E+00 -1.65589660E-01 -1.65123497E-01  9.72272747E-01
      -1       1     336    1.00000000E+00 -1.65228503E-01 -1.69323722E-01  9.71611558E-01
      -1       1     337    1.00000000E+00 -1.62214570E-01 -1.67379701E-01  9.72455896E-01
      -1       1     338    1.00000000E+00 -1.59304669E-01 -1.67444018E-01  9.72925754E-01
      -1       1     339    1.00000000E+00 -1.57915501E-01 -1.70676940E-01  9.72590395E-01
      -1       1     340    1.00000000E+00 -1.63464659E-01 -1.62817262E-01  9.73020989E-01
      -1       1     341    1.00000000E+00 -1.60378123E-01 -1.68777271E-01  9.72518941E-01
      -1       1     342    1.00000000E+00 -1.59119705E-01 -1.66175863E-01  9.73173418E-01
      -1       1     343    1.00000000E+00 -1.61265754E-01 -1.73050354E-01  9.71620776E-01
      -1       1     344    1.00000000E+00 -1.66353219E-01 -1.70674554E-01  9.71183197E-01
      -1       1     345    1.00000000E+00 -1.62961776E-01 -1.73210649E-01  9.71309184E-01
      -1       1     346    1.00000000E+00 -1.64810177E-01 -1.72265857E-01  9.71165321E-01
      -1       1     347    1.00000000E+00 -1.56836811E-01 -1.73245990E-01  9.72310672E-01
      -1       1     348    1.00000000E+00 -1.58918428E-01 -1.67480495E-01  9.72982640E-01
      -1       1     349    1.00000000E+00 -1.60041231E-01 -1.65881356E-01  9.73072546E-01
      -1       1     350    1.00000000E+00 -1.62112676E-01 -1.68017350E-01  9.72362921E-01
      -1       1     351    1.00000000E+00 -1.57637789E-01 -1.64785406E-01  9.73650911E-01
      -1       1     352    1.00000000E+00 -1.54223559E-01 -1.69344135E-01  9.73415460E-01
      -1       1     353    1.00000000E+00 -1.55092380E-01 -1.65855497E-01  9.73877974E-01
      -1       1     354    1.00000000E+00 -1.56325059E-01 -1.71591085E-01  9.72686474E-01
      -1       1     355    1.00000000E+00 -1.62730259E-01 -1.66835453E-01  9.72463261E-01
      -1       1     356    1.00000000E+00 -1.62743549E-01 -1.62658455E-01  9.73168415E-01
      -1       1     357    1.00000000E+00 -1.60151108E-01 -1.61979673E-01  9.73711563E-01
      -1       1     358    1.00000000E+00 -1.60983208E-01 -1.62314328E-01  9.73518601E-01
      -1       1     359    1.00000000E+00 -1.64944664E-01 -1.63576945E-01  9.72643738E-01
      -1       1     360    1.00000000E+00 -1.66109034E-01 -1.63538373E-01  9.72452050E-01
      -1       1     361    1.00000000E+00 -1.64690061E-01 -1.67107422E-01  9.72086567E-01
      -1       1     362    1.00000000E+00 -1.62020646E-01 -1.65958781E-01  9.72731717E-01
      -1       1     363    1.00000000E+00 -1.58630797E-01 -1.72320292E-01  9.72184132E-01
      -1       1     364    1.00000000E+00 -1.61193047E-01 -1.69183738E-01  9.72313563E-01
      -1       1     365    1.00000000E+00 -1.66424091E-01 -1.71100899E-01  9.71096032E-01
      -1       1     366    1.00000000E+00 -1.61585544E-01 -1.72690808E-01  9.71631616E-01
      -1       1     367    1.00000000E+00 -1.62643153E-01 -1.72505658E-01  9.71488035E-01
      -1       1     368    1.00000000E+00 -1.60074025E-01 -1.71173003E-01  9.72150251E-01
      -1       1     369    1.00000000E+00 -1.56179212E-01 -1.67960489E-01  9.73343376E-01
      -1       1     370    1.00000000E+00 -1.61468279E-01 -1.64042202E-01  9.73148576E-01
      -1       1     371    1.00000000E+00 -1.60398280E-01 -1.71803808E-01  9.71985516E-01
      -1       1     372    1.00000000E+00 -1.55691061E-01 -1.70715282E-01  9.72942231E-01
      -1       1     373    1.00000000E+00 -1.57307561E-01 -1.62173569E-01  9.74142733E-01
      -1       1     374    1.00000000E+00 -1.54537534E-01 -1.70161725E-01  9.73223067E-01
      -1       1     375    1.00000000E+00 -1.55210976E-01 -1.64674629E-01  9.74059454E-01
      -1       1     376    1.00000000E+00 -1.62046028E-01 -1.63383291E-01  9.73163391E-01
      -1       1     377    1.00000000E+00 -1.63110919E-01 -1.62146018E-01  9.73192425E-01
      -1       1     378    1.00000000E+00 -1.62063875E-01 -1.60227381E-01  9.73685004E-01
      -1       1     379    1.00000000E+00 -1.62502038E-01 -1.60469733E-01  9.73572058E-01
      -1       1     380    1.00000000E+00 -1.64424051E-01 -1.61972303E-01  9.73000362E-01
      -1       1     381    1.00000000E+00 -1.60201375E-01 -1.67949686E-01  9.72691329E-01
      -1       1     382    1.00000000E+00 -1.63296628E-01 -1.62203752E-01  9.73151660E-01
      -1       1     383    1.00000000E+00 -1.61694385E-01 -1.68333853E-01  9.72377828E-01
      -1       1     384    1.00000000E+00 -1.59991855E-01 -1.72093666E-01  9.72001222E-01
      -1       1     385    1.00000000E+00 -1.61710651E-01 -1.68723518E-01  9.72307585E-01
      -1       1     386    1.00000000E+00 -1.57987188E-01 -1.69686704E-01  9.72752009E-01
      -1       1     387    1.00000000E+00 -1.63179922E-01 -1.76593349E-01  9.70663228E-01
      -1       1     388    1.00000000E+00 -1.63421784E-01 -1.76143207E-01  9.70704327E-01
      -1       1     389    1.00000000E+00 -1.58516110E-01 -1.68058131E-01  9.72948666E-01
      -1       1     390    1.00000000E+00 -1.58853768E-01 -1.72427102E-01  9.72128785E-01
      -1       1     391    1.00000000E+00 -1.58529890E-01 -1.66549069E-01  9.73205878E-01
      -1       1     392    1.00000000E+00 -1.58457196E-01 -1.68852539E-01  9.72820712E-01
      -1       1     393    1.00000000E+00 -1.58172725E-01 -1.66372904E-01  9.73294121E-01
      -1       1     394    1.00000000E+00 -1.54522527E-01 -1.63807642E-01  9.74315065E-01
      -1       1     395    1.00000000E+00 -1.58420902E-01 -1.63013720E-01  9.73822029E-01
      -1       1     396    1.00000000E+00 -1.60737227E-01 -1.65610442E-01  9.73003970E-01
      -1       1     397    1.00000000E+00 -1.63625153E-01 -1.62335830E-01  9.73074451E-01
      -1       1     398    1.00000000E+00 -1.60388524E-01 -1.64808748E-01  9.73197615E-01
      -1       1     399    1.00000000E+00 -1.65725379E-01 -1.58179486E-01  9.73403487E-01
      -1       1     400    1.00000000E+00 -1.64529964E-01 -1.62026957E-01  9.72973358E-01
