      1    0.000000    0.000000    0.000000     1     1
      2    1.000000    0.000000    0.000000     1     1
      3    2.000000    0.000000    0.000000     1     1
      4    3.000000    0.000000    0.000000     1     1
      5    4.000000    0.000000    0.000000     1     1
      6    5.000000    0.000000    0.000000     1     1
      7    6.000000    0.000000    0.000000     1     1
      8    7.000000    0.000000    0.000000     1     1
      9    8.000000    0.000000    0.000000     1     1
     10    9.000000    0.000000    0.000000     1     1
     11   10.000000    0.000000    0.000000     1     1
     12   11.000000    0.000000    0.000000     1     1
     13   12.000000    0.000000    0.000000     1     1
     14   13.000000    0.000000    0.000000     1     1
     15   14.000000    0.000000    0.000000     1     1
     16   15.000000    0.000000    0.000000     1     1
     17   16.000000    0.000000    0.000000     1     1
     18   17.000000    0.000000    0.000000     1     1
     19   18.000000    0.000000    0.000000     1     1
     20   19.000000    0.000000    0.000000     1     1
     21   20.000000    0.000000    0.000000     1     1
     22   -0.500000    0.866030    0.000000     1     1
     23    0.500000    0.866030    0.000000     1     1
     24    1.500000    0.866030    0.000000     1     1
     25    2.500000    0.866030    0.000000     1     1
     26    3.500000    0.866030    0.000000     1     1
     27    4.500000    0.866030    0.000000     1     1
     28    5.500000    0.866030    0.000000     1     1
     29    6.500000    0.866030    0.000000     1     1
     30    7.500000    0.866030    0.000000     1     1
     31    8.500000    0.866030    0.000000     1     1
     32    9.500000    0.866030    0.000000     1     1
     33   10.500000    0.866030    0.000000     1     1
     34   11.500000    0.866030    0.000000     1     1
     35   12.500000    0.866030    0.000000     1     1
     36   13.500000    0.866030    0.000000     1     1
     37   14.500000    0.866030    0.000000     1     1
     38   15.500000    0.866030    0.000000     1     1
     39   16.500000    0.866030    0.000000     1     1
     40   17.500000    0.866030    0.000000     1     1
     41   18.500000    0.866030    0.000000     1     1
     42   19.500000    0.866030    0.000000     1     1
     43   -1.000000    1.732060    0.000000     1     1
     44    0.000000    1.732060    0.000000     1     1
     45    1.000000    1.732060    0.000000     1     1
     46    2.000000    1.732060    0.000000     1     1
     47    3.000000    1.732060    0.000000     1     1
     48    4.000000    1.732060    0.000000     1     1
     49    5.000000    1.732060    0.000000     1     1
     50    6.000000    1.732060    0.000000     1     1
     51    7.000000    1.732060    0.000000     1     1
     52    8.000000    1.732060    0.000000     1     1
     53    9.000000    1.732060    0.000000     1     1
     54   10.000000    1.732060    0.000000     1     1
     55   11.000000    1.732060    0.000000     1     1
     56   12.000000    1.732060    0.000000     1     1
     57   13.000000    1.732060    0.000000     1     1
     58   14.000000    1.732060    0.000000     1     1
     59   15.000000    1.732060    0.000000     1     1
     60   16.000000    1.732060    0.000000     1     1
     61   17.000000    1.732060    0.000000     1     1
     62   18.000000    1.732060    0.000000     1     1
     63   19.000000    1.732060    0.000000     1     1
     64   -1.500000    2.598090    0.000000     1     1
     65   -0.500000    2.598090    0.000000     1     1
     66    0.500000    2.598090    0.000000     1     1
     67    1.500000    2.598090    0.000000     1     1
     68    2.500000    2.598090    0.000000     1     1
     69    3.500000    2.598090    0.000000     1     1
     70    4.500000    2.598090    0.000000     1     1
     71    5.500000    2.598090    0.000000     1     1
     72    6.500000    2.598090    0.000000     1     1
     73    7.500000    2.598090    0.000000     1     1
     74    8.500000    2.598090    0.000000     1     1
     75    9.500000    2.598090    0.000000     1     1
     76   10.500000    2.598090    0.000000     1     1
     77   11.500000    2.598090    0.000000     1     1
     78   12.500000    2.598090    0.000000     1     1
     79   13.500000    2.598090    0.000000     1     1
     80   14.500000    2.598090    0.000000     1     1
     81   15.500000    2.598090    0.000000     1     1
     82   16.500000    2.598090    0.000000     1     1
     83   17.500000    2.598090    0.000000     1     1
     84   18.500000    2.598090    0.000000     1     1
     85   -2.000000    3.464120    0.000000     1     1
     86   -1.000000    3.464120    0.000000     1     1
     87    0.000000    3.464120    0.000000     1     1
     88    1.000000    3.464120    0.000000     1     1
     89    2.000000    3.464120    0.000000     1     1
     90    3.000000    3.464120    0.000000     1     1
     91    4.000000    3.464120    0.000000     1     1
     92    5.000000    3.464120    0.000000     1     1
     93    6.000000    3.464120    0.000000     1     1
     94    7.000000    3.464120    0.000000     1     1
     95    8.000000    3.464120    0.000000     1     1
     96    9.000000    3.464120    0.000000     1     1
     97   10.000000    3.464120    0.000000     1     1
     98   11.000000    3.464120    0.000000     1     1
     99   12.000000    3.464120    0.000000     1     1
    100   13.000000    3.464120    0.000000     1     1
    101   14.000000    3.464120    0.000000     1     1
    102   15.000000    3.464120    0.000000     1     1
    103   16.000000    3.464120    0.000000     1     1
    104   17.000000    3.464120    0.000000     1     1
    105   18.000000    3.464120    0.000000     1     1
    106   -2.500000    4.330150    0.000000     1     1
    107   -1.500000    4.330150    0.000000     1     1
    108   -0.500000    4.330150    0.000000     1     1
    109    0.500000    4.330150    0.000000     1     1
    110    1.500000    4.330150    0.000000     1     1
    111    2.500000    4.330150    0.000000     1     1
    112    3.500000    4.330150    0.000000     1     1
    113    4.500000    4.330150    0.000000     1     1
    114    5.500000    4.330150    0.000000     1     1
    115    6.500000    4.330150    0.000000     1     1
    116    7.500000    4.330150    0.000000     1     1
    117    8.500000    4.330150    0.000000     1     1
    118    9.500000    4.330150    0.000000     1     1
    119   10.500000    4.330150    0.000000     1     1
    120   11.500000    4.330150    0.000000     1     1
    121   12.500000    4.330150    0.000000     1     1
    122   13.500000    4.330150    0.000000     1     1
    123   14.500000    4.330150    0.000000     1     1
    124   15.500000    4.330150    0.000000     1     1
    125   16.500000    4.330150    0.000000     1     1
    126   17.500000    4.330150    0.000000     1     1
    127   -3.000000    5.196180    0.000000     1     1
    128   -2.000000    5.196180    0.000000     1     1
    129   -1.000000    5.196180    0.000000     1     1
    130    0.000000    5.196180    0.000000     1     1
    131    1.000000    5.196180    0.000000     1     1
    132    2.000000    5.196180    0.000000     1     1
    133    3.000000    5.196180    0.000000     1     1
    134    4.000000    5.196180    0.000000     1     1
    135    5.000000    5.196180    0.000000     1     1
    136    6.000000    5.196180    0.000000     1     1
    137    7.000000    5.196180    0.000000     1     1
    138    8.000000    5.196180    0.000000     1     1
    139    9.000000    5.196180    0.000000     1     1
    140   10.000000    5.196180    0.000000     1     1
    141   11.000000    5.196180    0.000000     1     1
    142   12.000000    5.196180    0.000000     1     1
    143   13.000000    5.196180    0.000000     1     1
    144   14.000000    5.196180    0.000000     1     1
    145   15.000000    5.196180    0.000000     1     1
    146   16.000000    5.196180    0.000000     1     1
    147   17.000000    5.196180    0.000000     1     1
    148   -3.500000    6.062210    0.000000     1     1
    149   -2.500000    6.062210    0.000000     1     1
    150   -1.500000    6.062210    0.000000     1     1
    151   -0.500000    6.062210    0.000000     1     1
    152    0.500000    6.062210    0.000000     1     1
    153    1.500000    6.062210    0.000000     1     1
    154    2.500000    6.062210    0.000000     1     1
    155    3.500000    6.062210    0.000000     1     1
    156    4.500000    6.062210    0.000000     1     1
    157    5.500000    6.062210    0.000000     1     1
    158    6.500000    6.062210    0.000000     1     1
    159    7.500000    6.062210    0.000000     1     1
    160    8.500000    6.062210    0.000000     1     1
    161    9.500000    6.062210    0.000000     1     1
    162   10.500000    6.062210    0.000000     1     1
    163   11.500000    6.062210    0.000000     1     1
    164   12.500000    6.062210    0.000000     1     1
    165   13.500000    6.062210    0.000000     1     1
    166   14.500000    6.062210    0.000000     1     1
    167   15.500000    6.062210    0.000000     1     1
    168   16.500000    6.062210    0.000000     1     1
    169   -4.000000    6.928240    0.000000     1     1
    170   -3.000000    6.928240    0.000000     1     1
    171   -2.000000    6.928240    0.000000     1     1
    172   -1.000000    6.928240    0.000000     1     1
    173    0.000000    6.928240    0.000000     1     1
    174    1.000000    6.928240    0.000000     1     1
    175    2.000000    6.928240    0.000000     1     1
    176    3.000000    6.928240    0.000000     1     1
    177    4.000000    6.928240    0.000000     1     1
    178    5.000000    6.928240    0.000000     1     1
    179    6.000000    6.928240    0.000000     1     1
    180    7.000000    6.928240    0.000000     1     1
    181    8.000000    6.928240    0.000000     1     1
    182    9.000000    6.928240    0.000000     1     1
    183   10.000000    6.928240    0.000000     1     1
    184   11.000000    6.928240    0.000000     1     1
    185   12.000000    6.928240    0.000000     1     1
    186   13.000000    6.928240    0.000000     1     1
    187   14.000000    6.928240    0.000000     1     1
    188   15.000000    6.928240    0.000000     1     1
    189   16.000000    6.928240    0.000000     1     1
    190   -4.500000    7.794270    0.000000     1     1
    191   -3.500000    7.794270    0.000000     1     1
    192   -2.500000    7.794270    0.000000     1     1
    193   -1.500000    7.794270    0.000000     1     1
    194   -0.500000    7.794270    0.000000     1     1
    195    0.500000    7.794270    0.000000     1     1
    196    1.500000    7.794270    0.000000     1     1
    197    2.500000    7.794270    0.000000     1     1
    198    3.500000    7.794270    0.000000     1     1
    199    4.500000    7.794270    0.000000     1     1
    200    5.500000    7.794270    0.000000     1     1
    201    6.500000    7.794270    0.000000     1     1
    202    7.500000    7.794270    0.000000     1     1
    203    8.500000    7.794270    0.000000     1     1
    204    9.500000    7.794270    0.000000     1     1
    205   10.500000    7.794270    0.000000     1     1
    206   11.500000    7.794270    0.000000     1     1
    207   12.500000    7.794270    0.000000     1     1
    208   13.500000    7.794270    0.000000     1     1
    209   14.500000    7.794270    0.000000     1     1
    210   15.500000    7.794270    0.000000     1     1
    211   -5.000000    8.660300    0.000000     1     1
    212   -4.000000    8.660300    0.000000     1     1
    213   -3.000000    8.660300    0.000000     1     1
    214   -2.000000    8.660300    0.000000     1     1
    215   -1.000000    8.660300    0.000000     1     1
    216    0.000000    8.660300    0.000000     1     1
    217    1.000000    8.660300    0.000000     1     1
    218    2.000000    8.660300    0.000000     1     1
    219    3.000000    8.660300    0.000000     1     1
    220    4.000000    8.660300    0.000000     1     1
    221    5.000000    8.660300    0.000000     1     1
    222    6.000000    8.660300    0.000000     1     1
    223    7.000000    8.660300    0.000000     1     1
    224    8.000000    8.660300    0.000000     1     1
    225    9.000000    8.660300    0.000000     1     1
    226   10.000000    8.660300    0.000000     1     1
    227   11.000000    8.660300    0.000000     1     1
    228   12.000000    8.660300    0.000000     1     1
    229   13.000000    8.660300    0.000000     1     1
    230   14.000000    8.660300    0.000000     1     1
    231   15.000000    8.660300    0.000000     1     1
    232   -5.500000    9.526330    0.000000     1     1
    233   -4.500000    9.526330    0.000000     1     1
    234   -3.500000    9.526330    0.000000     1     1
    235   -2.500000    9.526330    0.000000     1     1
    236   -1.500000    9.526330    0.000000     1     1
    237   -0.500000    9.526330    0.000000     1     1
    238    0.500000    9.526330    0.000000     1     1
    239    1.500000    9.526330    0.000000     1     1
    240    2.500000    9.526330    0.000000     1     1
    241    3.500000    9.526330    0.000000     1     1
    242    4.500000    9.526330    0.000000     1     1
    243    5.500000    9.526330    0.000000     1     1
    244    6.500000    9.526330    0.000000     1     1
    245    7.500000    9.526330    0.000000     1     1
    246    8.500000    9.526330    0.000000     1     1
    247    9.500000    9.526330    0.000000     1     1
    248   10.500000    9.526330    0.000000     1     1
    249   11.500000    9.526330    0.000000     1     1
    250   12.500000    9.526330    0.000000     1     1
    251   13.500000    9.526330    0.000000     1     1
    252   14.500000    9.526330    0.000000     1     1
    253   -6.000000   10.392360    0.000000     1     1
    254   -5.000000   10.392360    0.000000     1     1
    255   -4.000000   10.392360    0.000000     1     1
    256   -3.000000   10.392360    0.000000     1     1
    257   -2.000000   10.392360    0.000000     1     1
    258   -1.000000   10.392360    0.000000     1     1
    259    0.000000   10.392360    0.000000     1     1
    260    1.000000   10.392360    0.000000     1     1
    261    2.000000   10.392360    0.000000     1     1
    262    3.000000   10.392360    0.000000     1     1
    263    4.000000   10.392360    0.000000     1     1
    264    5.000000   10.392360    0.000000     1     1
    265    6.000000   10.392360    0.000000     1     1
    266    7.000000   10.392360    0.000000     1     1
    267    8.000000   10.392360    0.000000     1     1
    268    9.000000   10.392360    0.000000     1     1
    269   10.000000   10.392360    0.000000     1     1
    270   11.000000   10.392360    0.000000     1     1
    271   12.000000   10.392360    0.000000     1     1
    272   13.000000   10.392360    0.000000     1     1
    273   14.000000   10.392360    0.000000     1     1
    274   -6.500000   11.258390    0.000000     1     1
    275   -5.500000   11.258390    0.000000     1     1
    276   -4.500000   11.258390    0.000000     1     1
    277   -3.500000   11.258390    0.000000     1     1
    278   -2.500000   11.258390    0.000000     1     1
    279   -1.500000   11.258390    0.000000     1     1
    280   -0.500000   11.258390    0.000000     1     1
    281    0.500000   11.258390    0.000000     1     1
    282    1.500000   11.258390    0.000000     1     1
    283    2.500000   11.258390    0.000000     1     1
    284    3.500000   11.258390    0.000000     1     1
    285    4.500000   11.258390    0.000000     1     1
    286    5.500000   11.258390    0.000000     1     1
    287    6.500000   11.258390    0.000000     1     1
    288    7.500000   11.258390    0.000000     1     1
    289    8.500000   11.258390    0.000000     1     1
    290    9.500000   11.258390    0.000000     1     1
    291   10.500000   11.258390    0.000000     1     1
    292   11.500000   11.258390    0.000000     1     1
    293   12.500000   11.258390    0.000000     1     1
    294   13.500000   11.258390    0.000000     1     1
    295   -7.000000   12.124420    0.000000     1     1
    296   -6.000000   12.124420    0.000000     1     1
    297   -5.000000   12.124420    0.000000     1     1
    298   -4.000000   12.124420    0.000000     1     1
    299   -3.000000   12.124420    0.000000     1     1
    300   -2.000000   12.124420    0.000000     1     1
    301   -1.000000   12.124420    0.000000     1     1
    302    0.000000   12.124420    0.000000     1     1
    303    1.000000   12.124420    0.000000     1     1
    304    2.000000   12.124420    0.000000     1     1
    305    3.000000   12.124420    0.000000     1     1
    306    4.000000   12.124420    0.000000     1     1
    307    5.000000   12.124420    0.000000     1     1
    308    6.000000   12.124420    0.000000     1     1
    309    7.000000   12.124420    0.000000     1     1
    310    8.000000   12.124420    0.000000     1     1
    311    9.000000   12.124420    0.000000     1     1
    312   10.000000   12.124420    0.000000     1     1
    313   11.000000   12.124420    0.000000     1     1
    314   12.000000   12.124420    0.000000     1     1
    315   13.000000   12.124420    0.000000     1     1
    316   -7.500000   12.990450    0.000000     1     1
    317   -6.500000   12.990450    0.000000     1     1
    318   -5.500000   12.990450    0.000000     1     1
    319   -4.500000   12.990450    0.000000     1     1
    320   -3.500000   12.990450    0.000000     1     1
    321   -2.500000   12.990450    0.000000     1     1
    322   -1.500000   12.990450    0.000000     1     1
    323   -0.500000   12.990450    0.000000     1     1
    324    0.500000   12.990450    0.000000     1     1
    325    1.500000   12.990450    0.000000     1     1
    326    2.500000   12.990450    0.000000     1     1
    327    3.500000   12.990450    0.000000     1     1
    328    4.500000   12.990450    0.000000     1     1
    329    5.500000   12.990450    0.000000     1     1
    330    6.500000   12.990450    0.000000     1     1
    331    7.500000   12.990450    0.000000     1     1
    332    8.500000   12.990450    0.000000     1     1
    333    9.500000   12.990450    0.000000     1     1
    334   10.500000   12.990450    0.000000     1     1
    335   11.500000   12.990450    0.000000     1     1
    336   12.500000   12.990450    0.000000     1     1
    337   -8.000000   13.856480    0.000000     1     1
    338   -7.000000   13.856480    0.000000     1     1
    339   -6.000000   13.856480    0.000000     1     1
    340   -5.000000   13.856480    0.000000     1     1
    341   -4.000000   13.856480    0.000000     1     1
    342   -3.000000   13.856480    0.000000     1     1
    343   -2.000000   13.856480    0.000000     1     1
    344   -1.000000   13.856480    0.000000     1     1
    345    0.000000   13.856480    0.000000     1     1
    346    1.000000   13.856480    0.000000     1     1
    347    2.000000   13.856480    0.000000     1     1
    348    3.000000   13.856480    0.000000     1     1
    349    4.000000   13.856480    0.000000     1     1
    350    5.000000   13.856480    0.000000     1     1
    351    6.000000   13.856480    0.000000     1     1
    352    7.000000   13.856480    0.000000     1     1
    353    8.000000   13.856480    0.000000     1     1
    354    9.000000   13.856480    0.000000     1     1
    355   10.000000   13.856480    0.000000     1     1
    356   11.000000   13.856480    0.000000     1     1
    357   12.000000   13.856480    0.000000     1     1
    358   -8.500000   14.722510    0.000000     1     1
    359   -7.500000   14.722510    0.000000     1     1
    360   -6.500000   14.722510    0.000000     1     1
    361   -5.500000   14.722510    0.000000     1     1
    362   -4.500000   14.722510    0.000000     1     1
    363   -3.500000   14.722510    0.000000     1     1
    364   -2.500000   14.722510    0.000000     1     1
    365   -1.500000   14.722510    0.000000     1     1
    366   -0.500000   14.722510    0.000000     1     1
    367    0.500000   14.722510    0.000000     1     1
    368    1.500000   14.722510    0.000000     1     1
    369    2.500000   14.722510    0.000000     1     1
    370    3.500000   14.722510    0.000000     1     1
    371    4.500000   14.722510    0.000000     1     1
    372    5.500000   14.722510    0.000000     1     1
    373    6.500000   14.722510    0.000000     1     1
    374    7.500000   14.722510    0.000000     1     1
    375    8.500000   14.722510    0.000000     1     1
    376    9.500000   14.722510    0.000000     1     1
    377   10.500000   14.722510    0.000000     1     1
    378   11.500000   14.722510    0.000000     1     1
    379   -9.000000   15.588540    0.000000     1     1
    380   -8.000000   15.588540    0.000000     1     1
    381   -7.000000   15.588540    0.000000     1     1
    382   -6.000000   15.588540    0.000000     1     1
    383   -5.000000   15.588540    0.000000     1     1
    384   -4.000000   15.588540    0.000000     1     1
    385   -3.000000   15.588540    0.000000     1     1
    386   -2.000000   15.588540    0.000000     1     1
    387   -1.000000   15.588540    0.000000     1     1
    388    0.000000   15.588540    0.000000     1     1
    389    1.000000   15.588540    0.000000     1     1
    390    2.000000   15.588540    0.000000     1     1
    391    3.000000   15.588540    0.000000     1     1
    392    4.000000   15.588540    0.000000     1     1
    393    5.000000   15.588540    0.000000     1     1
    394    6.000000   15.588540    0.000000     1     1
    395    7.000000   15.588540    0.000000     1     1
    396    8.000000   15.588540    0.000000     1     1
    397    9.000000   15.588540    0.000000     1     1
    398   10.000000   15.588540    0.000000     1     1
    399   11.000000   15.588540    0.000000     1     1
    400   -9.500000   16.454570    0.000000     1     1
    401   -8.500000   16.454570    0.000000     1     1
    402   -7.500000   16.454570    0.000000     1     1
    403   -6.500000   16.454570    0.000000     1     1
    404   -5.500000   16.454570    0.000000     1     1
    405   -4.500000   16.454570    0.000000     1     1
    406   -3.500000   16.454570    0.000000     1     1
    407   -2.500000   16.454570    0.000000     1     1
    408   -1.500000   16.454570    0.000000     1     1
    409   -0.500000   16.454570    0.000000     1     1
    410    0.500000   16.454570    0.000000     1     1
    411    1.500000   16.454570    0.000000     1     1
    412    2.500000   16.454570    0.000000     1     1
    413    3.500000   16.454570    0.000000     1     1
    414    4.500000   16.454570    0.000000     1     1
    415    5.500000   16.454570    0.000000     1     1
    416    6.500000   16.454570    0.000000     1     1
    417    7.500000   16.454570    0.000000     1     1
    418    8.500000   16.454570    0.000000     1     1
    419    9.500000   16.454570    0.000000     1     1
    420   10.500000   16.454570    0.000000     1     1
    421  -10.000000   17.320600    0.000000     1     1
    422   -9.000000   17.320600    0.000000     1     1
    423   -8.000000   17.320600    0.000000     1     1
    424   -7.000000   17.320600    0.000000     1     1
    425   -6.000000   17.320600    0.000000     1     1
    426   -5.000000   17.320600    0.000000     1     1
    427   -4.000000   17.320600    0.000000     1     1
    428   -3.000000   17.320600    0.000000     1     1
    429   -2.000000   17.320600    0.000000     1     1
    430   -1.000000   17.320600    0.000000     1     1
    431    0.000000   17.320600    0.000000     1     1
    432    1.000000   17.320600    0.000000     1     1
    433    2.000000   17.320600    0.000000     1     1
    434    3.000000   17.320600    0.000000     1     1
    435    4.000000   17.320600    0.000000     1     1
    436    5.000000   17.320600    0.000000     1     1
    437    6.000000   17.320600    0.000000     1     1
    438    7.000000   17.320600    0.000000     1     1
    439    8.000000   17.320600    0.000000     1     1
    440    9.000000   17.320600    0.000000     1     1
    441   10.000000   17.320600    0.000000     1     1
