#  Iter.   M_avg.    U_Bind.    Susc.
    9001  0.183462  0.414826  0.190173
    9011  0.183766  0.414857  0.190175
    9021  0.184088  0.414892  0.190182
    9031  0.184308  0.414934  0.190189
    9041  0.184465  0.414981  0.190195
    9051  0.184637  0.415035  0.190199
    9061  0.184654  0.415090  0.190201
    9071  0.184737  0.415150  0.190201
    9081  0.184898  0.415216  0.190199
    9091  0.185135  0.415286  0.190199
    9101  0.185237  0.415361  0.190197
    9111  0.185389  0.415441  0.190193
    9121  0.185462  0.415524  0.190187
    9131  0.185384  0.415606  0.190179
    9141  0.185264  0.415686  0.190169
    9151  0.185267  0.415766  0.190157
    9161  0.185165  0.415845  0.190143
    9171  0.184907  0.415916  0.190131
    9181  0.184613  0.415980  0.190123
    9191  0.184293  0.416036  0.190119
    9201  0.184163  0.416090  0.190115
    9211  0.184057  0.416141  0.190108
    9221  0.183985  0.416192  0.190099
    9231  0.183920  0.416242  0.190089
    9241  0.183889  0.416293  0.190075
    9251  0.183823  0.416343  0.190060
    9261  0.183809  0.416394  0.190043
    9271  0.183669  0.416442  0.190024
    9281  0.183635  0.416490  0.190004
    9291  0.183633  0.416540  0.189981
    9301  0.183684  0.416593  0.189956
    9311  0.183631  0.416646  0.189929
    9321  0.183603  0.416699  0.189901
    9331  0.183499  0.416750  0.189871
    9341  0.183457  0.416801  0.189839
    9351  0.183459  0.416854  0.189806
    9361  0.183320  0.416904  0.189771
    9371  0.183326  0.416956  0.189735
    9381  0.183100  0.417002  0.189701
    9391  0.183103  0.417050  0.189665
    9401  0.183261  0.417102  0.189628
    9411  0.183566  0.417156  0.189596
    9421  0.183866  0.417211  0.189568
    9431  0.184175  0.417269  0.189545
    9441  0.184539  0.417324  0.189528
    9451  0.184925  0.417375  0.189520
    9461  0.185193  0.417430  0.189514
    9471  0.185290  0.417488  0.189506
    9481  0.185385  0.417549  0.189497
    9491  0.185426  0.417612  0.189487
    9501  0.185488  0.417678  0.189474
    9511  0.185607  0.417748  0.189461
    9521  0.185583  0.417817  0.189445
    9531  0.185510  0.417886  0.189429
    9541  0.185374  0.417952  0.189411
    9551  0.185209  0.418014  0.189394
    9561  0.185113  0.418075  0.189375
    9571  0.184914  0.418132  0.189357
    9581  0.184763  0.418186  0.189338
    9591  0.184606  0.418237  0.189320
    9601  0.184379  0.418283  0.189303
    9611  0.184177  0.418325  0.189287
    9621  0.184008  0.418364  0.189271
    9631  0.183641  0.418397  0.189261
    9641  0.183343  0.418424  0.189256
    9651  0.183105  0.418447  0.189252
    9661  0.182853  0.418465  0.189250
    9671  0.182621  0.418479  0.189250
    9681  0.182365  0.418488  0.189252
    9691  0.182260  0.418495  0.189253
    9701  0.182153  0.418502  0.189253
    9711  0.182005  0.418506  0.189252
    9721  0.181954  0.418510  0.189250
    9731  0.181893  0.418514  0.189246
    9741  0.181814  0.418517  0.189241
    9751  0.181686  0.418518  0.189235
    9761  0.181489  0.418516  0.189229
    9771  0.181304  0.418511  0.189225
    9781  0.181141  0.418504  0.189220
    9791  0.180872  0.418491  0.189217
    9801  0.180769  0.418478  0.189214
    9811  0.180713  0.418465  0.189209
    9821  0.180726  0.418454  0.189203
    9831  0.180503  0.418439  0.189198
    9841  0.180320  0.418421  0.189194
    9851  0.180125  0.418399  0.189190
    9861  0.180037  0.418378  0.189185
    9871  0.179910  0.418354  0.189179
    9881  0.179847  0.418331  0.189172
    9891  0.179651  0.418304  0.189166
    9901  0.179590  0.418278  0.189158
    9911  0.179513  0.418251  0.189150
    9921  0.179391  0.418223  0.189140
    9931  0.179180  0.418191  0.189132
    9941  0.178887  0.418155  0.189128
    9951  0.178708  0.418117  0.189123
    9961  0.178478  0.418075  0.189121
    9971  0.178335  0.418031  0.189118
    9981  0.178063  0.417983  0.189117
    9991  0.177752  0.417931  0.189121
    9001  0.349609  0.559674  0.419179
    9011  0.349382  0.559789  0.418937
    9021  0.349013  0.559898  0.418704
    9031  0.348881  0.560006  0.418469
    9041  0.348873  0.560114  0.418230
    9051  0.348815  0.560221  0.417990
    9061  0.348800  0.560328  0.417746
    9071  0.348822  0.560434  0.417500
    9081  0.348847  0.560541  0.417251
    9091  0.348789  0.560647  0.416999
    9101  0.348900  0.560753  0.416746
    9111  0.348978  0.560859  0.416491
    9121  0.349007  0.560965  0.416234
    9131  0.348940  0.561071  0.415974
    9141  0.348826  0.561175  0.415714
    9151  0.348629  0.561277  0.415454
    9161  0.348556  0.561378  0.415193
    9171  0.348596  0.561479  0.414929
    9181  0.348682  0.561581  0.414664
    9191  0.348844  0.561683  0.414399
    9201  0.348849  0.561784  0.414132
    9211  0.348859  0.561886  0.413863
    9221  0.348951  0.561987  0.413593
    9231  0.348861  0.562088  0.413322
    9241  0.348921  0.562189  0.413049
    9251  0.349008  0.562290  0.412775
    9261  0.349168  0.562392  0.412501
    9271  0.349364  0.562494  0.412229
    9281  0.349452  0.562595  0.411955
    9291  0.349595  0.562698  0.411682
    9301  0.349776  0.562800  0.411409
    9311  0.349881  0.562902  0.411136
    9321  0.349874  0.563005  0.410861
    9331  0.350003  0.563107  0.410586
    9341  0.350034  0.563209  0.410309
    9351  0.350002  0.563311  0.410031
    9361  0.350026  0.563413  0.409752
    9371  0.350000  0.563515  0.409471
    9381  0.349804  0.563614  0.409192
    9391  0.349541  0.563711  0.408917
    9401  0.349297  0.563805  0.408645
    9411  0.349195  0.563899  0.408373
    9421  0.348955  0.563990  0.408104
    9431  0.348647  0.564078  0.407840
    9441  0.348437  0.564165  0.407578
    9451  0.348050  0.564247  0.407326
    9461  0.347620  0.564326  0.407087
    9471  0.347273  0.564402  0.406855
    9481  0.346871  0.564474  0.406633
    9491  0.346443  0.564542  0.406423
    9501  0.345882  0.564605  0.406235
    9511  0.345404  0.564664  0.406061
    9521  0.344906  0.564719  0.405903
    9531  0.344496  0.564771  0.405756
    9541  0.344116  0.564819  0.405616
    9551  0.343644  0.564863  0.405490
    9561  0.343193  0.564904  0.405375
    9571  0.342738  0.564941  0.405274
    9581  0.342297  0.564975  0.405183
    9591  0.341862  0.565005  0.405102
    9601  0.341374  0.565031  0.405036
    9611  0.340857  0.565053  0.404986
    9621  0.340352  0.565072  0.404950
    9631  0.339908  0.565087  0.404925
    9641  0.339407  0.565099  0.404914
    9651  0.338876  0.565106  0.404920
    9661  0.338196  0.565109  0.404954
    9671  0.337564  0.565108  0.405012
    9681  0.337066  0.565104  0.405083
    9691  0.336593  0.565096  0.405166
    9701  0.336099  0.565085  0.405260
    9711  0.335638  0.565070  0.405365
    9721  0.335278  0.565054  0.405474
    9731  0.334932  0.565035  0.405586
    9741  0.334665  0.565014  0.405698
    9751  0.334426  0.564992  0.405809
    9761  0.334021  0.564968  0.405927
    9771  0.333752  0.564942  0.406044
    9781  0.333384  0.564914  0.406166
    9791  0.333125  0.564885  0.406288
    9801  0.332916  0.564855  0.406408
    9811  0.332572  0.564822  0.406530
    9821  0.332216  0.564788  0.406657
    9831  0.331724  0.564750  0.406795
    9841  0.331260  0.564710  0.406943
    9851  0.331032  0.564669  0.407090
    9861  0.330853  0.564627  0.407233
    9871  0.330688  0.564585  0.407374
    9881  0.330585  0.564543  0.407510
    9891  0.330519  0.564502  0.407641
    9901  0.330558  0.564462  0.407768
    9911  0.330451  0.564422  0.407891
    9921  0.330334  0.564382  0.408010
    9931  0.330289  0.564343  0.408125
    9941  0.330106  0.564304  0.408237
    9951  0.329920  0.564264  0.408348
    9961  0.329648  0.564222  0.408458
    9971  0.329544  0.564181  0.408565
    9981  0.329383  0.564140  0.408670
    9991  0.329334  0.564099  0.408770
    9001  0.589681  0.661752  0.050706
    9011  0.589745  0.661753  0.050698
    9021  0.589879  0.661753  0.050692
    9031  0.589921  0.661754  0.050686
    9041  0.589999  0.661755  0.050679
    9051  0.590102  0.661755  0.050672
    9061  0.590162  0.661756  0.050666
    9071  0.590257  0.661757  0.050659
    9081  0.590404  0.661758  0.050654
    9091  0.590523  0.661758  0.050650
    9101  0.590680  0.661759  0.050647
    9111  0.590868  0.661759  0.050647
    9121  0.591029  0.661759  0.050649
    9131  0.591153  0.661759  0.050652
    9141  0.591262  0.661758  0.050655
    9151  0.591309  0.661758  0.050657
    9161  0.591404  0.661758  0.050660
    9171  0.591496  0.661758  0.050662
    9181  0.591576  0.661758  0.050665
    9191  0.591696  0.661758  0.050668
    9201  0.591853  0.661758  0.050672
    9211  0.591906  0.661758  0.050677
    9221  0.591944  0.661758  0.050680
    9231  0.591906  0.661758  0.050683
    9241  0.591760  0.661758  0.050687
    9251  0.591669  0.661757  0.050692
    9261  0.591590  0.661757  0.050696
    9271  0.591558  0.661757  0.050699
    9281  0.591493  0.661757  0.050702
    9291  0.591452  0.661757  0.050705
    9301  0.591418  0.661757  0.050707
    9311  0.591544  0.661757  0.050710
    9321  0.591629  0.661756  0.050713
    9331  0.591680  0.661756  0.050715
    9341  0.591675  0.661756  0.050717
    9351  0.591557  0.661756  0.050719
    9361  0.591545  0.661756  0.050721
    9371  0.591547  0.661756  0.050722
    9381  0.591535  0.661756  0.050723
    9391  0.591567  0.661757  0.050723
    9401  0.591641  0.661757  0.050722
    9411  0.591718  0.661757  0.050722
    9421  0.591790  0.661757  0.050722
    9431  0.591846  0.661757  0.050721
    9441  0.591966  0.661758  0.050721
    9451  0.592092  0.661758  0.050722
    9461  0.592239  0.661758  0.050724
    9471  0.592275  0.661758  0.050726
    9481  0.592235  0.661758  0.050727
    9491  0.592200  0.661758  0.050728
    9501  0.592192  0.661758  0.050728
    9511  0.592023  0.661758  0.050730
    9521  0.591982  0.661758  0.050732
    9531  0.591896  0.661758  0.050734
    9541  0.591799  0.661758  0.050736
    9551  0.591683  0.661758  0.050738
    9561  0.591578  0.661758  0.050741
    9571  0.591569  0.661758  0.050743
    9581  0.591516  0.661758  0.050746
    9591  0.591469  0.661757  0.050747
    9601  0.591405  0.661757  0.050749
    9611  0.591278  0.661757  0.050751
    9621  0.591133  0.661757  0.050755
    9631  0.591075  0.661757  0.050758
    9641  0.591113  0.661756  0.050761
    9651  0.591164  0.661756  0.050763
    9661  0.591139  0.661756  0.050765
    9671  0.591133  0.661756  0.050767
    9681  0.591175  0.661756  0.050768
    9691  0.591246  0.661756  0.050769
    9701  0.591344  0.661756  0.050771
    9711  0.591409  0.661756  0.050772
    9721  0.591514  0.661756  0.050773
    9731  0.591671  0.661755  0.050777
    9741  0.591827  0.661755  0.050781
    9751  0.591976  0.661755  0.050787
    9761  0.592101  0.661754  0.050794
    9771  0.592177  0.661754  0.050800
    9781  0.592248  0.661753  0.050807
    9791  0.592163  0.661753  0.050813
    9801  0.592074  0.661752  0.050820
    9811  0.592041  0.661752  0.050826
    9821  0.592091  0.661751  0.050832
    9831  0.592140  0.661751  0.050837
    9841  0.592148  0.661750  0.050842
    9851  0.592243  0.661750  0.050848
    9861  0.592327  0.661750  0.050853
    9871  0.592415  0.661749  0.050858
    9881  0.592492  0.661749  0.050864
    9891  0.592485  0.661748  0.050869
    9901  0.592445  0.661748  0.050873
    9911  0.592421  0.661748  0.050878
    9921  0.592345  0.661748  0.050882
    9931  0.592378  0.661747  0.050885
    9941  0.592363  0.661747  0.050889
    9951  0.592383  0.661747  0.050892
    9961  0.592442  0.661747  0.050894
    9971  0.592513  0.661747  0.050897
    9981  0.592576  0.661747  0.050900
    9991  0.592608  0.661747  0.050902
    9001  0.676812  0.664049  0.041947
    9011  0.676731  0.664050  0.041922
    9021  0.676549  0.664052  0.041900
    9031  0.676423  0.664053  0.041880
    9041  0.676302  0.664054  0.041862
    9051  0.676196  0.664055  0.041844
    9061  0.676121  0.664056  0.041827
    9071  0.676085  0.664057  0.041809
    9081  0.676045  0.664059  0.041791
    9091  0.676028  0.664060  0.041773
    9101  0.675966  0.664061  0.041755
    9111  0.675837  0.664062  0.041739
    9121  0.675780  0.664063  0.041722
    9131  0.675776  0.664064  0.041706
    9141  0.675776  0.664065  0.041689
    9151  0.675680  0.664066  0.041672
    9161  0.675590  0.664067  0.041656
    9171  0.675488  0.664068  0.041641
    9181  0.675346  0.664069  0.041628
    9191  0.675241  0.664069  0.041616
    9201  0.675223  0.664070  0.041603
    9211  0.675200  0.664071  0.041590
    9221  0.675195  0.664072  0.041577
    9231  0.675204  0.664072  0.041564
    9241  0.675204  0.664073  0.041549
    9251  0.675166  0.664074  0.041535
    9261  0.675149  0.664075  0.041521
    9271  0.675138  0.664076  0.041506
    9281  0.675122  0.664077  0.041491
    9291  0.675154  0.664078  0.041475
    9301  0.675190  0.664079  0.041459
    9311  0.675235  0.664079  0.041444
    9321  0.675311  0.664080  0.041428
    9331  0.675382  0.664081  0.041413
    9341  0.675453  0.664082  0.041398
    9351  0.675588  0.664083  0.041385
    9361  0.675664  0.664084  0.041372
    9371  0.675753  0.664085  0.041360
    9381  0.675826  0.664085  0.041347
    9391  0.675890  0.664086  0.041335
    9401  0.675960  0.664087  0.041323
    9411  0.676056  0.664088  0.041312
    9421  0.676161  0.664088  0.041302
    9431  0.676215  0.664089  0.041291
    9441  0.676271  0.664090  0.041281
    9451  0.676376  0.664090  0.041271
    9461  0.676425  0.664091  0.041261
    9471  0.676483  0.664091  0.041251
    9481  0.676538  0.664092  0.041241
    9491  0.676606  0.664093  0.041232
    9501  0.676647  0.664093  0.041222
    9511  0.676749  0.664094  0.041213
    9521  0.676802  0.664095  0.041204
    9531  0.676821  0.664095  0.041194
    9541  0.676841  0.664096  0.041185
    9551  0.676874  0.664097  0.041175
    9561  0.676911  0.664097  0.041164
    9571  0.676968  0.664098  0.041154
    9581  0.676986  0.664099  0.041144
    9591  0.677059  0.664099  0.041134
    9601  0.677170  0.664100  0.041125
    9611  0.677276  0.664101  0.041116
    9621  0.677334  0.664101  0.041108
    9631  0.677409  0.664102  0.041100
    9641  0.677477  0.664102  0.041092
    9651  0.677515  0.664103  0.041084
    9661  0.677540  0.664104  0.041075
    9671  0.677555  0.664104  0.041067
    9681  0.677582  0.664105  0.041058
    9691  0.677599  0.664106  0.041049
    9701  0.677628  0.664106  0.041039
    9711  0.677661  0.664107  0.041030
    9721  0.677623  0.664108  0.041020
    9731  0.677521  0.664108  0.041011
    9741  0.677462  0.664109  0.041002
    9751  0.677358  0.664110  0.040994
    9761  0.677283  0.664110  0.040986
    9771  0.677270  0.664111  0.040978
    9781  0.677281  0.664111  0.040970
    9791  0.677232  0.664112  0.040961
    9801  0.677194  0.664112  0.040952
    9811  0.677169  0.664113  0.040944
    9821  0.677173  0.664114  0.040935
    9831  0.677196  0.664114  0.040925
    9841  0.677218  0.664115  0.040916
    9851  0.677234  0.664116  0.040906
    9861  0.677282  0.664116  0.040896
    9871  0.677315  0.664117  0.040886
    9881  0.677352  0.664118  0.040876
    9891  0.677408  0.664118  0.040866
    9901  0.677457  0.664119  0.040856
    9911  0.677562  0.664120  0.040847
    9921  0.677616  0.664120  0.040838
    9931  0.677664  0.664121  0.040828
    9941  0.677773  0.664122  0.040820
    9951  0.677802  0.664122  0.040812
    9961  0.677801  0.664123  0.040803
    9971  0.677863  0.664123  0.040794
    9981  0.677856  0.664124  0.040785
    9991  0.677843  0.664125  0.040776
    9001  0.756600  0.665920  0.018619
    9011  0.756634  0.665920  0.018619
    9021  0.756651  0.665920  0.018620
    9031  0.756633  0.665920  0.018620
    9041  0.756642  0.665920  0.018620
    9051  0.756657  0.665920  0.018619
    9061  0.756674  0.665920  0.018619
    9071  0.756697  0.665920  0.018618
    9081  0.756705  0.665921  0.018616
    9091  0.756708  0.665921  0.018615
    9101  0.756732  0.665921  0.018613
    9111  0.756767  0.665921  0.018612
    9121  0.756838  0.665921  0.018611
    9131  0.756834  0.665921  0.018609
    9141  0.756783  0.665921  0.018608
    9151  0.756695  0.665921  0.018607
    9161  0.756621  0.665921  0.018607
    9171  0.756562  0.665921  0.018608
    9181  0.756550  0.665921  0.018608
    9191  0.756513  0.665921  0.018608
    9201  0.756485  0.665921  0.018608
    9211  0.756528  0.665921  0.018608
    9221  0.756562  0.665921  0.018607
    9231  0.756566  0.665921  0.018607
    9241  0.756600  0.665921  0.018606
    9251  0.756594  0.665921  0.018606
    9261  0.756541  0.665921  0.018605
    9271  0.756500  0.665921  0.018604
    9281  0.756433  0.665921  0.018604
    9291  0.756426  0.665921  0.018604
    9301  0.756420  0.665921  0.018603
    9311  0.756414  0.665921  0.018602
    9321  0.756388  0.665922  0.018601
    9331  0.756395  0.665922  0.018600
    9341  0.756407  0.665922  0.018598
    9351  0.756372  0.665922  0.018597
    9361  0.756327  0.665922  0.018595
    9371  0.756340  0.665922  0.018594
    9381  0.756337  0.665922  0.018592
    9391  0.756347  0.665922  0.018590
    9401  0.756361  0.665922  0.018588
    9411  0.756411  0.665922  0.018586
    9421  0.756433  0.665922  0.018583
    9431  0.756452  0.665922  0.018581
    9441  0.756443  0.665923  0.018579
    9451  0.756424  0.665923  0.018576
    9461  0.756449  0.665923  0.018573
    9471  0.756478  0.665923  0.018571
    9481  0.756465  0.665923  0.018568
    9491  0.756484  0.665923  0.018565
    9501  0.756562  0.665923  0.018562
    9511  0.756610  0.665923  0.018560
    9521  0.756647  0.665923  0.018558
    9531  0.756653  0.665924  0.018555
    9541  0.756640  0.665924  0.018552
    9551  0.756627  0.665924  0.018550
    9561  0.756625  0.665924  0.018547
    9571  0.756604  0.665924  0.018544
    9581  0.756577  0.665924  0.018541
    9591  0.756523  0.665924  0.018538
    9601  0.756440  0.665924  0.018536
    9611  0.756369  0.665925  0.018534
    9621  0.756292  0.665925  0.018533
    9631  0.756260  0.665925  0.018532
    9641  0.756193  0.665925  0.018531
    9651  0.756118  0.665925  0.018531
    9661  0.756034  0.665925  0.018531
    9671  0.755985  0.665925  0.018532
    9681  0.755934  0.665925  0.018532
    9691  0.755857  0.665925  0.018534
    9701  0.755807  0.665925  0.018535
    9711  0.755762  0.665924  0.018536
    9721  0.755709  0.665924  0.018538
    9731  0.755684  0.665924  0.018539
    9741  0.755644  0.665924  0.018541
    9751  0.755604  0.665924  0.018542
    9761  0.755559  0.665924  0.018544
    9771  0.755536  0.665924  0.018545
    9781  0.755524  0.665924  0.018547
    9791  0.755544  0.665924  0.018548
    9801  0.755564  0.665924  0.018549
    9811  0.755557  0.665924  0.018550
    9821  0.755548  0.665924  0.018550
    9831  0.755547  0.665924  0.018551
    9841  0.755577  0.665924  0.018551
    9851  0.755625  0.665924  0.018552
    9861  0.755672  0.665924  0.018552
    9871  0.755719  0.665924  0.018553
    9881  0.755732  0.665924  0.018554
    9891  0.755726  0.665924  0.018554
    9901  0.755740  0.665924  0.018554
    9911  0.755743  0.665924  0.018554
    9921  0.755708  0.665924  0.018555
    9931  0.755673  0.665924  0.018555
    9941  0.755661  0.665924  0.018555
    9951  0.755686  0.665924  0.018555
    9961  0.755681  0.665924  0.018554
    9971  0.755657  0.665924  0.018554
    9981  0.755622  0.665924  0.018554
    9991  0.755554  0.665924  0.018554
    9001  0.816779  0.666335  0.012917
    9011  0.816750  0.666335  0.012914
    9021  0.816713  0.666335  0.012911
    9031  0.816677  0.666335  0.012908
    9041  0.816625  0.666335  0.012906
    9051  0.816563  0.666335  0.012904
    9061  0.816517  0.666335  0.012903
    9071  0.816503  0.666335  0.012901
    9081  0.816512  0.666335  0.012899
    9091  0.816517  0.666335  0.012897
    9101  0.816505  0.666335  0.012895
    9111  0.816494  0.666335  0.012893
    9121  0.816450  0.666335  0.012891
    9131  0.816417  0.666336  0.012889
    9141  0.816351  0.666336  0.012887
    9151  0.816287  0.666336  0.012887
    9161  0.816265  0.666336  0.012886
    9171  0.816209  0.666336  0.012886
    9181  0.816205  0.666336  0.012885
    9191  0.816208  0.666336  0.012884
    9201  0.816217  0.666336  0.012884
    9211  0.816217  0.666336  0.012883
    9221  0.816215  0.666336  0.012881
    9231  0.816238  0.666336  0.012880
    9241  0.816226  0.666336  0.012879
    9251  0.816206  0.666336  0.012877
    9261  0.816176  0.666336  0.012876
    9271  0.816154  0.666336  0.012875
    9281  0.816148  0.666336  0.012873
    9291  0.816171  0.666336  0.012871
    9301  0.816179  0.666336  0.012869
    9311  0.816167  0.666336  0.012868
    9321  0.816204  0.666336  0.012866
    9331  0.816212  0.666336  0.012864
    9341  0.816198  0.666336  0.012862
    9351  0.816197  0.666336  0.012860
    9361  0.816217  0.666336  0.012857
    9371  0.816242  0.666336  0.012855
    9381  0.816237  0.666336  0.012853
    9391  0.816201  0.666336  0.012851
    9401  0.816144  0.666336  0.012849
    9411  0.816111  0.666337  0.012847
    9421  0.816088  0.666337  0.012845
    9431  0.816097  0.666337  0.012843
    9441  0.816108  0.666337  0.012841
    9451  0.816132  0.666337  0.012839
    9461  0.816176  0.666337  0.012838
    9471  0.816211  0.666337  0.012836
    9481  0.816256  0.666337  0.012834
    9491  0.816293  0.666337  0.012833
    9501  0.816327  0.666337  0.012832
    9511  0.816334  0.666337  0.012830
    9521  0.816372  0.666337  0.012829
    9531  0.816398  0.666337  0.012828
    9541  0.816402  0.666337  0.012827
    9551  0.816410  0.666337  0.012825
    9561  0.816417  0.666337  0.012823
    9571  0.816428  0.666337  0.012822
    9581  0.816449  0.666337  0.012820
    9591  0.816464  0.666337  0.012818
    9601  0.816506  0.666337  0.012817
    9611  0.816557  0.666337  0.012815
    9621  0.816581  0.666337  0.012814
    9631  0.816623  0.666337  0.012813
    9641  0.816633  0.666337  0.012811
    9651  0.816622  0.666337  0.012810
    9661  0.816628  0.666337  0.012809
    9671  0.816658  0.666337  0.012807
    9681  0.816670  0.666338  0.012806
    9691  0.816694  0.666338  0.012804
    9701  0.816724  0.666338  0.012803
    9711  0.816764  0.666338  0.012802
    9721  0.816799  0.666338  0.012800
    9731  0.816833  0.666338  0.012799
    9741  0.816844  0.666338  0.012798
    9751  0.816834  0.666338  0.012797
    9761  0.816826  0.666338  0.012795
    9771  0.816818  0.666338  0.012794
    9781  0.816819  0.666338  0.012792
    9791  0.816824  0.666338  0.012791
    9801  0.816815  0.666338  0.012789
    9811  0.816827  0.666338  0.012787
    9821  0.816850  0.666338  0.012785
    9831  0.816871  0.666338  0.012783
    9841  0.816904  0.666338  0.012782
    9851  0.816900  0.666338  0.012780
    9861  0.816882  0.666338  0.012778
    9871  0.816920  0.666338  0.012776
    9881  0.816950  0.666338  0.012774
    9891  0.816951  0.666338  0.012772
    9901  0.816963  0.666338  0.012771
    9911  0.816986  0.666339  0.012769
    9921  0.817017  0.666339  0.012767
    9931  0.817063  0.666339  0.012765
    9941  0.817121  0.666339  0.012764
    9951  0.817166  0.666339  0.012763
    9961  0.817175  0.666339  0.012762
    9971  0.817168  0.666339  0.012761
    9981  0.817143  0.666339  0.012760
    9991  0.817116  0.666339  0.012759
    9001  0.873928  0.666495  0.011439
    9011  0.873965  0.666495  0.011438
    9021  0.873986  0.666495  0.011437
    9031  0.874001  0.666495  0.011436
    9041  0.874020  0.666495  0.011434
    9051  0.874040  0.666495  0.011433
    9061  0.874056  0.666495  0.011431
    9071  0.874092  0.666495  0.011430
    9081  0.874103  0.666495  0.011428
    9091  0.874114  0.666495  0.011427
    9101  0.874121  0.666495  0.011425
    9111  0.874116  0.666495  0.011423
    9121  0.874111  0.666495  0.011421
    9131  0.874083  0.666495  0.011420
    9141  0.874060  0.666495  0.011418
    9151  0.874042  0.666495  0.011416
    9161  0.874024  0.666495  0.011414
    9171  0.874018  0.666495  0.011412
    9181  0.874005  0.666495  0.011410
    9191  0.874026  0.666495  0.011408
    9201  0.874051  0.666495  0.011406
    9211  0.874065  0.666495  0.011403
    9221  0.874065  0.666495  0.011401
    9231  0.874066  0.666496  0.011399
    9241  0.874042  0.666496  0.011396
    9251  0.874039  0.666496  0.011394
    9261  0.874027  0.666496  0.011391
    9271  0.873998  0.666496  0.011389
    9281  0.873968  0.666496  0.011386
    9291  0.873942  0.666496  0.011384
    9301  0.873927  0.666496  0.011382
    9311  0.873923  0.666496  0.011380
    9321  0.873923  0.666496  0.011377
    9331  0.873907  0.666496  0.011374
    9341  0.873881  0.666496  0.011372
    9351  0.873862  0.666496  0.011369
    9361  0.873851  0.666496  0.011367
    9371  0.873837  0.666496  0.011364
    9381  0.873820  0.666496  0.011362
    9391  0.873792  0.666496  0.011359
    9401  0.873775  0.666496  0.011357
    9411  0.873772  0.666496  0.011354
    9421  0.873767  0.666496  0.011351
    9431  0.873744  0.666496  0.011348
    9441  0.873715  0.666496  0.011346
    9451  0.873693  0.666496  0.011343
    9461  0.873691  0.666496  0.011341
    9471  0.873682  0.666496  0.011338
    9481  0.873670  0.666496  0.011335
    9491  0.873662  0.666497  0.011332
    9501  0.873646  0.666497  0.011329
    9511  0.873624  0.666497  0.011327
    9521  0.873570  0.666497  0.011324
    9531  0.873535  0.666497  0.011322
    9541  0.873501  0.666497  0.011321
    9551  0.873472  0.666497  0.011319
    9561  0.873477  0.666497  0.011317
    9571  0.873471  0.666497  0.011315
    9581  0.873481  0.666497  0.011314
    9591  0.873490  0.666497  0.011312
    9601  0.873507  0.666497  0.011310
    9611  0.873530  0.666497  0.011308
    9621  0.873545  0.666497  0.011306
    9631  0.873546  0.666497  0.011304
    9641  0.873566  0.666497  0.011302
    9651  0.873584  0.666497  0.011300
    9661  0.873613  0.666497  0.011298
    9671  0.873646  0.666497  0.011296
    9681  0.873677  0.666497  0.011294
    9691  0.873696  0.666497  0.011293
    9701  0.873717  0.666497  0.011291
    9711  0.873733  0.666497  0.011289
    9721  0.873743  0.666497  0.011288
    9731  0.873732  0.666497  0.011286
    9741  0.873723  0.666497  0.011284
    9751  0.873734  0.666497  0.011282
    9761  0.873720  0.666497  0.011280
    9771  0.873701  0.666497  0.011279
    9781  0.873721  0.666497  0.011277
    9791  0.873735  0.666497  0.011275
    9801  0.873739  0.666497  0.011273
    9811  0.873753  0.666497  0.011271
    9821  0.873771  0.666497  0.011269
    9831  0.873794  0.666497  0.011267
    9841  0.873815  0.666498  0.011265
    9851  0.873824  0.666498  0.011263
    9861  0.873842  0.666498  0.011261
    9871  0.873863  0.666498  0.011259
    9881  0.873886  0.666498  0.011257
    9891  0.873901  0.666498  0.011255
    9901  0.873926  0.666498  0.011253
    9911  0.873961  0.666498  0.011251
    9921  0.874005  0.666498  0.011250
    9931  0.874035  0.666498  0.011249
    9941  0.874085  0.666498  0.011248
    9951  0.874125  0.666498  0.011248
    9961  0.874153  0.666498  0.011248
    9971  0.874164  0.666498  0.011247
    9981  0.874175  0.666498  0.011247
    9991  0.874169  0.666498  0.011246
    9001  0.934328  0.666625  0.006353
    9011  0.934306  0.666625  0.006356
    9021  0.934289  0.666625  0.006358
    9031  0.934280  0.666625  0.006361
    9041  0.934260  0.666625  0.006364
    9051  0.934250  0.666625  0.006367
    9061  0.934233  0.666625  0.006370
    9071  0.934196  0.666625  0.006373
    9081  0.934160  0.666625  0.006377
    9091  0.934126  0.666625  0.006382
    9101  0.934099  0.666625  0.006387
    9111  0.934077  0.666625  0.006392
    9121  0.934054  0.666625  0.006397
    9131  0.934027  0.666625  0.006402
    9141  0.934004  0.666625  0.006408
    9151  0.933983  0.666625  0.006414
    9161  0.933948  0.666625  0.006420
    9171  0.933926  0.666624  0.006426
    9181  0.933904  0.666624  0.006432
    9191  0.933898  0.666624  0.006438
    9201  0.933893  0.666624  0.006444
    9211  0.933882  0.666624  0.006450
    9221  0.933872  0.666624  0.006456
    9231  0.933868  0.666624  0.006462
    9241  0.933842  0.666624  0.006468
    9251  0.933818  0.666624  0.006474
    9261  0.933794  0.666624  0.006480
    9271  0.933769  0.666624  0.006486
    9281  0.933730  0.666624  0.006493
    9291  0.933707  0.666624  0.006500
    9301  0.933696  0.666624  0.006508
    9311  0.933669  0.666624  0.006515
    9321  0.933641  0.666624  0.006522
    9331  0.933630  0.666624  0.006530
    9341  0.933621  0.666624  0.006537
    9351  0.933612  0.666624  0.006544
    9361  0.933621  0.666624  0.006551
    9371  0.933627  0.666624  0.006558
    9381  0.933618  0.666624  0.006564
    9391  0.933612  0.666624  0.006571
    9401  0.933616  0.666623  0.006577
    9411  0.933627  0.666623  0.006584
    9421  0.933634  0.666623  0.006590
    9431  0.933626  0.666623  0.006596
    9441  0.933614  0.666623  0.006602
    9451  0.933597  0.666623  0.006608
    9461  0.933586  0.666623  0.006614
    9471  0.933575  0.666623  0.006620
    9481  0.933571  0.666623  0.006625
    9491  0.933576  0.666623  0.006631
    9501  0.933576  0.666623  0.006636
    9511  0.933576  0.666623  0.006642
    9521  0.933579  0.666623  0.006647
    9531  0.933570  0.666623  0.006652
    9541  0.933570  0.666623  0.006657
    9551  0.933570  0.666623  0.006661
    9561  0.933569  0.666623  0.006666
    9571  0.933571  0.666623  0.006671
    9581  0.933574  0.666623  0.006675
    9591  0.933577  0.666623  0.006679
    9601  0.933582  0.666623  0.006684
    9611  0.933571  0.666623  0.006688
    9621  0.933561  0.666623  0.006692
    9631  0.933550  0.666623  0.006696
    9641  0.933550  0.666623  0.006700
    9651  0.933542  0.666623  0.006703
    9661  0.933544  0.666623  0.006707
    9671  0.933536  0.666623  0.006711
    9681  0.933532  0.666623  0.006714
    9691  0.933527  0.666623  0.006718
    9701  0.933523  0.666623  0.006721
    9711  0.933525  0.666623  0.006724
    9721  0.933517  0.666622  0.006728
    9731  0.933521  0.666622  0.006731
    9741  0.933523  0.666622  0.006734
    9751  0.933514  0.666622  0.006737
    9761  0.933518  0.666622  0.006739
    9771  0.933527  0.666622  0.006742
    9781  0.933535  0.666622  0.006745
    9791  0.933546  0.666622  0.006748
    9801  0.933552  0.666622  0.006750
    9811  0.933552  0.666622  0.006753
    9821  0.933546  0.666622  0.006755
    9831  0.933541  0.666622  0.006758
    9841  0.933531  0.666622  0.006760
    9851  0.933520  0.666622  0.006762
    9861  0.933519  0.666622  0.006765
    9871  0.933513  0.666622  0.006767
    9881  0.933504  0.666622  0.006769
    9891  0.933487  0.666622  0.006771
    9901  0.933472  0.666622  0.006773
    9911  0.933466  0.666622  0.006776
    9921  0.933454  0.666622  0.006778
    9931  0.933450  0.666622  0.006780
    9941  0.933448  0.666622  0.006782
    9951  0.933448  0.666622  0.006784
    9961  0.933460  0.666622  0.006786
    9971  0.933470  0.666622  0.006788
    9981  0.933483  0.666622  0.006790
    9991  0.933493  0.666622  0.006791
    9001  0.968120  0.666643  0.009794
    9011  0.968131  0.666643  0.009789
    9021  0.968142  0.666643  0.009785
    9031  0.968150  0.666643  0.009780
    9041  0.968155  0.666643  0.009775
    9051  0.968157  0.666643  0.009770
    9061  0.968158  0.666643  0.009766
    9071  0.968156  0.666643  0.009761
    9081  0.968157  0.666643  0.009756
    9091  0.968159  0.666643  0.009751
    9101  0.968157  0.666643  0.009745
    9111  0.968161  0.666643  0.009740
    9121  0.968163  0.666643  0.009735
    9131  0.968164  0.666643  0.009730
    9141  0.968166  0.666643  0.009724
    9151  0.968167  0.666643  0.009719
    9161  0.968166  0.666643  0.009713
    9171  0.968166  0.666643  0.009708
    9181  0.968167  0.666643  0.009702
    9191  0.968167  0.666643  0.009696
    9201  0.968173  0.666643  0.009691
    9211  0.968177  0.666643  0.009685
    9221  0.968184  0.666643  0.009679
    9231  0.968193  0.666643  0.009673
    9241  0.968204  0.666643  0.009668
    9251  0.968214  0.666643  0.009662
    9261  0.968224  0.666643  0.009657
    9271  0.968235  0.666643  0.009652
    9281  0.968239  0.666643  0.009647
    9291  0.968246  0.666643  0.009641
    9301  0.968249  0.666643  0.009636
    9311  0.968251  0.666643  0.009631
    9321  0.968255  0.666643  0.009625
    9331  0.968262  0.666643  0.009620
    9341  0.968270  0.666643  0.009614
    9351  0.968279  0.666643  0.009609
    9361  0.968282  0.666643  0.009604
    9371  0.968285  0.666643  0.009599
    9381  0.968288  0.666643  0.009593
    9391  0.968287  0.666643  0.009588
    9401  0.968290  0.666643  0.009582
    9411  0.968297  0.666643  0.009577
    9421  0.968307  0.666643  0.009572
    9431  0.968323  0.666643  0.009566
    9441  0.968335  0.666643  0.009562
    9451  0.968346  0.666643  0.009557
    9461  0.968356  0.666643  0.009552
    9471  0.968367  0.666643  0.009547
    9481  0.968380  0.666643  0.009543
    9491  0.968391  0.666643  0.009539
    9501  0.968401  0.666643  0.009534
    9511  0.968412  0.666643  0.009530
    9521  0.968423  0.666643  0.009526
    9531  0.968430  0.666643  0.009522
    9541  0.968434  0.666643  0.009518
    9551  0.968438  0.666643  0.009514
    9561  0.968445  0.666643  0.009510
    9571  0.968453  0.666643  0.009506
    9581  0.968462  0.666643  0.009502
    9591  0.968474  0.666643  0.009498
    9601  0.968486  0.666643  0.009494
    9611  0.968492  0.666643  0.009490
    9621  0.968497  0.666643  0.009487
    9631  0.968507  0.666643  0.009483
    9641  0.968514  0.666643  0.009479
    9651  0.968525  0.666643  0.009476
    9661  0.968532  0.666643  0.009472
    9671  0.968540  0.666643  0.009468
    9681  0.968547  0.666644  0.009465
    9691  0.968558  0.666644  0.009461
    9701  0.968573  0.666644  0.009458
    9711  0.968590  0.666644  0.009455
    9721  0.968603  0.666644  0.009452
    9731  0.968615  0.666644  0.009450
    9741  0.968625  0.666644  0.009447
    9751  0.968633  0.666644  0.009445
    9761  0.968643  0.666644  0.009442
    9771  0.968649  0.666644  0.009440
    9781  0.968657  0.666644  0.009437
    9791  0.968664  0.666644  0.009435
    9801  0.968667  0.666644  0.009432
    9811  0.968672  0.666644  0.009429
    9821  0.968679  0.666644  0.009427
    9831  0.968687  0.666644  0.009424
    9841  0.968698  0.666644  0.009422
    9851  0.968703  0.666644  0.009419
    9861  0.968708  0.666644  0.009417
    9871  0.968712  0.666644  0.009414
    9881  0.968715  0.666644  0.009412
    9891  0.968722  0.666644  0.009409
    9901  0.968730  0.666644  0.009406
    9911  0.968737  0.666644  0.009404
    9921  0.968745  0.666644  0.009401
    9931  0.968752  0.666644  0.009399
    9941  0.968758  0.666644  0.009396
    9951  0.968762  0.666644  0.009394
    9961  0.968763  0.666644  0.009391
    9971  0.968765  0.666644  0.009388
    9981  0.968767  0.666644  0.009386
    9991  0.968767  0.666644  0.009383
    9001  0.983040  0.666660  0.005944
    9011  0.983042  0.666660  0.005953
    9021  0.983041  0.666660  0.005963
    9031  0.983041  0.666660  0.005972
    9041  0.983040  0.666660  0.005981
    9051  0.983036  0.666660  0.005989
    9061  0.983030  0.666660  0.005998
    9071  0.983025  0.666660  0.006006
    9081  0.983018  0.666660  0.006015
    9091  0.983007  0.666660  0.006023
    9101  0.982995  0.666660  0.006032
    9111  0.982983  0.666659  0.006041
    9121  0.982972  0.666659  0.006050
    9131  0.982966  0.666659  0.006059
    9141  0.982961  0.666659  0.006068
    9151  0.982953  0.666659  0.006076
    9161  0.982942  0.666659  0.006085
    9171  0.982935  0.666659  0.006094
    9181  0.982929  0.666659  0.006103
    9191  0.982921  0.666659  0.006111
    9201  0.982915  0.666659  0.006120
    9211  0.982911  0.666659  0.006128
    9221  0.982910  0.666659  0.006136
    9231  0.982910  0.666659  0.006144
    9241  0.982910  0.666659  0.006152
    9251  0.982911  0.666659  0.006160
    9261  0.982914  0.666659  0.006167
    9271  0.982916  0.666659  0.006175
    9281  0.982919  0.666659  0.006182
    9291  0.982924  0.666659  0.006189
    9301  0.982927  0.666659  0.006196
    9311  0.982928  0.666659  0.006203
    9321  0.982930  0.666659  0.006209
    9331  0.982931  0.666659  0.006216
    9341  0.982931  0.666659  0.006222
    9351  0.982932  0.666659  0.006228
    9361  0.982935  0.666659  0.006234
    9371  0.982939  0.666659  0.006240
    9381  0.982942  0.666659  0.006245
    9391  0.982946  0.666659  0.006251
    9401  0.982950  0.666659  0.006257
    9411  0.982951  0.666659  0.006262
    9421  0.982953  0.666659  0.006267
    9431  0.982957  0.666659  0.006272
    9441  0.982961  0.666659  0.006277
    9451  0.982962  0.666659  0.006282
    9461  0.982961  0.666659  0.006287
    9471  0.982961  0.666659  0.006292
    9481  0.982963  0.666659  0.006296
    9491  0.982965  0.666659  0.006301
    9501  0.982968  0.666659  0.006305
    9511  0.982971  0.666659  0.006309
    9521  0.982972  0.666659  0.006313
    9531  0.982976  0.666659  0.006318
    9541  0.982980  0.666659  0.006321
    9551  0.982983  0.666659  0.006325
    9561  0.982986  0.666659  0.006329
    9571  0.982990  0.666659  0.006333
    9581  0.982996  0.666659  0.006337
    9591  0.982998  0.666659  0.006340
    9601  0.983000  0.666659  0.006344
    9611  0.983000  0.666659  0.006347
    9621  0.982999  0.666659  0.006350
    9631  0.982997  0.666659  0.006354
    9641  0.982996  0.666659  0.006357
    9651  0.982995  0.666659  0.006360
    9661  0.982996  0.666659  0.006363
    9671  0.982998  0.666659  0.006365
    9681  0.983001  0.666659  0.006368
    9691  0.983008  0.666659  0.006371
    9701  0.983013  0.666659  0.006374
    9711  0.983022  0.666659  0.006377
    9721  0.983030  0.666659  0.006379
    9731  0.983037  0.666659  0.006382
    9741  0.983043  0.666659  0.006385
    9751  0.983049  0.666659  0.006388
    9761  0.983056  0.666659  0.006391
    9771  0.983064  0.666659  0.006394
    9781  0.983071  0.666659  0.006397
    9791  0.983079  0.666659  0.006400
    9801  0.983087  0.666659  0.006404
    9811  0.983094  0.666659  0.006407
    9821  0.983101  0.666659  0.006410
    9831  0.983107  0.666659  0.006413
    9841  0.983113  0.666659  0.006417
    9851  0.983119  0.666659  0.006420
    9861  0.983122  0.666659  0.006423
    9871  0.983126  0.666659  0.006426
    9881  0.983128  0.666659  0.006429
    9891  0.983130  0.666659  0.006432
    9901  0.983130  0.666659  0.006435
    9911  0.983130  0.666659  0.006438
    9921  0.983131  0.666659  0.006440
    9931  0.983132  0.666659  0.006443
    9941  0.983134  0.666659  0.006446
    9951  0.983134  0.666659  0.006448
    9961  0.983135  0.666659  0.006450
    9971  0.983136  0.666659  0.006453
    9981  0.983138  0.666659  0.006455
    9991  0.983139  0.666659  0.006457
    9001  0.987300  0.666664  0.007252
    9011  0.987297  0.666664  0.007279
    9021  0.987293  0.666664  0.007305
    9031  0.987288  0.666664  0.007331
    9041  0.987282  0.666664  0.007357
    9051  0.987275  0.666664  0.007382
    9061  0.987270  0.666664  0.007408
    9071  0.987263  0.666664  0.007433
    9081  0.987256  0.666664  0.007458
    9091  0.987249  0.666664  0.007484
    9101  0.987241  0.666664  0.007509
    9111  0.987236  0.666664  0.007534
    9121  0.987230  0.666664  0.007560
    9131  0.987223  0.666664  0.007585
    9141  0.987218  0.666664  0.007610
    9151  0.987213  0.666664  0.007634
    9161  0.987210  0.666664  0.007658
    9171  0.987207  0.666664  0.007682
    9181  0.987203  0.666664  0.007706
    9191  0.987200  0.666664  0.007729
    9201  0.987196  0.666664  0.007752
    9211  0.987192  0.666664  0.007775
    9221  0.987190  0.666664  0.007797
    9231  0.987186  0.666664  0.007819
    9241  0.987183  0.666664  0.007841
    9251  0.987179  0.666664  0.007862
    9261  0.987176  0.666664  0.007883
    9271  0.987173  0.666664  0.007904
    9281  0.987168  0.666664  0.007925
    9291  0.987166  0.666664  0.007945
    9301  0.987164  0.666664  0.007965
    9311  0.987162  0.666664  0.007985
    9321  0.987159  0.666664  0.008004
    9331  0.987157  0.666664  0.008023
    9341  0.987153  0.666664  0.008042
    9351  0.987149  0.666664  0.008061
    9361  0.987144  0.666664  0.008079
    9371  0.987139  0.666664  0.008098
    9381  0.987134  0.666664  0.008116
    9391  0.987131  0.666664  0.008134
    9401  0.987128  0.666664  0.008152
    9411  0.987126  0.666664  0.008169
    9421  0.987125  0.666664  0.008186
    9431  0.987122  0.666664  0.008203
    9441  0.987119  0.666664  0.008220
    9451  0.987114  0.666664  0.008237
    9461  0.987110  0.666664  0.008253
    9471  0.987104  0.666664  0.008270
    9481  0.987098  0.666664  0.008286
    9491  0.987093  0.666664  0.008303
    9501  0.987088  0.666664  0.008319
    9511  0.987084  0.666664  0.008336
    9521  0.987079  0.666664  0.008352
    9531  0.987074  0.666664  0.008368
    9541  0.987068  0.666664  0.008384
    9551  0.987063  0.666664  0.008400
    9561  0.987059  0.666664  0.008416
    9571  0.987056  0.666664  0.008431
    9581  0.987053  0.666664  0.008447
    9591  0.987051  0.666664  0.008462
    9601  0.987048  0.666664  0.008477
    9611  0.987046  0.666664  0.008492
    9621  0.987046  0.666664  0.008507
    9631  0.987045  0.666664  0.008521
    9641  0.987044  0.666664  0.008535
    9651  0.987042  0.666664  0.008549
    9661  0.987039  0.666664  0.008563
    9671  0.987036  0.666664  0.008576
    9681  0.987032  0.666664  0.008590
    9691  0.987029  0.666664  0.008603
    9701  0.987025  0.666664  0.008616
    9711  0.987022  0.666664  0.008629
    9721  0.987018  0.666664  0.008642
    9731  0.987014  0.666664  0.008655
    9741  0.987010  0.666664  0.008668
    9751  0.987004  0.666664  0.008680
    9761  0.986999  0.666664  0.008693
    9771  0.986995  0.666664  0.008706
    9781  0.986989  0.666664  0.008719
    9791  0.986983  0.666664  0.008732
    9801  0.986977  0.666664  0.008744
    9811  0.986970  0.666664  0.008758
    9821  0.986964  0.666664  0.008771
    9831  0.986957  0.666664  0.008784
    9841  0.986949  0.666664  0.008798
    9851  0.986942  0.666664  0.008812
    9861  0.986934  0.666664  0.008826
    9871  0.986925  0.666664  0.008840
    9881  0.986916  0.666664  0.008855
    9891  0.986907  0.666664  0.008870
    9901  0.986898  0.666664  0.008886
    9911  0.986888  0.666664  0.008902
    9921  0.986878  0.666664  0.008919
    9931  0.986869  0.666663  0.008936
    9941  0.986858  0.666663  0.008954
    9951  0.986848  0.666663  0.008973
    9961  0.986838  0.666663  0.008992
    9971  0.986827  0.666663  0.009011
    9981  0.986816  0.666663  0.009032
    9991  0.986805  0.666663  0.009053
    9001  0.974279  0.666654  0.104717
    9011  0.974251  0.666654  0.105586
    9021  0.974226  0.666654  0.106461
    9031  0.974201  0.666654  0.107339
    9041  0.974176  0.666654  0.108220
    9051  0.974152  0.666654  0.109103
    9061  0.974129  0.666653  0.109988
    9071  0.974103  0.666653  0.110877
    9081  0.974077  0.666653  0.111772
    9091  0.974051  0.666653  0.112671
    9101  0.974026  0.666653  0.113574
    9111  0.973999  0.666653  0.114484
    9121  0.973972  0.666653  0.115399
    9131  0.973946  0.666653  0.116321
    9141  0.973920  0.666653  0.117246
    9151  0.973894  0.666652  0.118177
    9161  0.973868  0.666652  0.119111
    9171  0.973842  0.666652  0.120049
    9181  0.973817  0.666652  0.120991
    9191  0.973791  0.666652  0.121937
    9201  0.973765  0.666652  0.122887
    9211  0.973738  0.666652  0.123842
    9221  0.973712  0.666652  0.124802
    9231  0.973684  0.666652  0.125769
    9241  0.973658  0.666651  0.126741
    9251  0.973631  0.666651  0.127718
    9261  0.973604  0.666651  0.128701
    9271  0.973577  0.666651  0.129689
    9281  0.973550  0.666651  0.130681
    9291  0.973524  0.666651  0.131678
    9301  0.973496  0.666651  0.132680
    9311  0.973470  0.666651  0.133686
    9321  0.973444  0.666650  0.134696
    9331  0.973417  0.666650  0.135711
    9341  0.973390  0.666650  0.136731
    9351  0.973363  0.666650  0.137756
    9361  0.973337  0.666650  0.138783
    9371  0.973310  0.666650  0.139815
    9381  0.973284  0.666650  0.140852
    9391  0.973257  0.666650  0.141893
    9401  0.973231  0.666649  0.142937
    9411  0.973204  0.666649  0.143985
    9421  0.973178  0.666649  0.145035
    9431  0.973153  0.666649  0.146089
    9441  0.973127  0.666649  0.147145
    9451  0.973101  0.666649  0.148204
    9461  0.973075  0.666649  0.149266
    9471  0.973048  0.666649  0.150332
    9481  0.973022  0.666648  0.151402
    9491  0.972995  0.666648  0.152476
    9501  0.972968  0.666648  0.153554
    9511  0.972942  0.666648  0.154634
    9521  0.972916  0.666648  0.155718
    9531  0.972890  0.666648  0.156805
    9541  0.972864  0.666648  0.157893
    9551  0.972839  0.666647  0.158983
    9561  0.972814  0.666647  0.160074
    9571  0.972790  0.666647  0.161166
    9581  0.972766  0.666647  0.162258
    9591  0.972740  0.666647  0.163353
    9601  0.972714  0.666647  0.164450
    9611  0.972689  0.666647  0.165549
    9621  0.972664  0.666647  0.166648
    9631  0.972639  0.666646  0.167750
    9641  0.972613  0.666646  0.168854
    9651  0.972587  0.666646  0.169961
    9661  0.972562  0.666646  0.171069
    9671  0.972537  0.666646  0.172178
    9681  0.972512  0.666646  0.173289
    9691  0.972487  0.666646  0.174402
    9701  0.972460  0.666645  0.175517
    9711  0.972434  0.666645  0.176636
    9721  0.972408  0.666645  0.177758
    9731  0.972382  0.666645  0.178881
    9741  0.972357  0.666645  0.180007
    9751  0.972331  0.666645  0.181134
    9761  0.972306  0.666645  0.182263
    9771  0.972280  0.666645  0.183394
    9781  0.972254  0.666644  0.184528
    9791  0.972229  0.666644  0.185663
    9801  0.972202  0.666644  0.186801
    9811  0.972177  0.666644  0.187941
    9821  0.972152  0.666644  0.189083
    9831  0.972126  0.666644  0.190226
    9841  0.972101  0.666644  0.191370
    9851  0.972076  0.666643  0.192515
    9861  0.972052  0.666643  0.193661
    9871  0.972028  0.666643  0.194807
    9881  0.972004  0.666643  0.195953
    9891  0.971979  0.666643  0.197101
    9901  0.971954  0.666643  0.198249
    9911  0.971930  0.666643  0.199397
    9921  0.971905  0.666642  0.200547
    9931  0.971881  0.666642  0.201697
    9941  0.971857  0.666642  0.202847
    9951  0.971833  0.666642  0.203997
    9961  0.971808  0.666642  0.205149
    9971  0.971782  0.666642  0.206303
    9981  0.971756  0.666642  0.207460
    9991  0.971729  0.666641  0.208620
    9001  0.926581  0.666602  1.610642
    9011  0.926546  0.666602  1.616288
    9021  0.926510  0.666602  1.621952
    9031  0.926473  0.666602  1.627638
    9041  0.926436  0.666601  1.633348
    9051  0.926399  0.666601  1.639082
    9061  0.926362  0.666601  1.644846
    9071  0.926324  0.666601  1.650639
    9081  0.926286  0.666601  1.656459
    9091  0.926250  0.666600  1.662300
    9101  0.926213  0.666600  1.668159
    9111  0.926177  0.666600  1.674036
    9121  0.926142  0.666600  1.679925
    9131  0.926107  0.666599  1.685820
    9141  0.926073  0.666599  1.691718
    9151  0.926039  0.666599  1.697619
    9161  0.926004  0.666599  1.703527
    9171  0.925969  0.666598  1.709446
    9181  0.925934  0.666598  1.715373
    9191  0.925899  0.666598  1.721307
    9201  0.925864  0.666598  1.727251
    9211  0.925829  0.666597  1.733206
    9221  0.925795  0.666597  1.739165
    9231  0.925761  0.666597  1.745127
    9241  0.925727  0.666597  1.751092
    9251  0.925694  0.666596  1.757053
    9261  0.925661  0.666596  1.763008
    9271  0.925628  0.666596  1.768963
    9281  0.925595  0.666596  1.774912
    9291  0.925563  0.666595  1.780854
    9301  0.925530  0.666595  1.786792
    9311  0.925498  0.666595  1.792726
    9321  0.925465  0.666595  1.798657
    9331  0.925433  0.666595  1.804580
    9341  0.925402  0.666594  1.810492
    9351  0.925370  0.666594  1.816395
    9361  0.925338  0.666594  1.822294
    9371  0.925305  0.666594  1.828193
    9381  0.925272  0.666593  1.834094
    9391  0.925239  0.666593  1.839994
    9401  0.925206  0.666593  1.845895
    9411  0.925173  0.666593  1.851796
    9421  0.925140  0.666592  1.857695
    9431  0.925108  0.666592  1.863590
    9441  0.925075  0.666592  1.869482
    9451  0.925043  0.666592  1.875372
    9461  0.925011  0.666591  1.881259
    9471  0.924978  0.666591  1.887145
    9481  0.924945  0.666591  1.893034
    9491  0.924912  0.666591  1.898925
    9501  0.924879  0.666590  1.904818
    9511  0.924847  0.666590  1.910705
    9521  0.924816  0.666590  1.916587
    9531  0.924784  0.666590  1.922465
    9541  0.924752  0.666589  1.928336
    9551  0.924721  0.666589  1.934202
    9561  0.924690  0.666589  1.940062
    9571  0.924658  0.666589  1.945914
    9581  0.924628  0.666589  1.951758
    9591  0.924598  0.666588  1.957590
    9601  0.924567  0.666588  1.963410
    9611  0.924537  0.666588  1.969221
    9621  0.924506  0.666588  1.975023
    9631  0.924476  0.666587  1.980818
    9641  0.924445  0.666587  1.986607
    9651  0.924413  0.666587  1.992392
    9661  0.924382  0.666587  1.998174
    9671  0.924351  0.666586  2.003953
    9681  0.924319  0.666586  2.009729
    9691  0.924288  0.666586  2.015501
    9701  0.924257  0.666586  2.021270
    9711  0.924225  0.666585  2.027040
    9721  0.924193  0.666585  2.032811
    9731  0.924161  0.666585  2.038581
    9741  0.924129  0.666585  2.044350
    9751  0.924097  0.666585  2.050121
    9761  0.924065  0.666584  2.055897
    9771  0.924032  0.666584  2.061677
    9781  0.923999  0.666584  2.067466
    9791  0.923966  0.666584  2.073261
    9801  0.923933  0.666583  2.079060
    9811  0.923901  0.666583  2.084863
    9821  0.923868  0.666583  2.090669
    9831  0.923836  0.666583  2.096479
    9841  0.923804  0.666582  2.102292
    9851  0.923772  0.666582  2.108104
    9861  0.923741  0.666582  2.113917
    9871  0.923709  0.666582  2.119730
    9881  0.923677  0.666581  2.125544
    9891  0.923646  0.666581  2.131357
    9901  0.923615  0.666581  2.137167
    9911  0.923584  0.666581  2.142976
    9921  0.923553  0.666580  2.148783
    9931  0.923522  0.666580  2.154587
    9941  0.923491  0.666580  2.160391
    9951  0.923459  0.666580  2.166194
    9961  0.923429  0.666580  2.171994
    9971  0.923399  0.666579  2.177786
    9981  0.923369  0.666579  2.183574
    9991  0.923338  0.666579  2.189358
    9001  0.878465  0.666633  2.261163
    9011  0.878443  0.666633  2.267083
    9021  0.878420  0.666633  2.273026
    9031  0.878398  0.666633  2.278995
    9041  0.878375  0.666633  2.284992
    9051  0.878352  0.666633  2.291018
    9061  0.878330  0.666633  2.297071
    9071  0.878307  0.666632  2.303147
    9081  0.878285  0.666632  2.309248
    9091  0.878262  0.666632  2.315375
    9101  0.878239  0.666632  2.321531
    9111  0.878216  0.666632  2.327717
    9121  0.878193  0.666632  2.333929
    9131  0.878171  0.666632  2.340166
    9141  0.878148  0.666632  2.346427
    9151  0.878125  0.666632  2.352718
    9161  0.878102  0.666632  2.359037
    9171  0.878079  0.666631  2.365388
    9181  0.878056  0.666631  2.371770
    9191  0.878032  0.666631  2.378183
    9201  0.878009  0.666631  2.384630
    9211  0.877985  0.666631  2.391114
    9221  0.877962  0.666631  2.397631
    9231  0.877938  0.666631  2.404182
    9241  0.877915  0.666631  2.410767
    9251  0.877891  0.666631  2.417382
    9261  0.877868  0.666631  2.424023
    9271  0.877845  0.666631  2.430689
    9281  0.877822  0.666630  2.437379
    9291  0.877800  0.666630  2.444089
    9301  0.877777  0.666630  2.450821
    9311  0.877754  0.666630  2.457578
    9321  0.877731  0.666630  2.464359
    9331  0.877708  0.666630  2.471166
    9341  0.877685  0.666630  2.477998
    9351  0.877662  0.666630  2.484856
    9361  0.877638  0.666630  2.491741
    9371  0.877615  0.666629  2.498649
    9381  0.877593  0.666629  2.505578
    9391  0.877570  0.666629  2.512523
    9401  0.877548  0.666629  2.519483
    9411  0.877526  0.666629  2.526457
    9421  0.877504  0.666629  2.533444
    9431  0.877481  0.666629  2.540446
    9441  0.877459  0.666629  2.547460
    9451  0.877438  0.666629  2.554482
    9461  0.877416  0.666629  2.561513
    9471  0.877394  0.666628  2.568553
    9481  0.877372  0.666628  2.575601
    9491  0.877351  0.666628  2.582653
    9501  0.877330  0.666628  2.589706
    9511  0.877309  0.666628  2.596756
    9521  0.877289  0.666628  2.603803
    9531  0.877268  0.666628  2.610845
    9541  0.877247  0.666628  2.617885
    9551  0.877227  0.666628  2.624925
    9561  0.877205  0.666627  2.631969
    9571  0.877184  0.666627  2.639018
    9581  0.877163  0.666627  2.646073
    9591  0.877141  0.666627  2.653134
    9601  0.877120  0.666627  2.660202
    9611  0.877099  0.666627  2.667275
    9621  0.877077  0.666627  2.674356
    9631  0.877056  0.666627  2.681443
    9641  0.877034  0.666627  2.688537
    9651  0.877013  0.666627  2.695638
    9661  0.876992  0.666626  2.702743
    9671  0.876970  0.666626  2.709855
    9681  0.876949  0.666626  2.716975
    9691  0.876927  0.666626  2.724105
    9701  0.876906  0.666626  2.731244
    9711  0.876884  0.666626  2.738395
    9721  0.876862  0.666626  2.745558
    9731  0.876841  0.666626  2.752728
    9741  0.876819  0.666626  2.759908
    9751  0.876798  0.666625  2.767094
    9761  0.876777  0.666625  2.774285
    9771  0.876756  0.666625  2.781481
    9781  0.876734  0.666625  2.788682
    9791  0.876713  0.666625  2.795892
    9801  0.876691  0.666625  2.803111
    9811  0.876670  0.666625  2.810335
    9821  0.876649  0.666625  2.817565
    9831  0.876628  0.666625  2.824799
    9841  0.876607  0.666624  2.832038
    9851  0.876586  0.666624  2.839286
    9861  0.876564  0.666624  2.846545
    9871  0.876542  0.666624  2.853814
    9881  0.876521  0.666624  2.861095
    9891  0.876499  0.666624  2.868389
    9901  0.876477  0.666624  2.875696
    9911  0.876455  0.666624  2.883016
    9921  0.876434  0.666624  2.890346
    9931  0.876412  0.666623  2.897686
    9941  0.876391  0.666623  2.905034
    9951  0.876369  0.666623  2.912391
    9961  0.876348  0.666623  2.919754
    9971  0.876327  0.666623  2.927124
    9981  0.876306  0.666623  2.934503
    9991  0.876284  0.666623  2.941892
