################################################################################
# File type: R
# Simulation type: M
# Number of atoms:       441
# Number of ensembles:         1
################################################################################
   #iter     ens   iatom           |Mom|             M_x             M_y             M_z
      -1       1       1    1.00000000E+00  3.70552697E-01  3.49767555E-01 -8.60437886E-01
      -1       1       2    1.00000000E+00 -4.71144104E-01  1.51081322E-01 -8.69021097E-01
      -1       1       3    1.00000000E+00  1.25027255E-01 -4.80971405E-01 -8.67775716E-01
      -1       1       4    1.00000000E+00  3.65363313E-01  3.47373502E-01 -8.63621039E-01
      -1       1       5    1.00000000E+00 -4.67797846E-01  1.34677211E-01 -8.73514295E-01
      -1       1       6    1.00000000E+00  1.01865930E-01 -4.89268704E-01 -8.66163649E-01
      -1       1       7    1.00000000E+00  3.56494576E-01  3.34032589E-01 -8.72544467E-01
      -1       1       8    1.00000000E+00 -4.80549259E-01  1.46786566E-01 -8.64595925E-01
      -1       1       9    1.00000000E+00  1.31648223E-01 -4.86200758E-01 -8.63873583E-01
      -1       1      10    1.00000000E+00  3.49885113E-01  3.47857260E-01 -8.69813621E-01
      -1       1      11    1.00000000E+00 -4.90557571E-01  1.39948856E-01 -8.60097429E-01
      -1       1      12    1.00000000E+00  1.32956630E-01 -4.74550075E-01 -8.70129163E-01
      -1       1      13    1.00000000E+00  3.53282580E-01  3.49756229E-01 -8.67676206E-01
      -1       1      14    1.00000000E+00 -4.71512582E-01  1.50310726E-01 -8.68954873E-01
      -1       1      15    1.00000000E+00  1.22771671E-01 -4.88782365E-01 -8.63723866E-01
      -1       1      16    1.00000000E+00  3.65549340E-01  3.31261257E-01 -8.69850366E-01
      -1       1      17    1.00000000E+00 -4.89836909E-01  1.37802257E-01 -8.60854425E-01
      -1       1      18    1.00000000E+00  1.24973561E-01 -4.94440511E-01 -8.60180324E-01
      -1       1      19    1.00000000E+00  3.73332057E-01  3.49929997E-01 -8.59169466E-01
      -1       1      20    1.00000000E+00 -4.87013157E-01  1.36539721E-01 -8.62655835E-01
      -1       1      21    1.00000000E+00  1.13437646E-01 -4.94478626E-01 -8.61755644E-01
      -1       1      22    1.00000000E+00 -4.69936168E-01  1.45567174E-01 -8.70614838E-01
      -1       1      23    1.00000000E+00  1.12274238E-01 -4.77423424E-01 -8.71470808E-01
      -1       1      24    1.00000000E+00  3.76005044E-01  3.48721558E-01 -8.58494893E-01
      -1       1      25    1.00000000E+00 -4.67264030E-01  1.45056114E-01 -8.72137059E-01
      -1       1      26    1.00000000E+00  1.26057607E-01 -4.84398173E-01 -8.65718135E-01
      -1       1      27    1.00000000E+00  3.63293238E-01  3.39743722E-01 -8.67520736E-01
      -1       1      28    1.00000000E+00 -4.77646481E-01  1.39105950E-01 -8.67469523E-01
      -1       1      29    1.00000000E+00  1.20665223E-01 -4.87656821E-01 -8.64656423E-01
      -1       1      30    1.00000000E+00  3.68098246E-01  3.64798717E-01 -8.55234224E-01
      -1       1      31    1.00000000E+00 -4.82647555E-01  1.30468788E-01 -8.66042281E-01
      -1       1      32    1.00000000E+00  1.29108183E-01 -4.85694767E-01 -8.64541306E-01
      -1       1      33    1.00000000E+00  3.62290615E-01  3.67065567E-01 -8.56742890E-01
      -1       1      34    1.00000000E+00 -4.92954600E-01  1.35781902E-01 -8.59394576E-01
      -1       1      35    1.00000000E+00  1.22509094E-01 -4.82997509E-01 -8.67009186E-01
      -1       1      36    1.00000000E+00  3.77609419E-01  3.57870725E-01 -8.54013859E-01
      -1       1      37    1.00000000E+00 -4.91342345E-01  1.27922551E-01 -8.61521051E-01
      -1       1      38    1.00000000E+00  1.16348149E-01 -4.87721366E-01 -8.65211522E-01
      -1       1      39    1.00000000E+00  3.72575640E-01  3.47470992E-01 -8.60494800E-01
      -1       1      40    1.00000000E+00 -4.74198348E-01  1.34097572E-01 -8.70145831E-01
      -1       1      41    1.00000000E+00  1.30958436E-01 -4.76071000E-01 -8.69601225E-01
      -1       1      42    1.00000000E+00  3.58665366E-01  3.35037048E-01 -8.71268806E-01
      -1       1      43    1.00000000E+00  1.11377711E-01 -4.80337957E-01 -8.69983019E-01
      -1       1      44    1.00000000E+00  3.62629387E-01  3.27267598E-01 -8.72579995E-01
      -1       1      45    1.00000000E+00 -4.67522372E-01  1.32788521E-01 -8.73950823E-01
      -1       1      46    1.00000000E+00  1.26878079E-01 -4.78031585E-01 -8.69130460E-01
      -1       1      47    1.00000000E+00  3.72652026E-01  3.41136854E-01 -8.62992534E-01
      -1       1      48    1.00000000E+00 -4.63136696E-01  1.34409043E-01 -8.76035736E-01
      -1       1      49    1.00000000E+00  1.43844383E-01 -4.84207682E-01 -8.63047921E-01
      -1       1      50    1.00000000E+00  3.62741471E-01  3.59702234E-01 -8.59670244E-01
      -1       1      51    1.00000000E+00 -4.91582628E-01  1.33348816E-01 -8.60560639E-01
      -1       1      52    1.00000000E+00  1.36388698E-01 -4.97933450E-01 -8.56423028E-01
      -1       1      53    1.00000000E+00  3.60970534E-01  3.46257016E-01 -8.65913594E-01
      -1       1      54    1.00000000E+00 -4.96625235E-01  1.41288589E-01 -8.56388294E-01
      -1       1      55    1.00000000E+00  1.26191066E-01 -4.84015666E-01 -8.65912611E-01
      -1       1      56    1.00000000E+00  3.53963910E-01  3.57455477E-01 -8.64254090E-01
      -1       1      57    1.00000000E+00 -4.83417133E-01  1.42086556E-01 -8.63781967E-01
      -1       1      58    1.00000000E+00  1.36660265E-01 -4.97159938E-01 -8.56829019E-01
      -1       1      59    1.00000000E+00  3.55583379E-01  3.54576849E-01 -8.64774952E-01
      -1       1      60    1.00000000E+00 -4.78203790E-01  1.40616349E-01 -8.66918784E-01
      -1       1      61    1.00000000E+00  1.21873611E-01 -4.85961954E-01 -8.65440814E-01
      -1       1      62    1.00000000E+00  3.53251664E-01  3.60579907E-01 -8.63247005E-01
      -1       1      63    1.00000000E+00 -4.79466974E-01  1.39781689E-01 -8.66355874E-01
      -1       1      64    1.00000000E+00  3.45612222E-01  3.52767280E-01 -8.69544386E-01
      -1       1      65    1.00000000E+00 -4.58740186E-01  1.32733938E-01 -8.78600673E-01
      -1       1      66    1.00000000E+00  1.11092495E-01 -4.75586667E-01 -8.72625796E-01
      -1       1      67    1.00000000E+00  3.52731960E-01  3.45381159E-01 -8.69650515E-01
      -1       1      68    1.00000000E+00 -4.75691456E-01  1.50262930E-01 -8.66682578E-01
      -1       1      69    1.00000000E+00  1.29188349E-01 -4.98656064E-01 -8.57118720E-01
      -1       1      70    1.00000000E+00  3.74873958E-01  3.38180669E-01 -8.63193692E-01
      -1       1      71    1.00000000E+00 -4.83820783E-01  1.20099376E-01 -8.66887299E-01
      -1       1      72    1.00000000E+00  1.28614433E-01 -4.97175598E-01 -8.58064539E-01
      -1       1      73    1.00000000E+00  3.66523097E-01  3.61141153E-01 -8.57460137E-01
      -1       1      74    1.00000000E+00 -4.94709149E-01  1.28378845E-01 -8.59524130E-01
      -1       1      75    1.00000000E+00  1.16457624E-01 -4.93772082E-01 -8.61757943E-01
      -1       1      76    1.00000000E+00  3.51924050E-01  3.52293194E-01 -8.67201804E-01
      -1       1      77    1.00000000E+00 -4.90322196E-01  1.31646057E-01 -8.61541328E-01
      -1       1      78    1.00000000E+00  1.35109538E-01 -4.82550537E-01 -8.65384534E-01
      -1       1      79    1.00000000E+00  3.70495576E-01  3.49650255E-01 -8.60510155E-01
      -1       1      80    1.00000000E+00 -4.78429646E-01  1.45090909E-01 -8.66056408E-01
      -1       1      81    1.00000000E+00  1.23011942E-01 -4.76462513E-01 -8.70546688E-01
      -1       1      82    1.00000000E+00  3.62712365E-01  3.61546119E-01 -8.58908694E-01
      -1       1      83    1.00000000E+00 -4.75998751E-01  1.43490873E-01 -8.67660970E-01
      -1       1      84    1.00000000E+00  1.11060870E-01 -4.64242695E-01 -8.78717362E-01
      -1       1      85    1.00000000E+00 -4.76380903E-01  1.45437691E-01 -8.67126930E-01
      -1       1      86    1.00000000E+00  1.22090926E-01 -4.86969606E-01 -8.64843574E-01
      -1       1      87    1.00000000E+00  3.52250726E-01  3.43805546E-01 -8.70469513E-01
      -1       1      88    1.00000000E+00 -4.67602512E-01  1.40680972E-01 -8.72672192E-01
      -1       1      89    1.00000000E+00  1.08203093E-01 -4.83646246E-01 -8.68549595E-01
      -1       1      90    1.00000000E+00  3.72788716E-01  3.37671877E-01 -8.64295249E-01
      -1       1      91    1.00000000E+00 -4.61431627E-01  1.26494434E-01 -8.78111617E-01
      -1       1      92    1.00000000E+00  1.35202400E-01 -4.95663185E-01 -8.57926756E-01
      -1       1      93    1.00000000E+00  3.68594371E-01  3.56563549E-01 -8.58487405E-01
      -1       1      94    1.00000000E+00 -4.86213122E-01  1.32495383E-01 -8.63737097E-01
      -1       1      95    1.00000000E+00  1.27338497E-01 -4.96299818E-01 -8.58761549E-01
      -1       1      96    1.00000000E+00  3.56940197E-01  3.62296443E-01 -8.61008121E-01
      -1       1      97    1.00000000E+00 -4.89299236E-01  1.21931806E-01 -8.63550168E-01
      -1       1      98    1.00000000E+00  1.41615120E-01 -4.86853809E-01 -8.61927216E-01
      -1       1      99    1.00000000E+00  3.46807833E-01  3.59619441E-01 -8.66255266E-01
      -1       1     100    1.00000000E+00 -4.89721938E-01  1.28966762E-01 -8.62287654E-01
      -1       1     101    1.00000000E+00  1.16984024E-01 -4.80265603E-01 -8.69286885E-01
      -1       1     102    1.00000000E+00  3.55276833E-01  3.41426952E-01 -8.70175849E-01
      -1       1     103    1.00000000E+00 -4.78449947E-01  1.44088253E-01 -8.66212574E-01
      -1       1     104    1.00000000E+00  1.25037662E-01 -4.98300593E-01 -8.57940617E-01
      -1       1     105    1.00000000E+00  3.55295475E-01  3.47594326E-01 -8.67723061E-01
      -1       1     106    1.00000000E+00  1.17580761E-01 -4.80367049E-01 -8.69150311E-01
      -1       1     107    1.00000000E+00  3.66452968E-01  3.57915388E-01 -8.58841544E-01
      -1       1     108    1.00000000E+00 -4.82022109E-01  1.28809487E-01 -8.66638796E-01
      -1       1     109    1.00000000E+00  1.15974724E-01 -4.81792928E-01 -8.68576674E-01
      -1       1     110    1.00000000E+00  3.67813353E-01  3.37600811E-01 -8.66451978E-01
      -1       1     111    1.00000000E+00 -4.78181982E-01  1.44823342E-01 -8.66237953E-01
      -1       1     112    1.00000000E+00  1.38300031E-01 -4.87625762E-01 -8.62029128E-01
      -1       1     113    1.00000000E+00  3.60058122E-01  3.46257509E-01 -8.66293187E-01
      -1       1     114    1.00000000E+00 -4.82216821E-01  1.37408060E-01 -8.65208624E-01
      -1       1     115    1.00000000E+00  1.36974807E-01 -4.91592510E-01 -8.59985294E-01
      -1       1     116    1.00000000E+00  3.57867130E-01  3.65747194E-01 -8.59162445E-01
      -1       1     117    1.00000000E+00 -4.81826583E-01  1.29590637E-01 -8.66631070E-01
      -1       1     118    1.00000000E+00  1.14559267E-01 -4.95203419E-01 -8.61190890E-01
      -1       1     119    1.00000000E+00  3.57066886E-01  3.43888690E-01 -8.68472111E-01
      -1       1     120    1.00000000E+00 -4.82411974E-01  1.39994791E-01 -8.64684998E-01
      -1       1     121    1.00000000E+00  1.14126552E-01 -4.94894693E-01 -8.61425779E-01
      -1       1     122    1.00000000E+00  3.56094142E-01  3.50449328E-01 -8.66246057E-01
      -1       1     123    1.00000000E+00 -4.86582163E-01  1.44069109E-01 -8.61673889E-01
      -1       1     124    1.00000000E+00  1.14952891E-01 -4.93407075E-01 -8.62168946E-01
      -1       1     125    1.00000000E+00  3.65549344E-01  3.60974155E-01 -8.57945999E-01
      -1       1     126    1.00000000E+00 -4.89849636E-01  1.47208256E-01 -8.59288696E-01
      -1       1     127    1.00000000E+00  3.78699468E-01  3.49689886E-01 -8.56915222E-01
      -1       1     128    1.00000000E+00 -4.84746779E-01  1.62981788E-01 -8.59335498E-01
      -1       1     129    1.00000000E+00  1.25663389E-01 -4.92603701E-01 -8.61133153E-01
      -1       1     130    1.00000000E+00  3.68974038E-01  3.42803648E-01 -8.63911928E-01
      -1       1     131    1.00000000E+00 -4.68906841E-01  1.44105327E-01 -8.71412663E-01
      -1       1     132    1.00000000E+00  1.24129486E-01 -4.91216219E-01 -8.62147607E-01
      -1       1     133    1.00000000E+00  3.81947569E-01  3.53519454E-01 -8.53896979E-01
      -1       1     134    1.00000000E+00 -4.72971701E-01  1.42741791E-01 -8.69438067E-01
      -1       1     135    1.00000000E+00  1.43691280E-01 -4.77840876E-01 -8.66614628E-01
      -1       1     136    1.00000000E+00  3.56864889E-01  3.62211513E-01 -8.61075067E-01
      -1       1     137    1.00000000E+00 -4.82449956E-01  1.32771825E-01 -8.65802335E-01
      -1       1     138    1.00000000E+00  1.40869851E-01 -4.84614318E-01 -8.63310285E-01
      -1       1     139    1.00000000E+00  3.66344525E-01  3.50976403E-01 -8.61746630E-01
      -1       1     140    1.00000000E+00 -4.67694302E-01  1.34671301E-01 -8.73570650E-01
      -1       1     141    1.00000000E+00  1.19768763E-01 -4.77084364E-01 -8.70658345E-01
      -1       1     142    1.00000000E+00  3.60532447E-01  3.51064094E-01 -8.64158756E-01
      -1       1     143    1.00000000E+00 -4.88550472E-01  1.52128228E-01 -8.59171367E-01
      -1       1     144    1.00000000E+00  1.11626299E-01 -4.86065382E-01 -8.66764105E-01
      -1       1     145    1.00000000E+00  3.86896847E-01  3.35323340E-01 -8.58993066E-01
      -1       1     146    1.00000000E+00 -4.77246636E-01  1.59758786E-01 -8.64125442E-01
      -1       1     147    1.00000000E+00  1.14398884E-01 -4.79569013E-01 -8.70015205E-01
      -1       1     148    1.00000000E+00 -4.76740502E-01  1.60128520E-01 -8.64336364E-01
      -1       1     149    1.00000000E+00  1.05248125E-01 -4.97535832E-01 -8.61034801E-01
      -1       1     150    1.00000000E+00  3.64237846E-01  3.38597435E-01 -8.67572803E-01
      -1       1     151    1.00000000E+00 -4.73475545E-01  1.40124823E-01 -8.69589525E-01
      -1       1     152    1.00000000E+00  1.09923054E-01 -4.90112239E-01 -8.64700477E-01
      -1       1     153    1.00000000E+00  3.71848359E-01  3.41635836E-01 -8.63141792E-01
      -1       1     154    1.00000000E+00 -4.81372438E-01  1.49492888E-01 -8.63673811E-01
      -1       1     155    1.00000000E+00  1.16679737E-01 -4.75963532E-01 -8.71690630E-01
      -1       1     156    1.00000000E+00  3.68819464E-01  3.47543965E-01 -8.62082012E-01
      -1       1     157    1.00000000E+00 -4.65240323E-01  1.48327888E-01 -8.72668482E-01
      -1       1     158    1.00000000E+00  1.40538378E-01 -4.74483293E-01 -8.68973284E-01
      -1       1     159    1.00000000E+00  3.51197099E-01  3.57240634E-01 -8.65470812E-01
      -1       1     160    1.00000000E+00 -4.85569020E-01  1.46592577E-01 -8.61819786E-01
      -1       1     161    1.00000000E+00  1.28185457E-01 -4.95875887E-01 -8.58880430E-01
      -1       1     162    1.00000000E+00  3.72288672E-01  3.56263402E-01 -8.57016647E-01
      -1       1     163    1.00000000E+00 -5.00594265E-01  1.46326431E-01 -8.53225619E-01
      -1       1     164    1.00000000E+00  1.14449595E-01 -4.96831920E-01 -8.60267013E-01
      -1       1     165    1.00000000E+00  3.72232939E-01  3.59031614E-01 -8.55884887E-01
      -1       1     166    1.00000000E+00 -4.82629635E-01  1.71046342E-01 -8.58959711E-01
      -1       1     167    1.00000000E+00  8.81787278E-02 -5.05077297E-01 -8.58557765E-01
      -1       1     168    1.00000000E+00  3.91204473E-01  3.41839980E-01 -8.54461519E-01
      -1       1     169    1.00000000E+00  1.09661751E-01 -4.93876184E-01 -8.62589482E-01
      -1       1     170    1.00000000E+00  3.84856966E-01  3.32118365E-01 -8.61151849E-01
      -1       1     171    1.00000000E+00 -4.70783366E-01  1.68543168E-01 -8.66000129E-01
      -1       1     172    1.00000000E+00  1.04486531E-01 -4.81584989E-01 -8.70148529E-01
      -1       1     173    1.00000000E+00  3.73890320E-01  3.23830235E-01 -8.69102990E-01
      -1       1     174    1.00000000E+00 -4.62019466E-01  1.53830150E-01 -8.73426756E-01
      -1       1     175    1.00000000E+00  1.11379854E-01 -4.85668996E-01 -8.67017967E-01
      -1       1     176    1.00000000E+00  3.78190621E-01  3.35354441E-01 -8.62849496E-01
      -1       1     177    1.00000000E+00 -4.70054454E-01  1.48465323E-01 -8.70061410E-01
      -1       1     178    1.00000000E+00  1.11471505E-01 -4.73072902E-01 -8.73942866E-01
      -1       1     179    1.00000000E+00  3.56598651E-01  3.56183001E-01 -8.63696169E-01
      -1       1     180    1.00000000E+00 -4.66867809E-01  1.45142475E-01 -8.72334861E-01
      -1       1     181    1.00000000E+00  1.25216785E-01 -4.80000959E-01 -8.68285573E-01
      -1       1     182    1.00000000E+00  3.64161636E-01  3.58225603E-01 -8.59686408E-01
      -1       1     183    1.00000000E+00 -4.91313696E-01  1.40932681E-01 -8.59504992E-01
      -1       1     184    1.00000000E+00  1.23064497E-01 -5.05952435E-01 -8.53737233E-01
      -1       1     185    1.00000000E+00  3.75154293E-01  3.57279767E-01 -8.55342285E-01
      -1       1     186    1.00000000E+00 -4.82931900E-01  1.49556677E-01 -8.62791736E-01
      -1       1     187    1.00000000E+00  1.12834312E-01 -4.95951439E-01 -8.60988146E-01
      -1       1     188    1.00000000E+00  3.66269616E-01  3.32314389E-01 -8.69145394E-01
      -1       1     189    1.00000000E+00 -4.84330865E-01  1.78938204E-01 -8.56390526E-01
      -1       1     190    1.00000000E+00  3.80945075E-01  3.40537117E-01 -8.59601839E-01
      -1       1     191    1.00000000E+00 -4.86035507E-01  1.66357449E-01 -8.57959606E-01
      -1       1     192    1.00000000E+00  9.66121659E-02 -5.01490590E-01 -8.59751870E-01
      -1       1     193    1.00000000E+00  3.80246964E-01  3.33315738E-01 -8.62735687E-01
      -1       1     194    1.00000000E+00 -4.57004240E-01  1.49582474E-01 -8.76796560E-01
      -1       1     195    1.00000000E+00  1.10295201E-01 -4.75831887E-01 -8.72593252E-01
      -1       1     196    1.00000000E+00  3.68624113E-01  3.34459302E-01 -8.67325336E-01
      -1       1     197    1.00000000E+00 -4.63859788E-01  1.57820680E-01 -8.71737765E-01
      -1       1     198    1.00000000E+00  1.11734067E-01 -4.85905742E-01 -8.66839725E-01
      -1       1     199    1.00000000E+00  3.73605249E-01  3.51769002E-01 -8.58299299E-01
      -1       1     200    1.00000000E+00 -4.68754575E-01  1.42490956E-01 -8.71759988E-01
      -1       1     201    1.00000000E+00  1.29988889E-01 -4.63261786E-01 -8.76636416E-01
      -1       1     202    1.00000000E+00  3.61836596E-01  3.56966055E-01 -8.61190753E-01
      -1       1     203    1.00000000E+00 -4.76406211E-01  1.35107562E-01 -8.68782521E-01
      -1       1     204    1.00000000E+00  1.12120505E-01 -4.88868618E-01 -8.65122227E-01
      -1       1     205    1.00000000E+00  3.75121680E-01  3.56504241E-01 -8.55680110E-01
      -1       1     206    1.00000000E+00 -4.85746675E-01  1.48448449E-01 -8.61401896E-01
      -1       1     207    1.00000000E+00  1.21735373E-01 -4.92479346E-01 -8.61768294E-01
      -1       1     208    1.00000000E+00  3.78701950E-01  3.57232180E-01 -8.53797402E-01
      -1       1     209    1.00000000E+00 -4.72266548E-01  1.56502877E-01 -8.67450954E-01
      -1       1     210    1.00000000E+00  9.80721830E-02 -4.77917273E-01 -8.72912898E-01
      -1       1     211    1.00000000E+00 -4.66813423E-01  1.78373998E-01 -8.66180088E-01
      -1       1     212    1.00000000E+00  9.32983709E-02 -4.90018808E-01 -8.66704668E-01
      -1       1     213    1.00000000E+00  3.90211476E-01  3.41389963E-01 -8.55095256E-01
      -1       1     214    1.00000000E+00 -4.70799492E-01  1.58291744E-01 -8.67923708E-01
      -1       1     215    1.00000000E+00  1.13707784E-01 -4.86324131E-01 -8.66348302E-01
      -1       1     216    1.00000000E+00  3.70647300E-01  3.22050081E-01 -8.71151149E-01
      -1       1     217    1.00000000E+00 -4.68002306E-01  1.61898521E-01 -8.68770804E-01
      -1       1     218    1.00000000E+00  9.84281331E-02 -4.81584660E-01 -8.70854820E-01
      -1       1     219    1.00000000E+00  3.66675881E-01  3.24566834E-01 -8.71897453E-01
      -1       1     220    1.00000000E+00 -4.74502563E-01  1.58991904E-01 -8.65776468E-01
      -1       1     221    1.00000000E+00  1.16230498E-01 -4.76494794E-01 -8.71460373E-01
      -1       1     222    1.00000000E+00  3.70911670E-01  3.49538296E-01 -8.60376379E-01
      -1       1     223    1.00000000E+00 -4.60244419E-01  1.51663443E-01 -8.74741833E-01
      -1       1     224    1.00000000E+00  1.37232394E-01 -4.59604648E-01 -8.77457029E-01
      -1       1     225    1.00000000E+00  3.49202666E-01  3.54783199E-01 -8.67286792E-01
      -1       1     226    1.00000000E+00 -4.91113218E-01  1.52378790E-01 -8.57664568E-01
      -1       1     227    1.00000000E+00  1.23900799E-01 -4.92968257E-01 -8.61179940E-01
      -1       1     228    1.00000000E+00  3.75282894E-01  3.60926493E-01 -8.53753370E-01
      -1       1     229    1.00000000E+00 -5.00785598E-01  1.49198531E-01 -8.52615730E-01
      -1       1     230    1.00000000E+00  1.03684077E-01 -4.98982090E-01 -8.60387404E-01
      -1       1     231    1.00000000E+00  3.79143760E-01  3.30589059E-01 -8.64268988E-01
      -1       1     232    1.00000000E+00  9.39706022E-02 -4.98555056E-01 -8.61749605E-01
      -1       1     233    1.00000000E+00  4.02133492E-01  3.35498416E-01 -8.51897569E-01
      -1       1     234    1.00000000E+00 -4.62246938E-01  1.78920015E-01 -8.68513326E-01
      -1       1     235    1.00000000E+00  1.03622780E-01 -4.95610194E-01 -8.62341495E-01
      -1       1     236    1.00000000E+00  3.80993863E-01  3.42729138E-01 -8.58708573E-01
      -1       1     237    1.00000000E+00 -4.70375682E-01  1.46374219E-01 -8.70242096E-01
      -1       1     238    1.00000000E+00  1.01114344E-01 -4.83696626E-01 -8.69375330E-01
      -1       1     239    1.00000000E+00  3.68000199E-01  3.35903239E-01 -8.67032218E-01
      -1       1     240    1.00000000E+00 -4.62659475E-01  1.53929128E-01 -8.73070463E-01
      -1       1     241    1.00000000E+00  1.03863476E-01 -4.83026844E-01 -8.69423629E-01
      -1       1     242    1.00000000E+00  3.70858399E-01  3.41084946E-01 -8.63785336E-01
      -1       1     243    1.00000000E+00 -4.63164031E-01  1.58276170E-01 -8.72025077E-01
      -1       1     244    1.00000000E+00  1.09478223E-01 -4.71236175E-01 -8.75186258E-01
      -1       1     245    1.00000000E+00  3.46240909E-01  3.58291821E-01 -8.67031836E-01
      -1       1     246    1.00000000E+00 -4.84216952E-01  1.25657647E-01 -8.65877647E-01
      -1       1     247    1.00000000E+00  1.28108267E-01 -4.93145117E-01 -8.60462762E-01
      -1       1     248    1.00000000E+00  3.76283025E-01  3.51401133E-01 -8.57279610E-01
      -1       1     249    1.00000000E+00 -4.88581146E-01  1.39812415E-01 -8.61243840E-01
      -1       1     250    1.00000000E+00  1.25171973E-01 -5.00599146E-01 -8.56581854E-01
      -1       1     251    1.00000000E+00  3.76377137E-01  3.53349949E-01 -8.56436842E-01
      -1       1     252    1.00000000E+00 -4.88763560E-01  1.41185434E-01 -8.60916288E-01
      -1       1     253    1.00000000E+00  3.75771382E-01  3.29415135E-01 -8.66187934E-01
      -1       1     254    1.00000000E+00 -4.67548866E-01  1.63891495E-01 -8.68641258E-01
      -1       1     255    1.00000000E+00  1.05296538E-01 -4.91725271E-01 -8.64360398E-01
      -1       1     256    1.00000000E+00  3.93204642E-01  3.27855988E-01 -8.59011386E-01
      -1       1     257    1.00000000E+00 -4.83571595E-01  1.52064874E-01 -8.61994656E-01
      -1       1     258    1.00000000E+00  1.10030093E-01 -4.91238049E-01 -8.64047775E-01
      -1       1     259    1.00000000E+00  3.72030337E-01  3.21338037E-01 -8.70824491E-01
      -1       1     260    1.00000000E+00 -4.64606783E-01  1.64649849E-01 -8.70075264E-01
      -1       1     261    1.00000000E+00  1.10318831E-01 -4.75176133E-01 -8.72947534E-01
      -1       1     262    1.00000000E+00  3.62703093E-01  3.26150508E-01 -8.72967532E-01
      -1       1     263    1.00000000E+00 -4.75313732E-01  1.54390847E-01 -8.66164143E-01
      -1       1     264    1.00000000E+00  1.19867751E-01 -4.75468646E-01 -8.71528134E-01
      -1       1     265    1.00000000E+00  3.60417475E-01  3.57052240E-01 -8.61749930E-01
      -1       1     266    1.00000000E+00 -4.79205658E-01  1.40546705E-01 -8.66376685E-01
      -1       1     267    1.00000000E+00  1.21920642E-01 -4.78505129E-01 -8.69579323E-01
      -1       1     268    1.00000000E+00  3.54186371E-01  3.55848459E-01 -8.64825930E-01
      -1       1     269    1.00000000E+00 -4.85283867E-01  1.38619462E-01 -8.63298450E-01
      -1       1     270    1.00000000E+00  1.22104434E-01 -4.93497151E-01 -8.61133595E-01
      -1       1     271    1.00000000E+00  3.58993882E-01  3.50144476E-01 -8.65171797E-01
      -1       1     272    1.00000000E+00 -4.75776293E-01  1.50512169E-01 -8.66592757E-01
      -1       1     273    1.00000000E+00  1.11977331E-01 -4.96682567E-01 -8.60678514E-01
      -1       1     274    1.00000000E+00 -4.79356968E-01  1.60689243E-01 -8.62783788E-01
      -1       1     275    1.00000000E+00  9.64862931E-02 -4.89788966E-01 -8.66485524E-01
      -1       1     276    1.00000000E+00  3.72193792E-01  3.41126165E-01 -8.63194486E-01
      -1       1     277    1.00000000E+00 -4.93408210E-01  1.49045601E-01 -8.56932755E-01
      -1       1     278    1.00000000E+00  9.97908882E-02 -4.82917605E-01 -8.69961129E-01
      -1       1     279    1.00000000E+00  3.72636505E-01  3.41220966E-01 -8.62965983E-01
      -1       1     280    1.00000000E+00 -4.68508898E-01  1.29794178E-01 -8.73872350E-01
      -1       1     281    1.00000000E+00  1.20719207E-01 -4.89148332E-01 -8.63805987E-01
      -1       1     282    1.00000000E+00  3.54780296E-01  3.37651378E-01 -8.71850038E-01
      -1       1     283    1.00000000E+00 -4.73257850E-01  1.48962051E-01 -8.68238052E-01
      -1       1     284    1.00000000E+00  1.08241817E-01 -4.88093794E-01 -8.66053207E-01
      -1       1     285    1.00000000E+00  3.51983561E-01  3.41808189E-01 -8.71363721E-01
      -1       1     286    1.00000000E+00 -4.63283451E-01  1.32259780E-01 -8.76285224E-01
      -1       1     287    1.00000000E+00  1.32063187E-01 -4.72981939E-01 -8.71118477E-01
      -1       1     288    1.00000000E+00  3.49531622E-01  3.55372119E-01 -8.66913088E-01
      -1       1     289    1.00000000E+00 -4.87187773E-01  1.22722323E-01 -8.64631312E-01
      -1       1     290    1.00000000E+00  1.30614391E-01 -4.92018456E-01 -8.60730922E-01
      -1       1     291    1.00000000E+00  3.71691336E-01  3.51309790E-01 -8.59317742E-01
      -1       1     292    1.00000000E+00 -4.75145987E-01  1.51474497E-01 -8.66770885E-01
      -1       1     293    1.00000000E+00  1.24556423E-01 -4.61526490E-01 -8.78338771E-01
      -1       1     294    1.00000000E+00  3.70388755E-01  3.51480502E-01 -8.59810227E-01
      -1       1     295    1.00000000E+00  1.17455445E-01 -4.79761099E-01 -8.69501873E-01
      -1       1     296    1.00000000E+00  3.71751620E-01  3.52644368E-01 -8.58744830E-01
      -1       1     297    1.00000000E+00 -4.83662669E-01  1.61422728E-01 -8.60240156E-01
      -1       1     298    1.00000000E+00  1.09132185E-01 -4.87972917E-01 -8.66009583E-01
      -1       1     299    1.00000000E+00  3.55907436E-01  3.46876421E-01 -8.67759555E-01
      -1       1     300    1.00000000E+00 -4.72147076E-01  1.60375527E-01 -8.66808415E-01
      -1       1     301    1.00000000E+00  1.10139096E-01 -4.80658351E-01 -8.69963752E-01
      -1       1     302    1.00000000E+00  3.61715147E-01  3.32791192E-01 -8.70868632E-01
      -1       1     303    1.00000000E+00 -4.82893497E-01  1.41438251E-01 -8.64181168E-01
      -1       1     304    1.00000000E+00  1.12234770E-01 -4.75232963E-01 -8.72672325E-01
      -1       1     305    1.00000000E+00  3.56800907E-01  3.28110315E-01 -8.74663783E-01
      -1       1     306    1.00000000E+00 -4.80075736E-01  1.48560691E-01 -8.64555960E-01
      -1       1     307    1.00000000E+00  1.23383537E-01 -4.61659863E-01 -8.78434217E-01
      -1       1     308    1.00000000E+00  3.53011294E-01  3.59071484E-01 -8.63973781E-01
      -1       1     309    1.00000000E+00 -4.75181294E-01  1.36301558E-01 -8.69266716E-01
      -1       1     310    1.00000000E+00  1.23693879E-01 -4.96603372E-01 -8.59118685E-01
      -1       1     311    1.00000000E+00  3.79599172E-01  3.66854940E-01 -8.49306730E-01
      -1       1     312    1.00000000E+00 -4.90480574E-01  1.48282955E-01 -8.58743834E-01
      -1       1     313    1.00000000E+00  1.04909957E-01 -4.81154034E-01 -8.70335968E-01
      -1       1     314    1.00000000E+00  3.58814889E-01  3.34747788E-01 -8.71318423E-01
      -1       1     315    1.00000000E+00 -4.68541234E-01  1.58036563E-01 -8.69191323E-01
      -1       1     316    1.00000000E+00  3.53348837E-01  3.54592872E-01 -8.65683830E-01
      -1       1     317    1.00000000E+00 -4.72100931E-01  1.44256142E-01 -8.69661357E-01
      -1       1     318    1.00000000E+00  1.00588085E-01 -4.87419849E-01 -8.67354557E-01
      -1       1     319    1.00000000E+00  3.64834441E-01  3.48007687E-01 -8.63589301E-01
      -1       1     320    1.00000000E+00 -4.74309310E-01  1.43326830E-01 -8.68612743E-01
      -1       1     321    1.00000000E+00  1.00874824E-01 -4.78704966E-01 -8.72161582E-01
      -1       1     322    1.00000000E+00  3.54381590E-01  3.22856597E-01 -8.77597463E-01
      -1       1     323    1.00000000E+00 -4.61459847E-01  1.45534743E-01 -8.75142530E-01
      -1       1     324    1.00000000E+00  1.26953359E-01 -4.82842421E-01 -8.66456024E-01
      -1       1     325    1.00000000E+00  3.56805268E-01  3.52407133E-01 -8.65158490E-01
      -1       1     326    1.00000000E+00 -4.74562107E-01  1.40091589E-01 -8.69002389E-01
      -1       1     327    1.00000000E+00  1.11710971E-01 -4.83042636E-01 -8.68441403E-01
      -1       1     328    1.00000000E+00  3.50671001E-01  3.53772608E-01 -8.67107139E-01
      -1       1     329    1.00000000E+00 -4.60623652E-01  1.50479756E-01 -8.74746646E-01
      -1       1     330    1.00000000E+00  1.31842386E-01 -4.73825313E-01 -8.70693492E-01
      -1       1     331    1.00000000E+00  3.69105637E-01  3.54271793E-01 -8.59216227E-01
      -1       1     332    1.00000000E+00 -4.98217857E-01  1.45008018E-01 -8.54840127E-01
      -1       1     333    1.00000000E+00  1.27334571E-01 -4.86309665E-01 -8.64458684E-01
      -1       1     334    1.00000000E+00  3.53727989E-01  3.51205475E-01 -8.66909006E-01
      -1       1     335    1.00000000E+00 -4.70269911E-01  1.39397850E-01 -8.71443888E-01
      -1       1     336    1.00000000E+00  1.20414261E-01 -4.77418850E-01 -8.70385919E-01
      -1       1     337    1.00000000E+00 -4.84014662E-01  1.52030485E-01 -8.61752017E-01
      -1       1     338    1.00000000E+00  9.94582777E-02 -4.76462155E-01 -8.73551296E-01
      -1       1     339    1.00000000E+00  3.60690837E-01  3.36879491E-01 -8.69720834E-01
      -1       1     340    1.00000000E+00 -4.69052357E-01  1.61980965E-01 -8.68188950E-01
      -1       1     341    1.00000000E+00  1.15105588E-01 -4.74857517E-01 -8.72502746E-01
      -1       1     342    1.00000000E+00  3.58054082E-01  3.34136521E-01 -8.71865850E-01
      -1       1     343    1.00000000E+00 -4.73912832E-01  1.47915805E-01 -8.68059642E-01
      -1       1     344    1.00000000E+00  1.10374278E-01 -4.88744430E-01 -8.65416894E-01
      -1       1     345    1.00000000E+00  3.78990313E-01  3.39605964E-01 -8.60833394E-01
      -1       1     346    1.00000000E+00 -4.72120160E-01  1.63662804E-01 -8.66208428E-01
      -1       1     347    1.00000000E+00  1.06038052E-01 -4.89280678E-01 -8.65656023E-01
      -1       1     348    1.00000000E+00  3.65264283E-01  3.39556105E-01 -8.66766206E-01
      -1       1     349    1.00000000E+00 -4.84471285E-01  1.42426417E-01 -8.63135151E-01
      -1       1     350    1.00000000E+00  1.14232787E-01 -4.81420854E-01 -8.69013712E-01
      -1       1     351    1.00000000E+00  3.73416731E-01  3.59292196E-01 -8.55259647E-01
      -1       1     352    1.00000000E+00 -4.79045241E-01  1.54211777E-01 -8.64137943E-01
      -1       1     353    1.00000000E+00  1.09869146E-01 -4.87550460E-01 -8.66154328E-01
      -1       1     354    1.00000000E+00  3.77653238E-01  3.52069982E-01 -8.56402219E-01
      -1       1     355    1.00000000E+00 -4.72801633E-01  1.38913835E-01 -8.70150310E-01
      -1       1     356    1.00000000E+00  1.33158820E-01 -4.78791626E-01 -8.67771460E-01
      -1       1     357    1.00000000E+00  3.59280105E-01  3.52620895E-01 -8.64046475E-01
      -1       1     358    1.00000000E+00  1.09305549E-01 -4.82549546E-01 -8.69021422E-01
      -1       1     359    1.00000000E+00  3.63094071E-01  3.45333988E-01 -8.65394206E-01
      -1       1     360    1.00000000E+00 -4.63482138E-01  1.55163539E-01 -8.72415373E-01
      -1       1     361    1.00000000E+00  9.65817503E-02 -4.75200730E-01 -8.74560594E-01
      -1       1     362    1.00000000E+00  3.53814048E-01  3.31838571E-01 -8.74470573E-01
      -1       1     363    1.00000000E+00 -4.81685132E-01  1.41521881E-01 -8.64841599E-01
      -1       1     364    1.00000000E+00  1.01400925E-01 -4.88853674E-01 -8.66452502E-01
      -1       1     365    1.00000000E+00  3.63946046E-01  3.37136535E-01 -8.68263919E-01
      -1       1     366    1.00000000E+00 -4.80190972E-01  1.61837117E-01 -8.62105201E-01
      -1       1     367    1.00000000E+00  1.08795610E-01 -4.92665121E-01 -8.63391333E-01
      -1       1     368    1.00000000E+00  3.72302592E-01  3.31576483E-01 -8.66860898E-01
      -1       1     369    1.00000000E+00 -4.89035767E-01  1.53598230E-01 -8.58633567E-01
      -1       1     370    1.00000000E+00  1.17538977E-01 -4.89950301E-01 -8.63790074E-01
      -1       1     371    1.00000000E+00  3.65971899E-01  3.52094579E-01 -8.61448766E-01
      -1       1     372    1.00000000E+00 -4.75591217E-01  1.56660305E-01 -8.65604149E-01
      -1       1     373    1.00000000E+00  1.23260905E-01 -4.85538408E-01 -8.65482065E-01
      -1       1     374    1.00000000E+00  3.79850162E-01  3.38592646E-01 -8.60853573E-01
      -1       1     375    1.00000000E+00 -4.66329437E-01  1.37885243E-01 -8.73798899E-01
      -1       1     376    1.00000000E+00  1.31367176E-01 -4.85190372E-01 -8.64484221E-01
      -1       1     377    1.00000000E+00  3.59451528E-01  3.39974762E-01 -8.69029206E-01
      -1       1     378    1.00000000E+00 -4.77515658E-01  1.39523994E-01 -8.67474410E-01
      -1       1     379    1.00000000E+00  3.63618605E-01  3.44033685E-01 -8.65691824E-01
      -1       1     380    1.00000000E+00 -4.78685754E-01  1.49550781E-01 -8.65155774E-01
      -1       1     381    1.00000000E+00  1.08418954E-01 -4.74899243E-01 -8.73336155E-01
      -1       1     382    1.00000000E+00  3.56074735E-01  3.26669783E-01 -8.75498507E-01
      -1       1     383    1.00000000E+00 -4.71025732E-01  1.63923724E-01 -8.66754736E-01
      -1       1     384    1.00000000E+00  9.06571154E-02 -4.79264156E-01 -8.72976034E-01
      -1       1     385    1.00000000E+00  3.55341970E-01  3.24807575E-01 -8.76488519E-01
      -1       1     386    1.00000000E+00 -4.74698665E-01  1.54993757E-01 -8.66393740E-01
      -1       1     387    1.00000000E+00  1.05855270E-01 -4.80770206E-01 -8.70433611E-01
      -1       1     388    1.00000000E+00  3.76975979E-01  3.31517142E-01 -8.64861547E-01
      -1       1     389    1.00000000E+00 -4.66698122E-01  1.53601006E-01 -8.70976230E-01
      -1       1     390    1.00000000E+00  1.12140933E-01 -4.86158635E-01 -8.66645368E-01
      -1       1     391    1.00000000E+00  3.56624242E-01  3.65492338E-01 -8.59787474E-01
      -1       1     392    1.00000000E+00 -4.92446495E-01  1.40234088E-01 -8.58970809E-01
      -1       1     393    1.00000000E+00  1.09826933E-01 -4.82149635E-01 -8.69177642E-01
      -1       1     394    1.00000000E+00  3.58303873E-01  3.45086235E-01 -8.67487075E-01
      -1       1     395    1.00000000E+00 -4.73307751E-01  1.47081030E-01 -8.68531487E-01
      -1       1     396    1.00000000E+00  1.29471366E-01 -4.95148470E-01 -8.59107187E-01
      -1       1     397    1.00000000E+00  3.76147917E-01  3.45445128E-01 -8.59756016E-01
      -1       1     398    1.00000000E+00 -4.73411161E-01  1.46278517E-01 -8.68610654E-01
      -1       1     399    1.00000000E+00  1.12326904E-01 -4.82961172E-01 -8.68407262E-01
      -1       1     400    1.00000000E+00 -4.74819262E-01  1.47584554E-01 -8.67620578E-01
      -1       1     401    1.00000000E+00  1.07725618E-01 -4.77122789E-01 -8.72209284E-01
      -1       1     402    1.00000000E+00  3.52123556E-01  3.33999617E-01 -8.74330176E-01
      -1       1     403    1.00000000E+00 -4.58089325E-01  1.47401224E-01 -8.76599709E-01
      -1       1     404    1.00000000E+00  9.98828753E-02 -4.69052414E-01 -8.77503986E-01
      -1       1     405    1.00000000E+00  3.65119835E-01  3.52429504E-01 -8.61673344E-01
      -1       1     406    1.00000000E+00 -4.75255856E-01  1.48285174E-01 -8.67262001E-01
      -1       1     407    1.00000000E+00  1.06612996E-01 -4.68352652E-01 -8.77085778E-01
      -1       1     408    1.00000000E+00  3.58670506E-01  3.51131165E-01 -8.64905991E-01
      -1       1     409    1.00000000E+00 -4.79016216E-01  1.66056680E-01 -8.61956289E-01
      -1       1     410    1.00000000E+00  1.01741480E-01 -4.78687755E-01 -8.72070355E-01
      -1       1     411    1.00000000E+00  3.62342881E-01  3.44141820E-01 -8.66183609E-01
      -1       1     412    1.00000000E+00 -4.80324470E-01  1.48220218E-01 -8.64476241E-01
      -1       1     413    1.00000000E+00  1.21411111E-01 -4.76436330E-01 -8.70785717E-01
      -1       1     414    1.00000000E+00  3.58583985E-01  3.46766754E-01 -8.66700839E-01
      -1       1     415    1.00000000E+00 -4.87039205E-01  1.42304291E-01 -8.61708942E-01
      -1       1     416    1.00000000E+00  1.08300789E-01 -4.88224349E-01 -8.65972242E-01
      -1       1     417    1.00000000E+00  3.82249616E-01  3.38981891E-01 -8.59637429E-01
      -1       1     418    1.00000000E+00 -4.90369115E-01  1.42561940E-01 -8.59775683E-01
      -1       1     419    1.00000000E+00  9.97420293E-02 -4.93990326E-01 -8.63727437E-01
      -1       1     420    1.00000000E+00  3.71460893E-01  3.31706494E-01 -8.67172190E-01
      -1       1     421    1.00000000E+00  1.21931166E-01 -4.89071732E-01 -8.63679126E-01
      -1       1     422    1.00000000E+00  3.63163390E-01  3.43932620E-01 -8.65923037E-01
      -1       1     423    1.00000000E+00 -4.71463491E-01  1.34229845E-01 -8.71610306E-01
      -1       1     424    1.00000000E+00  1.24272126E-01 -4.80012148E-01 -8.68415095E-01
      -1       1     425    1.00000000E+00  3.53063460E-01  3.38014722E-01 -8.72406007E-01
      -1       1     426    1.00000000E+00 -4.90236641E-01  1.57956086E-01 -8.57156876E-01
      -1       1     427    1.00000000E+00  1.15275997E-01 -4.80974846E-01 -8.69122916E-01
      -1       1     428    1.00000000E+00  3.62332013E-01  3.45354712E-01 -8.65705282E-01
      -1       1     429    1.00000000E+00 -4.80266418E-01  1.37484829E-01 -8.66280607E-01
      -1       1     430    1.00000000E+00  1.09904245E-01 -4.93782922E-01 -8.62612012E-01
      -1       1     431    1.00000000E+00  3.55496025E-01  3.59072136E-01 -8.62954099E-01
      -1       1     432    1.00000000E+00 -4.79308268E-01  1.45411222E-01 -8.65516702E-01
      -1       1     433    1.00000000E+00  1.14637418E-01 -4.64047805E-01 -8.78360915E-01
      -1       1     434    1.00000000E+00  3.64082896E-01  3.48072704E-01 -8.63880222E-01
      -1       1     435    1.00000000E+00 -4.82314928E-01  1.26939237E-01 -8.66751833E-01
      -1       1     436    1.00000000E+00  1.21163717E-01 -4.89532425E-01 -8.63526119E-01
      -1       1     437    1.00000000E+00  3.56975282E-01  3.40764021E-01 -8.69740496E-01
      -1       1     438    1.00000000E+00 -4.95960469E-01  1.57985524E-01 -8.53852322E-01
      -1       1     439    1.00000000E+00  1.08620751E-01 -5.03309976E-01 -8.57251772E-01
      -1       1     440    1.00000000E+00  3.77094142E-01  3.30833397E-01 -8.65071830E-01
      -1       1     441    1.00000000E+00 -4.79819097E-01  1.52018310E-01 -8.64097256E-01
