#######################################################
# Number of atoms:       441
# Maximum num of neighbours:         1
#######################################################
#  iatom    jatom  itype  jtype        r_{ij}^x        r_{ij}^y        r_{ij}^z          J_{ij}        |r_{ij}|
       1        2      1      1     -1.0000E+00      0.0000E+00      0.0000E+00      0.0000E+00      1.0000E+00
       2        3      1      1     -1.0000E+00      0.0000E+00      0.0000E+00      0.0000E+00      1.0000E+00
       3        4      1      1     -1.0000E+00      0.0000E+00      0.0000E+00      0.0000E+00      1.0000E+00
       4        5      1      1     -1.0000E+00      0.0000E+00      0.0000E+00      0.0000E+00      1.0000E+00
       5        6      1      1     -1.0000E+00      0.0000E+00      0.0000E+00      0.0000E+00      1.0000E+00
       6        7      1      1     -1.0000E+00      0.0000E+00      0.0000E+00      0.0000E+00      1.0000E+00
       7        8      1      1     -1.0000E+00      0.0000E+00      0.0000E+00      0.0000E+00      1.0000E+00
       8        9      1      1     -1.0000E+00      0.0000E+00      0.0000E+00      0.0000E+00      1.0000E+00
       9       10      1      1     -1.0000E+00      0.0000E+00      0.0000E+00      0.0000E+00      1.0000E+00
      10       11      1      1     -1.0000E+00      0.0000E+00      0.0000E+00      0.0000E+00      1.0000E+00
      11       12      1      1     -1.0000E+00      0.0000E+00      0.0000E+00      0.0000E+00      1.0000E+00
      12       13      1      1     -1.0000E+00      0.0000E+00      0.0000E+00      0.0000E+00      1.0000E+00
      13       14      1      1     -1.0000E+00      0.0000E+00      0.0000E+00      0.0000E+00      1.0000E+00
      14       15      1      1     -1.0000E+00      0.0000E+00      0.0000E+00      0.0000E+00      1.0000E+00
      15       16      1      1     -1.0000E+00      0.0000E+00      0.0000E+00      0.0000E+00      1.0000E+00
      16       17      1      1     -1.0000E+00      0.0000E+00      0.0000E+00      0.0000E+00      1.0000E+00
      17       18      1      1     -1.0000E+00      0.0000E+00      0.0000E+00      0.0000E+00      1.0000E+00
      18       19      1      1     -1.0000E+00      0.0000E+00      0.0000E+00      0.0000E+00      1.0000E+00
      19       20      1      1     -1.0000E+00      0.0000E+00      0.0000E+00      0.0000E+00      1.0000E+00
      20       21      1      1     -1.0000E+00      0.0000E+00      0.0000E+00      0.0000E+00      1.0000E+00
      21        1      1      1     -1.0000E+00      0.0000E+00      0.0000E+00      0.0000E+00      1.0000E+00
      22       23      1      1     -1.0000E+00      0.0000E+00      0.0000E+00      0.0000E+00      1.0000E+00
      23       24      1      1     -1.0000E+00      0.0000E+00      0.0000E+00      0.0000E+00      1.0000E+00
      24       25      1      1     -1.0000E+00      0.0000E+00      0.0000E+00      0.0000E+00      1.0000E+00
      25       26      1      1     -1.0000E+00      0.0000E+00      0.0000E+00      0.0000E+00      1.0000E+00
      26       27      1      1     -1.0000E+00      0.0000E+00      0.0000E+00      0.0000E+00      1.0000E+00
      27       28      1      1     -1.0000E+00      0.0000E+00      0.0000E+00      0.0000E+00      1.0000E+00
      28       29      1      1     -1.0000E+00      0.0000E+00      0.0000E+00      0.0000E+00      1.0000E+00
      29       30      1      1     -1.0000E+00      0.0000E+00      0.0000E+00      0.0000E+00      1.0000E+00
      30       31      1      1     -1.0000E+00      0.0000E+00      0.0000E+00      0.0000E+00      1.0000E+00
      31       32      1      1     -1.0000E+00      0.0000E+00      0.0000E+00      0.0000E+00      1.0000E+00
      32       33      1      1     -1.0000E+00      0.0000E+00      0.0000E+00      0.0000E+00      1.0000E+00
      33       34      1      1     -1.0000E+00      0.0000E+00      0.0000E+00      0.0000E+00      1.0000E+00
      34       35      1      1     -1.0000E+00      0.0000E+00      0.0000E+00      0.0000E+00      1.0000E+00
      35       36      1      1     -1.0000E+00      0.0000E+00      0.0000E+00      0.0000E+00      1.0000E+00
      36       37      1      1     -1.0000E+00      0.0000E+00      0.0000E+00      0.0000E+00      1.0000E+00
      37       38      1      1     -1.0000E+00      0.0000E+00      0.0000E+00      0.0000E+00      1.0000E+00
      38       39      1      1     -1.0000E+00      0.0000E+00      0.0000E+00      0.0000E+00      1.0000E+00
      39       40      1      1     -1.0000E+00      0.0000E+00      0.0000E+00      0.0000E+00      1.0000E+00
      40       41      1      1     -1.0000E+00      0.0000E+00      0.0000E+00      0.0000E+00      1.0000E+00
      41       42      1      1     -1.0000E+00      0.0000E+00      0.0000E+00      0.0000E+00      1.0000E+00
      42       22      1      1     -1.0000E+00      0.0000E+00      0.0000E+00      0.0000E+00      1.0000E+00
      43       44      1      1     -1.0000E+00      0.0000E+00      0.0000E+00      0.0000E+00      1.0000E+00
      44       45      1      1     -1.0000E+00      0.0000E+00      0.0000E+00      0.0000E+00      1.0000E+00
      45       46      1      1     -1.0000E+00      0.0000E+00      0.0000E+00      0.0000E+00      1.0000E+00
      46       47      1      1     -1.0000E+00      0.0000E+00      0.0000E+00      0.0000E+00      1.0000E+00
      47       48      1      1     -1.0000E+00      0.0000E+00      0.0000E+00      0.0000E+00      1.0000E+00
      48       49      1      1     -1.0000E+00      0.0000E+00      0.0000E+00      0.0000E+00      1.0000E+00
      49       50      1      1     -1.0000E+00      0.0000E+00      0.0000E+00      0.0000E+00      1.0000E+00
      50       51      1      1     -1.0000E+00      0.0000E+00      0.0000E+00      0.0000E+00      1.0000E+00
      51       52      1      1     -1.0000E+00      0.0000E+00      0.0000E+00      0.0000E+00      1.0000E+00
      52       53      1      1     -1.0000E+00      0.0000E+00      0.0000E+00      0.0000E+00      1.0000E+00
      53       54      1      1     -1.0000E+00      0.0000E+00      0.0000E+00      0.0000E+00      1.0000E+00
      54       55      1      1     -1.0000E+00      0.0000E+00      0.0000E+00      0.0000E+00      1.0000E+00
      55       56      1      1     -1.0000E+00      0.0000E+00      0.0000E+00      0.0000E+00      1.0000E+00
      56       57      1      1     -1.0000E+00      0.0000E+00      0.0000E+00      0.0000E+00      1.0000E+00
      57       58      1      1     -1.0000E+00      0.0000E+00      0.0000E+00      0.0000E+00      1.0000E+00
      58       59      1      1     -1.0000E+00      0.0000E+00      0.0000E+00      0.0000E+00      1.0000E+00
      59       60      1      1     -1.0000E+00      0.0000E+00      0.0000E+00      0.0000E+00      1.0000E+00
      60       61      1      1     -1.0000E+00      0.0000E+00      0.0000E+00      0.0000E+00      1.0000E+00
      61       62      1      1     -1.0000E+00      0.0000E+00      0.0000E+00      0.0000E+00      1.0000E+00
      62       63      1      1     -1.0000E+00      0.0000E+00      0.0000E+00      0.0000E+00      1.0000E+00
      63       43      1      1     -1.0000E+00      0.0000E+00      0.0000E+00      0.0000E+00      1.0000E+00
      64       65      1      1     -1.0000E+00      0.0000E+00      0.0000E+00      0.0000E+00      1.0000E+00
      65       66      1      1     -1.0000E+00      0.0000E+00      0.0000E+00      0.0000E+00      1.0000E+00
      66       67      1      1     -1.0000E+00      0.0000E+00      0.0000E+00      0.0000E+00      1.0000E+00
      67       68      1      1     -1.0000E+00      0.0000E+00      0.0000E+00      0.0000E+00      1.0000E+00
      68       69      1      1     -1.0000E+00      0.0000E+00      0.0000E+00      0.0000E+00      1.0000E+00
      69       70      1      1     -1.0000E+00      0.0000E+00      0.0000E+00      0.0000E+00      1.0000E+00
      70       71      1      1     -1.0000E+00      0.0000E+00      0.0000E+00      0.0000E+00      1.0000E+00
      71       72      1      1     -1.0000E+00      0.0000E+00      0.0000E+00      0.0000E+00      1.0000E+00
      72       73      1      1     -1.0000E+00      0.0000E+00      0.0000E+00      0.0000E+00      1.0000E+00
      73       74      1      1     -1.0000E+00      0.0000E+00      0.0000E+00      0.0000E+00      1.0000E+00
      74       75      1      1     -1.0000E+00      0.0000E+00      0.0000E+00      0.0000E+00      1.0000E+00
      75       76      1      1     -1.0000E+00      0.0000E+00      0.0000E+00      0.0000E+00      1.0000E+00
      76       77      1      1     -1.0000E+00      0.0000E+00      0.0000E+00      0.0000E+00      1.0000E+00
      77       78      1      1     -1.0000E+00      0.0000E+00      0.0000E+00      0.0000E+00      1.0000E+00
      78       79      1      1     -1.0000E+00      0.0000E+00      0.0000E+00      0.0000E+00      1.0000E+00
      79       80      1      1     -1.0000E+00      0.0000E+00      0.0000E+00      0.0000E+00      1.0000E+00
      80       81      1      1     -1.0000E+00      0.0000E+00      0.0000E+00      0.0000E+00      1.0000E+00
      81       82      1      1     -1.0000E+00      0.0000E+00      0.0000E+00      0.0000E+00      1.0000E+00
      82       83      1      1     -1.0000E+00      0.0000E+00      0.0000E+00      0.0000E+00      1.0000E+00
      83       84      1      1     -1.0000E+00      0.0000E+00      0.0000E+00      0.0000E+00      1.0000E+00
      84       64      1      1     -1.0000E+00      0.0000E+00      0.0000E+00      0.0000E+00      1.0000E+00
      85       86      1      1     -1.0000E+00      0.0000E+00      0.0000E+00      0.0000E+00      1.0000E+00
      86       87      1      1     -1.0000E+00      0.0000E+00      0.0000E+00      0.0000E+00      1.0000E+00
      87       88      1      1     -1.0000E+00      0.0000E+00      0.0000E+00      0.0000E+00      1.0000E+00
      88       89      1      1     -1.0000E+00      0.0000E+00      0.0000E+00      0.0000E+00      1.0000E+00
      89       90      1      1     -1.0000E+00      0.0000E+00      0.0000E+00      0.0000E+00      1.0000E+00
      90       91      1      1     -1.0000E+00      0.0000E+00      0.0000E+00      0.0000E+00      1.0000E+00
      91       92      1      1     -1.0000E+00      0.0000E+00      0.0000E+00      0.0000E+00      1.0000E+00
      92       93      1      1     -1.0000E+00      0.0000E+00      0.0000E+00      0.0000E+00      1.0000E+00
      93       94      1      1     -1.0000E+00      0.0000E+00      0.0000E+00      0.0000E+00      1.0000E+00
      94       95      1      1     -1.0000E+00      0.0000E+00      0.0000E+00      0.0000E+00      1.0000E+00
      95       96      1      1     -1.0000E+00      0.0000E+00      0.0000E+00      0.0000E+00      1.0000E+00
      96       97      1      1     -1.0000E+00      0.0000E+00      0.0000E+00      0.0000E+00      1.0000E+00
      97       98      1      1     -1.0000E+00      0.0000E+00      0.0000E+00      0.0000E+00      1.0000E+00
      98       99      1      1     -1.0000E+00      0.0000E+00      0.0000E+00      0.0000E+00      1.0000E+00
      99      100      1      1     -1.0000E+00      0.0000E+00      0.0000E+00      0.0000E+00      1.0000E+00
     100      101      1      1     -1.0000E+00      0.0000E+00      0.0000E+00      0.0000E+00      1.0000E+00
     101      102      1      1     -1.0000E+00      0.0000E+00      0.0000E+00      0.0000E+00      1.0000E+00
     102      103      1      1     -1.0000E+00      0.0000E+00      0.0000E+00      0.0000E+00      1.0000E+00
     103      104      1      1     -1.0000E+00      0.0000E+00      0.0000E+00      0.0000E+00      1.0000E+00
     104      105      1      1     -1.0000E+00      0.0000E+00      0.0000E+00      0.0000E+00      1.0000E+00
     105       85      1      1     -1.0000E+00      0.0000E+00      0.0000E+00      0.0000E+00      1.0000E+00
     106      107      1      1     -1.0000E+00      0.0000E+00      0.0000E+00      0.0000E+00      1.0000E+00
     107      108      1      1     -1.0000E+00      0.0000E+00      0.0000E+00      0.0000E+00      1.0000E+00
     108      109      1      1     -1.0000E+00      0.0000E+00      0.0000E+00      0.0000E+00      1.0000E+00
     109      110      1      1     -1.0000E+00      0.0000E+00      0.0000E+00      0.0000E+00      1.0000E+00
     110      111      1      1     -1.0000E+00      0.0000E+00      0.0000E+00      0.0000E+00      1.0000E+00
     111      112      1      1     -1.0000E+00      0.0000E+00      0.0000E+00      0.0000E+00      1.0000E+00
     112      113      1      1     -1.0000E+00      0.0000E+00      0.0000E+00      0.0000E+00      1.0000E+00
     113      114      1      1     -1.0000E+00      0.0000E+00      0.0000E+00      0.0000E+00      1.0000E+00
     114      115      1      1     -1.0000E+00      0.0000E+00      0.0000E+00      0.0000E+00      1.0000E+00
     115      116      1      1     -1.0000E+00      0.0000E+00      0.0000E+00      0.0000E+00      1.0000E+00
     116      117      1      1     -1.0000E+00      0.0000E+00      0.0000E+00      0.0000E+00      1.0000E+00
     117      118      1      1     -1.0000E+00      0.0000E+00      0.0000E+00      0.0000E+00      1.0000E+00
     118      119      1      1     -1.0000E+00      0.0000E+00      0.0000E+00      0.0000E+00      1.0000E+00
     119      120      1      1     -1.0000E+00      0.0000E+00      0.0000E+00      0.0000E+00      1.0000E+00
     120      121      1      1     -1.0000E+00      0.0000E+00      0.0000E+00      0.0000E+00      1.0000E+00
     121      122      1      1     -1.0000E+00      0.0000E+00      0.0000E+00      0.0000E+00      1.0000E+00
     122      123      1      1     -1.0000E+00      0.0000E+00      0.0000E+00      0.0000E+00      1.0000E+00
     123      124      1      1     -1.0000E+00      0.0000E+00      0.0000E+00      0.0000E+00      1.0000E+00
     124      125      1      1     -1.0000E+00      0.0000E+00      0.0000E+00      0.0000E+00      1.0000E+00
     125      126      1      1     -1.0000E+00      0.0000E+00      0.0000E+00      0.0000E+00      1.0000E+00
     126      106      1      1     -1.0000E+00      0.0000E+00      0.0000E+00      0.0000E+00      1.0000E+00
     127      128      1      1     -1.0000E+00      0.0000E+00      0.0000E+00      0.0000E+00      1.0000E+00
     128      129      1      1     -1.0000E+00      0.0000E+00      0.0000E+00      0.0000E+00      1.0000E+00
     129      130      1      1     -1.0000E+00      0.0000E+00      0.0000E+00      0.0000E+00      1.0000E+00
     130      131      1      1     -1.0000E+00      0.0000E+00      0.0000E+00      0.0000E+00      1.0000E+00
     131      132      1      1     -1.0000E+00      0.0000E+00      0.0000E+00      0.0000E+00      1.0000E+00
     132      133      1      1     -1.0000E+00      0.0000E+00      0.0000E+00      0.0000E+00      1.0000E+00
     133      134      1      1     -1.0000E+00      0.0000E+00      0.0000E+00      0.0000E+00      1.0000E+00
     134      135      1      1     -1.0000E+00      0.0000E+00      0.0000E+00      0.0000E+00      1.0000E+00
     135      136      1      1     -1.0000E+00      0.0000E+00      0.0000E+00      0.0000E+00      1.0000E+00
     136      137      1      1     -1.0000E+00      0.0000E+00      0.0000E+00      0.0000E+00      1.0000E+00
     137      138      1      1     -1.0000E+00      0.0000E+00      0.0000E+00      0.0000E+00      1.0000E+00
     138      139      1      1     -1.0000E+00      0.0000E+00      0.0000E+00      0.0000E+00      1.0000E+00
     139      140      1      1     -1.0000E+00      0.0000E+00      0.0000E+00      0.0000E+00      1.0000E+00
     140      141      1      1     -1.0000E+00      0.0000E+00      0.0000E+00      0.0000E+00      1.0000E+00
     141      142      1      1     -1.0000E+00      0.0000E+00      0.0000E+00      0.0000E+00      1.0000E+00
     142      143      1      1     -1.0000E+00      0.0000E+00      0.0000E+00      0.0000E+00      1.0000E+00
     143      144      1      1     -1.0000E+00      0.0000E+00      0.0000E+00      0.0000E+00      1.0000E+00
     144      145      1      1     -1.0000E+00      0.0000E+00      0.0000E+00      0.0000E+00      1.0000E+00
     145      146      1      1     -1.0000E+00      0.0000E+00      0.0000E+00      0.0000E+00      1.0000E+00
     146      147      1      1     -1.0000E+00      0.0000E+00      0.0000E+00      0.0000E+00      1.0000E+00
     147      127      1      1     -1.0000E+00      0.0000E+00      0.0000E+00      0.0000E+00      1.0000E+00
     148      149      1      1     -1.0000E+00      0.0000E+00      0.0000E+00      0.0000E+00      1.0000E+00
     149      150      1      1     -1.0000E+00      0.0000E+00      0.0000E+00      0.0000E+00      1.0000E+00
     150      151      1      1     -1.0000E+00      0.0000E+00      0.0000E+00      0.0000E+00      1.0000E+00
     151      152      1      1     -1.0000E+00      0.0000E+00      0.0000E+00      0.0000E+00      1.0000E+00
     152      153      1      1     -1.0000E+00      0.0000E+00      0.0000E+00      0.0000E+00      1.0000E+00
     153      154      1      1     -1.0000E+00      0.0000E+00      0.0000E+00      0.0000E+00      1.0000E+00
     154      155      1      1     -1.0000E+00      0.0000E+00      0.0000E+00      0.0000E+00      1.0000E+00
     155      156      1      1     -1.0000E+00      0.0000E+00      0.0000E+00      0.0000E+00      1.0000E+00
     156      157      1      1     -1.0000E+00      0.0000E+00      0.0000E+00      0.0000E+00      1.0000E+00
     157      158      1      1     -1.0000E+00      0.0000E+00      0.0000E+00      0.0000E+00      1.0000E+00
     158      159      1      1     -1.0000E+00      0.0000E+00      0.0000E+00      0.0000E+00      1.0000E+00
     159      160      1      1     -1.0000E+00      0.0000E+00      0.0000E+00      0.0000E+00      1.0000E+00
     160      161      1      1     -1.0000E+00      0.0000E+00      0.0000E+00      0.0000E+00      1.0000E+00
     161      162      1      1     -1.0000E+00      0.0000E+00      0.0000E+00      0.0000E+00      1.0000E+00
     162      163      1      1     -1.0000E+00      0.0000E+00      0.0000E+00      0.0000E+00      1.0000E+00
     163      164      1      1     -1.0000E+00      0.0000E+00      0.0000E+00      0.0000E+00      1.0000E+00
     164      165      1      1     -1.0000E+00      0.0000E+00      0.0000E+00      0.0000E+00      1.0000E+00
     165      166      1      1     -1.0000E+00      0.0000E+00      0.0000E+00      0.0000E+00      1.0000E+00
     166      167      1      1     -1.0000E+00      0.0000E+00      0.0000E+00      0.0000E+00      1.0000E+00
     167      168      1      1     -1.0000E+00      0.0000E+00      0.0000E+00      0.0000E+00      1.0000E+00
     168      148      1      1     -1.0000E+00      0.0000E+00      0.0000E+00      0.0000E+00      1.0000E+00
     169      170      1      1     -1.0000E+00      0.0000E+00      0.0000E+00      0.0000E+00      1.0000E+00
     170      171      1      1     -1.0000E+00      0.0000E+00      0.0000E+00      0.0000E+00      1.0000E+00
     171      172      1      1     -1.0000E+00      0.0000E+00      0.0000E+00      0.0000E+00      1.0000E+00
     172      173      1      1     -1.0000E+00      0.0000E+00      0.0000E+00      0.0000E+00      1.0000E+00
     173      174      1      1     -1.0000E+00      0.0000E+00      0.0000E+00      0.0000E+00      1.0000E+00
     174      175      1      1     -1.0000E+00      0.0000E+00      0.0000E+00      0.0000E+00      1.0000E+00
     175      176      1      1     -1.0000E+00      0.0000E+00      0.0000E+00      0.0000E+00      1.0000E+00
     176      177      1      1     -1.0000E+00      0.0000E+00      0.0000E+00      0.0000E+00      1.0000E+00
     177      178      1      1     -1.0000E+00      0.0000E+00      0.0000E+00      0.0000E+00      1.0000E+00
     178      179      1      1     -1.0000E+00      0.0000E+00      0.0000E+00      0.0000E+00      1.0000E+00
     179      180      1      1     -1.0000E+00      0.0000E+00      0.0000E+00      0.0000E+00      1.0000E+00
     180      181      1      1     -1.0000E+00      0.0000E+00      0.0000E+00      0.0000E+00      1.0000E+00
     181      182      1      1     -1.0000E+00      0.0000E+00      0.0000E+00      0.0000E+00      1.0000E+00
     182      183      1      1     -1.0000E+00      0.0000E+00      0.0000E+00      0.0000E+00      1.0000E+00
     183      184      1      1     -1.0000E+00      0.0000E+00      0.0000E+00      0.0000E+00      1.0000E+00
     184      185      1      1     -1.0000E+00      0.0000E+00      0.0000E+00      0.0000E+00      1.0000E+00
     185      186      1      1     -1.0000E+00      0.0000E+00      0.0000E+00      0.0000E+00      1.0000E+00
     186      187      1      1     -1.0000E+00      0.0000E+00      0.0000E+00      0.0000E+00      1.0000E+00
     187      188      1      1     -1.0000E+00      0.0000E+00      0.0000E+00      0.0000E+00      1.0000E+00
     188      189      1      1     -1.0000E+00      0.0000E+00      0.0000E+00      0.0000E+00      1.0000E+00
     189      169      1      1     -1.0000E+00      0.0000E+00      0.0000E+00      0.0000E+00      1.0000E+00
     190      191      1      1     -1.0000E+00      0.0000E+00      0.0000E+00      0.0000E+00      1.0000E+00
     191      192      1      1     -1.0000E+00      0.0000E+00      0.0000E+00      0.0000E+00      1.0000E+00
     192      193      1      1     -1.0000E+00      0.0000E+00      0.0000E+00      0.0000E+00      1.0000E+00
     193      194      1      1     -1.0000E+00      0.0000E+00      0.0000E+00      0.0000E+00      1.0000E+00
     194      195      1      1     -1.0000E+00      0.0000E+00      0.0000E+00      0.0000E+00      1.0000E+00
     195      196      1      1     -1.0000E+00      0.0000E+00      0.0000E+00      0.0000E+00      1.0000E+00
     196      197      1      1     -1.0000E+00      0.0000E+00      0.0000E+00      0.0000E+00      1.0000E+00
     197      198      1      1     -1.0000E+00      0.0000E+00      0.0000E+00      0.0000E+00      1.0000E+00
     198      199      1      1     -1.0000E+00      0.0000E+00      0.0000E+00      0.0000E+00      1.0000E+00
     199      200      1      1     -1.0000E+00      0.0000E+00      0.0000E+00      0.0000E+00      1.0000E+00
     200      201      1      1     -1.0000E+00      0.0000E+00      0.0000E+00      0.0000E+00      1.0000E+00
     201      202      1      1     -1.0000E+00      0.0000E+00      0.0000E+00      0.0000E+00      1.0000E+00
     202      203      1      1     -1.0000E+00      0.0000E+00      0.0000E+00      0.0000E+00      1.0000E+00
     203      204      1      1     -1.0000E+00      0.0000E+00      0.0000E+00      0.0000E+00      1.0000E+00
     204      205      1      1     -1.0000E+00      0.0000E+00      0.0000E+00      0.0000E+00      1.0000E+00
     205      206      1      1     -1.0000E+00      0.0000E+00      0.0000E+00      0.0000E+00      1.0000E+00
     206      207      1      1     -1.0000E+00      0.0000E+00      0.0000E+00      0.0000E+00      1.0000E+00
     207      208      1      1     -1.0000E+00      0.0000E+00      0.0000E+00      0.0000E+00      1.0000E+00
     208      209      1      1     -1.0000E+00      0.0000E+00      0.0000E+00      0.0000E+00      1.0000E+00
     209      210      1      1     -1.0000E+00      0.0000E+00      0.0000E+00      0.0000E+00      1.0000E+00
     210      190      1      1     -1.0000E+00      0.0000E+00      0.0000E+00      0.0000E+00      1.0000E+00
     211      212      1      1     -1.0000E+00      0.0000E+00      0.0000E+00      0.0000E+00      1.0000E+00
     212      213      1      1     -1.0000E+00      0.0000E+00      0.0000E+00      0.0000E+00      1.0000E+00
     213      214      1      1     -1.0000E+00      0.0000E+00      0.0000E+00      0.0000E+00      1.0000E+00
     214      215      1      1     -1.0000E+00      0.0000E+00      0.0000E+00      0.0000E+00      1.0000E+00
     215      216      1      1     -1.0000E+00      0.0000E+00      0.0000E+00      0.0000E+00      1.0000E+00
     216      217      1      1     -1.0000E+00      0.0000E+00      0.0000E+00      0.0000E+00      1.0000E+00
     217      218      1      1     -1.0000E+00      0.0000E+00      0.0000E+00      0.0000E+00      1.0000E+00
     218      219      1      1     -1.0000E+00      0.0000E+00      0.0000E+00      0.0000E+00      1.0000E+00
     219      220      1      1     -1.0000E+00      0.0000E+00      0.0000E+00      0.0000E+00      1.0000E+00
     220      221      1      1     -1.0000E+00      0.0000E+00      0.0000E+00      0.0000E+00      1.0000E+00
     221      222      1      1     -1.0000E+00      0.0000E+00      0.0000E+00      0.0000E+00      1.0000E+00
     222      223      1      1     -1.0000E+00      0.0000E+00      0.0000E+00      0.0000E+00      1.0000E+00
     223      224      1      1     -1.0000E+00      0.0000E+00      0.0000E+00      0.0000E+00      1.0000E+00
     224      225      1      1     -1.0000E+00      0.0000E+00      0.0000E+00      0.0000E+00      1.0000E+00
     225      226      1      1     -1.0000E+00      0.0000E+00      0.0000E+00      0.0000E+00      1.0000E+00
     226      227      1      1     -1.0000E+00      0.0000E+00      0.0000E+00      0.0000E+00      1.0000E+00
     227      228      1      1     -1.0000E+00      0.0000E+00      0.0000E+00      0.0000E+00      1.0000E+00
     228      229      1      1     -1.0000E+00      0.0000E+00      0.0000E+00      0.0000E+00      1.0000E+00
     229      230      1      1     -1.0000E+00      0.0000E+00      0.0000E+00      0.0000E+00      1.0000E+00
     230      231      1      1     -1.0000E+00      0.0000E+00      0.0000E+00      0.0000E+00      1.0000E+00
     231      211      1      1     -1.0000E+00      0.0000E+00      0.0000E+00      0.0000E+00      1.0000E+00
     232      233      1      1     -1.0000E+00      0.0000E+00      0.0000E+00      0.0000E+00      1.0000E+00
     233      234      1      1     -1.0000E+00      0.0000E+00      0.0000E+00      0.0000E+00      1.0000E+00
     234      235      1      1     -1.0000E+00      0.0000E+00      0.0000E+00      0.0000E+00      1.0000E+00
     235      236      1      1     -1.0000E+00      0.0000E+00      0.0000E+00      0.0000E+00      1.0000E+00
     236      237      1      1     -1.0000E+00      0.0000E+00      0.0000E+00      0.0000E+00      1.0000E+00
     237      238      1      1     -1.0000E+00      0.0000E+00      0.0000E+00      0.0000E+00      1.0000E+00
     238      239      1      1     -1.0000E+00      0.0000E+00      0.0000E+00      0.0000E+00      1.0000E+00
     239      240      1      1     -1.0000E+00      0.0000E+00      0.0000E+00      0.0000E+00      1.0000E+00
     240      241      1      1     -1.0000E+00      0.0000E+00      0.0000E+00      0.0000E+00      1.0000E+00
     241      242      1      1     -1.0000E+00      0.0000E+00      0.0000E+00      0.0000E+00      1.0000E+00
     242      243      1      1     -1.0000E+00      0.0000E+00      0.0000E+00      0.0000E+00      1.0000E+00
     243      244      1      1     -1.0000E+00      0.0000E+00      0.0000E+00      0.0000E+00      1.0000E+00
     244      245      1      1     -1.0000E+00      0.0000E+00      0.0000E+00      0.0000E+00      1.0000E+00
     245      246      1      1     -1.0000E+00      0.0000E+00      0.0000E+00      0.0000E+00      1.0000E+00
     246      247      1      1     -1.0000E+00      0.0000E+00      0.0000E+00      0.0000E+00      1.0000E+00
     247      248      1      1     -1.0000E+00      0.0000E+00      0.0000E+00      0.0000E+00      1.0000E+00
     248      249      1      1     -1.0000E+00      0.0000E+00      0.0000E+00      0.0000E+00      1.0000E+00
     249      250      1      1     -1.0000E+00      0.0000E+00      0.0000E+00      0.0000E+00      1.0000E+00
     250      251      1      1     -1.0000E+00      0.0000E+00      0.0000E+00      0.0000E+00      1.0000E+00
     251      252      1      1     -1.0000E+00      0.0000E+00      0.0000E+00      0.0000E+00      1.0000E+00
     252      232      1      1     -1.0000E+00      0.0000E+00      0.0000E+00      0.0000E+00      1.0000E+00
     253      254      1      1     -1.0000E+00      0.0000E+00      0.0000E+00      0.0000E+00      1.0000E+00
     254      255      1      1     -1.0000E+00      0.0000E+00      0.0000E+00      0.0000E+00      1.0000E+00
     255      256      1      1     -1.0000E+00      0.0000E+00      0.0000E+00      0.0000E+00      1.0000E+00
     256      257      1      1     -1.0000E+00      0.0000E+00      0.0000E+00      0.0000E+00      1.0000E+00
     257      258      1      1     -1.0000E+00      0.0000E+00      0.0000E+00      0.0000E+00      1.0000E+00
     258      259      1      1     -1.0000E+00      0.0000E+00      0.0000E+00      0.0000E+00      1.0000E+00
     259      260      1      1     -1.0000E+00      0.0000E+00      0.0000E+00      0.0000E+00      1.0000E+00
     260      261      1      1     -1.0000E+00      0.0000E+00      0.0000E+00      0.0000E+00      1.0000E+00
     261      262      1      1     -1.0000E+00      0.0000E+00      0.0000E+00      0.0000E+00      1.0000E+00
     262      263      1      1     -1.0000E+00      0.0000E+00      0.0000E+00      0.0000E+00      1.0000E+00
     263      264      1      1     -1.0000E+00      0.0000E+00      0.0000E+00      0.0000E+00      1.0000E+00
     264      265      1      1     -1.0000E+00      0.0000E+00      0.0000E+00      0.0000E+00      1.0000E+00
     265      266      1      1     -1.0000E+00      0.0000E+00      0.0000E+00      0.0000E+00      1.0000E+00
     266      267      1      1     -1.0000E+00      0.0000E+00      0.0000E+00      0.0000E+00      1.0000E+00
     267      268      1      1     -1.0000E+00      0.0000E+00      0.0000E+00      0.0000E+00      1.0000E+00
     268      269      1      1     -1.0000E+00      0.0000E+00      0.0000E+00      0.0000E+00      1.0000E+00
     269      270      1      1     -1.0000E+00      0.0000E+00      0.0000E+00      0.0000E+00      1.0000E+00
     270      271      1      1     -1.0000E+00      0.0000E+00      0.0000E+00      0.0000E+00      1.0000E+00
     271      272      1      1     -1.0000E+00      0.0000E+00      0.0000E+00      0.0000E+00      1.0000E+00
     272      273      1      1     -1.0000E+00      0.0000E+00      0.0000E+00      0.0000E+00      1.0000E+00
     273      253      1      1     -1.0000E+00      0.0000E+00      0.0000E+00      0.0000E+00      1.0000E+00
     274      275      1      1     -1.0000E+00      0.0000E+00      0.0000E+00      0.0000E+00      1.0000E+00
     275      276      1      1     -1.0000E+00      0.0000E+00      0.0000E+00      0.0000E+00      1.0000E+00
     276      277      1      1     -1.0000E+00      0.0000E+00      0.0000E+00      0.0000E+00      1.0000E+00
     277      278      1      1     -1.0000E+00      0.0000E+00      0.0000E+00      0.0000E+00      1.0000E+00
     278      279      1      1     -1.0000E+00      0.0000E+00      0.0000E+00      0.0000E+00      1.0000E+00
     279      280      1      1     -1.0000E+00      0.0000E+00      0.0000E+00      0.0000E+00      1.0000E+00
     280      281      1      1     -1.0000E+00      0.0000E+00      0.0000E+00      0.0000E+00      1.0000E+00
     281      282      1      1     -1.0000E+00      0.0000E+00      0.0000E+00      0.0000E+00      1.0000E+00
     282      283      1      1     -1.0000E+00      0.0000E+00      0.0000E+00      0.0000E+00      1.0000E+00
     283      284      1      1     -1.0000E+00      0.0000E+00      0.0000E+00      0.0000E+00      1.0000E+00
     284      285      1      1     -1.0000E+00      0.0000E+00      0.0000E+00      0.0000E+00      1.0000E+00
     285      286      1      1     -1.0000E+00      0.0000E+00      0.0000E+00      0.0000E+00      1.0000E+00
     286      287      1      1     -1.0000E+00      0.0000E+00      0.0000E+00      0.0000E+00      1.0000E+00
     287      288      1      1     -1.0000E+00      0.0000E+00      0.0000E+00      0.0000E+00      1.0000E+00
     288      289      1      1     -1.0000E+00      0.0000E+00      0.0000E+00      0.0000E+00      1.0000E+00
     289      290      1      1     -1.0000E+00      0.0000E+00      0.0000E+00      0.0000E+00      1.0000E+00
     290      291      1      1     -1.0000E+00      0.0000E+00      0.0000E+00      0.0000E+00      1.0000E+00
     291      292      1      1     -1.0000E+00      0.0000E+00      0.0000E+00      0.0000E+00      1.0000E+00
     292      293      1      1     -1.0000E+00      0.0000E+00      0.0000E+00      0.0000E+00      1.0000E+00
     293      294      1      1     -1.0000E+00      0.0000E+00      0.0000E+00      0.0000E+00      1.0000E+00
     294      274      1      1     -1.0000E+00      0.0000E+00      0.0000E+00      0.0000E+00      1.0000E+00
     295      296      1      1     -1.0000E+00      0.0000E+00      0.0000E+00      0.0000E+00      1.0000E+00
     296      297      1      1     -1.0000E+00      0.0000E+00      0.0000E+00      0.0000E+00      1.0000E+00
     297      298      1      1     -1.0000E+00      0.0000E+00      0.0000E+00      0.0000E+00      1.0000E+00
     298      299      1      1     -1.0000E+00      0.0000E+00      0.0000E+00      0.0000E+00      1.0000E+00
     299      300      1      1     -1.0000E+00      0.0000E+00      0.0000E+00      0.0000E+00      1.0000E+00
     300      301      1      1     -1.0000E+00      0.0000E+00      0.0000E+00      0.0000E+00      1.0000E+00
     301      302      1      1     -1.0000E+00      0.0000E+00      0.0000E+00      0.0000E+00      1.0000E+00
     302      303      1      1     -1.0000E+00      0.0000E+00      0.0000E+00      0.0000E+00      1.0000E+00
     303      304      1      1     -1.0000E+00      0.0000E+00      0.0000E+00      0.0000E+00      1.0000E+00
     304      305      1      1     -1.0000E+00      0.0000E+00      0.0000E+00      0.0000E+00      1.0000E+00
     305      306      1      1     -1.0000E+00      0.0000E+00      0.0000E+00      0.0000E+00      1.0000E+00
     306      307      1      1     -1.0000E+00      0.0000E+00      0.0000E+00      0.0000E+00      1.0000E+00
     307      308      1      1     -1.0000E+00      0.0000E+00      0.0000E+00      0.0000E+00      1.0000E+00
     308      309      1      1     -1.0000E+00      0.0000E+00      0.0000E+00      0.0000E+00      1.0000E+00
     309      310      1      1     -1.0000E+00      0.0000E+00      0.0000E+00      0.0000E+00      1.0000E+00
     310      311      1      1     -1.0000E+00      0.0000E+00      0.0000E+00      0.0000E+00      1.0000E+00
     311      312      1      1     -1.0000E+00      0.0000E+00      0.0000E+00      0.0000E+00      1.0000E+00
     312      313      1      1     -1.0000E+00      0.0000E+00      0.0000E+00      0.0000E+00      1.0000E+00
     313      314      1      1     -1.0000E+00      0.0000E+00      0.0000E+00      0.0000E+00      1.0000E+00
     314      315      1      1     -1.0000E+00      0.0000E+00      0.0000E+00      0.0000E+00      1.0000E+00
     315      295      1      1     -1.0000E+00      0.0000E+00      0.0000E+00      0.0000E+00      1.0000E+00
     316      317      1      1     -1.0000E+00      0.0000E+00      0.0000E+00      0.0000E+00      1.0000E+00
     317      318      1      1     -1.0000E+00      0.0000E+00      0.0000E+00      0.0000E+00      1.0000E+00
     318      319      1      1     -1.0000E+00      0.0000E+00      0.0000E+00      0.0000E+00      1.0000E+00
     319      320      1      1     -1.0000E+00      0.0000E+00      0.0000E+00      0.0000E+00      1.0000E+00
     320      321      1      1     -1.0000E+00      0.0000E+00      0.0000E+00      0.0000E+00      1.0000E+00
     321      322      1      1     -1.0000E+00      0.0000E+00      0.0000E+00      0.0000E+00      1.0000E+00
     322      323      1      1     -1.0000E+00      0.0000E+00      0.0000E+00      0.0000E+00      1.0000E+00
     323      324      1      1     -1.0000E+00      0.0000E+00      0.0000E+00      0.0000E+00      1.0000E+00
     324      325      1      1     -1.0000E+00      0.0000E+00      0.0000E+00      0.0000E+00      1.0000E+00
     325      326      1      1     -1.0000E+00      0.0000E+00      0.0000E+00      0.0000E+00      1.0000E+00
     326      327      1      1     -1.0000E+00      0.0000E+00      0.0000E+00      0.0000E+00      1.0000E+00
     327      328      1      1     -1.0000E+00      0.0000E+00      0.0000E+00      0.0000E+00      1.0000E+00
     328      329      1      1     -1.0000E+00      0.0000E+00      0.0000E+00      0.0000E+00      1.0000E+00
     329      330      1      1     -1.0000E+00      0.0000E+00      0.0000E+00      0.0000E+00      1.0000E+00
     330      331      1      1     -1.0000E+00      0.0000E+00      0.0000E+00      0.0000E+00      1.0000E+00
     331      332      1      1     -1.0000E+00      0.0000E+00      0.0000E+00      0.0000E+00      1.0000E+00
     332      333      1      1     -1.0000E+00      0.0000E+00      0.0000E+00      0.0000E+00      1.0000E+00
     333      334      1      1     -1.0000E+00      0.0000E+00      0.0000E+00      0.0000E+00      1.0000E+00
     334      335      1      1     -1.0000E+00      0.0000E+00      0.0000E+00      0.0000E+00      1.0000E+00
     335      336      1      1     -1.0000E+00      0.0000E+00      0.0000E+00      0.0000E+00      1.0000E+00
     336      316      1      1     -1.0000E+00      0.0000E+00      0.0000E+00      0.0000E+00      1.0000E+00
     337      338      1      1     -1.0000E+00      0.0000E+00      0.0000E+00      0.0000E+00      1.0000E+00
     338      339      1      1     -1.0000E+00      0.0000E+00      0.0000E+00      0.0000E+00      1.0000E+00
     339      340      1      1     -1.0000E+00      0.0000E+00      0.0000E+00      0.0000E+00      1.0000E+00
     340      341      1      1     -1.0000E+00      0.0000E+00      0.0000E+00      0.0000E+00      1.0000E+00
     341      342      1      1     -1.0000E+00      0.0000E+00      0.0000E+00      0.0000E+00      1.0000E+00
     342      343      1      1     -1.0000E+00      0.0000E+00      0.0000E+00      0.0000E+00      1.0000E+00
     343      344      1      1     -1.0000E+00      0.0000E+00      0.0000E+00      0.0000E+00      1.0000E+00
     344      345      1      1     -1.0000E+00      0.0000E+00      0.0000E+00      0.0000E+00      1.0000E+00
     345      346      1      1     -1.0000E+00      0.0000E+00      0.0000E+00      0.0000E+00      1.0000E+00
     346      347      1      1     -1.0000E+00      0.0000E+00      0.0000E+00      0.0000E+00      1.0000E+00
     347      348      1      1     -1.0000E+00      0.0000E+00      0.0000E+00      0.0000E+00      1.0000E+00
     348      349      1      1     -1.0000E+00      0.0000E+00      0.0000E+00      0.0000E+00      1.0000E+00
     349      350      1      1     -1.0000E+00      0.0000E+00      0.0000E+00      0.0000E+00      1.0000E+00
     350      351      1      1     -1.0000E+00      0.0000E+00      0.0000E+00      0.0000E+00      1.0000E+00
     351      352      1      1     -1.0000E+00      0.0000E+00      0.0000E+00      0.0000E+00      1.0000E+00
     352      353      1      1     -1.0000E+00      0.0000E+00      0.0000E+00      0.0000E+00      1.0000E+00
     353      354      1      1     -1.0000E+00      0.0000E+00      0.0000E+00      0.0000E+00      1.0000E+00
     354      355      1      1     -1.0000E+00      0.0000E+00      0.0000E+00      0.0000E+00      1.0000E+00
     355      356      1      1     -1.0000E+00      0.0000E+00      0.0000E+00      0.0000E+00      1.0000E+00
     356      357      1      1     -1.0000E+00      0.0000E+00      0.0000E+00      0.0000E+00      1.0000E+00
     357      337      1      1     -1.0000E+00      0.0000E+00      0.0000E+00      0.0000E+00      1.0000E+00
     358      359      1      1     -1.0000E+00      0.0000E+00      0.0000E+00      0.0000E+00      1.0000E+00
     359      360      1      1     -1.0000E+00      0.0000E+00      0.0000E+00      0.0000E+00      1.0000E+00
     360      361      1      1     -1.0000E+00      0.0000E+00      0.0000E+00      0.0000E+00      1.0000E+00
     361      362      1      1     -1.0000E+00      0.0000E+00      0.0000E+00      0.0000E+00      1.0000E+00
     362      363      1      1     -1.0000E+00      0.0000E+00      0.0000E+00      0.0000E+00      1.0000E+00
     363      364      1      1     -1.0000E+00      0.0000E+00      0.0000E+00      0.0000E+00      1.0000E+00
     364      365      1      1     -1.0000E+00      0.0000E+00      0.0000E+00      0.0000E+00      1.0000E+00
     365      366      1      1     -1.0000E+00      0.0000E+00      0.0000E+00      0.0000E+00      1.0000E+00
     366      367      1      1     -1.0000E+00      0.0000E+00      0.0000E+00      0.0000E+00      1.0000E+00
     367      368      1      1     -1.0000E+00      0.0000E+00      0.0000E+00      0.0000E+00      1.0000E+00
     368      369      1      1     -1.0000E+00      0.0000E+00      0.0000E+00      0.0000E+00      1.0000E+00
     369      370      1      1     -1.0000E+00      0.0000E+00      0.0000E+00      0.0000E+00      1.0000E+00
     370      371      1      1     -1.0000E+00      0.0000E+00      0.0000E+00      0.0000E+00      1.0000E+00
     371      372      1      1     -1.0000E+00      0.0000E+00      0.0000E+00      0.0000E+00      1.0000E+00
     372      373      1      1     -1.0000E+00      0.0000E+00      0.0000E+00      0.0000E+00      1.0000E+00
     373      374      1      1     -1.0000E+00      0.0000E+00      0.0000E+00      0.0000E+00      1.0000E+00
     374      375      1      1     -1.0000E+00      0.0000E+00      0.0000E+00      0.0000E+00      1.0000E+00
     375      376      1      1     -1.0000E+00      0.0000E+00      0.0000E+00      0.0000E+00      1.0000E+00
     376      377      1      1     -1.0000E+00      0.0000E+00      0.0000E+00      0.0000E+00      1.0000E+00
     377      378      1      1     -1.0000E+00      0.0000E+00      0.0000E+00      0.0000E+00      1.0000E+00
     378      358      1      1     -1.0000E+00      0.0000E+00      0.0000E+00      0.0000E+00      1.0000E+00
     379      380      1      1     -1.0000E+00      0.0000E+00      0.0000E+00      0.0000E+00      1.0000E+00
     380      381      1      1     -1.0000E+00      0.0000E+00      0.0000E+00      0.0000E+00      1.0000E+00
     381      382      1      1     -1.0000E+00      0.0000E+00      0.0000E+00      0.0000E+00      1.0000E+00
     382      383      1      1     -1.0000E+00      0.0000E+00      0.0000E+00      0.0000E+00      1.0000E+00
     383      384      1      1     -1.0000E+00      0.0000E+00      0.0000E+00      0.0000E+00      1.0000E+00
     384      385      1      1     -1.0000E+00      0.0000E+00      0.0000E+00      0.0000E+00      1.0000E+00
     385      386      1      1     -1.0000E+00      0.0000E+00      0.0000E+00      0.0000E+00      1.0000E+00
     386      387      1      1     -1.0000E+00      0.0000E+00      0.0000E+00      0.0000E+00      1.0000E+00
     387      388      1      1     -1.0000E+00      0.0000E+00      0.0000E+00      0.0000E+00      1.0000E+00
     388      389      1      1     -1.0000E+00      0.0000E+00      0.0000E+00      0.0000E+00      1.0000E+00
     389      390      1      1     -1.0000E+00      0.0000E+00      0.0000E+00      0.0000E+00      1.0000E+00
     390      391      1      1     -1.0000E+00      0.0000E+00      0.0000E+00      0.0000E+00      1.0000E+00
     391      392      1      1     -1.0000E+00      0.0000E+00      0.0000E+00      0.0000E+00      1.0000E+00
     392      393      1      1     -1.0000E+00      0.0000E+00      0.0000E+00      0.0000E+00      1.0000E+00
     393      394      1      1     -1.0000E+00      0.0000E+00      0.0000E+00      0.0000E+00      1.0000E+00
     394      395      1      1     -1.0000E+00      0.0000E+00      0.0000E+00      0.0000E+00      1.0000E+00
     395      396      1      1     -1.0000E+00      0.0000E+00      0.0000E+00      0.0000E+00      1.0000E+00
     396      397      1      1     -1.0000E+00      0.0000E+00      0.0000E+00      0.0000E+00      1.0000E+00
     397      398      1      1     -1.0000E+00      0.0000E+00      0.0000E+00      0.0000E+00      1.0000E+00
     398      399      1      1     -1.0000E+00      0.0000E+00      0.0000E+00      0.0000E+00      1.0000E+00
     399      379      1      1     -1.0000E+00      0.0000E+00      0.0000E+00      0.0000E+00      1.0000E+00
     400      401      1      1     -1.0000E+00      0.0000E+00      0.0000E+00      0.0000E+00      1.0000E+00
     401      402      1      1     -1.0000E+00      0.0000E+00      0.0000E+00      0.0000E+00      1.0000E+00
     402      403      1      1     -1.0000E+00      0.0000E+00      0.0000E+00      0.0000E+00      1.0000E+00
     403      404      1      1     -1.0000E+00      0.0000E+00      0.0000E+00      0.0000E+00      1.0000E+00
     404      405      1      1     -1.0000E+00      0.0000E+00      0.0000E+00      0.0000E+00      1.0000E+00
     405      406      1      1     -1.0000E+00      0.0000E+00      0.0000E+00      0.0000E+00      1.0000E+00
     406      407      1      1     -1.0000E+00      0.0000E+00      0.0000E+00      0.0000E+00      1.0000E+00
     407      408      1      1     -1.0000E+00      0.0000E+00      0.0000E+00      0.0000E+00      1.0000E+00
     408      409      1      1     -1.0000E+00      0.0000E+00      0.0000E+00      0.0000E+00      1.0000E+00
     409      410      1      1     -1.0000E+00      0.0000E+00      0.0000E+00      0.0000E+00      1.0000E+00
     410      411      1      1     -1.0000E+00      0.0000E+00      0.0000E+00      0.0000E+00      1.0000E+00
     411      412      1      1     -1.0000E+00      0.0000E+00      0.0000E+00      0.0000E+00      1.0000E+00
     412      413      1      1     -1.0000E+00      0.0000E+00      0.0000E+00      0.0000E+00      1.0000E+00
     413      414      1      1     -1.0000E+00      0.0000E+00      0.0000E+00      0.0000E+00      1.0000E+00
     414      415      1      1     -1.0000E+00      0.0000E+00      0.0000E+00      0.0000E+00      1.0000E+00
     415      416      1      1     -1.0000E+00      0.0000E+00      0.0000E+00      0.0000E+00      1.0000E+00
     416      417      1      1     -1.0000E+00      0.0000E+00      0.0000E+00      0.0000E+00      1.0000E+00
     417      418      1      1     -1.0000E+00      0.0000E+00      0.0000E+00      0.0000E+00      1.0000E+00
     418      419      1      1     -1.0000E+00      0.0000E+00      0.0000E+00      0.0000E+00      1.0000E+00
     419      420      1      1     -1.0000E+00      0.0000E+00      0.0000E+00      0.0000E+00      1.0000E+00
     420      400      1      1     -1.0000E+00      0.0000E+00      0.0000E+00      0.0000E+00      1.0000E+00
     421      422      1      1     -1.0000E+00      0.0000E+00      0.0000E+00      0.0000E+00      1.0000E+00
     422      423      1      1     -1.0000E+00      0.0000E+00      0.0000E+00      0.0000E+00      1.0000E+00
     423      424      1      1     -1.0000E+00      0.0000E+00      0.0000E+00      0.0000E+00      1.0000E+00
     424      425      1      1     -1.0000E+00      0.0000E+00      0.0000E+00      0.0000E+00      1.0000E+00
     425      426      1      1     -1.0000E+00      0.0000E+00      0.0000E+00      0.0000E+00      1.0000E+00
     426      427      1      1     -1.0000E+00      0.0000E+00      0.0000E+00      0.0000E+00      1.0000E+00
     427      428      1      1     -1.0000E+00      0.0000E+00      0.0000E+00      0.0000E+00      1.0000E+00
     428      429      1      1     -1.0000E+00      0.0000E+00      0.0000E+00      0.0000E+00      1.0000E+00
     429      430      1      1     -1.0000E+00      0.0000E+00      0.0000E+00      0.0000E+00      1.0000E+00
     430      431      1      1     -1.0000E+00      0.0000E+00      0.0000E+00      0.0000E+00      1.0000E+00
     431      432      1      1     -1.0000E+00      0.0000E+00      0.0000E+00      0.0000E+00      1.0000E+00
     432      433      1      1     -1.0000E+00      0.0000E+00      0.0000E+00      0.0000E+00      1.0000E+00
     433      434      1      1     -1.0000E+00      0.0000E+00      0.0000E+00      0.0000E+00      1.0000E+00
     434      435      1      1     -1.0000E+00      0.0000E+00      0.0000E+00      0.0000E+00      1.0000E+00
     435      436      1      1     -1.0000E+00      0.0000E+00      0.0000E+00      0.0000E+00      1.0000E+00
     436      437      1      1     -1.0000E+00      0.0000E+00      0.0000E+00      0.0000E+00      1.0000E+00
     437      438      1      1     -1.0000E+00      0.0000E+00      0.0000E+00      0.0000E+00      1.0000E+00
     438      439      1      1     -1.0000E+00      0.0000E+00      0.0000E+00      0.0000E+00      1.0000E+00
     439      440      1      1     -1.0000E+00      0.0000E+00      0.0000E+00      0.0000E+00      1.0000E+00
     440      441      1      1     -1.0000E+00      0.0000E+00      0.0000E+00      0.0000E+00      1.0000E+00
     441      421      1      1     -1.0000E+00      0.0000E+00      0.0000E+00      0.0000E+00      1.0000E+00
