   #Iter             <M>           <M^2>           <M^4>      U_{Binder}            \chi        C_v(tot)             <E>       <E_{exc}>       <E_{lsf}>
       1  1.35471759E-02  1.83525975E-04  3.36817836E-08  6.66666667E-01  0.00000000E+00  0.00000000E+00 -6.02201733E+00  0.00000000E+00  0.00000000E+00
      11  1.31065311E-02  2.17134514E-04  8.07412574E-08  4.29157194E-01  8.18536949E-02  4.61831683E+00 -6.02200283E+00  0.00000000E+00  0.00000000E+00
      21  1.61853313E-02  3.78217392E-04  3.44065498E-07  1.98253858E-01  2.09812295E-01  7.80014359E+00 -6.02199912E+00  0.00000000E+00  0.00000000E+00
      31  1.64275638E-02  3.72989543E-04  3.07228509E-07  2.63882835E-01  1.86119341E-01  6.95872408E+00 -6.02199600E+00  0.00000000E+00  0.00000000E+00
      41  1.68702098E-02  4.05365621E-04  3.76238661E-07  2.36782467E-01  2.17950491E-01  8.36013581E+00 -6.02199215E+00  0.00000000E+00  0.00000000E+00
      51  1.63876593E-02  3.94782687E-04  3.70204888E-07  2.08219691E-01  2.27814925E-01  7.81400913E+00 -6.02199995E+00  0.00000000E+00  0.00000000E+00
      61  1.75772569E-02  4.42888356E-04  4.30452701E-07  2.68497764E-01  2.41713836E-01  7.62904549E+00 -6.02200104E+00  0.00000000E+00  0.00000000E+00
      71  1.66359725E-02  4.07102971E-04  3.80868151E-07  2.33971622E-01  2.35250841E-01  7.45818119E+00 -6.02200359E+00  0.00000000E+00  0.00000000E+00
      81  1.57755328E-02  3.71938268E-04  3.36887279E-07  1.88251251E-01  2.22118120E-01  7.97527312E+00 -6.02200885E+00  0.00000000E+00  0.00000000E+00
      91  1.52659534E-02  3.52193634E-04  3.13654620E-07  1.57116736E-01  2.15031521E-01  8.31304823E+00 -6.02201004E+00  0.00000000E+00  0.00000000E+00
     101  1.62234637E-02  3.97967736E-04  4.15248804E-07  1.26040303E-01  2.43227279E-01  7.86766461E+00 -6.02200572E+00  0.00000000E+00  0.00000000E+00
     111  1.57990092E-02  3.77451811E-04  3.82655585E-07  1.04709916E-01  2.30731137E-01  7.61492488E+00 -6.02200875E+00  0.00000000E+00  0.00000000E+00
     121  1.52267417E-02  3.59830005E-04  3.60321921E-07  7.23702264E-02  2.30971576E-01  7.32826169E+00 -6.02200996E+00  0.00000000E+00  0.00000000E+00
     131  1.51598927E-02  3.50432209E-04  3.39186907E-07  7.93177045E-02  2.17676560E-01  6.91209703E+00 -6.02201159E+00  0.00000000E+00  0.00000000E+00
     141  1.50605400E-02  3.50888255E-04  3.51149512E-07  4.93226421E-02  2.23918507E-01  6.92937051E+00 -6.02201332E+00  0.00000000E+00  0.00000000E+00
     151  1.47367399E-02  3.38991458E-04  3.32035838E-07  3.68671474E-02  2.19860535E-01  6.87120183E+00 -6.02201344E+00  0.00000000E+00  0.00000000E+00
     161  1.46657947E-02  3.34367255E-04  3.20034446E-07  4.58250981E-02  2.15279536E-01  6.69836079E+00 -6.02201171E+00  0.00000000E+00  0.00000000E+00
     171  1.46249420E-02  3.28270138E-04  3.05956471E-07  5.35980343E-02  2.06435094E-01  6.66288569E+00 -6.02201303E+00  0.00000000E+00  0.00000000E+00
     181  1.45901330E-02  3.24891160E-04  2.96214671E-07  6.45738230E-02  2.02172103E-01  6.67344249E+00 -6.02201220E+00  0.00000000E+00  0.00000000E+00
     191  1.47247195E-02  3.28857896E-04  2.98205689E-07  8.08675025E-02  2.02210644E-01  6.60049429E+00 -6.02200980E+00  0.00000000E+00  0.00000000E+00
