#  Iter.   M_avg.    U_Bind.    Susc.
    9001  0.856686  0.665197  0.097101
    9011  0.856665  0.665197  0.097091
    9021  0.856684  0.665197  0.097079
    9031  0.856698  0.665197  0.097067
    9041  0.856757  0.665197  0.097053
    9051  0.856798  0.665198  0.097040
    9061  0.856690  0.665198  0.097028
    9071  0.856692  0.665198  0.097015
    9081  0.856692  0.665198  0.097000
    9091  0.856648  0.665198  0.096985
    9101  0.856747  0.665199  0.096972
    9111  0.856807  0.665199  0.096958
    9121  0.856798  0.665199  0.096944
    9131  0.856659  0.665199  0.096933
    9141  0.856497  0.665199  0.096929
    9151  0.856547  0.665199  0.096925
    9161  0.856472  0.665199  0.096921
    9171  0.856405  0.665199  0.096916
    9181  0.856324  0.665199  0.096913
    9191  0.856395  0.665199  0.096909
    9201  0.856367  0.665199  0.096905
    9211  0.856399  0.665199  0.096899
    9221  0.856450  0.665200  0.096893
    9231  0.856478  0.665200  0.096886
    9241  0.856463  0.665200  0.096877
    9251  0.856530  0.665200  0.096869
    9261  0.856541  0.665200  0.096860
    9271  0.856554  0.665200  0.096850
    9281  0.856564  0.665200  0.096838
    9291  0.856544  0.665200  0.096826
    9301  0.856552  0.665201  0.096812
    9311  0.856584  0.665201  0.096798
    9321  0.856678  0.665201  0.096785
    9331  0.856720  0.665201  0.096771
    9341  0.856812  0.665201  0.096759
    9351  0.856875  0.665201  0.096747
    9361  0.856876  0.665202  0.096734
    9371  0.856938  0.665202  0.096721
    9381  0.856884  0.665202  0.096707
    9391  0.856691  0.665202  0.096703
    9401  0.856720  0.665202  0.096698
    9411  0.856758  0.665202  0.096692
    9421  0.856604  0.665202  0.096691
    9431  0.856526  0.665202  0.096691
    9441  0.856515  0.665202  0.096690
    9451  0.856587  0.665202  0.096689
    9461  0.856437  0.665202  0.096693
    9471  0.856310  0.665202  0.096700
    9481  0.856336  0.665202  0.096706
    9491  0.856338  0.665202  0.096710
    9501  0.856352  0.665202  0.096714
    9511  0.856382  0.665202  0.096717
    9521  0.856427  0.665202  0.096719
    9531  0.856390  0.665202  0.096721
    9541  0.856404  0.665202  0.096722
    9551  0.856341  0.665202  0.096722
    9561  0.856398  0.665202  0.096722
    9571  0.856391  0.665202  0.096722
    9581  0.856409  0.665202  0.096720
    9591  0.856470  0.665202  0.096718
    9601  0.856393  0.665202  0.096717
    9611  0.856307  0.665202  0.096717
    9621  0.856281  0.665202  0.096716
    9631  0.856304  0.665202  0.096714
    9641  0.856391  0.665202  0.096713
    9651  0.856438  0.665202  0.096712
    9661  0.856424  0.665202  0.096710
    9671  0.856450  0.665202  0.096707
    9681  0.856410  0.665202  0.096703
    9691  0.856471  0.665202  0.096700
    9701  0.856507  0.665202  0.096696
    9711  0.856587  0.665202  0.096692
    9721  0.856647  0.665202  0.096689
    9731  0.856644  0.665202  0.096685
    9741  0.856683  0.665202  0.096680
    9751  0.856745  0.665202  0.096675
    9761  0.856764  0.665202  0.096670
    9771  0.856765  0.665202  0.096664
    9781  0.856759  0.665202  0.096657
    9791  0.856845  0.665203  0.096651
    9801  0.856827  0.665203  0.096644
    9811  0.856902  0.665203  0.096638
    9821  0.856913  0.665203  0.096631
    9831  0.856959  0.665203  0.096623
    9841  0.857019  0.665203  0.096616
    9851  0.856999  0.665203  0.096609
    9861  0.857053  0.665203  0.096601
    9871  0.856958  0.665203  0.096594
    9881  0.856947  0.665203  0.096587
    9891  0.857006  0.665204  0.096580
    9901  0.856905  0.665204  0.096575
    9911  0.856934  0.665204  0.096569
    9921  0.856922  0.665204  0.096562
    9931  0.856755  0.665204  0.096561
    9941  0.856696  0.665204  0.096560
    9951  0.856685  0.665204  0.096558
    9961  0.856612  0.665204  0.096557
    9971  0.856584  0.665204  0.096555
    9981  0.856523  0.665204  0.096554
    9991  0.856510  0.665204  0.096551
    9001  0.940360  0.665417  0.523999
    9011  0.940377  0.665415  0.524857
    9021  0.940428  0.665414  0.525697
    9031  0.940463  0.665412  0.526518
    9041  0.940495  0.665410  0.527319
    9051  0.940502  0.665409  0.528100
    9061  0.940488  0.665407  0.528861
    9071  0.940466  0.665405  0.529603
    9081  0.940500  0.665404  0.530327
    9091  0.940509  0.665402  0.531033
    9101  0.940536  0.665401  0.531721
    9111  0.940530  0.665400  0.532391
    9121  0.940500  0.665398  0.533045
    9131  0.940499  0.665397  0.533682
    9141  0.940422  0.665396  0.534310
    9151  0.940412  0.665394  0.534921
    9161  0.940460  0.665393  0.535519
    9171  0.940459  0.665392  0.536101
    9181  0.940482  0.665391  0.536668
    9191  0.940515  0.665389  0.537221
    9201  0.940515  0.665388  0.537759
    9211  0.940544  0.665387  0.538283
    9221  0.940590  0.665386  0.538795
    9231  0.940628  0.665385  0.539295
    9241  0.940685  0.665384  0.539786
    9251  0.940766  0.665383  0.540271
    9261  0.940773  0.665382  0.540744
    9271  0.940797  0.665381  0.541203
    9281  0.940811  0.665380  0.541649
    9291  0.940856  0.665379  0.542085
    9301  0.940892  0.665379  0.542511
    9311  0.940937  0.665378  0.542926
    9321  0.940942  0.665377  0.543329
    9331  0.940946  0.665376  0.543720
    9341  0.940989  0.665375  0.544102
    9351  0.940993  0.665375  0.544472
    9361  0.941032  0.665374  0.544832
    9371  0.941079  0.665373  0.545185
    9381  0.941140  0.665372  0.545531
    9391  0.941196  0.665372  0.545870
    9401  0.941248  0.665371  0.546203
    9411  0.941287  0.665371  0.546526
    9421  0.941321  0.665370  0.546841
    9431  0.941349  0.665369  0.547146
    9441  0.941340  0.665369  0.547442
    9451  0.941409  0.665368  0.547734
    9461  0.941455  0.665368  0.548018
    9471  0.941486  0.665367  0.548295
    9481  0.941528  0.665367  0.548564
    9491  0.941556  0.665366  0.548824
    9501  0.941565  0.665366  0.549076
    9511  0.941569  0.665365  0.549318
    9521  0.941560  0.665365  0.549552
    9531  0.941498  0.665364  0.549782
    9541  0.941480  0.665364  0.550004
    9551  0.941508  0.665364  0.550218
    9561  0.941542  0.665363  0.550426
    9571  0.941562  0.665363  0.550625
    9581  0.941556  0.665362  0.550817
    9591  0.941560  0.665362  0.551001
    9601  0.941579  0.665362  0.551177
    9611  0.941629  0.665362  0.551349
    9621  0.941681  0.665361  0.551516
    9631  0.941747  0.665361  0.551682
    9641  0.941793  0.665361  0.551843
    9651  0.941837  0.665360  0.551999
    9661  0.941897  0.665360  0.552152
    9671  0.941946  0.665360  0.552301
    9681  0.941985  0.665360  0.552445
    9691  0.942027  0.665359  0.552584
    9701  0.942072  0.665359  0.552719
    9711  0.942115  0.665359  0.552849
    9721  0.942119  0.665359  0.552973
    9731  0.942141  0.665359  0.553090
    9741  0.942186  0.665359  0.553204
    9751  0.942249  0.665358  0.553316
    9761  0.942282  0.665358  0.553423
    9771  0.942326  0.665358  0.553526
    9781  0.942345  0.665358  0.553624
    9791  0.942365  0.665358  0.553716
    9801  0.942362  0.665358  0.553802
    9811  0.942369  0.665358  0.553882
    9821  0.942359  0.665358  0.553956
    9831  0.942288  0.665357  0.554031
    9841  0.942206  0.665357  0.554108
    9851  0.942137  0.665357  0.554185
    9861  0.942109  0.665357  0.554258
    9871  0.942142  0.665357  0.554326
    9881  0.942052  0.665357  0.554398
    9891  0.941986  0.665357  0.554470
    9901  0.941928  0.665357  0.554541
    9911  0.941885  0.665357  0.554608
    9921  0.941784  0.665357  0.554683
    9931  0.941726  0.665356  0.554755
    9941  0.941534  0.665356  0.554866
    9951  0.941373  0.665356  0.555001
    9961  0.941303  0.665356  0.555136
    9971  0.941164  0.665355  0.555288
    9981  0.941128  0.665355  0.555435
    9991  0.941141  0.665355  0.555576
    9001  0.176382  0.276918 14.736011
    9011  0.176587  0.277105 14.734004
    9021  0.177005  0.277299 14.732322
    9031  0.177242  0.277502 14.730600
    9041  0.177113  0.277698 14.728720
    9051  0.177114  0.277894 14.726636
    9061  0.177147  0.278091 14.724357
    9071  0.177184  0.278289 14.721888
    9081  0.176896  0.278476 14.719477
    9091  0.176525  0.278650 14.717285
    9101  0.176311  0.278815 14.715039
    9111  0.176258  0.278977 14.712614
    9121  0.176285  0.279141 14.710007
    9131  0.176404  0.279310 14.707264
    9141  0.176654  0.279487 14.704528
    9151  0.176861  0.279671 14.701742
    9161  0.177011  0.279862 14.698851
    9171  0.177131  0.280057 14.695833
    9181  0.177268  0.280256 14.692704
    9191  0.177219  0.280454 14.689421
    9201  0.177352  0.280655 14.686030
    9211  0.177764  0.280862 14.682966
    9221  0.177970  0.281075 14.679864
    9231  0.177985  0.281289 14.676607
    9241  0.177766  0.281493 14.673333
    9251  0.177520  0.281688 14.670078
    9261  0.177320  0.281875 14.666784
    9271  0.176950  0.282052 14.663722
    9281  0.176624  0.282218 14.660806
    9291  0.176299  0.282373 14.658032
    9301  0.175941  0.282519 14.655460
    9311  0.175623  0.282654 14.653014
    9321  0.175440  0.282783 14.650508
    9331  0.175300  0.282907 14.647904
    9341  0.175122  0.283024 14.645238
    9351  0.174928  0.283135 14.642529
    9361  0.174660  0.283237 14.639870
    9371  0.174406  0.283331 14.637241
    9381  0.174442  0.283427 14.634473
    9391  0.174339  0.283520 14.631593
    9401  0.174200  0.283608 14.628629
    9411  0.174265  0.283699 14.625540
    9421  0.174244  0.283790 14.622321
    9431  0.174273  0.283883 14.618974
    9441  0.174385  0.283980 14.615534
    9451  0.174283  0.284075 14.611997
    9461  0.174141  0.284164 14.608391
    9471  0.173915  0.284247 14.604798
    9481  0.173747  0.284324 14.601160
    9491  0.173857  0.284406 14.597436
    9501  0.174036  0.284494 14.593679
    9511  0.174111  0.284586 14.589823
    9521  0.174290  0.284684 14.585936
    9531  0.174349  0.284785 14.581948
    9541  0.174703  0.284891 14.578174
    9551  0.174983  0.285005 14.574490
    9561  0.175278  0.285125 14.570917
    9571  0.175766  0.285242 14.567842
    9581  0.176248  0.285357 14.565241
    9591  0.177064  0.285396 14.564208
    9601  0.177853  0.285373 14.564613
    9611  0.178455  0.285337 14.565778
    9621  0.178993  0.285297 14.567512
    9631  0.179599  0.285245 14.570002
    9641  0.180246  0.285174 14.573364
    9651  0.180787  0.285101 14.577274
    9661  0.181214  0.285034 14.581449
    9671  0.181563  0.284976 14.585738
    9681  0.181989  0.284924 14.590287
    9691  0.182485  0.284873 14.595254
    9701  0.183017  0.284820 14.600724
    9711  0.183569  0.284763 14.606742
    9721  0.184053  0.284709 14.613132
    9731  0.184492  0.284660 14.619784
    9741  0.184765  0.284620 14.626410
    9751  0.184978  0.284587 14.632938
    9761  0.185224  0.284562 14.639407
    9771  0.185390  0.284543 14.645738
    9781  0.185780  0.284531 14.652236
    9791  0.186416  0.284502 14.659508
    9801  0.187074  0.284455 14.667616
    9811  0.187744  0.284387 14.676586
    9821  0.188401  0.284303 14.686365
    9831  0.188685  0.284228 14.696103
    9841  0.188978  0.284160 14.705816
    9851  0.189333  0.284101 14.715598
    9861  0.189652  0.284049 14.725393
    9871  0.189977  0.284005 14.735209
    9881  0.190218  0.283969 14.744935
    9891  0.190439  0.283939 14.754550
    9901  0.190658  0.283917 14.764054
    9911  0.191043  0.283900 14.773686
    9921  0.191375  0.283890 14.783355
    9931  0.191642  0.283888 14.792970
    9941  0.192062  0.283889 14.802777
    9951  0.192306  0.283897 14.812502
    9961  0.192421  0.283909 14.822039
    9971  0.192456  0.283924 14.831363
    9981  0.192620  0.283943 14.840537
    9991  0.192649  0.283964 14.849502
    9001  0.064666 -0.043239 11.734180
    9011  0.064577 -0.043391 11.726231
    9021  0.064497 -0.043554 11.718280
    9031  0.064439 -0.043723 11.710297
    9041  0.064284 -0.043907 11.702493
    9051  0.064261 -0.044092 11.694629
    9061  0.064255 -0.044274 11.686702
    9071  0.064193 -0.044463 11.678751
    9081  0.064097 -0.044664 11.670832
    9091  0.064037 -0.044871 11.662889
    9101  0.063925 -0.045090 11.655011
    9111  0.063801 -0.045322 11.647225
    9121  0.063657 -0.045567 11.639584
    9131  0.063708 -0.045797 11.631909
    9141  0.063689 -0.046026 11.624179
    9151  0.063725 -0.046243 11.616405
    9161  0.063695 -0.046461 11.608585
    9171  0.063621 -0.046688 11.600763
    9181  0.063518 -0.046926 11.592991
    9191  0.063398 -0.047175 11.585303
    9201  0.063256 -0.047436 11.577755
    9211  0.063243 -0.047696 11.570155
    9221  0.063270 -0.047945 11.562509
    9231  0.063309 -0.048183 11.554826
    9241  0.063200 -0.048431 11.547205
    9251  0.063278 -0.048658 11.539591
    9261  0.063354 -0.048866 11.531983
    9271  0.063244 -0.049085 11.524440
    9281  0.063249 -0.049299 11.516849
    9291  0.063170 -0.049522 11.509268
    9301  0.063108 -0.049750 11.501677
    9311  0.063111 -0.049974 11.494040
    9321  0.063112 -0.050194 11.486359
    9331  0.063106 -0.050411 11.478635
    9341  0.063053 -0.050633 11.470896
    9351  0.062946 -0.050865 11.463219
    9361  0.062853 -0.051106 11.455580
    9371  0.062713 -0.051358 11.448076
    9381  0.062599 -0.051620 11.440648
    9391  0.062619 -0.051874 11.433181
    9401  0.062523 -0.052137 11.425756
    9411  0.062443 -0.052407 11.418348
    9421  0.062428 -0.052676 11.410901
    9431  0.062444 -0.052937 11.403417
    9441  0.062556 -0.053174 11.396006
    9451  0.062686 -0.053384 11.388704
    9461  0.062810 -0.053569 11.381498
    9471  0.062890 -0.053735 11.374307
    9481  0.062975 -0.053884 11.367141
    9491  0.063077 -0.054011 11.360026
    9501  0.063194 -0.054116 11.352990
    9511  0.063377 -0.054193 11.346205
    9521  0.063488 -0.054250 11.339483
    9531  0.063540 -0.054296 11.332743
    9541  0.063485 -0.054349 11.325987
    9551  0.063483 -0.054399 11.319192
    9561  0.063417 -0.054457 11.312393
    9571  0.063285 -0.054526 11.305705
    9581  0.063202 -0.054603 11.299035
    9591  0.063232 -0.054673 11.292335
    9601  0.063311 -0.054728 11.285648
    9611  0.063265 -0.054788 11.278940
    9621  0.063176 -0.054856 11.272263
    9631  0.063047 -0.054935 11.265688
    9641  0.062975 -0.055020 11.259119
    9651  0.063008 -0.055099 11.252522
    9661  0.063047 -0.055169 11.245901
    9671  0.063090 -0.055230 11.239260
    9681  0.063293 -0.055270 11.232925
    9691  0.063447 -0.055287 11.226749
    9701  0.063585 -0.055283 11.220691
    9711  0.063751 -0.055258 11.214820
    9721  0.063913 -0.055212 11.209122
    9731  0.064101 -0.055145 11.203670
    9741  0.064224 -0.055061 11.198297
    9751  0.064292 -0.054967 11.192915
    9761  0.064422 -0.054855 11.187625
    9771  0.064549 -0.054727 11.182421
    9781  0.064656 -0.054583 11.177263
    9791  0.064698 -0.054434 11.172074
    9801  0.064762 -0.054276 11.166873
    9811  0.064813 -0.054112 11.161648
    9821  0.064914 -0.053934 11.156462
    9831  0.065094 -0.053739 11.151490
    9841  0.065233 -0.053530 11.146626
    9851  0.065305 -0.053311 11.141758
    9861  0.065341 -0.053088 11.136855
    9871  0.065286 -0.052872 11.131930
    9881  0.065312 -0.052654 11.126967
    9891  0.065304 -0.052437 11.121960
    9901  0.065305 -0.052221 11.116912
    9911  0.065335 -0.052002 11.111829
    9921  0.065384 -0.051778 11.106724
    9931  0.065415 -0.051550 11.101587
    9941  0.065533 -0.051309 11.096519
    9951  0.065737 -0.051057 11.091735
    9961  0.065933 -0.050794 11.087207
    9971  0.066167 -0.050526 11.083059
    9981  0.066259 -0.050249 11.078929
    9991  0.066341 -0.049963 11.074803
    9001  0.042469  0.090600 11.129914
    9011  0.042431  0.090560 11.129799
    9021  0.042338  0.090506 11.129775
    9031  0.042287  0.090443 11.129648
    9041  0.042194  0.090366 11.129610
    9051  0.042101  0.090275 11.129658
    9061  0.042003  0.090172 11.129816
    9071  0.041958  0.090061 11.129860
    9081  0.041924  0.089944 11.129768
    9091  0.041826  0.089816 11.129793
    9101  0.041752  0.089676 11.129810
    9111  0.041667  0.089524 11.129871
    9121  0.041650  0.089372 11.129775
    9131  0.041581  0.089209 11.129654
    9141  0.041532  0.089039 11.129445
    9151  0.041568  0.088883 11.129116
    9161  0.041661  0.088752 11.128882
    9171  0.041729  0.088643 11.128626
    9181  0.041747  0.088541 11.128226
    9191  0.041807  0.088458 11.127778
    9201  0.041922  0.088398 11.127560
    9211  0.042024  0.088362 11.127482
    9221  0.042133  0.088347 11.127593
    9231  0.042301  0.088337 11.128348
    9241  0.042404  0.088349 11.129240
    9251  0.042403  0.088362 11.129972
    9261  0.042406  0.088378 11.130546
    9271  0.042373  0.088388 11.130997
    9281  0.042361  0.088396 11.131301
    9291  0.042393  0.088414 11.131485
    9301  0.042470  0.088451 11.131685
    9311  0.042594  0.088504 11.132162
    9321  0.042689  0.088577 11.132744
    9331  0.042761  0.088665 11.133320
    9341  0.042774  0.088757 11.133754
    9351  0.042842  0.088863 11.134170
    9361  0.042930  0.088987 11.134656
    9371  0.042989  0.089123 11.135094
    9381  0.043050  0.089272 11.135493
    9391  0.043011  0.089413 11.135794
    9401  0.042932  0.089543 11.136129
    9411  0.042920  0.089671 11.136333
    9421  0.042923  0.089799 11.136404
    9431  0.042935  0.089931 11.136348
    9441  0.042963  0.090069 11.136186
    9451  0.042997  0.090213 11.135928
    9461  0.042944  0.090350 11.135618
    9471  0.042876  0.090475 11.135308
    9481  0.042807  0.090591 11.135001
    9491  0.042740  0.090697 11.134692
    9501  0.042784  0.090812 11.134314
    9511  0.042886  0.090942 11.134089
    9521  0.042908  0.091076 11.133757
    9531  0.042949  0.091219 11.133353
    9541  0.042947  0.091362 11.132835
    9551  0.042947  0.091504 11.132205
    9561  0.042938  0.091645 11.131466
    9571  0.042901  0.091780 11.130653
    9581  0.042878  0.091911 11.129748
    9591  0.042863  0.092039 11.128744
    9601  0.042862  0.092167 11.127637
    9611  0.042895  0.092301 11.126457
    9621  0.042908  0.092439 11.125183
    9631  0.042948  0.092584 11.123851
    9641  0.042973  0.092733 11.122437
    9651  0.042984  0.092885 11.120933
    9661  0.043010  0.093042 11.119353
    9671  0.043003  0.093198 11.117683
    9681  0.042969  0.093348 11.115951
    9691  0.042980  0.093500 11.114133
    9701  0.042959  0.093648 11.112241
    9711  0.042934  0.093792 11.110278
    9721  0.042981  0.093945 11.108284
    9731  0.043006  0.094102 11.106224
    9741  0.043019  0.094261 11.104086
    9751  0.043044  0.094425 11.101883
    9761  0.043086  0.094596 11.099646
    9771  0.043069  0.094764 11.097339
    9781  0.043073  0.094933 11.094955
    9791  0.043019  0.095094 11.092567
    9801  0.043011  0.095253 11.090105
    9811  0.043074  0.095422 11.087669
    9821  0.043111  0.095598 11.085193
    9831  0.043229  0.095781 11.082975
    9841  0.043321  0.095974 11.080888
    9851  0.043306  0.096165 11.078732
    9861  0.043304  0.096354 11.076503
    9871  0.043332  0.096549 11.074221
    9881  0.043314  0.096740 11.071875
    9891  0.043269  0.096924 11.069509
    9901  0.043184  0.097099 11.067241
    9911  0.043101  0.097266 11.065070
    9921  0.043019  0.097425 11.062985
    9931  0.042951  0.097575 11.060939
    9941  0.042982  0.097730 11.058845
    9951  0.042918  0.097878 11.056774
    9961  0.042835  0.098017 11.054795
    9971  0.042788  0.098151 11.052799
    9981  0.042707  0.098276 11.050885
    9991  0.042629  0.098393 11.049043
    9001  0.020314  0.195218  7.272516
    9011  0.020291  0.195340  7.272884
    9021  0.020270  0.195452  7.273173
    9031  0.020273  0.195567  7.273342
    9041  0.020310  0.195697  7.273531
    9051  0.020350  0.195842  7.273764
    9061  0.020358  0.195991  7.273887
    9071  0.020365  0.196144  7.273901
    9081  0.020380  0.196304  7.273825
    9091  0.020395  0.196470  7.273661
    9101  0.020414  0.196645  7.273425
    9111  0.020403  0.196815  7.273097
    9121  0.020382  0.196977  7.272706
    9131  0.020334  0.197125  7.272443
    9141  0.020297  0.197261  7.272209
    9151  0.020273  0.197387  7.271930
    9161  0.020235  0.197502  7.271690
    9171  0.020213  0.197608  7.271396
    9181  0.020179  0.197704  7.271111
    9191  0.020160  0.197792  7.270762
    9201  0.020131  0.197871  7.270397
    9211  0.020100  0.197940  7.270030
    9221  0.020053  0.197997  7.269773
    9231  0.020012  0.198043  7.269580
    9241  0.019986  0.198080  7.269359
    9251  0.019940  0.198107  7.269237
    9261  0.019926  0.198129  7.269038
    9271  0.019919  0.198150  7.268751
    9281  0.019892  0.198162  7.268441
    9291  0.019865  0.198166  7.268108
    9301  0.019858  0.198169  7.267691
    9311  0.019850  0.198170  7.267194
    9321  0.019883  0.198185  7.266710
    9331  0.019891  0.198204  7.266147
    9341  0.019912  0.198234  7.265542
    9351  0.019959  0.198276  7.265056
    9361  0.020011  0.198329  7.264732
    9371  0.020051  0.198394  7.264465
    9381  0.020070  0.198468  7.264148
    9391  0.020085  0.198548  7.263767
    9401  0.020072  0.198625  7.263318
    9411  0.020066  0.198700  7.262794
    9421  0.020055  0.198771  7.262202
    9431  0.020026  0.198835  7.261607
    9441  0.020040  0.198904  7.260952
    9451  0.020051  0.198979  7.260234
    9461  0.020025  0.199046  7.259498
    9471  0.020022  0.199112  7.258691
    9481  0.020000  0.199172  7.257855
    9491  0.019958  0.199223  7.257098
    9501  0.019920  0.199264  7.256396
    9511  0.019893  0.199299  7.255686
    9521  0.019895  0.199335  7.254905
    9531  0.019864  0.199363  7.254142
    9541  0.019849  0.199387  7.253330
    9551  0.019820  0.199404  7.252519
    9561  0.019797  0.199415  7.251687
    9571  0.019776  0.199420  7.250827
    9581  0.019772  0.199425  7.249902
    9591  0.019801  0.199441  7.248984
    9601  0.019804  0.199459  7.248002
    9611  0.019817  0.199483  7.246971
    9621  0.019802  0.199503  7.245897
    9631  0.019769  0.199516  7.244852
    9641  0.019730  0.199520  7.243876
    9651  0.019701  0.199518  7.242907
    9661  0.019684  0.199511  7.241904
    9671  0.019662  0.199499  7.240880
    9681  0.019641  0.199482  7.239832
    9691  0.019656  0.199471  7.238745
    9701  0.019659  0.199463  7.237601
    9711  0.019644  0.199452  7.236420
    9721  0.019637  0.199439  7.235187
    9731  0.019680  0.199436  7.234053
    9741  0.019726  0.199443  7.233034
    9751  0.019726  0.199451  7.231960
    9761  0.019750  0.199468  7.230877
    9771  0.019729  0.199479  7.229777
    9781  0.019730  0.199493  7.228622
    9791  0.019715  0.199502  7.227434
    9801  0.019700  0.199508  7.226212
    9811  0.019662  0.199507  7.225051
    9821  0.019633  0.199499  7.223907
    9831  0.019628  0.199491  7.222714
    9841  0.019594  0.199477  7.221558
    9851  0.019557  0.199455  7.220460
    9861  0.019521  0.199427  7.219416
    9871  0.019511  0.199397  7.218330
    9881  0.019472  0.199360  7.217312
    9891  0.019459  0.199321  7.216255
    9901  0.019437  0.199277  7.215187
    9911  0.019418  0.199228  7.214097
    9921  0.019407  0.199178  7.212968
    9931  0.019404  0.199129  7.211792
    9941  0.019419  0.199085  7.210585
    9951  0.019390  0.199037  7.209395
    9961  0.019380  0.198986  7.208166
    9971  0.019384  0.198938  7.206893
    9981  0.019395  0.198895  7.205583
    9991  0.019427  0.198862  7.204308
    9001  0.014196 -0.082684 13.853545
    9011  0.014192 -0.082059 13.851789
    9021  0.014173 -0.081454 13.849950
    9031  0.014151 -0.080870 13.848064
    9041  0.014122 -0.080308 13.846244
    9051  0.014125 -0.079749 13.844236
    9061  0.014094 -0.079212 13.842332
    9071  0.014078 -0.078692 13.840322
    9081  0.014073 -0.078181 13.838135
    9091  0.014090 -0.077659 13.835848
    9101  0.014090 -0.077142 13.833387
    9111  0.014101 -0.076618 13.830790
    9121  0.014099 -0.076102 13.828028
    9131  0.014107 -0.075582 13.825122
    9141  0.014117 -0.075058 13.822088
    9151  0.014128 -0.074528 13.818931
    9161  0.014111 -0.074015 13.815709
    9171  0.014078 -0.073522 13.812648
    9181  0.014046 -0.073049 13.809717
    9191  0.014018 -0.072595 13.806872
    9201  0.014024 -0.072139 13.803889
    9211  0.014013 -0.071694 13.800792
    9221  0.014012 -0.071254 13.797549
    9231  0.014014 -0.070816 13.794166
    9241  0.014000 -0.070390 13.790700
    9251  0.013988 -0.069976 13.787136
    9261  0.013971 -0.069577 13.783518
    9271  0.013941 -0.069194 13.780021
    9281  0.013911 -0.068829 13.776640
    9291  0.013883 -0.068481 13.773338
    9301  0.013860 -0.068148 13.770049
    9311  0.013845 -0.067827 13.766694
    9321  0.013826 -0.067520 13.763312
    9331  0.013829 -0.067213 13.759803
    9341  0.013816 -0.066916 13.756215
    9351  0.013823 -0.066615 13.752515
    9361  0.013800 -0.066328 13.748837
    9371  0.013781 -0.066054 13.745135
    9381  0.013768 -0.065790 13.741360
    9391  0.013752 -0.065538 13.737538
    9401  0.013737 -0.065297 13.733663
    9411  0.013727 -0.065063 13.729700
    9421  0.013750 -0.064812 13.725762
    9431  0.013779 -0.064542 13.721942
    9441  0.013802 -0.064256 13.718145
    9451  0.013815 -0.063961 13.714286
    9461  0.013842 -0.063648 13.710509
    9471  0.013861 -0.063323 13.706720
    9481  0.013879 -0.062986 13.702911
    9491  0.013899 -0.062637 13.699096
    9501  0.013933 -0.062270 13.695473
    9511  0.013946 -0.061895 13.691788
    9521  0.013923 -0.061534 13.688135
    9531  0.013901 -0.061186 13.684507
    9541  0.013879 -0.060851 13.680894
    9551  0.013858 -0.060528 13.677287
    9561  0.013856 -0.060209 13.673580
    9571  0.013846 -0.059898 13.669799
    9581  0.013849 -0.059587 13.665922
    9591  0.013833 -0.059286 13.662009
    9601  0.013827 -0.058990 13.658011
    9611  0.013821 -0.058699 13.653928
    9621  0.013811 -0.058416 13.649778
    9631  0.013796 -0.058143 13.645601
    9641  0.013777 -0.057880 13.641419
    9651  0.013748 -0.057630 13.637357
    9661  0.013727 -0.057391 13.633319
    9671  0.013718 -0.057158 13.629212
    9681  0.013690 -0.056937 13.625212
    9691  0.013662 -0.056728 13.621327
    9701  0.013640 -0.056530 13.617468
    9711  0.013633 -0.056337 13.613536
    9721  0.013628 -0.056148 13.609523
    9731  0.013627 -0.055960 13.605427
    9741  0.013625 -0.055773 13.601250
    9751  0.013629 -0.055584 13.596998
    9761  0.013637 -0.055391 13.592681
    9771  0.013635 -0.055198 13.588287
    9781  0.013621 -0.055014 13.583865
    9791  0.013599 -0.054840 13.579481
    9801  0.013577 -0.054676 13.575139
    9811  0.013561 -0.054521 13.570783
    9821  0.013551 -0.054371 13.566376
    9831  0.013526 -0.054232 13.562058
    9841  0.013510 -0.054100 13.557724
    9851  0.013483 -0.053979 13.553489
    9861  0.013464 -0.053866 13.549265
    9871  0.013464 -0.053754 13.544967
    9881  0.013459 -0.053644 13.540606
    9891  0.013460 -0.053534 13.536175
    9901  0.013481 -0.053410 13.531778
    9911  0.013518 -0.053269 13.527638
    9921  0.013565 -0.053119 13.523948
    9931  0.013643 -0.053053 13.521592
    9941  0.013719 -0.053055 13.520491
    9951  0.013781 -0.053071 13.520211
    9961  0.013826 -0.053071 13.520292
    9971  0.013871 -0.053056 13.520732
    9981  0.013898 -0.053024 13.521231
    9991  0.013901 -0.052990 13.521618
