   #Iter             Tot             Exc             Ani              DM              PD           BiqDM              BQ             Dip          Zeeman             LSF            Chir
       0 -6.02201733E+00  0.00000000E+00  0.00000000E+00 -8.98705693E+00  2.96503959E+00  0.00000000E+00  0.00000000E+00  0.00000000E+00  0.00000000E+00  0.00000000E+00  0.00000000E+00
      50 -6.02201989E+00  0.00000000E+00  0.00000000E+00 -8.98858429E+00  2.96656440E+00  0.00000000E+00  0.00000000E+00  0.00000000E+00  0.00000000E+00  0.00000000E+00  0.00000000E+00
     100 -6.02201202E+00  0.00000000E+00  0.00000000E+00 -8.98929773E+00  2.96728571E+00  0.00000000E+00  0.00000000E+00  0.00000000E+00  0.00000000E+00  0.00000000E+00  0.00000000E+00
     150 -6.02199706E+00  0.00000000E+00  0.00000000E+00 -8.99055496E+00  2.96855790E+00  0.00000000E+00  0.00000000E+00  0.00000000E+00  0.00000000E+00  0.00000000E+00  0.00000000E+00
     200 -6.02183745E+00  0.00000000E+00  0.00000000E+00 -8.98946411E+00  2.96762665E+00  0.00000000E+00  0.00000000E+00  0.00000000E+00  0.00000000E+00  0.00000000E+00  0.00000000E+00
     250 -6.02206931E+00  0.00000000E+00  0.00000000E+00 -8.99036473E+00  2.96829542E+00  0.00000000E+00  0.00000000E+00  0.00000000E+00  0.00000000E+00  0.00000000E+00  0.00000000E+00
     300 -6.02198991E+00  0.00000000E+00  0.00000000E+00 -8.98761092E+00  2.96562101E+00  0.00000000E+00  0.00000000E+00  0.00000000E+00  0.00000000E+00  0.00000000E+00  0.00000000E+00
     350 -6.02210966E+00  0.00000000E+00  0.00000000E+00 -8.98617195E+00  2.96406229E+00  0.00000000E+00  0.00000000E+00  0.00000000E+00  0.00000000E+00  0.00000000E+00  0.00000000E+00
     400 -6.02202829E+00  0.00000000E+00  0.00000000E+00 -8.98475225E+00  2.96272396E+00  0.00000000E+00  0.00000000E+00  0.00000000E+00  0.00000000E+00  0.00000000E+00  0.00000000E+00
     450 -6.02192615E+00  0.00000000E+00  0.00000000E+00 -8.98945744E+00  2.96753129E+00  0.00000000E+00  0.00000000E+00  0.00000000E+00  0.00000000E+00  0.00000000E+00  0.00000000E+00
     500 -6.02202403E+00  0.00000000E+00  0.00000000E+00 -8.98932493E+00  2.96730090E+00  0.00000000E+00  0.00000000E+00  0.00000000E+00  0.00000000E+00  0.00000000E+00  0.00000000E+00
     550 -6.02204080E+00  0.00000000E+00  0.00000000E+00 -8.98777742E+00  2.96573663E+00  0.00000000E+00  0.00000000E+00  0.00000000E+00  0.00000000E+00  0.00000000E+00  0.00000000E+00
     600 -6.02196996E+00  0.00000000E+00  0.00000000E+00 -8.97971800E+00  2.95774804E+00  0.00000000E+00  0.00000000E+00  0.00000000E+00  0.00000000E+00  0.00000000E+00  0.00000000E+00
     650 -6.02210326E+00  0.00000000E+00  0.00000000E+00 -8.98280404E+00  2.96070078E+00  0.00000000E+00  0.00000000E+00  0.00000000E+00  0.00000000E+00  0.00000000E+00  0.00000000E+00
     700 -6.02187619E+00  0.00000000E+00  0.00000000E+00 -8.97436895E+00  2.95249276E+00  0.00000000E+00  0.00000000E+00  0.00000000E+00  0.00000000E+00  0.00000000E+00  0.00000000E+00
     750 -6.02211163E+00  0.00000000E+00  0.00000000E+00 -8.98924385E+00  2.96713222E+00  0.00000000E+00  0.00000000E+00  0.00000000E+00  0.00000000E+00  0.00000000E+00  0.00000000E+00
     800 -6.02190354E+00  0.00000000E+00  0.00000000E+00 -8.98495660E+00  2.96305306E+00  0.00000000E+00  0.00000000E+00  0.00000000E+00  0.00000000E+00  0.00000000E+00  0.00000000E+00
     850 -6.02214645E+00  0.00000000E+00  0.00000000E+00 -8.98870928E+00  2.96656284E+00  0.00000000E+00  0.00000000E+00  0.00000000E+00  0.00000000E+00  0.00000000E+00  0.00000000E+00
     900 -6.02182664E+00  0.00000000E+00  0.00000000E+00 -8.98572059E+00  2.96389396E+00  0.00000000E+00  0.00000000E+00  0.00000000E+00  0.00000000E+00  0.00000000E+00  0.00000000E+00
     950 -6.02191169E+00  0.00000000E+00  0.00000000E+00 -8.98875410E+00  2.96684242E+00  0.00000000E+00  0.00000000E+00  0.00000000E+00  0.00000000E+00  0.00000000E+00  0.00000000E+00
    1000 -6.02206024E+00  0.00000000E+00  0.00000000E+00 -8.99051191E+00  2.96845167E+00  0.00000000E+00  0.00000000E+00  0.00000000E+00  0.00000000E+00  0.00000000E+00  0.00000000E+00
    1050 -6.02189746E+00  0.00000000E+00  0.00000000E+00 -8.99042943E+00  2.96853197E+00  0.00000000E+00  0.00000000E+00  0.00000000E+00  0.00000000E+00  0.00000000E+00  0.00000000E+00
    1100 -6.02207471E+00  0.00000000E+00  0.00000000E+00 -8.98990340E+00  2.96782869E+00  0.00000000E+00  0.00000000E+00  0.00000000E+00  0.00000000E+00  0.00000000E+00  0.00000000E+00
    1150 -6.02191210E+00  0.00000000E+00  0.00000000E+00 -8.98492555E+00  2.96301346E+00  0.00000000E+00  0.00000000E+00  0.00000000E+00  0.00000000E+00  0.00000000E+00  0.00000000E+00
    1200 -6.02211471E+00  0.00000000E+00  0.00000000E+00 -8.98728037E+00  2.96516566E+00  0.00000000E+00  0.00000000E+00  0.00000000E+00  0.00000000E+00  0.00000000E+00  0.00000000E+00
    1250 -6.02204886E+00  0.00000000E+00  0.00000000E+00 -8.98620760E+00  2.96415873E+00  0.00000000E+00  0.00000000E+00  0.00000000E+00  0.00000000E+00  0.00000000E+00  0.00000000E+00
    1300 -6.02196555E+00  0.00000000E+00  0.00000000E+00 -8.99031824E+00  2.96835269E+00  0.00000000E+00  0.00000000E+00  0.00000000E+00  0.00000000E+00  0.00000000E+00  0.00000000E+00
    1350 -6.02190244E+00  0.00000000E+00  0.00000000E+00 -8.98848409E+00  2.96658166E+00  0.00000000E+00  0.00000000E+00  0.00000000E+00  0.00000000E+00  0.00000000E+00  0.00000000E+00
    1400 -6.02198864E+00  0.00000000E+00  0.00000000E+00 -8.98985247E+00  2.96786382E+00  0.00000000E+00  0.00000000E+00  0.00000000E+00  0.00000000E+00  0.00000000E+00  0.00000000E+00
    1450 -6.02202891E+00  0.00000000E+00  0.00000000E+00 -8.98758946E+00  2.96556056E+00  0.00000000E+00  0.00000000E+00  0.00000000E+00  0.00000000E+00  0.00000000E+00  0.00000000E+00
    1500 -6.02196117E+00  0.00000000E+00  0.00000000E+00 -8.98742048E+00  2.96545930E+00  0.00000000E+00  0.00000000E+00  0.00000000E+00  0.00000000E+00  0.00000000E+00  0.00000000E+00
    1550 -6.02178854E+00  0.00000000E+00  0.00000000E+00 -8.98010067E+00  2.95831213E+00  0.00000000E+00  0.00000000E+00  0.00000000E+00  0.00000000E+00  0.00000000E+00  0.00000000E+00
    1600 -6.02207354E+00  0.00000000E+00  0.00000000E+00 -8.98893405E+00  2.96686051E+00  0.00000000E+00  0.00000000E+00  0.00000000E+00  0.00000000E+00  0.00000000E+00  0.00000000E+00
    1650 -6.02214073E+00  0.00000000E+00  0.00000000E+00 -8.99059708E+00  2.96845636E+00  0.00000000E+00  0.00000000E+00  0.00000000E+00  0.00000000E+00  0.00000000E+00  0.00000000E+00
    1700 -6.02195281E+00  0.00000000E+00  0.00000000E+00 -8.99011053E+00  2.96815772E+00  0.00000000E+00  0.00000000E+00  0.00000000E+00  0.00000000E+00  0.00000000E+00  0.00000000E+00
    1750 -6.02181305E+00  0.00000000E+00  0.00000000E+00 -8.98201467E+00  2.96020163E+00  0.00000000E+00  0.00000000E+00  0.00000000E+00  0.00000000E+00  0.00000000E+00  0.00000000E+00
    1800 -6.02199729E+00  0.00000000E+00  0.00000000E+00 -8.98054641E+00  2.95854912E+00  0.00000000E+00  0.00000000E+00  0.00000000E+00  0.00000000E+00  0.00000000E+00  0.00000000E+00
    1850 -6.02190012E+00  0.00000000E+00  0.00000000E+00 -8.98280259E+00  2.96090248E+00  0.00000000E+00  0.00000000E+00  0.00000000E+00  0.00000000E+00  0.00000000E+00  0.00000000E+00
    1900 -6.02202000E+00  0.00000000E+00  0.00000000E+00 -8.97211110E+00  2.95009110E+00  0.00000000E+00  0.00000000E+00  0.00000000E+00  0.00000000E+00  0.00000000E+00  0.00000000E+00
    1950 -6.02210907E+00  0.00000000E+00  0.00000000E+00 -8.98728091E+00  2.96517184E+00  0.00000000E+00  0.00000000E+00  0.00000000E+00  0.00000000E+00  0.00000000E+00  0.00000000E+00
    2000 -6.02200713E+00  0.00000000E+00  0.00000000E+00 -8.99005443E+00  2.96804730E+00  0.00000000E+00  0.00000000E+00  0.00000000E+00  0.00000000E+00  0.00000000E+00  0.00000000E+00
    2050 -6.02199390E+00  0.00000000E+00  0.00000000E+00 -8.99022718E+00  2.96823327E+00  0.00000000E+00  0.00000000E+00  0.00000000E+00  0.00000000E+00  0.00000000E+00  0.00000000E+00
    2100 -6.02208707E+00  0.00000000E+00  0.00000000E+00 -8.99060177E+00  2.96851470E+00  0.00000000E+00  0.00000000E+00  0.00000000E+00  0.00000000E+00  0.00000000E+00  0.00000000E+00
    2150 -6.02214692E+00  0.00000000E+00  0.00000000E+00 -8.99055982E+00  2.96841290E+00  0.00000000E+00  0.00000000E+00  0.00000000E+00  0.00000000E+00  0.00000000E+00  0.00000000E+00
    2200 -6.02191051E+00  0.00000000E+00  0.00000000E+00 -8.98950819E+00  2.96759768E+00  0.00000000E+00  0.00000000E+00  0.00000000E+00  0.00000000E+00  0.00000000E+00  0.00000000E+00
    2250 -6.02208332E+00  0.00000000E+00  0.00000000E+00 -8.98918555E+00  2.96710222E+00  0.00000000E+00  0.00000000E+00  0.00000000E+00  0.00000000E+00  0.00000000E+00  0.00000000E+00
    2300 -6.02199197E+00  0.00000000E+00  0.00000000E+00 -8.99032529E+00  2.96833332E+00  0.00000000E+00  0.00000000E+00  0.00000000E+00  0.00000000E+00  0.00000000E+00  0.00000000E+00
    2350 -6.02200983E+00  0.00000000E+00  0.00000000E+00 -8.98942854E+00  2.96741871E+00  0.00000000E+00  0.00000000E+00  0.00000000E+00  0.00000000E+00  0.00000000E+00  0.00000000E+00
    2400 -6.02204364E+00  0.00000000E+00  0.00000000E+00 -8.98801169E+00  2.96596805E+00  0.00000000E+00  0.00000000E+00  0.00000000E+00  0.00000000E+00  0.00000000E+00  0.00000000E+00
    2450 -6.02207992E+00  0.00000000E+00  0.00000000E+00 -8.98580305E+00  2.96372313E+00  0.00000000E+00  0.00000000E+00  0.00000000E+00  0.00000000E+00  0.00000000E+00  0.00000000E+00
    2500 -6.02197213E+00  0.00000000E+00  0.00000000E+00 -8.97867847E+00  2.95670634E+00  0.00000000E+00  0.00000000E+00  0.00000000E+00  0.00000000E+00  0.00000000E+00  0.00000000E+00
    2550 -6.02207286E+00  0.00000000E+00  0.00000000E+00 -8.97763460E+00  2.95556174E+00  0.00000000E+00  0.00000000E+00  0.00000000E+00  0.00000000E+00  0.00000000E+00  0.00000000E+00
    2600 -6.02191389E+00  0.00000000E+00  0.00000000E+00 -8.97706686E+00  2.95515297E+00  0.00000000E+00  0.00000000E+00  0.00000000E+00  0.00000000E+00  0.00000000E+00  0.00000000E+00
    2650 -6.02192000E+00  0.00000000E+00  0.00000000E+00 -8.98103346E+00  2.95911347E+00  0.00000000E+00  0.00000000E+00  0.00000000E+00  0.00000000E+00  0.00000000E+00  0.00000000E+00
    2700 -6.02191506E+00  0.00000000E+00  0.00000000E+00 -8.98664274E+00  2.96472768E+00  0.00000000E+00  0.00000000E+00  0.00000000E+00  0.00000000E+00  0.00000000E+00  0.00000000E+00
    2750 -6.02198097E+00  0.00000000E+00  0.00000000E+00 -8.98332160E+00  2.96134063E+00  0.00000000E+00  0.00000000E+00  0.00000000E+00  0.00000000E+00  0.00000000E+00  0.00000000E+00
    2800 -6.02193473E+00  0.00000000E+00  0.00000000E+00 -8.97970347E+00  2.95776874E+00  0.00000000E+00  0.00000000E+00  0.00000000E+00  0.00000000E+00  0.00000000E+00  0.00000000E+00
    2850 -6.02214604E+00  0.00000000E+00  0.00000000E+00 -8.99053770E+00  2.96839166E+00  0.00000000E+00  0.00000000E+00  0.00000000E+00  0.00000000E+00  0.00000000E+00  0.00000000E+00
    2900 -6.02205907E+00  0.00000000E+00  0.00000000E+00 -8.99024260E+00  2.96818353E+00  0.00000000E+00  0.00000000E+00  0.00000000E+00  0.00000000E+00  0.00000000E+00  0.00000000E+00
    2950 -6.02201828E+00  0.00000000E+00  0.00000000E+00 -8.98526149E+00  2.96324321E+00  0.00000000E+00  0.00000000E+00  0.00000000E+00  0.00000000E+00  0.00000000E+00  0.00000000E+00
    3000 -6.02210490E+00  0.00000000E+00  0.00000000E+00 -8.98452378E+00  2.96241889E+00  0.00000000E+00  0.00000000E+00  0.00000000E+00  0.00000000E+00  0.00000000E+00  0.00000000E+00
    3050 -6.02194882E+00  0.00000000E+00  0.00000000E+00 -8.98914197E+00  2.96719314E+00  0.00000000E+00  0.00000000E+00  0.00000000E+00  0.00000000E+00  0.00000000E+00  0.00000000E+00
    3100 -6.02192360E+00  0.00000000E+00  0.00000000E+00 -8.98758134E+00  2.96565773E+00  0.00000000E+00  0.00000000E+00  0.00000000E+00  0.00000000E+00  0.00000000E+00  0.00000000E+00
    3150 -6.02195027E+00  0.00000000E+00  0.00000000E+00 -8.98767604E+00  2.96572578E+00  0.00000000E+00  0.00000000E+00  0.00000000E+00  0.00000000E+00  0.00000000E+00  0.00000000E+00
    3200 -6.02207246E+00  0.00000000E+00  0.00000000E+00 -8.98637666E+00  2.96430420E+00  0.00000000E+00  0.00000000E+00  0.00000000E+00  0.00000000E+00  0.00000000E+00  0.00000000E+00
    3250 -6.02195705E+00  0.00000000E+00  0.00000000E+00 -8.98984796E+00  2.96789091E+00  0.00000000E+00  0.00000000E+00  0.00000000E+00  0.00000000E+00  0.00000000E+00  0.00000000E+00
    3300 -6.02197008E+00  0.00000000E+00  0.00000000E+00 -8.99029957E+00  2.96832949E+00  0.00000000E+00  0.00000000E+00  0.00000000E+00  0.00000000E+00  0.00000000E+00  0.00000000E+00
    3350 -6.02209859E+00  0.00000000E+00  0.00000000E+00 -8.98966369E+00  2.96756510E+00  0.00000000E+00  0.00000000E+00  0.00000000E+00  0.00000000E+00  0.00000000E+00  0.00000000E+00
    3400 -6.02203323E+00  0.00000000E+00  0.00000000E+00 -8.98625643E+00  2.96422320E+00  0.00000000E+00  0.00000000E+00  0.00000000E+00  0.00000000E+00  0.00000000E+00  0.00000000E+00
    3450 -6.02205885E+00  0.00000000E+00  0.00000000E+00 -8.99035625E+00  2.96829740E+00  0.00000000E+00  0.00000000E+00  0.00000000E+00  0.00000000E+00  0.00000000E+00  0.00000000E+00
    3500 -6.02217885E+00  0.00000000E+00  0.00000000E+00 -8.99080165E+00  2.96862280E+00  0.00000000E+00  0.00000000E+00  0.00000000E+00  0.00000000E+00  0.00000000E+00  0.00000000E+00
    3550 -6.02200407E+00  0.00000000E+00  0.00000000E+00 -8.99027274E+00  2.96826867E+00  0.00000000E+00  0.00000000E+00  0.00000000E+00  0.00000000E+00  0.00000000E+00  0.00000000E+00
    3600 -6.02216000E+00  0.00000000E+00  0.00000000E+00 -8.99051116E+00  2.96835117E+00  0.00000000E+00  0.00000000E+00  0.00000000E+00  0.00000000E+00  0.00000000E+00  0.00000000E+00
    3650 -6.02186077E+00  0.00000000E+00  0.00000000E+00 -8.99029022E+00  2.96842946E+00  0.00000000E+00  0.00000000E+00  0.00000000E+00  0.00000000E+00  0.00000000E+00  0.00000000E+00
    3700 -6.02211278E+00  0.00000000E+00  0.00000000E+00 -8.98933288E+00  2.96722010E+00  0.00000000E+00  0.00000000E+00  0.00000000E+00  0.00000000E+00  0.00000000E+00  0.00000000E+00
    3750 -6.02194128E+00  0.00000000E+00  0.00000000E+00 -8.98968852E+00  2.96774724E+00  0.00000000E+00  0.00000000E+00  0.00000000E+00  0.00000000E+00  0.00000000E+00  0.00000000E+00
    3800 -6.02205228E+00  0.00000000E+00  0.00000000E+00 -8.99040603E+00  2.96835375E+00  0.00000000E+00  0.00000000E+00  0.00000000E+00  0.00000000E+00  0.00000000E+00  0.00000000E+00
    3850 -6.02214646E+00  0.00000000E+00  0.00000000E+00 -8.98874492E+00  2.96659846E+00  0.00000000E+00  0.00000000E+00  0.00000000E+00  0.00000000E+00  0.00000000E+00  0.00000000E+00
    3900 -6.02217171E+00  0.00000000E+00  0.00000000E+00 -8.98855829E+00  2.96638658E+00  0.00000000E+00  0.00000000E+00  0.00000000E+00  0.00000000E+00  0.00000000E+00  0.00000000E+00
    3950 -6.02206650E+00  0.00000000E+00  0.00000000E+00 -8.98949069E+00  2.96742419E+00  0.00000000E+00  0.00000000E+00  0.00000000E+00  0.00000000E+00  0.00000000E+00  0.00000000E+00
    4000 -6.02194557E+00  0.00000000E+00  0.00000000E+00 -8.98835315E+00  2.96640758E+00  0.00000000E+00  0.00000000E+00  0.00000000E+00  0.00000000E+00  0.00000000E+00  0.00000000E+00
    4050 -6.02210519E+00  0.00000000E+00  0.00000000E+00 -8.98949127E+00  2.96738608E+00  0.00000000E+00  0.00000000E+00  0.00000000E+00  0.00000000E+00  0.00000000E+00  0.00000000E+00
    4100 -6.02215165E+00  0.00000000E+00  0.00000000E+00 -8.99076026E+00  2.96860861E+00  0.00000000E+00  0.00000000E+00  0.00000000E+00  0.00000000E+00  0.00000000E+00  0.00000000E+00
    4150 -6.02203855E+00  0.00000000E+00  0.00000000E+00 -8.98288193E+00  2.96084338E+00  0.00000000E+00  0.00000000E+00  0.00000000E+00  0.00000000E+00  0.00000000E+00  0.00000000E+00
    4200 -6.02180941E+00  0.00000000E+00  0.00000000E+00 -8.98934126E+00  2.96753185E+00  0.00000000E+00  0.00000000E+00  0.00000000E+00  0.00000000E+00  0.00000000E+00  0.00000000E+00
    4250 -6.02216456E+00  0.00000000E+00  0.00000000E+00 -8.99049242E+00  2.96832786E+00  0.00000000E+00  0.00000000E+00  0.00000000E+00  0.00000000E+00  0.00000000E+00  0.00000000E+00
    4300 -6.02188432E+00  0.00000000E+00  0.00000000E+00 -8.98989864E+00  2.96801433E+00  0.00000000E+00  0.00000000E+00  0.00000000E+00  0.00000000E+00  0.00000000E+00  0.00000000E+00
    4350 -6.02202554E+00  0.00000000E+00  0.00000000E+00 -8.98749794E+00  2.96547240E+00  0.00000000E+00  0.00000000E+00  0.00000000E+00  0.00000000E+00  0.00000000E+00  0.00000000E+00
    4400 -6.02200072E+00  0.00000000E+00  0.00000000E+00 -8.98921195E+00  2.96721123E+00  0.00000000E+00  0.00000000E+00  0.00000000E+00  0.00000000E+00  0.00000000E+00  0.00000000E+00
    4450 -6.02202440E+00  0.00000000E+00  0.00000000E+00 -8.99067032E+00  2.96864592E+00  0.00000000E+00  0.00000000E+00  0.00000000E+00  0.00000000E+00  0.00000000E+00  0.00000000E+00
    4500 -6.02199271E+00  0.00000000E+00  0.00000000E+00 -8.99007193E+00  2.96807922E+00  0.00000000E+00  0.00000000E+00  0.00000000E+00  0.00000000E+00  0.00000000E+00  0.00000000E+00
    4550 -6.02196662E+00  0.00000000E+00  0.00000000E+00 -8.98781877E+00  2.96585216E+00  0.00000000E+00  0.00000000E+00  0.00000000E+00  0.00000000E+00  0.00000000E+00  0.00000000E+00
    4600 -6.02203437E+00  0.00000000E+00  0.00000000E+00 -8.99041973E+00  2.96838535E+00  0.00000000E+00  0.00000000E+00  0.00000000E+00  0.00000000E+00  0.00000000E+00  0.00000000E+00
    4650 -6.02189912E+00  0.00000000E+00  0.00000000E+00 -8.98552235E+00  2.96362323E+00  0.00000000E+00  0.00000000E+00  0.00000000E+00  0.00000000E+00  0.00000000E+00  0.00000000E+00
    4700 -6.02205865E+00  0.00000000E+00  0.00000000E+00 -8.98782614E+00  2.96576749E+00  0.00000000E+00  0.00000000E+00  0.00000000E+00  0.00000000E+00  0.00000000E+00  0.00000000E+00
    4750 -6.02196160E+00  0.00000000E+00  0.00000000E+00 -8.97322290E+00  2.95126129E+00  0.00000000E+00  0.00000000E+00  0.00000000E+00  0.00000000E+00  0.00000000E+00  0.00000000E+00
    4800 -6.02196964E+00  0.00000000E+00  0.00000000E+00 -8.97578531E+00  2.95381566E+00  0.00000000E+00  0.00000000E+00  0.00000000E+00  0.00000000E+00  0.00000000E+00  0.00000000E+00
    4850 -6.02192232E+00  0.00000000E+00  0.00000000E+00 -8.96597321E+00  2.94405090E+00  0.00000000E+00  0.00000000E+00  0.00000000E+00  0.00000000E+00  0.00000000E+00  0.00000000E+00
    4900 -6.02195296E+00  0.00000000E+00  0.00000000E+00 -8.98600065E+00  2.96404769E+00  0.00000000E+00  0.00000000E+00  0.00000000E+00  0.00000000E+00  0.00000000E+00  0.00000000E+00
    4950 -6.02196870E+00  0.00000000E+00  0.00000000E+00 -8.98798432E+00  2.96601562E+00  0.00000000E+00  0.00000000E+00  0.00000000E+00  0.00000000E+00  0.00000000E+00  0.00000000E+00
    5000 -6.02193031E+00  0.00000000E+00  0.00000000E+00 -8.98828669E+00  2.96635637E+00  0.00000000E+00  0.00000000E+00  0.00000000E+00  0.00000000E+00  0.00000000E+00  0.00000000E+00
    5050 -6.02202927E+00  0.00000000E+00  0.00000000E+00 -8.98799249E+00  2.96596322E+00  0.00000000E+00  0.00000000E+00  0.00000000E+00  0.00000000E+00  0.00000000E+00  0.00000000E+00
    5100 -6.02213968E+00  0.00000000E+00  0.00000000E+00 -8.99001329E+00  2.96787361E+00  0.00000000E+00  0.00000000E+00  0.00000000E+00  0.00000000E+00  0.00000000E+00  0.00000000E+00
    5150 -6.02195703E+00  0.00000000E+00  0.00000000E+00 -8.98934700E+00  2.96738996E+00  0.00000000E+00  0.00000000E+00  0.00000000E+00  0.00000000E+00  0.00000000E+00  0.00000000E+00
    5200 -6.02205703E+00  0.00000000E+00  0.00000000E+00 -8.98938432E+00  2.96732729E+00  0.00000000E+00  0.00000000E+00  0.00000000E+00  0.00000000E+00  0.00000000E+00  0.00000000E+00
    5250 -6.02206568E+00  0.00000000E+00  0.00000000E+00 -8.98744732E+00  2.96538163E+00  0.00000000E+00  0.00000000E+00  0.00000000E+00  0.00000000E+00  0.00000000E+00  0.00000000E+00
    5300 -6.02196797E+00  0.00000000E+00  0.00000000E+00 -8.98935899E+00  2.96739101E+00  0.00000000E+00  0.00000000E+00  0.00000000E+00  0.00000000E+00  0.00000000E+00  0.00000000E+00
    5350 -6.02208914E+00  0.00000000E+00  0.00000000E+00 -8.99066174E+00  2.96857260E+00  0.00000000E+00  0.00000000E+00  0.00000000E+00  0.00000000E+00  0.00000000E+00  0.00000000E+00
    5400 -6.02195512E+00  0.00000000E+00  0.00000000E+00 -8.98789857E+00  2.96594345E+00  0.00000000E+00  0.00000000E+00  0.00000000E+00  0.00000000E+00  0.00000000E+00  0.00000000E+00
    5450 -6.02212290E+00  0.00000000E+00  0.00000000E+00 -8.99017593E+00  2.96805303E+00  0.00000000E+00  0.00000000E+00  0.00000000E+00  0.00000000E+00  0.00000000E+00  0.00000000E+00
    5500 -6.02200925E+00  0.00000000E+00  0.00000000E+00 -8.98978324E+00  2.96777399E+00  0.00000000E+00  0.00000000E+00  0.00000000E+00  0.00000000E+00  0.00000000E+00  0.00000000E+00
    5550 -6.02202262E+00  0.00000000E+00  0.00000000E+00 -8.98583803E+00  2.96381541E+00  0.00000000E+00  0.00000000E+00  0.00000000E+00  0.00000000E+00  0.00000000E+00  0.00000000E+00
    5600 -6.02204712E+00  0.00000000E+00  0.00000000E+00 -8.98117064E+00  2.95912351E+00  0.00000000E+00  0.00000000E+00  0.00000000E+00  0.00000000E+00  0.00000000E+00  0.00000000E+00
    5650 -6.02202208E+00  0.00000000E+00  0.00000000E+00 -8.99005348E+00  2.96803140E+00  0.00000000E+00  0.00000000E+00  0.00000000E+00  0.00000000E+00  0.00000000E+00  0.00000000E+00
    5700 -6.02202484E+00  0.00000000E+00  0.00000000E+00 -8.99044385E+00  2.96841901E+00  0.00000000E+00  0.00000000E+00  0.00000000E+00  0.00000000E+00  0.00000000E+00  0.00000000E+00
    5750 -6.02214596E+00  0.00000000E+00  0.00000000E+00 -8.99063462E+00  2.96848866E+00  0.00000000E+00  0.00000000E+00  0.00000000E+00  0.00000000E+00  0.00000000E+00  0.00000000E+00
    5800 -6.02199407E+00  0.00000000E+00  0.00000000E+00 -8.98666781E+00  2.96467374E+00  0.00000000E+00  0.00000000E+00  0.00000000E+00  0.00000000E+00  0.00000000E+00  0.00000000E+00
    5850 -6.02195060E+00  0.00000000E+00  0.00000000E+00 -8.98998794E+00  2.96803734E+00  0.00000000E+00  0.00000000E+00  0.00000000E+00  0.00000000E+00  0.00000000E+00  0.00000000E+00
    5900 -6.02205666E+00  0.00000000E+00  0.00000000E+00 -8.99065881E+00  2.96860214E+00  0.00000000E+00  0.00000000E+00  0.00000000E+00  0.00000000E+00  0.00000000E+00  0.00000000E+00
    5950 -6.02190201E+00  0.00000000E+00  0.00000000E+00 -8.98943123E+00  2.96752921E+00  0.00000000E+00  0.00000000E+00  0.00000000E+00  0.00000000E+00  0.00000000E+00  0.00000000E+00
    6000 -6.02206829E+00  0.00000000E+00  0.00000000E+00 -8.99019170E+00  2.96812341E+00  0.00000000E+00  0.00000000E+00  0.00000000E+00  0.00000000E+00  0.00000000E+00  0.00000000E+00
    6050 -6.02202371E+00  0.00000000E+00  0.00000000E+00 -8.99044005E+00  2.96841634E+00  0.00000000E+00  0.00000000E+00  0.00000000E+00  0.00000000E+00  0.00000000E+00  0.00000000E+00
    6100 -6.02200998E+00  0.00000000E+00  0.00000000E+00 -8.98929438E+00  2.96728439E+00  0.00000000E+00  0.00000000E+00  0.00000000E+00  0.00000000E+00  0.00000000E+00  0.00000000E+00
    6150 -6.02206711E+00  0.00000000E+00  0.00000000E+00 -8.99041348E+00  2.96834637E+00  0.00000000E+00  0.00000000E+00  0.00000000E+00  0.00000000E+00  0.00000000E+00  0.00000000E+00
    6200 -6.02203952E+00  0.00000000E+00  0.00000000E+00 -8.98912782E+00  2.96708830E+00  0.00000000E+00  0.00000000E+00  0.00000000E+00  0.00000000E+00  0.00000000E+00  0.00000000E+00
    6250 -6.02200509E+00  0.00000000E+00  0.00000000E+00 -8.98787395E+00  2.96586886E+00  0.00000000E+00  0.00000000E+00  0.00000000E+00  0.00000000E+00  0.00000000E+00  0.00000000E+00
    6300 -6.02204310E+00  0.00000000E+00  0.00000000E+00 -8.98690147E+00  2.96485837E+00  0.00000000E+00  0.00000000E+00  0.00000000E+00  0.00000000E+00  0.00000000E+00  0.00000000E+00
    6350 -6.02195317E+00  0.00000000E+00  0.00000000E+00 -8.98474201E+00  2.96278884E+00  0.00000000E+00  0.00000000E+00  0.00000000E+00  0.00000000E+00  0.00000000E+00  0.00000000E+00
    6400 -6.02207123E+00  0.00000000E+00  0.00000000E+00 -8.98955668E+00  2.96748545E+00  0.00000000E+00  0.00000000E+00  0.00000000E+00  0.00000000E+00  0.00000000E+00  0.00000000E+00
    6450 -6.02200856E+00  0.00000000E+00  0.00000000E+00 -8.98988352E+00  2.96787496E+00  0.00000000E+00  0.00000000E+00  0.00000000E+00  0.00000000E+00  0.00000000E+00  0.00000000E+00
    6500 -6.02209204E+00  0.00000000E+00  0.00000000E+00 -8.98934763E+00  2.96725559E+00  0.00000000E+00  0.00000000E+00  0.00000000E+00  0.00000000E+00  0.00000000E+00  0.00000000E+00
    6550 -6.02194259E+00  0.00000000E+00  0.00000000E+00 -8.98804686E+00  2.96610426E+00  0.00000000E+00  0.00000000E+00  0.00000000E+00  0.00000000E+00  0.00000000E+00  0.00000000E+00
    6600 -6.02204831E+00  0.00000000E+00  0.00000000E+00 -8.99008655E+00  2.96803825E+00  0.00000000E+00  0.00000000E+00  0.00000000E+00  0.00000000E+00  0.00000000E+00  0.00000000E+00
    6650 -6.02202420E+00  0.00000000E+00  0.00000000E+00 -8.99030943E+00  2.96828523E+00  0.00000000E+00  0.00000000E+00  0.00000000E+00  0.00000000E+00  0.00000000E+00  0.00000000E+00
    6700 -6.02218231E+00  0.00000000E+00  0.00000000E+00 -8.98955010E+00  2.96736779E+00  0.00000000E+00  0.00000000E+00  0.00000000E+00  0.00000000E+00  0.00000000E+00  0.00000000E+00
    6750 -6.02189326E+00  0.00000000E+00  0.00000000E+00 -8.99023758E+00  2.96834431E+00  0.00000000E+00  0.00000000E+00  0.00000000E+00  0.00000000E+00  0.00000000E+00  0.00000000E+00
    6800 -6.02206971E+00  0.00000000E+00  0.00000000E+00 -8.99052649E+00  2.96845678E+00  0.00000000E+00  0.00000000E+00  0.00000000E+00  0.00000000E+00  0.00000000E+00  0.00000000E+00
    6850 -6.02211012E+00  0.00000000E+00  0.00000000E+00 -8.99021155E+00  2.96810144E+00  0.00000000E+00  0.00000000E+00  0.00000000E+00  0.00000000E+00  0.00000000E+00  0.00000000E+00
    6900 -6.02210321E+00  0.00000000E+00  0.00000000E+00 -8.98642457E+00  2.96432136E+00  0.00000000E+00  0.00000000E+00  0.00000000E+00  0.00000000E+00  0.00000000E+00  0.00000000E+00
    6950 -6.02197565E+00  0.00000000E+00  0.00000000E+00 -8.98871467E+00  2.96673902E+00  0.00000000E+00  0.00000000E+00  0.00000000E+00  0.00000000E+00  0.00000000E+00  0.00000000E+00
    7000 -6.02201056E+00  0.00000000E+00  0.00000000E+00 -8.98601585E+00  2.96400528E+00  0.00000000E+00  0.00000000E+00  0.00000000E+00  0.00000000E+00  0.00000000E+00  0.00000000E+00
    7050 -6.02197466E+00  0.00000000E+00  0.00000000E+00 -8.97176371E+00  2.94978905E+00  0.00000000E+00  0.00000000E+00  0.00000000E+00  0.00000000E+00  0.00000000E+00  0.00000000E+00
    7100 -6.02197796E+00  0.00000000E+00  0.00000000E+00 -8.98677491E+00  2.96479696E+00  0.00000000E+00  0.00000000E+00  0.00000000E+00  0.00000000E+00  0.00000000E+00  0.00000000E+00
    7150 -6.02192136E+00  0.00000000E+00  0.00000000E+00 -8.99023680E+00  2.96831544E+00  0.00000000E+00  0.00000000E+00  0.00000000E+00  0.00000000E+00  0.00000000E+00  0.00000000E+00
    7200 -6.02215271E+00  0.00000000E+00  0.00000000E+00 -8.99085776E+00  2.96870506E+00  0.00000000E+00  0.00000000E+00  0.00000000E+00  0.00000000E+00  0.00000000E+00  0.00000000E+00
    7250 -6.02194718E+00  0.00000000E+00  0.00000000E+00 -8.98736352E+00  2.96541634E+00  0.00000000E+00  0.00000000E+00  0.00000000E+00  0.00000000E+00  0.00000000E+00  0.00000000E+00
    7300 -6.02205778E+00  0.00000000E+00  0.00000000E+00 -8.99043379E+00  2.96837601E+00  0.00000000E+00  0.00000000E+00  0.00000000E+00  0.00000000E+00  0.00000000E+00  0.00000000E+00
    7350 -6.02206754E+00  0.00000000E+00  0.00000000E+00 -8.99039739E+00  2.96832986E+00  0.00000000E+00  0.00000000E+00  0.00000000E+00  0.00000000E+00  0.00000000E+00  0.00000000E+00
    7400 -6.02191880E+00  0.00000000E+00  0.00000000E+00 -8.98925784E+00  2.96733904E+00  0.00000000E+00  0.00000000E+00  0.00000000E+00  0.00000000E+00  0.00000000E+00  0.00000000E+00
    7450 -6.02201134E+00  0.00000000E+00  0.00000000E+00 -8.98599466E+00  2.96398333E+00  0.00000000E+00  0.00000000E+00  0.00000000E+00  0.00000000E+00  0.00000000E+00  0.00000000E+00
    7500 -6.02212210E+00  0.00000000E+00  0.00000000E+00 -8.99071815E+00  2.96859606E+00  0.00000000E+00  0.00000000E+00  0.00000000E+00  0.00000000E+00  0.00000000E+00  0.00000000E+00
    7550 -6.02201122E+00  0.00000000E+00  0.00000000E+00 -8.98781193E+00  2.96580071E+00  0.00000000E+00  0.00000000E+00  0.00000000E+00  0.00000000E+00  0.00000000E+00  0.00000000E+00
    7600 -6.02199297E+00  0.00000000E+00  0.00000000E+00 -8.98992485E+00  2.96793188E+00  0.00000000E+00  0.00000000E+00  0.00000000E+00  0.00000000E+00  0.00000000E+00  0.00000000E+00
    7650 -6.02190954E+00  0.00000000E+00  0.00000000E+00 -8.98568121E+00  2.96377167E+00  0.00000000E+00  0.00000000E+00  0.00000000E+00  0.00000000E+00  0.00000000E+00  0.00000000E+00
    7700 -6.02199369E+00  0.00000000E+00  0.00000000E+00 -8.98567733E+00  2.96368364E+00  0.00000000E+00  0.00000000E+00  0.00000000E+00  0.00000000E+00  0.00000000E+00  0.00000000E+00
    7750 -6.02203335E+00  0.00000000E+00  0.00000000E+00 -8.98973196E+00  2.96769862E+00  0.00000000E+00  0.00000000E+00  0.00000000E+00  0.00000000E+00  0.00000000E+00  0.00000000E+00
    7800 -6.02206583E+00  0.00000000E+00  0.00000000E+00 -8.99020740E+00  2.96814158E+00  0.00000000E+00  0.00000000E+00  0.00000000E+00  0.00000000E+00  0.00000000E+00  0.00000000E+00
    7850 -6.02199421E+00  0.00000000E+00  0.00000000E+00 -8.98688510E+00  2.96489089E+00  0.00000000E+00  0.00000000E+00  0.00000000E+00  0.00000000E+00  0.00000000E+00  0.00000000E+00
    7900 -6.02194960E+00  0.00000000E+00  0.00000000E+00 -8.99004955E+00  2.96809995E+00  0.00000000E+00  0.00000000E+00  0.00000000E+00  0.00000000E+00  0.00000000E+00  0.00000000E+00
    7950 -6.02186628E+00  0.00000000E+00  0.00000000E+00 -8.98916226E+00  2.96729597E+00  0.00000000E+00  0.00000000E+00  0.00000000E+00  0.00000000E+00  0.00000000E+00  0.00000000E+00
    8000 -6.02203861E+00  0.00000000E+00  0.00000000E+00 -8.98530999E+00  2.96327138E+00  0.00000000E+00  0.00000000E+00  0.00000000E+00  0.00000000E+00  0.00000000E+00  0.00000000E+00
    8050 -6.02201441E+00  0.00000000E+00  0.00000000E+00 -8.98488653E+00  2.96287212E+00  0.00000000E+00  0.00000000E+00  0.00000000E+00  0.00000000E+00  0.00000000E+00  0.00000000E+00
    8100 -6.02200335E+00  0.00000000E+00  0.00000000E+00 -8.98984385E+00  2.96784050E+00  0.00000000E+00  0.00000000E+00  0.00000000E+00  0.00000000E+00  0.00000000E+00  0.00000000E+00
    8150 -6.02211292E+00  0.00000000E+00  0.00000000E+00 -8.98925114E+00  2.96713822E+00  0.00000000E+00  0.00000000E+00  0.00000000E+00  0.00000000E+00  0.00000000E+00  0.00000000E+00
    8200 -6.02194683E+00  0.00000000E+00  0.00000000E+00 -8.98789320E+00  2.96594637E+00  0.00000000E+00  0.00000000E+00  0.00000000E+00  0.00000000E+00  0.00000000E+00  0.00000000E+00
    8250 -6.02209630E+00  0.00000000E+00  0.00000000E+00 -8.98922149E+00  2.96712519E+00  0.00000000E+00  0.00000000E+00  0.00000000E+00  0.00000000E+00  0.00000000E+00  0.00000000E+00
    8300 -6.02211981E+00  0.00000000E+00  0.00000000E+00 -8.98989316E+00  2.96777335E+00  0.00000000E+00  0.00000000E+00  0.00000000E+00  0.00000000E+00  0.00000000E+00  0.00000000E+00
    8350 -6.02199595E+00  0.00000000E+00  0.00000000E+00 -8.98739674E+00  2.96540079E+00  0.00000000E+00  0.00000000E+00  0.00000000E+00  0.00000000E+00  0.00000000E+00  0.00000000E+00
    8400 -6.02189968E+00  0.00000000E+00  0.00000000E+00 -8.98765567E+00  2.96575598E+00  0.00000000E+00  0.00000000E+00  0.00000000E+00  0.00000000E+00  0.00000000E+00  0.00000000E+00
    8450 -6.02213493E+00  0.00000000E+00  0.00000000E+00 -8.98725686E+00  2.96512193E+00  0.00000000E+00  0.00000000E+00  0.00000000E+00  0.00000000E+00  0.00000000E+00  0.00000000E+00
    8500 -6.02201770E+00  0.00000000E+00  0.00000000E+00 -8.98529031E+00  2.96327261E+00  0.00000000E+00  0.00000000E+00  0.00000000E+00  0.00000000E+00  0.00000000E+00  0.00000000E+00
    8550 -6.02201470E+00  0.00000000E+00  0.00000000E+00 -8.99011071E+00  2.96809601E+00  0.00000000E+00  0.00000000E+00  0.00000000E+00  0.00000000E+00  0.00000000E+00  0.00000000E+00
    8600 -6.02202808E+00  0.00000000E+00  0.00000000E+00 -8.98937763E+00  2.96734955E+00  0.00000000E+00  0.00000000E+00  0.00000000E+00  0.00000000E+00  0.00000000E+00  0.00000000E+00
    8650 -6.02211144E+00  0.00000000E+00  0.00000000E+00 -8.98814222E+00  2.96603078E+00  0.00000000E+00  0.00000000E+00  0.00000000E+00  0.00000000E+00  0.00000000E+00  0.00000000E+00
    8700 -6.02192629E+00  0.00000000E+00  0.00000000E+00 -8.99039940E+00  2.96847311E+00  0.00000000E+00  0.00000000E+00  0.00000000E+00  0.00000000E+00  0.00000000E+00  0.00000000E+00
    8750 -6.02198955E+00  0.00000000E+00  0.00000000E+00 -8.98647779E+00  2.96448824E+00  0.00000000E+00  0.00000000E+00  0.00000000E+00  0.00000000E+00  0.00000000E+00  0.00000000E+00
    8800 -6.02197823E+00  0.00000000E+00  0.00000000E+00 -8.98261123E+00  2.96063300E+00  0.00000000E+00  0.00000000E+00  0.00000000E+00  0.00000000E+00  0.00000000E+00  0.00000000E+00
    8850 -6.02208504E+00  0.00000000E+00  0.00000000E+00 -8.98913953E+00  2.96705449E+00  0.00000000E+00  0.00000000E+00  0.00000000E+00  0.00000000E+00  0.00000000E+00  0.00000000E+00
    8900 -6.02182261E+00  0.00000000E+00  0.00000000E+00 -8.99004312E+00  2.96822052E+00  0.00000000E+00  0.00000000E+00  0.00000000E+00  0.00000000E+00  0.00000000E+00  0.00000000E+00
    8950 -6.02207692E+00  0.00000000E+00  0.00000000E+00 -8.98757195E+00  2.96549503E+00  0.00000000E+00  0.00000000E+00  0.00000000E+00  0.00000000E+00  0.00000000E+00  0.00000000E+00
    9000 -6.02194878E+00  0.00000000E+00  0.00000000E+00 -8.99050334E+00  2.96855456E+00  0.00000000E+00  0.00000000E+00  0.00000000E+00  0.00000000E+00  0.00000000E+00  0.00000000E+00
    9050 -6.02195396E+00  0.00000000E+00  0.00000000E+00 -8.98746938E+00  2.96551542E+00  0.00000000E+00  0.00000000E+00  0.00000000E+00  0.00000000E+00  0.00000000E+00  0.00000000E+00
    9100 -6.02191405E+00  0.00000000E+00  0.00000000E+00 -8.98143878E+00  2.95952473E+00  0.00000000E+00  0.00000000E+00  0.00000000E+00  0.00000000E+00  0.00000000E+00  0.00000000E+00
    9150 -6.02191897E+00  0.00000000E+00  0.00000000E+00 -8.98649006E+00  2.96457110E+00  0.00000000E+00  0.00000000E+00  0.00000000E+00  0.00000000E+00  0.00000000E+00  0.00000000E+00
    9200 -6.02189555E+00  0.00000000E+00  0.00000000E+00 -8.98931049E+00  2.96741494E+00  0.00000000E+00  0.00000000E+00  0.00000000E+00  0.00000000E+00  0.00000000E+00  0.00000000E+00
    9250 -6.02193548E+00  0.00000000E+00  0.00000000E+00 -8.98861932E+00  2.96668384E+00  0.00000000E+00  0.00000000E+00  0.00000000E+00  0.00000000E+00  0.00000000E+00  0.00000000E+00
    9300 -6.02200421E+00  0.00000000E+00  0.00000000E+00 -8.99061982E+00  2.96861561E+00  0.00000000E+00  0.00000000E+00  0.00000000E+00  0.00000000E+00  0.00000000E+00  0.00000000E+00
    9350 -6.02210467E+00  0.00000000E+00  0.00000000E+00 -8.99020714E+00  2.96810247E+00  0.00000000E+00  0.00000000E+00  0.00000000E+00  0.00000000E+00  0.00000000E+00  0.00000000E+00
    9400 -6.02199687E+00  0.00000000E+00  0.00000000E+00 -8.98928710E+00  2.96729023E+00  0.00000000E+00  0.00000000E+00  0.00000000E+00  0.00000000E+00  0.00000000E+00  0.00000000E+00
    9450 -6.02195640E+00  0.00000000E+00  0.00000000E+00 -8.97815497E+00  2.95619857E+00  0.00000000E+00  0.00000000E+00  0.00000000E+00  0.00000000E+00  0.00000000E+00  0.00000000E+00
    9500 -6.02198254E+00  0.00000000E+00  0.00000000E+00 -8.98596068E+00  2.96397814E+00  0.00000000E+00  0.00000000E+00  0.00000000E+00  0.00000000E+00  0.00000000E+00  0.00000000E+00
    9550 -6.02205711E+00  0.00000000E+00  0.00000000E+00 -8.98737122E+00  2.96531411E+00  0.00000000E+00  0.00000000E+00  0.00000000E+00  0.00000000E+00  0.00000000E+00  0.00000000E+00
    9600 -6.02195116E+00  0.00000000E+00  0.00000000E+00 -8.98404365E+00  2.96209248E+00  0.00000000E+00  0.00000000E+00  0.00000000E+00  0.00000000E+00  0.00000000E+00  0.00000000E+00
    9650 -6.02202186E+00  0.00000000E+00  0.00000000E+00 -8.98635180E+00  2.96432994E+00  0.00000000E+00  0.00000000E+00  0.00000000E+00  0.00000000E+00  0.00000000E+00  0.00000000E+00
    9700 -6.02189629E+00  0.00000000E+00  0.00000000E+00 -8.98908247E+00  2.96718618E+00  0.00000000E+00  0.00000000E+00  0.00000000E+00  0.00000000E+00  0.00000000E+00  0.00000000E+00
    9750 -6.02191325E+00  0.00000000E+00  0.00000000E+00 -8.98815959E+00  2.96624634E+00  0.00000000E+00  0.00000000E+00  0.00000000E+00  0.00000000E+00  0.00000000E+00  0.00000000E+00
    9800 -6.02210373E+00  0.00000000E+00  0.00000000E+00 -8.98820735E+00  2.96610362E+00  0.00000000E+00  0.00000000E+00  0.00000000E+00  0.00000000E+00  0.00000000E+00  0.00000000E+00
    9850 -6.02185180E+00  0.00000000E+00  0.00000000E+00 -8.98260917E+00  2.96075737E+00  0.00000000E+00  0.00000000E+00  0.00000000E+00  0.00000000E+00  0.00000000E+00  0.00000000E+00
    9900 -6.02211242E+00  0.00000000E+00  0.00000000E+00 -8.98219933E+00  2.96008692E+00  0.00000000E+00  0.00000000E+00  0.00000000E+00  0.00000000E+00  0.00000000E+00  0.00000000E+00
    9950 -6.02195157E+00  0.00000000E+00  0.00000000E+00 -8.98783913E+00  2.96588756E+00  0.00000000E+00  0.00000000E+00  0.00000000E+00  0.00000000E+00  0.00000000E+00  0.00000000E+00
